-99261 -98456 -95468 -89232 -87070 -82459 -82035 -79544 -78665 -77824 -77573 -77465 -76370 -76155 -70207 -64040 -61579 -57546 -56326 -52948 -49087 -40707 -34191 -34051 -32079 -31545 -19623 4828 4934 7335 13893 17599 22644 27214 28780 34931 38448 39717 43244 44425 46881 48929 50788 52332 54049 59943 62078 67013 68233 69779 77000 80591 82835 83418 88305 88593 88593 88823 91022 94530 95477 97235
15
-99261 -98456 -95468 -89232 -87070 -82459 -82035 -79544 -78665 -77824 -77573 -77465 -76370 -76155 -70207 -64040 -61579 -57546 -56326 -52948 -40707 -34191 -34051 -32079 -31545 -19623 4828 4934 7335 13893 17599 22644 27214 28780 34931 38448 39717 43244 44425 46881 48929 50788 52332 54049 59943 62078 67013 68233 69779 77000 80591 82835 83418 88305 88593 88593 88823 91022 94530 95477 97235
-99261 -98456 -95468 -89232 -89232 -87070 -82459 -82035 -79544 -78665 -77824 -77573 -77465 -76370 -76155 -70207 -64040 -61579 -57546 -56326 -52948 -40707 -34191 -34051 -32079 -31545 -19623 4828 4934 7335 13893 17599 22644 27214 28780 34931 38448 39717 43244 44425 46881 48929 50788 52332 54049 59943 62078 67013 68233 69779 77000 80591 82835 83418 88305 88593 88593 88823 91022 94530 95477 97235
-99261 -98456 -95468 -89232 -89232 -87070 -82459 -82035 -79544 -78665 -77824 -77573 -77465 -76370 -76155 -70207 -64040 -61579 -57546 -52948 -40707 -34191 -34051 -32079 -31545 -19623 4828 4934 7335 13893 17599 22644 27214 28780 34931 38448 39717 43244 44425 46881 48929 50788 52332 54049 59943 62078 67013 68233 69779 77000 80591 82835 83418 88305 88593 88593 88823 91022 94530 95477 97235
0
10
24
-99261 -98456 -95468 -89232 -89232 -87070 -82459 -82035 -79544 -78665 -77824 -77573 -77465 -76370 -76155 -70207 -64040 -61579 -57546 -52948 -40707 -34191 -34051 -32079 -31545 -19623 4828 4934 7335 13893 17599 22644 27214 28780 34931 38448 39717 43244 43244 44425 46881 48929 50788 52332 54049 59943 62078 67013 68233 69779 77000 80591 82835 83418 88305 88593 88593 88823 91022 94530 95477 97235
42
-99261 -98456 -95468 -89232 -89232 -87070 -82459 -82035 -79544 -78665 -77824 -77573 -77465 -77465 -76370 -76155 -70207 -64040 -61579 -57546 -52948 -40707 -34191 -34051 -32079 -31545 -19623 4828 4934 7335 13893 17599 22644 27214 28780 34931 38448 39717 43244 43244 44425 46881 48929 50788 52332 54049 59943 62078 67013 68233 69779 77000 80591 82835 83418 88305 88593 88593 88823 91022 94530 95477 97235
3 4
-99261 -98456 -95468 -89232 -89232 -87070 -82459 -82035 -79544 -78665 -77824 -77573 -77465 -77465 -76370 -76155 -70207 -64040 -61579 -57546 -52948 -40707 -34191 -34051 -32079 -31545 -19623 4828 4934 7335 13893 17599 22644 27214 28780 34931 38448 39717 43244 43244 44425 46881 48929 50788 52332 54049 59943 62078 67013 68233 68233 69779 77000 80591 82835 83418 88305 88593 88593 88823 91022 94530 95477 97235
-99261 -98456 -95468 -89232 -89232 -87070 -82459 -82035 -79544 -78665 -77824 -77573 -77465 -77465 -76370 -76155 -70207 -64040 -61579 -57546 -52948 -40707 -34191 -34051 -32079 -31545 -19623 4828 4934 7335 13893 17599 22644 27214 27214 28780 34931 38448 39717 43244 43244 44425 46881 48929 50788 52332 54049 59943 62078 67013 68233 68233 69779 77000 80591 82835 83418 88305 88593 88593 88823 91022 94530 95477 97235
-99261 -98456 -95468 -89232 -89232 -87070 -82459 -82035 -79544 -78665 -77824 -77573 -77465 -77465 -76370 -76370 -76155 -70207 -64040 -61579 -57546 -52948 -40707 -34191 -34051 -32079 -31545 -19623 4828 4934 7335 13893 17599 22644 27214 27214 28780 34931 38448 39717 43244 43244 44425 46881 48929 50788 52332 54049 59943 62078 67013 68233 68233 69779 77000 80591 82835 83418 88305 88593 88593 88823 91022 94530 95477 97235
-99261 -98456 -95468 -89232 -89232 -87070 -82459 -82035 -79544 -78665 -77824 -77573 -77465 -77465 -76370 -76370 -76155 -70207 -64040 -61579 -57546 -52948 -40707 -34191 -34051 -32079 -31545 -19623 4828 4934 7335 13893 17599 22644 27214 27214 28780 34931 38448 39717 43244 43244 44425 46881 48929 50788 52332 54049 59943 62078 67013 67013 68233 68233 69779 77000 80591 82835 83418 88305 88593 88593 88823 91022 94530 95477 97235
-99261 -98456 -95468 -89232 -89232 -87070 -82459 -82035 -79544 -78665 -77824 -77573 -77465 -77465 -76370 -76370 -76155 -70207 -64040 -61579 -57546 -52948 -40707 -34191 -34051 -32079 -31545 -19623 4828 4934 7335 13893 17599 22644 27214 27214 28780 34931 38448 39717 43244 46881 48929 50788 52332 54049 59943 62078 67013 67013 68233 68233 69779 77000 80591 82835 83418 88305 88593 88593 88823 91022 94530 95477 97235
5
33
-99261 -98456 -95468 -89232 -89232 -87070 -82459 -82035 -79544 -78665 -77824 -77573 -77465 -77465 -76370 -76370 -76155 -70207 -64040 -61579 -57546 -52948 -40707 -34191 -34051 -32079 -31545 -19623 4828 4934 7335 13893 17599 22644 27214 27214 28780 34931 38448 39717 43244 46881 48929 50788 52332 54049 59943 62078 67013 67013 68233 68233 69779 77000 80591 82835 83418 88305 88593 88593 88823 91022 94530 95477 97235
48 49
-98456 -95468 -89232 -89232 -87070 -82459 -82035 -79544 -78665 -77824 -77573 -77465 -77465 -76370 -76370 -76155 -70207 -64040 -61579 -57546 -52948 -40707 -34191 -34051 -32079 -31545 -19623 4828 4934 7335 13893 17599 22644 27214 27214 28780 34931 38448 39717 43244 46881 48929 50788 52332 54049 59943 62078 67013 67013 68233 68233 69779 77000 80591 82835 83418 88305 88593 88593 88823 91022 94530 95477 97235
-98456 -95468 -89232 -89232 -87070 -82459 -82459 -82035 -79544 -78665 -77824 -77573 -77465 -77465 -76370 -76370 -76155 -70207 -64040 -61579 -57546 -52948 -40707 -34191 -34051 -32079 -31545 -19623 4828 4934 7335 13893 17599 22644 27214 27214 28780 34931 38448 39717 43244 46881 48929 50788 52332 54049 59943 62078 67013 67013 68233 68233 69779 77000 80591 82835 83418 88305 88593 88593 88823 91022 94530 95477 97235
31
-98456 -95468 -89232 -89232 -87070 -82459 -82459 -82035 -79544 -78665 -77824 -77573 -77465 -77465 -76370 -76370 -76155 -70207 -64040 -61579 -57546 -52948 -40707 -34191 -34051 -32079 -31545 -19623 4828 4934 7335 13893 17599 22644 27214 27214 28780 34931 38448 39717 43244 46881 48929 50788 50788 52332 54049 59943 62078 67013 67013 68233 68233 69779 77000 80591 82835 83418 88305 88593 88593 88823 91022 94530 95477 97235
-98456 -95468 -89232 -89232 -87070 -82459 -82459 -82035 -79544 -78665 -77824 -77573 -77465 -77465 -76370 -76370 -76155 -70207 -64040 -61579 -57546 -52948 -40707 -34191 -34051 -32079 -31545 -19623 4828 4934 7335 13893 17599 22644 27214 27214 28780 34931 38448 39717 39717 43244 46881 48929 50788 50788 52332 54049 59943 62078 67013 67013 68233 68233 69779 77000 80591 82835 83418 88305 88593 88593 88823 91022 94530 95477 97235
-98456 -95468 -89232 -89232 -87070 -82459 -82459 -82035 -79544 -78665 -77824 -77573 -77465 -77465 -76370 -76370 -76155 -70207 -64040 -61579 -57546 -52948 -40707 -34191 -34051 -32079 -31545 -19623 4828 4934 7335 13893 17599 22644 27214 27214 28780 34931 38448 39717 39717 43244 46881 48929 50788 50788 52332 54049 59943 62078 67013 67013 68233 68233 69779 77000 82835 83418 88305 88593 88593 88823 91022 94530 95477 97235
-98456 -95468 -89232 -89232 -87070 -82459 -82459 -82035 -79544 -78665 -77824 -77573 -77465 -77465 -76370 -70207 -64040 -61579 -57546 -52948 -40707 -34191 -34051 -32079 -31545 -19623 4828 4934 7335 13893 17599 22644 27214 27214 28780 34931 38448 39717 39717 43244 46881 48929 50788 50788 52332 54049 59943 62078 67013 67013 68233 68233 69779 77000 82835 83418 88305 88593 88593 88823 91022 94530 95477 97235
42 43
-98456 -95468 -89232 -89232 -87070 -82459 -82459 -82035 -79544 -78665 -77824 -77573 -77465 -77465 -76370 -70207 -64040 -61579 -57546 -52948 -40707 -34191 -34051 -32079 -31545 -19623 4828 4934 7335 13893 17599 22644 27214 27214 28780 34931 38448 39717 39717 43244 46881 48929 50788 50788 52332 54049 59943 62078 67013 67013 68233 68233 69779 77000 82835 83418 88305 88593 88593 88823 91022 94530 95477 97235 97235
57 58
-98456 -95468 -89232 -82459 -82459 -82035 -79544 -78665 -77824 -77573 -77465 -77465 -76370 -70207 -64040 -61579 -57546 -52948 -40707 -34191 -34051 -32079 -31545 -19623 4828 4934 7335 13893 17599 22644 27214 27214 28780 34931 38448 39717 39717 43244 46881 48929 50788 50788 52332 54049 59943 62078 67013 67013 68233 68233 69779 77000 82835 83418 88305 88593 88593 88823 91022 94530 95477 97235 97235
52
-98456 -95468 -89232 -82459 -82459 -82035 -79544 -78665 -77824 -77573 -77465 -77465 -76370 -70207 -64040 -61579 -57546 -52948 -40707 -34191 -34051 -32079 -31545 -19623 4828 4934 7335 13893 17599 22644 27214 27214 28780 34931 38448 38448 39717 39717 43244 46881 48929 50788 50788 52332 54049 59943 62078 67013 67013 68233 68233 69779 77000 82835 83418 88305 88593 88593 88823 91022 94530 95477 97235 97235
-98456 -95468 -89232 -82459 -82459 -82035 -79544 -78665 -77824 -77573 -77465 -77465 -76370 -70207 -64040 -61579 -52948 -40707 -34191 -34051 -32079 -31545 -19623 4828 4934 7335 13893 17599 22644 27214 27214 28780 34931 38448 38448 39717 39717 43244 46881 48929 50788 50788 52332 54049 59943 62078 67013 67013 68233 68233 69779 77000 82835 83418 88305 88593 88593 88823 91022 94530 95477 97235 97235
-98456 -95468 -89232 -82459 -82459 -82035 -79544 -78665 -77824 -77573 -77465 -77465 -76370 -70207 -64040 -61579 -40707 -34191 -34051 -32079 -31545 -19623 4828 4934 7335 13893 17599 22644 27214 27214 28780 34931 38448 38448 39717 39717 43244 46881 48929 50788 50788 52332 54049 59943 62078 67013 67013 68233 68233 69779 77000 82835 83418 88305 88593 88593 88823 91022 94530 95477 97235 97235
53
1
49
-98456 -95468 -89232 -82459 -82459 -82035 -79544 -78665 -77824 -77573 -77465 -77465 -76370 -70207 -64040 -61579 -40707 -34191 -34051 -32079 -31545 -19623 4828 4934 7335 13893 17599 22644 27214 27214 28780 34931 38448 38448 39717 39717 43244 46881 48929 50788 50788 52332 52332 54049 59943 62078 67013 67013 68233 68233 69779 77000 82835 83418 88305 88593 88593 88823 91022 94530 95477 97235 97235
-98456 -95468 -89232 -82459 -82459 -82035 -79544 -78665 -77824 -77573 -77465 -77465 -76370 -70207 -64040 -61579 -40707 -34191 -34051 -32079 -31545 -19623 4828 4934 7335 13893 17599 22644 27214 27214 28780 34931 38448 38448 39717 39717 43244 46881 48929 50788 50788 52332 52332 54049 59943 62078 67013 67013 67013 68233 68233 69779 77000 82835 83418 88305 88593 88593 88823 91022 94530 95477 97235 97235
-98456 -95468 -89232 -82459 -82459 -82035 -79544 -78665 -77824 -77573 -77465 -77465 -76370 -70207 -64040 -61579 -40707 -34191 -34051 -32079 -31545 -19623 4934 7335 13893 17599 22644 27214 27214 28780 34931 38448 38448 39717 39717 43244 46881 48929 50788 50788 52332 52332 54049 59943 62078 67013 67013 67013 68233 68233 69779 77000 82835 83418 88305 88593 88593 88823 91022 94530 95477 97235 97235
-98456 -98456 -95468 -89232 -82459 -82459 -82035 -79544 -78665 -77824 -77573 -77465 -77465 -76370 -70207 -64040 -61579 -40707 -34191 -34051 -32079 -31545 -19623 4934 7335 13893 17599 22644 27214 27214 28780 34931 38448 38448 39717 39717 43244 46881 48929 50788 50788 52332 52332 54049 59943 62078 67013 67013 67013 68233 68233 69779 77000 82835 83418 88305 88593 88593 88823 91022 94530 95477 97235 97235
16
-98456 -98456 -95468 -89232 -82459 -82459 -82035 -79544 -78665 -77824 -77573 -77465 -77465 -76370 -70207 -64040 -61579 -40707 -34191 -34051 -32079 -19623 4934 7335 13893 17599 22644 27214 27214 28780 34931 38448 38448 39717 39717 43244 46881 48929 50788 50788 52332 52332 54049 59943 62078 67013 67013 67013 68233 68233 69779 77000 82835 83418 88305 88593 88593 88823 91022 94530 95477 97235 97235
-98456 -98456 -95468 -89232 -82459 -82459 -82035 -79544 -78665 -77824 -77573 -77465 -77465 -76370 -70207 -64040 -61579 -40707 -34191 -34051 -32079 -19623 4934 7335 13893 17599 22644 27214 27214 28780 34931 38448 38448 39717 39717 43244 44425 46881 48929 50788 50788 52332 52332 54049 59943 62078 67013 67013 67013 68233 68233 69779 77000 82835 83418 88305 88593 88593 88823 91022 94530 95477 97235 97235
8
-98456 -98456 -95468 -89232 -82459 -82459 -82035 -79544 -78665 -77824 -77573 -77465 -77465 -76370 -70207 -64040 -61579 -40707 -34191 -34051 -32079 -19623 4934 7335 13893 17599 22644 27214 27214 28780 34931 38448 38448 39717 39717 43244 44425 46881 48929 50788 50788 52332 52332 54049 59943 62078 67013 67013 67013 68233 68233 69779 77000 82835 83418 88305 88593 88593 91022 94530 95477 97235 97235
-98456 -98456 -95468 -89232 -82459 -82459 -82035 -79544 -78665 -77824 -77573 -77465 -77465 -76370 -70207 -64040 -61579 -40707 -34191 -34051 -32079 -19623 4934 7335 13893 17599 22644 27214 27214 28780 34931 38448 38448 39717 39717 43244 44425 46881 48929 50788 50788 52332 52332 54049 59943 62078 67013 67013 67013 68233 68233 69779 77000 82835 83418 88305 88305 88593 88593 91022 94530 95477 97235 97235
23
-98456 -98456 -95468 -89232 -82459 -82459 -82035 -79544 -78665 -77824 -77573 -77465 -77465 -76370 -70207 -64040 -61579 -40707 -34191 -34051 -32079 -19623 4934 7335 13893 17599 22644 27214 27214 28780 34931 38448 38448 39717 39717 43244 44425 46881 48929 50788 50788 52332 52332 54049 59943 62078 67013 67013 67013 68233 68233 68233 69779 77000 82835 83418 88305 88305 88593 88593 91022 94530 95477 97235 97235
not found
-98456 -98456 -95468 -89232 -82459 -82459 -82035 -79544 -77824 -77573 -77465 -77465 -76370 -70207 -64040 -61579 -40707 -34191 -34051 -32079 -19623 4934 7335 13893 17599 22644 27214 27214 28780 34931 38448 38448 39717 39717 43244 44425 46881 48929 50788 50788 52332 52332 54049 59943 62078 67013 67013 67013 68233 68233 68233 69779 77000 82835 83418 88305 88305 88593 88593 91022 94530 95477 97235 97235
40 41
-98456 -98456 -95468 -89232 -82459 -82459 -82035 -79544 -77824 -77573 -77465 -77465 -76370 -70207 -64040 -61579 -40707 -34191 -34051 -32079 -19623 4934 7335 13893 17599 22644 27214 27214 28780 34931 38448 38448 39717 39717 43244 44425 46881 48929 50788 50788 52332 52332 54049 59943 62078 67013 67013 67013 68233 68233 68233 69779 77000 82835 83418 88305 88305 88593 88593 91022 94530 95477 97235 97235
24
45 46 47
-98456 -98456 -95468 -89232 -82459 -82459 -82035 -79544 -77824 -77573 -77465 -77465 -76370 -70207 -64040 -61579 -40707 -34191 -34051 -32079 -19623 4934 7335 13893 17599 22644 27214 27214 28780 34931 38448 38448 39717 39717 43244 44425 46881 48929 50788 50788 52332 52332 54049 59943 62078 67013 67013 67013 68233 68233 68233 69779 77000 82835 83418 88305 88305 88593 88593 91022 94530 95477 97235 97235
-98456 -98456 -95468 -89232 -82459 -82459 -82035 -79544 -77824 -77573 -77465 -77465 -76370 -70207 -64040 -61579 -40707 -34191 -34051 -32079 -19623 4934 7335 13893 17599 22644 27214 27214 28780 34931 38448 38448 39717 39717 43244 43244 44425 46881 48929 50788 50788 52332 52332 54049 59943 62078 67013 67013 67013 68233 68233 68233 69779 77000 82835 83418 88305 88305 88593 88593 91022 94530 95477 97235 97235
-98456 -98456 -95468 -89232 -82459 -82459 -82035 -79544 -77824 -77573 -77465 -77465 -76370 -70207 -64040 -61579 -40707 -34191 -34051 -32079 -19623 4934 7335 13893 17599 22644 27214 27214 28780 28780 34931 38448 38448 39717 39717 43244 43244 44425 46881 48929 50788 50788 52332 52332 54049 59943 62078 67013 67013 67013 68233 68233 68233 69779 77000 82835 83418 88305 88305 88593 88593 91022 94530 95477 97235 97235
-98456 -98456 -95468 -89232 -82459 -82459 -82035 -79544 -77824 -77573 -77465 -77465 -76370 -70207 -64040 -61579 -40707 -34191 -34051 -32079 -19623 4934 7335 13893 17599 22644 27214 27214 28780 28780 34931 38448 38448 39717 39717 43244 43244 44425 46881 48929 50788 50788 52332 52332 54049 59943 62078 67013 67013 67013 68233 68233 68233 69779 77000 82835 83418 88305 88305 88593 88593 91022 94530 97235 97235
-98456 -98456 -95468 -89232 -82459 -82459 -82035 -79544 -77824 -77573 -77465 -77465 -76370 -70207 -64040 -61579 -40707 -34191 -34051 -32079 -19623 -19623 4934 7335 13893 17599 22644 27214 27214 28780 28780 34931 38448 38448 39717 39717 43244 43244 44425 46881 48929 50788 50788 52332 52332 54049 59943 62078 67013 67013 67013 68233 68233 68233 69779 77000 82835 83418 88305 88305 88593 88593 91022 94530 97235 97235
-98456 -98456 -95468 -89232 -82459 -82459 -82035 -79544 -77824 -77573 -77465 -77465 -76370 -70207 -64040 -61579 -40707 -34191 -34051 -32079 -19623 -19623 4934 7335 13893 17599 22644 27214 27214 28780 28780 34931 38448 38448 39717 39717 43244 43244 44425 46881 48929 50788 50788 52332 52332 54049 59943 62078 67013 67013 67013 68233 68233 68233 69779 77000 82835 83418 88305 88305 88593 88593 91022 94530 97235 97235
-98456 -98456 -95468 -89232 -82459 -82459 -82035 -79544 -77824 -77824 -77573 -77465 -77465 -76370 -70207 -64040 -61579 -40707 -34191 -34051 -32079 -19623 -19623 4934 7335 13893 17599 22644 27214 27214 28780 28780 34931 38448 38448 39717 39717 43244 43244 44425 46881 48929 50788 50788 52332 52332 54049 59943 62078 67013 67013 67013 68233 68233 68233 69779 77000 82835 83418 88305 88305 88593 88593 91022 94530 97235 97235
-98456 -98456 -95468 -89232 -82459 -82459 -82035 -79544 -77824 -77824 -77573 -77465 -77465 -76370 -70207 -64040 -61579 -40707 -34191 -34051 -32079 -19623 -19623 4934 7335 13893 17599 22644 27214 27214 28780 28780 34931 38448 38448 39717 39717 43244 43244 44425 46881 48929 50788 50788 52332 52332 54049 59943 62078 67013 67013 67013 68233 68233 68233 69779 77000 82835 83418 88305 88305 88593 88593 91022 91022 94530 97235 97235
10
-98456 -98456 -95468 -89232 -82459 -82459 -82035 -79544 -77824 -77824 -77573 -77465 -77465 -76370 -70207 -64040 -61579 -40707 -34191 -34051 -32079 -19623 -19623 4934 13893 17599 22644 27214 27214 28780 28780 34931 38448 38448 39717 39717 43244 43244 44425 46881 48929 50788 50788 52332 52332 54049 59943 62078 67013 67013 67013 68233 68233 68233 69779 77000 82835 83418 88305 88305 88593 88593 91022 91022 94530 97235 97235
-98456 -98456 -95468 -89232 -82459 -82459 -82035 -79544 -77824 -77824 -77573 -77465 -77465 -76370 -70207 -64040 -61579 -40707 -34191 -34051 -32079 -19623 -19623 4934 13893 17599 22644 27214 27214 28780 28780 34931 38448 38448 39717 39717 43244 43244 44425 46881 48929 50788 50788 52332 52332 54049 59943 62078 67013 67013 67013 68233 68233 68233 69779 77000 82835 83418 88305 88305 88593 88593 91022 91022 94530 97235 97235
57
38
-98456 -98456 -95468 -89232 -82459 -82459 -82035 -79544 -77824 -77824 -77573 -77465 -77465 -76370 -70207 -64040 -61579 -40707 -34191 -34051 -32079 -19623 -19623 4934 13893 17599 22644 27214 27214 28780 28780 34931 38448 38448 39717 39717 43244 43244 44425 46881 50788 50788 52332 52332 54049 59943 62078 67013 67013 67013 68233 68233 68233 69779 77000 82835 83418 88305 88305 88593 88593 91022 91022 94530 97235 97235
26
11 12
not found
29 30
63
8 9
-98456 -98456 -95468 -89232 -82459 -82459 -82035 -79544 -77824 -77824 -77573 -77465 -77465 -76370 -70207 -64040 -61579 -40707 -34191 -34051 -32079 -19623 -19623 4934 13893 17599 22644 27214 27214 28780 28780 34931 38448 38448 39717 39717 43244 43244 44425 46881 50788 50788 50788 52332 52332 54049 59943 62078 67013 67013 67013 68233 68233 68233 69779 77000 82835 83418 88305 88305 88593 88593 91022 91022 94530 97235 97235
51 52 53
-98456 -98456 -95468 -89232 -82459 -82459 -82035 -79544 -79544 -77824 -77824 -77573 -77465 -77465 -76370 -70207 -64040 -61579 -40707 -34191 -34051 -32079 -19623 -19623 4934 13893 17599 22644 27214 27214 28780 28780 34931 38448 38448 39717 39717 43244 43244 44425 46881 50788 50788 50788 52332 52332 54049 59943 62078 67013 67013 67013 68233 68233 68233 69779 77000 82835 83418 88305 88305 88593 88593 91022 91022 94530 97235 97235
-98456 -98456 -95468 -89232 -82459 -82459 -82035 -79544 -79544 -77824 -77824 -77573 -77465 -77465 -76370 -70207 -64040 -61579 -40707 -34191 -34051 -32079 -19623 -19623 4934 13893 17599 22644 27214 27214 28780 28780 38448 38448 39717 39717 43244 43244 44425 46881 50788 50788 50788 52332 52332 54049 59943 62078 67013 67013 67013 68233 68233 68233 69779 77000 82835 83418 88305 88305 88593 88593 91022 91022 94530 97235 97235
-98456 -98456 -95468 -89232 -82459 -82459 -82035 -79544 -79544 -77824 -77824 -77573 -77465 -77465 -76370 -70207 -64040 -61579 -40707 -34191 -34051 -32079 -19623 -19623 4934 13893 17599 22644 27214 27214 27214 28780 28780 38448 38448 39717 39717 43244 43244 44425 46881 50788 50788 50788 52332 52332 54049 59943 62078 67013 67013 67013 68233 68233 68233 69779 77000 82835 83418 88305 88305 88593 88593 91022 91022 94530 97235 97235
-98456 -98456 -95468 -89232 -82459 -82459 -82035 -79544 -79544 -77824 -77824 -77573 -77465 -77465 -76370 -70207 -64040 -61579 -40707 -34191 -34051 -32079 -19623 -19623 4934 13893 17599 22644 27214 27214 27214 28780 28780 38448 38448 39717 39717 43244 43244 44425 46881 50788 50788 50788 52332 52332 54049 59943 59943 62078 67013 67013 67013 68233 68233 68233 69779 77000 82835 83418 88305 88305 88593 88593 91022 91022 94530 97235 97235
46
-98456 -98456 -95468 -89232 -82459 -82459 -82035 -79544 -79544 -77824 -77824 -77573 -77465 -77465 -76370 -70207 -61579 -40707 -34191 -34051 -32079 -19623 -19623 4934 13893 17599 22644 27214 27214 27214 28780 28780 38448 38448 39717 39717 43244 43244 44425 46881 50788 50788 50788 52332 52332 54049 59943 59943 62078 67013 67013 67013 68233 68233 68233 69779 77000 82835 83418 88305 88305 88593 88593 91022 91022 94530 97235 97235
not found
-98456 -98456 -95468 -89232 -82459 -82459 -82035 -79544 -79544 -77824 -77824 -77573 -77465 -77465 -76370 -70207 -61579 -40707 -34191 -34051 -32079 -19623 -19623 4934 13893 17599 22644 27214 27214 27214 28780 28780 38448 38448 39717 39717 43244 43244 44425 46881 50788 50788 50788 52332 52332 54049 59943 59943 62078 67013 67013 67013 68233 68233 68233 69779 77000 82835 83418 88305 88305 88593 88593 91022 91022 94530 97235 97235
-98456 -98456 -95468 -89232 -82459 -82459 -82035 -79544 -79544 -77824 -77824 -77573 -77465 -77465 -76370 -70207 -61579 -40707 -34191 -34051 -32079 -31545 -19623 -19623 4934 13893 17599 22644 27214 27214 27214 28780 28780 38448 38448 39717 39717 43244 43244 44425 46881 50788 50788 50788 52332 52332 54049 59943 59943 62078 67013 67013 67013 68233 68233 68233 69779 77000 82835 83418 88305 88305 88593 88593 91022 91022 94530 97235 97235
