N
qd
Q1O
QwoI
BImQ5
0HUjQc
dYPKRdX
CDD8ELuu
IZie0JLP5
27xcCJDKCZ
H1I6uQlSdoC
vwa4rHcOGG1z
yRLOnJXrRrKji
7bDG4bi5ZW75U3
fDM7BS4Vqvnwr2L
f93QdhrWx9hJeXG5
U3c1fIJOIhxIgRM5s
ae64uyBSaAZKmuHN2f
tvuedaxk7rwOzawTViN
6Ropct92MbNi3hj325GS
OHSLiUOUArViBJdyIB7Tp
bJ00req8GW7Wk2RrmAZ1vV
lgPfpVVIJiY3ZM3SnfkMYvz
9bCpeu6VdRV6J5gBczWBL3g9
T3RZstLG2WK2X2kIpKnenQT
FUn7YTEbQoygbppl9FtOm7
paXrCX2g2kuGXK0vsp5vb
M45qqgyOW0iJjl8YWBdV
HenBWFeVhnurHWrHGuT
mXJaYrTZS9JcnIEp71
ksA0vZbLChFBPi1Mn
fJjM7FVYuC8fjO13
0OTgcRM82Z70emL
daioBNJSL8phRy
WpA0INIZD3tcO
Avc9SZXE15Wq
mooSYhgLHVM
XZ6vu0Crlq
vESqbxmYJ
mgP6NBDr
R8BSk2i
66Zp9T
pI7**
****
***
**
*
