J
Nr
dCU
ZUJp
RZHFb
v8L6Ke
q2Coq5s
JOPFGqw4
IXvBBr1AT
TLzR3fB1C3
9ZIT6NGgXGf
uCM34Z7JfaXj
0mZTky3WWy5m9
vlBwOPiSN9y7eL
RxSKJwQXlAyFfog
ZD9G40V4Xcak2Bhn
76q3vqqPoZtMNhy6M
AackwBTcrPBYlocXuV
wuBqhnerffoEyBPmIOk
RzjEreMkc6ai7vN50f5A
3FRoY4ijntnibQG2QASKo
MrSfMtBi0m8ziXuQVzPYXt
lhMWB6jEZtRgsWztCM2hp9H
hpW5unil0cqoi7aGob7xSyAC
V6oKZCBMYvxJE3tsGtnM9CAZw
iPZjSxLu3JFiAQUPITCbHLoUzO
2qWyPEeAUXKYRvE44zevsIlLdqU
nMjxslJbpWbV4eDdVwKh4fhY7o
L4vIvFG9eyEI1Y5GQITfk8fiE
ExJ6Nw1accZrulypHq0Z5cgm
i39SXXccqgHYggi00FAXMCG
RDxbpX08FPybZREPDUG5ow
WC9zsjjLPJSzgFLGsDVxe
bwEcCAolRoBbZyZHfQGo
jyvKqokDJ5Eg610jrCv
GBuo1lGfmbe78iM3iq
WGNy4u0JXRLcrEyoH
7aWVXKVk3NeUKe6D
M0lOutWYPIHXqO6
7gyfUwwr2MrcTu
Y7KvZM3E4sDni
vbtHNaJilMuj
xKfXFz3gfTN
id********
*********
********
*******
******
*****
****
***
**
*
