W
6f
LW0
aAbl
Idfup
ca4s6u
PY0jtcr
jQQVrYCZ
mLsFikwvf
lX6WUqXJYj
rM9utuDGp52
BNnwS4jAG2V3
KxvIPgFlsSEvZ
BrmI6YDbhRPDJQ
5ccIfAfoQ4JFV41
iujo4uAaGO55Lpn8
WDH7U2BrehUBOchr2
mpJ6VksRARDBijnBwU
D3ZE5MSfTL3HbYPdzFm
95rspGbzkixtTVE7h9u3
btUhmElXPJe8brB5NpGef
utrNV9tzS6ZCbYryqCeJR0
gFxEW24SC8CEn2g2RHUb6sh
9chfbtKIaCfOaZ2McP9rcOsF
XiZeSUhpfnnS3x6EqECdbuoEr
XRvWOydrRaZW5GHMp2c4Kr2XEC
qBBEY2mkebgd1O8t8wYnJOGjmRg
YvU6vCfe6DmZDBJKkY4hv5wEcP67
mhFj8ZXMxUUGWa2stahhyZm3u1l2m
ZIBNXOnsAg09ivimBv2e8XoktQs5ED
NxSSkdQ96jByEJmGdplEjDbxNmMuN9G
EJnxeSJ9irzjRlQ72RZpIx7hkJrsFSr1
62R6rQtoAbzv8JHKS6y7Y0Dq3VflcaWHD
xzEUbN6ElYgrAlAodiIGYJd9p1JmPDizqY
kvCZeH2dNy24kXQi3bqCJpyB0t2Zv146Boo
TO0rTS3sTiNI8hJjursNQzagACXp3GsfFTa9
2FYhYZoxYw7UeVVQrwBCE3GofebPNA6dcx4lL
06B9PZ0RmpBmK1ynghWd00yjtc9bBCxzptMpR2
Mu9S45e9HgB34cw96rMw1ZEEKYVTO3hT7Vnqd29
uAa7uA6Xi06uLiBZrSmN9YebcTVcelMuTlAMBu8J
AqLWoFfkxSwM2rfFYPuNpKKIu8TMAzRsxXH3mrWRX
SWuZYH2BUzIThYIFWVbU4Sjo3Z86ggoHGj3QwUvIkd
EnyAoZn49YuVL7b3qWCo13cMevFmfIALsCQmxLNMFLW
E2Pl29NQOsJYzf0C34s1FLOosJPoZUDvcC7VhczkSjOU
m9QNPMsRGdNyiTkVEMie8SVFLtJ9dM3Anq5bHBuZqKRyE
UN2FK2s9jw5dJq5V3ip105szQIs5Sbh5gSgor7Xh6p2niJ
i8OgL8EgNzioVR4OhX91TWU4BmQhBDtJgeukQTnmy66NfPG
1ZvH3IEICo6JMlORnOY99SKLDm47S3xwtZY8091fZUi7trh2
wrP9XJ6xdKNJvpU2GRKxsv9JgXmzCWEXZDhs9D0TW1XO00bxs
sX7Wh1HHYi51Ype5cseqYTWf58GwMiapFYVLf0VeCf26m2LEDL
E7VsRhY7fDS8YvvQa0prSGzrdC3hvpltXJcmioJvH4NXTghuGxi
bi1nctN91qC3C0BrZMUOCnHzjt7aYTmhITWgH1Bf21XyOmoSaeWO
n2aQ4THaAd47erRH46yUURLMoy51uym55DrL4JgtiD0pFaOjVwtXF
e8JyqspyCS9cX6G9RNCmnGiCVz1Vvr6nWv4WZWZxhlZMC21batFXHM
z0pRx6GHJvjcITK8piEGPnjbR315idx2Y4ooLJKThuioIwCtonYiFP4
22JJ0phOKXteSOOnky7aq8OeCxYVeTg4fibBg9EphGkGRojMhElkhukJ
1qX1TNUwPfBkV5aPs5FqQKJVSwKHoiD7yxLNjYMpeSxGiAFny6bXmg1eh
xHcm6H5HGceQkkST4bIuospASTeTjee7HbIvkbjOEj7McuCT50JSTehmYh
hPgf5tWbnBVQR2FfzyvLMH7V1zVAEQTI9epeiFm65lthQB2JHVNE0c4PZjQ
xVndz2mc7iEwWNrG2HgaCLpv74G6yPr1F2CwMrvnoynRUm5chCANAVhpjqSs
OXDEicFLvtx5iEjwyZvzcOlORnuIvElxvHw2kVn7GEOJnlU3YfVohItUslGZN
IOhVPZIEq25Dbbr9s6c5d2Xl682Zay6geCLPaMEaslLX8wkB77sVIUI13vtF18
K3hU24BiFefDDBCH8hxBOfCNXuhFNWsVw4X2K17C3Bvi7eLrhsYk55qpQjNmGpk
YQHd7gBkZ76Vr8CtVIMUmvI8KinvM66XyzJQ9ZRjlgKhVQd77omJ5x1nmGEfahIv
8TKy3AfWNkBQFeygl5iZB7wpsRn0LzI5oY893FpsUKMZKIMimLRp2FaE5Ca2qkJuP
nSmoFDeZ8CQ37DY52OIpdSAUUeMrJOes03nzinLZy8t0hJwSYLVr8bLmbH3sB47cJM
Zqs0SxyCJa8IMvHWmbOxBvljWLXid9qI9s3lW8T3GcbADkft9hma806o5ogVDgZh4tv
eSl5b5Hwkwgg9mAHLlcrA3snp6qxOtCqZY4qzzP3xhCMSsD81qWr3Mm0vmUa49sucFuZ
ryycaRjMwJ12JP3vNNIkdG5DvVGX4Ja5KbYguPyyM45F3KusGP4wVLRyC5FiveWabn65n
Q8drqq6KtBEehDGonMBJSJfA56qJq3sQO6WO7tU9NQQedckZkL6TNEmzgmjgH4GTLnB22Z
Pdh9a4N4irmAYgcg80WFB2k8huJP8xS8QYrJaUxbLDqBIxO2N9pAPaokmeoKvF4L85TGmok
xHpyR2wlz0zU8SrEwyHLm0mvtNlMgsw0ylSTSALJhgGFHT1YNgVsVoWHPFEgwRVtNbH2OGxp
euNHMsCF5mPf6Qy5aVCs3mcaFjRRLeMPuFHOP5C4JXDngBH576BOUydXfOnhqgjtKqeK5Dbcx
tD7Y7wzwVsIH79u3Uz1p45y55POkbx5mPqj6w67BV1WfKDDNOyq20rIwrMknlXVpXOAD2i2j6q
23XuzAksrExKFcTIDKQ4ufmDUTTxwxx1Bq6rACxZbSWiObqXxQunG4yCaNqskxDIxlKKNd9gJpz
Y6z5YN0kZqdadia8sWhlJbiGjcvnj4DwOO5VYwK3wlFaarG8SOX6vBz7uXIauQxy0THnYVHTI0uk
QMEjHnDloODgWS8EjYVVA0o1xKgd6zmykosP5LlSINY62xhWpOcF64lHmvtJA2OB0dBwkKStV20lV
BVMEtSj8BqIutTF4F7rOaepjZgIrGyB9YZgJd1me1xi3uNKTbLGZPUHSoBXUN31CuZ9cyLc6f3KzzM
iDYMzBGpnJJeVV3km7HINJMhniXx1Ll7SPnIFptorOoBDQOtiTqODHprKYvvF5Hv3hsjvzabf2lUwuL
oUIy0VgQDwUeVmHyNrvwnZzVNFJBFPRMNSLnblPrkNyLgJerLbtcPntHuOQHLsDGJZkfToaOqcJggJap
dx5hC0tG6SA1UxhGLmqR8aX6W9ET3OLCa3UPPKF59bU3CugW6gaq6O5u7jMKlHA1d8bf4iDw403iXCEoM
OibUW32GxbIoOcn6RAOHaOzMnn6euZUrVdLvCviOEeiCc4jeyoNbtoh38R3WbcZu0S1fK8kZ8dcMF6JYWF
lCMnubi8P3MA72hKZl4YTqtiHTQDWj2VHaiUXj2ZZsdlE4uvW8ln6g6xqtwWd2xuR3OvZnPsXfmnC5EdPHZ
6eiYekTWmfU4Kv3sOHdh64ANiy9btvP0mivmdpwCnIpzf0QkbTmJsqEnygFpWRDqTwmrlnD8sTT7nnCVjyS2
rzYo88fofUorK7ttMV0lQbZORxDJmax3Wo9oABsMCbKQNOAFFjUxQ9dsNIkgh4XT0hIhLlyZ8PjbOYiEePqQ6
gNvpqWc3dpw2tgmgxwFshifrjIrkIACp3ws2SSJHRMfBiZOmAECNGKMLNIoV7GMKTpcnRjg4y2fjuk0RMf9Xp1
APzRFG7SFaFrC4dMUcxp6nztykzZH2e21vklpXFNO5ISKk6H5GOPksrd3xMdVICksYzn5td17pr3a7sBshV33BC
Mu8oM3BwDWcyumz5I16vEwW3dBkCgLcttMlUxLIw9dtSAni0TQJ6Q3LHgp81tM5uFZOeWUrooiFB4Yzd1lVqSCTT
GcjMkCOIaLLMYOqLtED87qGKo7UEhC7qeCHhvYiAFt68w43yplSXon0sU2Lyo5ullKc6R3u260O7emWk0kNX0nK3H
U8OvWo572LhUrXmSWJSq5B8XWhhPiXYPjGcBJTacR6fGoSbE6OEPFgSc2Yx93o7XINmYADoblcozL6w14DbkIP7xGY
NfLbMHjsXHKVkiuz1rBm4duH2qTKxWVkTC9D7VKl0JIFqernrYG6rJz4NibjCoc6TUlaAt3jLnKInLz2BtKTOdfYcSP
eFc67hATHXfeWAK7PJT1AMcmT0ZSMd0MOUb5iOsLZ5LfyNRtF83vnVVlx1BhCvyXg2ivbvswThgJtOLG4npYpMq5aFXL
uEQciXX6qU5TyRElXAIuwtKkKKAhCdlVKEttbD8bWwjXEMYb6F36BnZCasNK6PD2DR6r1e1qeQXF33uKl9mUUrQjx1oYm
Tdy8FoOF9KBiW88wW2kpHyrJAhkrzO4if9XLZWDj85suPYiQdaDycFOOIlqgo2vcPPaWQOGy1rkmMaPu9CkJnoYsaY6ndY
EhTOTvKQ2vAQV6HE0nvRsENiPiU66kahnyjh2uGN212lJdJ1ZhpUKqPIiJnWtDT4BOZkr2e5Y3ZEE6oxRagXdhQvyPLpZ
RQ1CgWRASk3eYoEzfee6sXV3hi6leXTBhg31Tpwnx51iQo1Yl1xmytHzpc4jOaOl5nQd8WZNrtKZjb2cGFENB9lIMWyH
Nrqvm9QKofVkzEG5rhGTI6ADeGSUbEEgRR9ifiwbvG8A4ai54UdnnUy1XCxenefyRVjLMgxgPYH1uLM0HoOgewSEDKE
rKLpCDzA86IF3RQMY8EvcNa8Jxp0wyayqhjZM6s1Pll2NEaZfqw0YzuDAddAz7EzFULQbjqxcoBjHeNtqHAHpD6VLV
nfat7qK3QzZ0ZLDno9nLQvGhlUMXATmPrDr0XPwhsZBJW3fDOAZ9L2RoxWGLmlL1NqO5OLCf03opMcHHO6vIUrwgA
GleLi2GybsrxIdUvvwgDNrAxb8f292tcWtsE6tBHzGkftrWntGtJHDggg2AVMDt5RclhmUrREgKFf8osxjkpMbcu
TOYCAUovfz0AhAxJYdAyVFxrU6jBM6NC2Cct94mTFOmO0RNmP43EhFVidKMu2RVJbuIK0xExsidHHyhG9A6RngY
SlDEQn22R8xAyXzbK1WFgCKPh05UIDR8NngmFXT3hpydBmWCGj1eHvwrU5KYkXbqeWnBdjg2caDiDaG33j3z73
x1KddyUArKj2C1SJMLk8rHHTddOR06kUIyokleBkKKAWbf5flABk2QODNK1n2WacCm5T2fqvkWL9TmVOe7o4u
uoIe8x3uQVGPf0m58VZoElKiKJi1w95iC1ihE8xaaya7SXOl1SduVhhXuayyH0l5PsCXGOOyrg0AJ9GsotbJ
f99zHAnZh9olGTHQBBZGOh2YRjuMg4V2PxFYIu2oS0snvyKuNQUGBzS64EcCpiiomHIxKv28JCIfVNvQ1gb
l6PAKXPSTuEU49YG3pjPeMMdAEQkoB9ds6JkoMTKK7TmtWh5Fm3VdxPJq8yuzWv9ydRhu8orwK3r7A9dwq
PsaKoz4kmBVBaHqewu8pp0tQSQklTloB22E9FlRpU3JhaJhxqF2iz4DUrNeHwkQ2SdPx1C2cpc7mgRDj4
ixVQPXSHX3HHes1dgFDMlqP67mRhtUZkgmBkeneETM9TiLtcXVhYRhxhQe1ZKyHo3Sz6OzhBpR9dZSWx
vYiyq3sQ3DgvFe3kSVCQrNxj9M4h4e6YYSMYepm3YSB8ZgEsOvYwhlkFqSI4Xna5OpawaX2ysgAU1zk
nCqbNo0Wpk5QTMJsNq0Hdgfv74L1Mg0gU8SFCpcGaTbyCgv6gIc6pWYAeBwUqQpJuRABHK8uFUkmp8
Uc3dHQYAkNmhFnVNfN9HWnBo56rCUlkT6ZtxjJLbRc94DxxKpHBVg7NCwMxIe7F7oBHxZVXbugTG7
uDXK2noOdTPupJpXAAGb2ywjFvsOoe3gEolp5ayFyrNgKOJ80ZUqRUl2g2nb3HWlKFz2qbpy1Osv
UoJ4BV44ASJMrsf4iTAe7I48aQQE0Ht4OIIRZvlaOroqxc41pi3CeJkx4Ree0t57LmfWVmNF4PF
Vxkk3aWoa5sSOqSO9Z1tWYsk0CesiqPJxleF2ZMRuixeuKwZ0mElfPcBAnrVveSCjSmAdsbcbX
b4WvioBGzPFSVbqTuxHCPqznZ8APMqZg4hQQvxcAzyfe2gH89Zg8A6Ise0gJ0HiwrXWbqIqsq
dx25oLeVp9nZ4AZqN89DS0Eaouart0exJ4BqnGV8zpkBBHVWczdOHOdOe7qiyemL4lLMLEmd
Y0qWbRjEq1ZHnUG21V75GJ2grvtOt3jNwk3nUStIeRRnA7Gesz5ekJfgfzhsVboF9Qo4lkv
lUy96Qv6YAPHTMyryvgvoW5MlePWloLxeqJ6Qhw1HOdAYzZUXMsV2RZ0BWoUDyfRuujZzk
tilaFLWnNsgoeZMZhShx7UmRW4YBouLlgy4OeecUs0qahHUm1oRIquZQQ3vC9zHBmsRmx
tzWWaJGoBj8MJ3MPu189BhyteN2z9HAQohj1tP7HkrEe60PQP8uFEkTErfe0yAlhTvWN
cuD5pn5AI4hMqzSD61m7XmyRwfUYW7CUSvvREHvAx84aYuPx5bHoFJNVpR0EffWY0L8
sTNMomvng1v7URxe4hNhxWBwTPSS00pTcOX2cPH8mjrsIbav0p0JEcU8c5pMtdCmjc
N9xDyDNpPF5suwnZJiLVZddVuxPGDku9DmhGteUwBvaNnX4sB1qnXdpVQu7dfWBLO
qEeqStGKxZaPy0R4QioTgMbxvA9Im6JbkUnVKkDgGqjM8Icyr3Ufxs9ZUuQs02XF
cr6fjl3PlZYC0oRQQAHMMn8F3yew7XRHEjyMv6Y6pZpDBMsc7yhv2EyJGyUaFWo
1GkalDiAHRB84ZGBoMO4xC9h3AuFbDHG4wrACog6YqeaSGrVZwgODFpibhYFJX
6vX7LcSkH2pNDVZF5dVCg21v9G8n61wOFC5DetHH6LDhRxIkQDMGuaiZuZq0r
q9GCq6Cyz6QslVO3XprvwT1xJen8rLQw6nX5Nv0oYimPNc3764H7fdToajXz
ogxWSqy2xZ0pBLuWa9iGPLagktv4feVbgyKHrefcCB51R0PqiuViwwzjuCZ
cCmCU3SE7ZIYzDaDmNDmOVlrGjcLdwW0Xqf02YfI3lFRNendJyXHYTNSOj
0ghpGMiqm9YZ4fBgOZgbMo17KfxGYaOb5p7sqAsmjteAxTNa1uAzjtYos
iJibN5NwOuPWcnVmnmRkgqWaAU5DDQLB5tpz7Oa5tsrmZGGej7hn7GDl
XpYbFFpjTs4ahBFawTXX03CRLNi4SBWaKmAZpBHKwsjfrL6rRoCaWxw
7joLBI0tYKD4r3sL49lCQikAHxzoJZimThxQoNAIGxnYFXBggKMTwt
mYvEIhxeQudUXvBaa8QCvcxi89rmxr2RMVmTOFH9Tt422hDDFabiW
Dguhf48aIdpCCLAnVklHSSfGzK90sXoLNgltEEbWK7fQ2MKjeieS
Df1OkK74WZ11NQ58dYokzcVFjEIjGIB3kl1vuKGX0hy1B9Lqbrk
XvIb9WaEvj6TbXgDBk62EC6o1rr2ntQw16mLtXA1NoggB4K7Sm
Iay11722IH66NJPgTrU33V9COaiMTDsFPvlbHQTV1sffpg5Lf
vbXyKxrg2IwijVt8J1c4gyN5xyA789RJKmOHRqeoIrhuBaWZ
CKiUPLvzeLG07831UngAngRadLnehPCJJBVJRulVrOa84FL
bupO4nDVZSpCGucZLi1TT5L08JNyv0qDAlAu7aYlIOTCei
cOjRBqhR8FSvGKJBW8UgW18291bvun52vCouXcTjtn0Nc
1AUL6p8IZO4tzToDdQwUEo0eKBuxzLAR07XtXjOzo2cm
h4y4wunEjLFoDH2OVeEa9cbk8z3AFVqKfymdjGKnRC6
n5UbdKr94nJSJjy5IT5NrQdaBeglRJAib83W36lJJw
6Fg9gpbROnzjCygJhIFYwiv4RTLNXHMk0tDGke7p2
YvyM9Ot5CJ6ThK6qJxXEjTss7e190QLvKrh5PfKC
om3zvLzhsPJ2VlCfkiTFDVtWBsyB5q1SmMURGhL
tlT4KPlkosLMKDU82lQhZQWfO4pDdvSa62BmnK
Q7k7vykgSSnlTrVmdDJmniRP1gnlABtjdfCSx
NHU4htsgGD559NNXQTrGjhnOsQj5dTBiSCWG
RHw784PyxTRJSBCTOtFhAKEJE5Pxp9uMnin
UWcLJpCBV230m6zSohaPIGOgU5xBN2oVq5
EMAbZbTyKkQgVC2tXbYSWRuJ6IxACzybk
DEGt7MOX1j1uS5FLzv7q1m6xDiOOlciN
wII8VUlltWgCrOWcaycD5YwlUPutzgK
xiNHMRqeT0s3AheK5iskQtlEOiTrne
LRpB8q76qaysEC4FQLHYu1UguMcUJ
FIT2tWKey2rb5aroVBECS9Fq1Oud
xOleJK2K8bOSBwLfaPcrVeEb93c
O22gRmvVszlhT6p2fpv32cT3uH
l2vABxek7V0J5HlZwOiobvsEY
EwWpomz8VUayK40Dq3kHQGY8
MOUfhQeKSAyEevfVs8HhPbJ
PHeTnTWIC0TJGnIDq7FE7u
Ksc2y0n43ns3lAdV0LcbH
uRFVEd6nV0xeIFu5o8U5
TvS2WnO9DzvVru7Rcwi
uQ1u6llLdDYR4lcJVD
NsnkApjEAIrZeih1k
E9vZYw476AYnn8fX
Jnsw9PZ4qz5y5Md
j2QHgSaFiI84at
ELKygLAkWyk**
************
***********
**********
*********
********
*******
******
*****
****
***
**
*
