8
gv
b68
Trce
XAFF8
dhYaUB
gLPk9lV
WxWo9O5w
6ayTzE3w2
PsZBQ79T26
OqZDWOaE5dj
7R5W7VsOGEIt
cDSNh2zDbsctM
zxQVWFsahHTOoF
VTATpa1P5Ydkl87
gmG0O9oCHnJZhMBI
W00mENHDcAL5T5qqM
G8TxX5ltnBfd8oYuDf
T8r7HC2c3Uz4Fyq9mZe
8CnzISHw3KRXRgEhevZc
Y7XddFdTiMYZ9kI2TB4gC
jJmn0S1IfBEVmOeihTgyAH
ZGVrW67GlCC8tfl4obhNoSG
oROLLe9VZc7DUqgDlUcDL9Y1
DlA7sfsmKdxNaNSUluWyuGFgE
uUXSDrzMCGpJy7YzYZ0Zd4TxtN
2MQA9C6kdhgQyMbjV1C9R4jai1V
KFTVpCcGjPabd4WH72kEjSbEcHUS
OabMekAjYPPPOfvgRIefvgK7Tsgii
uRrniI2d0Wt7Qr5GnR5zREZLSoVJbJ
O2QeHDIfK3HqOnw4pmlZRJxcYK49YTm
VdqGtXDzWpp0o6W0ZqDdDQQeb75Kzacy
9zHQP8JQDqlG4VvoRrn2WP2P4IJGggHF9
Cz6gjrJkhCZKqBCrpySu70033xZXlvkNXC
rHRKwIQANQn6W8QhWiGl8h6pMX6r5pR8P44
OnrWhWLDj5snrvkgNnDqsx5aYWev94T7YYye
2wRW4PP8zoVp81iBF0t8ltME8Zjv4dbMst5Fw
4szSq3i10NppJZsO7q4llHS1k5DfO1s1DQqCqi
u0OhCYMKGnKs8typ6dAl4QQFqdaqKayqHwg5Ht1
S1xJLmKuUlEeAdAngJZjYLsYGdwfuyCE7q02b47s
Agxs3IACTsMWginPbnh44JlLNDmfkJ5TiBy0DEh4O
yeljmo0GcqggljrM0dw3VY86JtkWsZ8xXE7tHrNkrr
bjfneBXrjnMDJRRecOXHax9BvvYk8NgMw5srgUtmdUu
iZHlLBYGyixN4CXZj7Me8xs98kSK25e8oHDrA5NCWk8t
YjCwC9ekNzRn4zxMTxmUpuOF9Y1pOIkVuYVFvGKhuAW8L
J1RkYAxUWe3n3QxvRu10YlISuoCFDgX9SnR2wezWtFL6aa
Nwvs9pm4V70mggWJBhs5Ad7KY9ZGrKrMKbp570Ksr6ZsFdo
54bOtA3P4wAgt9sL5ZtKlWMmSnwJusPQRv8GqPB2qnXyKUqn
9taCZkrd8toWxikr5CT3CWJZP7DJ1DfKF8QnEAZhXBTPMOqvZ
YTa1XLbpZg8v44tqw3DStUsYRfDXfwztGS338Y0kru658069Pj
letmNVZ91M8FKxxbFNjzqgb7CUrk3wcQr1PUkS1S5LxnfSVP2Kd
2oAIT8LOLOz8wR5JJtz69gGI4mC1TQCfEzp8Hu6GtBar5FKbYhHc
mAdHqLdT8KwgflRrdjTaOtc3TfYA1APYdhXgoJqZYeMelWrmVNDRI
wlFgLcXWa3Y7otSPedYtuYfXJZ1FzoZxav8hXjTOZS3FCtFEz8VmvO
yhQ6KJAQjJKRyWJJ886LdpeOHc6WFY8GwizLqU8lB2NNqFE7dj47c43
pTLE8FfaVvWCc5h4gScyWrVizLQGstf1HlicJvZSDhzqX52JiFKETEGi
AcJUmozgsn8lFkFmbrbe9GUA8Hzc7u2l2xeY1zwXD9G1E9GrWpyiKLF4B
rYapg1072vUFbQ1JbHWJAS6BCSEAclmnPC7kuyD8mWaBpEA87hniYJM659
pYE7kXjDHzF6TpitJdF8VdFlv0wgr4Fld4C3uNpIoM1Kw6wIFR16qlAxDA9
EudMbR8YTnKR7Ti3TA2DbkiHpf34UyPAph47IqzRng3Ue8cTlB66IQxeGB4E
Y1zOZB40GBapqEtwfbGnpsJrNkyXL8cFLZRWnlopK1zIucUxEDEYO0HTVU4C2
B2nnoOFatUj4ki05PJjX0PApH2MFM9pSL6qy4Vc9A9PTA9aW13dLmJufzKLp6u
B1SF5r4Y0uc9MPylQ6QH3qD8hO2kuUfHcY9YJeS1oOLwIep46FsIEO1IIMtPBxY
iibUqb8m74v6nnZNNvoBttkOLrqKYxRI3yG13xYOGp2p6uqv3oi6ka2oc2yoFTwl
JYQxinaJ6FewTwbgi3DaFo2rQ5laak3lOe5tnFIU3LIdKd4tRlv2zV6NfAp7TWZ
VWoGOHEHzAR8QPOZCpOu1EWfIgv2qIrR7p73qgasMPB1LVtAUqRaCa8S5Jw4Ty
jagDVjIw4VPdkKwh8JjskM8E3qW54b8AXRanKjnbLbAizSxH67yCbWvYWIzea
TAK9Kx3oCYrr2lxr4k8PgkvY9jn44nFdqCTUOdqXrrC5jw9XlySngLjBi9gQ
LKTISSY9HGhUTUnqJUArLd2jkAKajoHitXeZfYhuQnOnaxbkhOjljZxbfsX
mm773p7unzz5JE1dOVWoO0xuBK2pjCGWrzu63QSHMJzVWDP93QZnlO4UIM
ry9HZ0iFy8zXvk9AUoxUZV3aiSdQ5p39jOvN930WPMdcrTKKUsH9qdHiJ
yEcgoJ2ygdACYgAC3LDdJApo2DoE7d0WKUGeBjiO3EZdKfKnlAAtfFlC
2zvI8I72Tx4Q709Lslhjbp99FpSLJBZzrOg9UVPEr2d0qB7fKD2zHOY
0i27wjoxhi9BPsVDxjIMlDv1WtYUMGF2IpKKztg6pFsoeqGxkEjcm8
VqWWJ2vWNsEGkqYm6PoFioFI3IAAfwoOPR8HlUmwkoBbuSFWWMcEO
rW2LfejgllhNEtPS4PV0VuXcNgKD8ACWgy72yEXhHNt7JruxqMUF
O8yGBe4sApHNjvzseK5JG7mC85w9vJaa1bulb01qCdHHApyAr87
NrU6Qn5uEbvOBFtUyWxufWKrjroYuXxICj2f9IzgsCjrnfL4Hd
0tN4iw5gT0No59aJVHGtttFsyo7qSxdpviW3uyCIZ8wirxqTo
GJhYW3UFKIxgk20sewbuXdEjaYgQTqEWNJ24zzkfg63nUwXL
eqwDsRN88rictYKIRcveX8dNeEfLDMMDJNvoQhXifB1zWbj
aC0zzu0pifveUfMWuRLgslJbbXGZgoN6YnTu3cf09S03Ym
rIoqp1oeG7X9oNDLv7coQT2TcPnJmha3om1fG8f9wMupR
Gits3jMgZC9Wt2wfD2cuHQNbGmnX78nzS3WrA2sfyGTi
gGvUfXOrfH1qfTXVzwrK3SLyrgauquhjU0uigyl2I9m
lvtUArL868599DHZDINJGnOMSrewOQ1uU3q66Iww36
8qlvSYs4DeNXU2CU1S3HExdDYBSHVrxaw3ZZdJyII
LQYngDGHpA94MhsZTybNbXHHa3tk9Py68UNVSZWR
dihoz3Fi8iKIFBRefGjGFsdspieRFW4qCZuPuTu
AIe7AGfZeqHGFirPgoPOHQ2TfyUgpEzFWzsfu5
Ju6DNhBMkqwlOYRbZO17l0f4xTV0rYrUK7WGE
bZJvAwx3FEuCuANCHaOZr8CJQ9Gyo9G6jCNY
Dla1HvuKLLQGg91srtoZSJRF35gSlr1YhCf
revOqs9V6ykVofNBHV4QkLTGyHhJrNoyU3
wME0AhZGOGqT8H0PmFUh6OrDNy9Lo11pa
uCUzcXduAtW5W9Jc2tHmu6gptks50nVX
tAPbdh2JfwbH8gkOsPcb6058VRPxiEq
kcL8WoO4bPHk8rx4xzYXBnpsiMs3LP
1uzcAM4ScT0lPths76QclcDsQYiNs
tYXloqBq2nvhI5lOD25jPYxa70Jc
CEQE8fHAhSSSOKGU1IMixvsxp0Q
Ao4LTl85DVxzKLI8IYaGfgXx9P
0Muo2FdUDeej7ELHwMVUmXRD3
KIud3yYajLRUkSWhZGRvR8bW
sfOKOXnU05ow9IzEMrSwXkg
sKIZX4PgFfjZkMet28j1yo
RVOFbOb9jX5ozo0dvs60I
XmIRT1Jg4PIgKCWUritC
QjLERgeODWNvOGrBhIq
DMKJTQ6CWQValIfMX2
IWp5444d6h21gudoq
yC4Rsr58j1VerjIZ
z1iVNcdtVZdNUvY
LedDaakY5095SV
1feTxGXCrDmXK
gQat6zajWQvn
eIL87CLVCRy
5nR6rokPbR
amg0DmldV
7aZ2GlyE
JB2PdGE
VNYUHj
Wu0HA
d***
***
**
*
