G
7K
aGQ
DQRG
sS8EW
G7a7cy
mpfqdTT
JtwX0LIx
7SMfbpNUM
2XvDlDB0Hw
8tYvKNc0ns5
EGtWq3FYxQgq
KIlAXD3Cg7493
zUPDp41U7wUORD
axKdgNnH8rakaBA
ThKCjAYZwRlqWoFz
nehAdtPt0rvRzivix
aT5JWoIzaIUnAkVAnn
M2bKO1zDRnrYEzWjhjz
u6WPnqA0VgKiub3rcNxr
9EtbnnO90kNXZ4Se2fSl3
9s9JDWg9IfiWx5PC29fQbM
gT5sfENblmZEaxa5MkFPGe3
FEJdI4ZVX3fKCIGrrlCB1qeI
MhAHOAaRzpLjQWLfellEuLVpo
2J72JmaieorAnFK8Eoyzrxcg3w
a1Gm7gseZl3Kf3ezu1rqIViqrla
nvVnZpkeXbzXP4yIR9IqScrQdGDg
HH8jjaQYmRNtioDu0GqazIdJfx46y
kFIwfyk6COUmYK5IAW6n0VX5e9Dxqh
mpIaolbzXwa8my4Jwt374Psu3sApWAv
qBfaUmCkeX20t8eK7yvq9vfST8fLoMap
S8m5IrCLRi6GS6DoQtou1vRjJKpwGmomL
9UHW9VxAdudBVvxY42hYlmEt8RNKHsJnpD
LX4daRx94yJTJvfukb5J2wQsL19YBX7FxPO
QDaiobqKgvpz85GnUTOkRbD9ivrNZqGgXycT
2zFXXMOlvV9d862sHoGL3TGtYQz5CSayUwF0J
DEh1d3ORNh8OO61Gd6SHBu5vb0dnaTfL71bBMz
5F7wE65uaFWM0cKwEz0KXNFMBdzpwp46JL503PC
EDfQd08afTNk3CKx3jW0kVeCSqpj1oHpGrDtSjxN
wpr4YLVfibTzuYLCYuMhjCvqFttxdvlf6kCao36fG
z9Ju78JQniGt2GB4YyFkfLC1ZK9t2VNEaEYBfEvAGp
CfU3ER61MFn7lq3CtJ3ISEWm5TiH3JOuoM7HQef3BAP
IW2WXzw9IRiahIbecdq2nHOh1q3NFrHXZfsz9dY2qKRk
YihkckSFeQI19bsz1yOechzN5os5eqANyNemeXptht4Bm
FyGHwYkfoqDdspddBizAoEZVYCOJpEdUVrEGMNqqNDgpT3
mQQCjCmH2g5buZuv7Y1gSdrQfUf2wrU1S3yTo5S0EuUTEqp
gH011G4Pevg3bdvBMTNZUcd2wxcHrvPfl7Z9sy8x2FBGOu0H
M13BREhFq79rM6sqwI0zqtW1TchBmFQsoerNEg0RFuFWWw0WU
oMIh4zPB5Bkgx3vb4hrXFBmH6O379w2ZJxNxWYuyWfzIXXduHx
V9tom0iYtAH4sRVirvKi28vE1wbXykLHRPOo0rIWCVtO3Gy6pwQ
97KdUIW0qB5T65GSwT8S6sZ2R25h94GuPEvNWI2QDIvjbiBnKxq2
0SHawx40GfXFIPW5Uqe0UmBs77C3TZNbsDZaPiMBx65f4uFcuBIqp
XdCkKoqQObYXwoAiOb22MXUKbdeipwsTsLLkrLVwzWXaDabXXGu63P
2Yf3Kv2hoEoyNjwShxkMQMoO6BVQfk0DqBiUo9udgjcynvXQZN1hD0k
kzUV9yxfruxIgMw5ugGkQoYlFCWLcoo72qsPr0huX8eN1wz5hiZTh4KL
i6I3AwLtejeyBflmBjslkQXmDskMFyHNWVsgFjsBmzHp7q9dlYmzneErz
NKrLBM76iFfxPqDdHHFTvwKl1f93KWRG8FEzSgBDLePUeCkH5IZYUQPxG8
FRo26ZkhIV1E4bF3sFi1Q0xgngBb80MfzwDTAMP9SmdyFO6qEQndlE59LgU
5BBDrVnYnsTIJjpKUomMTOsyoL8ZUB9v7zt0t1n2Dlv9v43fWHinTn2KvO9g
Ey0gnWG1wpNDxkhCXCIg5wQabwjDqFKCY4JktZSrT2FoWKBgQC3tDwxte7Bqg
CXti9hpjYjqsIuMNJum874g6Gd9sq76Zk8VRVMUQyUYOwDGMVjmdAWVnYsXHTo
3LCjX2t0Pi2Yy35HagqX5WdhPt6ZUsVxg27JMW3YCUZFxiQWc0dGl6ql06B2B8V
wOdMTYzZ6hdf6cTuCbc48H5XbL3TEL8RUV0CQMaur0z0MiA03OqqB3Ap1rIow2YJ
jv0VfMYamoYsg4TCmYZjsdzXzfGaZQkTLR8jWv3O4ahXRezoYKxujZB4N8B4uIfrZ
GhfpAkQImfZm8Vg4yxXDto7QMLCThD3qUCi8YC2gJrW1TYJMo78lAtF6wnsjyFlLna
6hOU1YLwdFNpSLZpiskHFkgebxB9foTFcFSV09VYaSLM8WPSHk3QvDSDPvhg5wLTR88
zyaucUwhmShe1n5wEpWbuOWz1QdjxVFWNeDjIR1xzWxFLYRAKxqrd0xXl9N3zWrlZEc8
mRNRxj2sPlUJ5MUR3gnQBheuYrg2V0KkaGMSLzNU4VTISEStLqZDjZVwDq118x0Hi21rF
aLkwRyA3DXbCzeMITNSTfwc0QpZeQDFHAUYxL2FZuixnolsKwMFdJrY4k34Rpj8FtvywVY
XHIOjro4LocXnjEjZJZiQVsi7c30vhvqrfOhdtDhjqM0h0VN1mKwogoS0QkUT7UYVHrqMEh
yEuZJXbFyFXtMJh61VZa8llbUqnUNtiUBk9ZTJvMAwK4UiOzJAW1VFVXFp80hA4OTPSWMO44
OmLM8Ipn7RTa4QLkD4VIugNUg26tbK9cx4jNncfIewk6WuDz01jXSwQH3rJYOmpaMcidZxpDc
xlL2YgqfnZMmjCNf0ZkOG4TuQyVUj1g6QpU1bMAV74lElPKDAiZmW36p6geEZdkhmyWFLg65EA
jHQo8hdpQYSuKixOGLjOlWrRcPIT4WmA2PBLkquVGENRTlCWyM9h30KG9NQP4PAMLbYocKJoSRY
nN6qKv7iTrr0SMp0zijjt0PjUJrq5BTMWsH6AvS21XPq7o0YhFPszP2jH6lxfOhYdrxN1LsTQdTu
vcKQyJYbHf8DEDwLZgBUaiRCeq3SdgRW0AkX7Oqbh8eIjrNHaWE9C3jE1ZcDMtamX2epbe50075FQ
zQHIsnWD9xijATeXt2x454Y7Ont5MBelvMyWgZaBK1K0jKgfn7EHq6vKJnnFl2U6sPu7Wbd9GkiPix
j4HJzHnZFaepek9KZYJEc5yQqMVoHH3exaIAiasNQaOQ275yvcGXGNfTROK8Yv9iS2ERRO0sd8NXtzE
1Z4y3xzdesl8t7yko6MMgH25tKzRqAmnsM5RhVLheiFyAHgFcuQ8KwPqIzDKKuxkPBJl8Hb9OiA0INzg
KJFMMRJTe9EKXqoZGwTxNpHGg4cozSxf5tyvBKoB6TRlYNTQHQUXDR4IjBr4nnEM1ThjEzPhoCbI6p6cD
bqnu2xshcFQD23ohAaILfprI5O1Z4VcHFFLkejbcKIrbcpQP27UDALSiJwVvFyl5GyZGsPogUk0faljFZu
2fwwvUqugVpmfK5NRBHYOEP8KsXowsh17j1Ni1LcktEmqhdDLi7JG41RVtMBcrkHfWDvPSCkCnQZ0Tc7JYm
DzT1eMaBkzLw07EJ7a0XOKhQ6wJqJRbQqpqePzTkSFjpdJrFpQbo79Cq9QO2szws4ws1ayWJGBetArBBZoMo
C0ojptA1nSXYZKfUPYGGWTYjN0O6DNSvnF98GlIkBQO15kc4qug0UrVFAFha0YZL9h3cbb5iI19bWNTSIrkTt
L9XXROg0SpyGWnoKHdYdBjNWq27wWau9HVk9Dmyx9lyi7grv3HSge2GqNsq3QtOnGpK67wGepMpXtlw7qWEqw6
OMGOacedRTmCzJXuIYKt3wj56jrgjtDoU3ijGi38IYkjETaAWhXtgN7Rw0IkSAx5ymDN7iv1I8SWcJhLuMPxE6w
ReLJZQhpAST5uIH7Hcp1XeAQu601ke2JtvBRULH98ZqA8YovlfBGfmccMUVtKlLw6REmC7IklKTXRKwNpGXnlqRr
J3iGWtBuV56mOmQocnBtzGI109YR09B1PJhQIqZZ3pr29A0NqzJsiGDCc5bMwlaqw7QI7g0OcAbMgIDggW4cvpPDA
b9Z8HZ7xj2TnPVFSoQHrfraT5WlAWHsOnI4j9P6FmzpneNOkmBjZG54auWID2lAYuuqZr6v1B6BYxFOR8lnxXYQR15
nMZwXEyAxuoD6JlsE6eCg8HQY4b1lTU9Z78sfQI0DwdlUm2QU2guOrXB7ejXTth1QREGzWbOQWo4q9rMPaPOzZFYZU3
4KCN5b8aCoAADjRlkskrs2ehFZIQsGeERC0kri2EhezUfeenag20X3F1tXOc1OriXWaCEEvJFXBLCTcOeV6EhfusMtWa
eZmXfXxIbCGox0rObmKnlmucZjQ7gkBdTkKwHdLjUEajsclSEtqH4ukidBW3IcRR7AVcNC8VnGKXousNkaXSvNEWWsr7A
FgibP3gXLOrEUCNOLCihcF9l3iRRlgvJ33d2U4uHmi9sGbfErbKbi3680fgD20QJwNaJavRD4dOdWkOA9MOAx4lNCb0iKp
OLOdHgS9JrBNzbrdq0oOh21cauEYjZLo0Im1oPOwrFJxyUQt2DqSu1Kv6ZjDspGHejglljjkUr6OItexReLG4JpO6zAF110
2WG0RORUHFbTAmHOoJIJxTwazaJeDsWoHnX0vm2kpYPGjHRcDZjw1hsD7lRkmxzgROVrchg4qggjeL6RWEFwJwEbp397BYF4
T76iDRQDITJIVbZvyvcKctx55HPgCDE3kh0MUl8TOmRFBntYEnVt3r7UU6o9kTqvw0hUDFECp2nJG1E5T39g4eoc7fJDrNrr2
gLoPABueoqT8CacuT9QHZJvJGrLSyOrzIld7Ub9wcx9PSNu1mZft8WIaAHICTKPDtghL0FOUt7NDcLyV0xGyUCc88ghcplrhng
lIOoYrSXEOSVDlt3fOu96AGCLKHqihjdokvKjPWMIkAQzDq7AuyuFHBDBWXNTYiUq5Tl2bqv8SKHsKbIq1wFdTmqmeNkMLrH2HP
MhPjEWu8JqMTqaYV9Wo7OkbprxkNRwHWjHVI2N1xNauMQUWu6RS5ULWIdFGPRA0K2xYJjfkr8dJyl5kAjVytEXqKmVKpv6rTGMXP
iHwSuUDgbHM0WLAsSWgexopDWj4neonpKbRwsnfSgypGrGeAvgADvBvLKYvOIEiYyTHxjtLniuklNjTg1mJGjhFoqtiIBjFNP0jkW
iQEkRNrIAfxeuijzYczU1gZSK7W4CVeGzRKqQPUkjghaz1WoRMqpuXRwkz3Yt4Qcj7cF7hIC2oPE79Nf2Yv65u5AbI3mnqFQ8rxwsh
DCzCmHhgrZrni73SpY8QgIQO4yPVugOTIs3ayA7is06brLPhB5VObzUHmJ04o6swFEzTcYIWvnOncIWymxwBWIQOTi3USDIvbjlRPra
x2gEBisY7WHdjVTp9IW18axJC7eb5yAT8N7sOGi3vIC7X5XhmdWK8IGh1Y9UJkCnqjXKLFvzCeYc767IVyNaPS4m1wszlIDlixttr1bR
3leOX7Nm0CX9zpIRolqsyXmjL5gqM0DcFDsmhiBGG3ct0fGDmVO6nvXvHUvE2twkVs0LncEkVwdxdwqCGKkpaT6oCHYoUHsAiH94ldXJa
Jg7UgjXlcY4la0TovKekgZdejFl4mtRaafl51HSRAyNIACtPStlTC2NJkPx9rwTzgKVZBnnb2fstIze7clxe0pJEpkdlle3nPhwRWbiwQv
r5XyqqdxqY3J9WeBRjGk0BmQ6OLQP8Krw0uP9va9lF1Cz11eAhgjLAF40Dw0jKSj4Ckwr4QkhOY7nh0P2VknvJYIQY5VVtLjVogBSBIYFEx
uINuxSfDOp7NDzv3enmfp94JlfBLL5fr1uiFCb2S5K5kfTZajw6x0OkDkOAu3MiMLfWWQejtKZhj3N3SJLU1JuoteRl50fc75KutKauJKxyv
p6Oq1N2zL8cPd42YEBxhC1fACx7QZ0UVeHB3DhVZFuWO0rVsGy354CyiqWXSo0bl1pSixbFt2zqOxBfuYCQzvXnvgtKvAz5w4uiG2YHMoTH2Q
r8nRiXrFrbKizdRAFEtHYYfSXiV5IjeKD1ZByD7ir1jvCJL1SwgmN4e5QVK4IPmSbrn2RU9BaFoOZungyQAUrAmWnctza2IZ6zrgkWq4zumIlV
pgcVonn6PVYwty4ORKfFomzuHAjd7cwZ0bbXRVkD5qC0ri6VrF6kiYfO11gKVhQa9LIdDuLptACoRkJBUvKwkkPW0k9xbuQJe7pDQtHAC8VmCSk
QKyQof8RTDfitxDLxkywBpYmYxogPEn8Z4iFEX38xDZvPzzz6vaf7uSc1E9m1KLemeGoXhAPUfcM9AkwP3g49HGK9cxKsfLZfFFILbMYSgXpYYlB
sbdGhwDFvwCWgAf5cqmdcftK4Ryd9hrGQs9Bad7Sfjh5H1Opnc1FQ5CekRdEKs469esTaG16LWPGeII1gclGGTGO8rZ3coINljZ1LeIUZJCZBWtwK
hTDP0A6SaLInMV9emKP2YJrE0D4oF5eLdRUYcmmWvcPju6j42kUgrOIQAnRbMRxu4fIBSabLAvpDNxld6r57wmySGBqA6aDK6QEoJyy7mgjd7v5qmP
7nvWwocwVNs4GGw7IU0qmPjWhRLERcXfRPYEilDNPPaGBzsDgTXAGNjPQpXz3a8lsxMm39g387hsG5KwdWSe3TwwKZxnKY7kim99IBO1dkDtAAyJgCI
Z3UXn9OV3VsZJZj28LmLh9Zskfce4PKu2HVTbR0Y6T2v2SVO0oKFC9eYTcNfxGcVSi0PHuBzJgXxT1db9lijRiw63NFBZu7dhrhwlqzwjKzqb0cJE1tm
9yUOKZR0FfYIarI1wg2hlFh6a7bqK2m35s2mIlOZbV0AB3tGC4OYjpa3XX1StGt0t4OPAUWOXpS3WZhdijrsccRwwiWrUASOi9KE36DoZs9gIV5qL8asH
PdYyYJP36K8eHg5cJSOlojrUCrYkzuwsxNvpEcQkfihyzEmjabx20bzh2ovEhcP8lcDMXstMvsOCPcHdCkDf9q1LuBCziXYaP7lZVj7y53R2VQD2RvZsvt
h2TJFK70j6rxiB8SMPe01TpofH3MuYKzdVjOXC7Yj0psxZJjAUReENoIDQGGbEuW2dQuLuJiAqnLXdidlYaHCnRbP8kvhfOZ57E2QW9kWUidoj6awVuDlHr
pbj4Q22jIIUx46HXuVBcNOHlOWdXRuEM2UvPxVkhXr9o9vGAy8OL5Bi3ccyy1TIYCsYOwOjCeET9tQklyii0Jjwh6idIJkV829717Cu7nMy31dQ7nDyfNy1b
jZarHwQf0uXtBV9oWA0eMp7gYW2CZMwH7aNxz30N7jJsI2b8rK8IurpJSQ0s10yINIhobVPNLHuJa5nc1Jg5Ubb7IIVx5YfcF32yhmKpfwe66nTJsenkbVXsZ
mWogH2KdJw3aIW8KWwmPYsgHXmhne5r2rkAJW0l59QB5ksnBaBRurLKCxitvQyBAfm6HLAx6htLvcxuZtYEiBZVtRG1sJjIoQ1K8wdegxOQAaCfv4L2h0jszPX
QHM4K1NMLMoLt1ISekds6RfUKTukytNZMDiYiLDtGTwMjI5gtV7Q5R5m60QWWmh4uadhfOfrBfJKlbkguDB01fKIT75bUDTqOyghr4gGEyRH4Ur80GtLeqJT6ck
mwqmPyWlurbJR3SQJ6Wmtn4q25NfLjmvkmRo3zz9vZ2yuwAO5gb8WH8qanhfQS0FwsM4QpPKG1PM1AHUYh2nwOnxvS8IgyXgx6XMXXB3rVx4vonlcG9cFLAt8oLR
hSL6uAbVdphzI7GfZpmOUOzZJKR1tCpdsiRbEiuKdzfpGqm3iTneFDZAWcrAqkJfdASKECMOPyuVu4khf0hqgMWYhA3hTx3tLeOAEH0CIXmPuQhvp1xcdIl57QXxU
uvYux3Goe2eXHwB1jo8A1MNzqzHQPl6r6xpGVKUGbK3kLg0lxuVEKSeKKM8JqqK6arsrqkHcis6e4tjTpI7y79q1n6zm6hMGdpYgxX9mUr3nySlg9Zaeka30GROdKN
wjOHmz5LEnqlFyGUaz0QcFHGsA7dN1yMSrDPxkKw8UpaOUldhRT72ZsRfGLukeKBrWVvBEbaQ599mEBQ3QiNjnQ2l86c83i0wJIT0dtpESEix3EFwGShklXzCoXh9BF
QAAnjN1xQeqDv3by4lDDvYxX63aDwr2WCyLNKbk7mkjRW0ByE2FeseXB5O44PItAOP5MvAbRB02vuhmTXpTUk5CA3oi2wptPi8Y4ojkJRQfHGZS1V2xUIP8ciSFoFByN
sUani2sHw7ZGofkJZ7G84aHQJQCWxV3QAEOElf8pRkKNnoEeS60yVmAZLzfdeXHXnBn7wJXEeQ02Ef2aFwb6nOoxsc9swvUbodNpp5YjtvABWtecrbT1cUEQddNfSBQEe
2NlIZvOqLEWPVUwoCm5WieYcUeIZSAZw3TUuoMuyWXyx0u3h6UTQLWIYAT2h2yjNMiLqLwu7ZpHhhsnEkhduBpJnLxWv1ThaJodHivbV6kKC3xnS6SCaVQCCUfeawh9MzY
D1pekAhizZ3CdLaKhe7NEmyRXtUgLgwZSlCTGNJi6zGVfrC1ylaT0c6hmm2vW1OgQZqn5J4PkgVnsmTc0uiimSxYPRpWpoGRFGygZ7gGELkOvqzJt1q5qazLw39o9zHzuJ6
R1R7oZEuOEmMBGHdVp8RoOfs70yGXOznnqI6XAWAzP4yFxx72Yh8G3BxwNiDH1rj2KDt0sXHgpKK2g3HrAbNuopiPdTGXHqtBDoxKVllMuiza8ivk4kfWxvQ9pnkPnfVrcyO
idoPxhsWRnIMNui3n2wUQbu0VczBXvFFQNRJeO5Rcm0l4ZWYuSRZPYgEp63TNk71ehzejVB8ozD0OaneMiCYLM6tbOHhpvWp0UkVAIdVfKxhjEhrGJMEBnBivSa4KJS7VGfnR
5pK12iSpxAIh7ALM1rjqcXLhs2OeCbRl5X9KBprtBOaaShlqdvqQPIGgvRsruOkWSF6nJ74A6RKyUtrpmrRnL5AzhMxaH7N3gxYyHdEzLSnND2Ot4X31prDcIeWF73lEBPGSh4
KluaqVEOYpZf8VzgtjgXKFiy1Nek3dXvnVZn5xcz4P9qEYhGe23Kl9wQmtBYamkCoTrSonJQbmQrfVHfhzpcNkIghXt4thpjwlBo9XEJydLaeG6ftZQJG4oOil2kc0vbRu6dBkp
Y2ty4MQCUjgTqEUOYenObIaEZmkMpveKTtPfK0KNVlARH8CA0tSKPMXWfT5vk5aL9sj4Toa9sIsi3IVPPcIOh992beG75t4qcX4oBVZrZJouYJyTjPVn6zYHzSvVCYVq4fufOFdA
AnD3dVs3FqHhzXtQdncUguUXzOUaEoIv7SBBbrhywrsxDcMIDkYIaE9WC3Jb9BRyb6YF8qT9eyNRnDSyJ2Pki8FBOSp5nH0Rcb3HbdbmzguXJEEBoDIfhZwpdlASqkvx7ToJe6szD
bOWtCbjvzm8L2Zk0sG91iMKJOTI5ygk1lB3NlZk2eEv4v6qWd9ennKsbFkNGbej9GZmIsQxzdCFQpFkmskGXoreHjNS0MTiX159XeMKa7CHXmetCkHcsNvorhESr5EEUjg9hu54Spx
f9vxg6o8GPNIeyWSuyxGL6w6EoOpEi4OAGdYznvubgPbsQLcXaoQVlt2dqQOitUENl8o7NgNrhjaGlZ11BPkUrQlroiojwTelzlZlb7jQE5vHuFdNRmVFLKVurNdeAajK2NyTcsvwRE
MH2uDo71N4vQ8b3T1ytSe62isFvSByaSJRC9MjPDZzskDRLiGeDG8pMGNjmWsDhpmUDftZKCOhHXIGBCY42cQzu366rFlfN8i8BkkCHpMCBG492sqMS9pEOSkexzfjNvRW6UacelPTI2
cxEzjxNzqTIpTh3rmsbuNMPpjwskGlSu5abZQhIQwHDYwoM2mh6dy5bf4SmfBPcgaDHMUV2I0oFWdQqZG6MHqgt2H4CW1qYCDZ0WmO7PtgQzBQI0yGbrw26HMk2zpgPHM72a3If8iYTJb
R115B35hLxtuRcdLxtTY7tfmzF6u9v2fGYF0sjFj7Tshi6l10KfrO32fhKzRaFPr9DQYJcqbisQfFEXzXMbAxBN6ElfOIge4JSdBIdpr6RdfmJ8tRMCwZ88xDBaQOxwNIdWH5FNq2ihHOF
JDQ8Rged9DqYaOpsGe8nJquFO6HkzTUj73RfDR4h24eDmlOlj57y5QT1yZ0n140KKdpWqQT2wYo1Pt9k9tfqSr1DXqty2AecNpUNFRdV9nl62CCLVIObKvrWxiDFEDr8TOm9XAakq3C2ovn
NdxhjXgBLz4DwoV9KDI4v0V88kkOs8xiVXxOa9EfNpLHsCvkbdSDGbjx7baTMQJZfhQ8RaG92EvCvCNRK5nRYQwxIsuGMPmylPWJfvmCtRx1mjixZ4r2rrVOxNRjTpaOuJYvfgesIbXc8FXp
hC9dRxjtpJgOe5KpcB69O6YUH5hcjH3m5wXjzYg3R3nRLzHarzNPYZNAitLzMmRbnv0DlGoJh7QlG22HFdH8UDpPFuzQ4qLMv587fXb4lOWLbqBigQApfBuLHm9sm4iFKXgkaSS39jnJjlO2E
W9LcSIke44mUQiHhve7OSK5TxbP3cnoIUud7P373JUx2wkXbkpzGyGQno0T3ILbYwAzqrH1KFFvRIwiuo1Mkj38xPxBUsiDdVqdTTCR7nrdxtbnlGgcLZNaAke61ljCJkUXP9v7KmBg2pWWUYI
H5BuyIoWcdGPpOJGK2p3b0gSOckQhq4r3hp9odp25U1SNsmGE7frr2AeFTQIGrLfdtGvxKGGNkmE3B4oaEpviGnY0OFvPDSfFb0txxYp6gYIqawzOlArIwM4LQGKdmpqGEeyqMj4uPnyfbvk6Pg
mOtMJZXYUrKMTZINZGriNq4KfTd1zhSEkCQeagNksGrymOKwVLuWL86lcB9APlcpTUkuowsbBz1jsvkwsaSjYivpNUBNtyOHPiKyoj3I6MyFjdV27bAx4P4xNhpIaiVdfCzcMBgcSzyG9NgejHvA
YGODOiQshx61OTVT9qppsgUGruHgKlNBOG2KJPkuzC7s4fywhjo4med1ptZyf5Yksgilgsg6IEVnKHnpw7Q18YHCJ4RuL0sjVbbPZ048agUgeacrBK4zVaLSVDREgOUPcfLLY16iZmzCXZF29kRz4
CUgbWU00G0Je7HYUzU9ChjcHUVnu5C0l9B7pCyE2Z03o1sqRj9nbRRkA5QRKgsiBrWIDCWpzkWm0H1dqOZnDn0zHieGczMiv4qepSk3VFHxQdQWgfLUW5h2ShjI8trN8wJXAeyvBICcksUn5Ndyz25
JZDYkVHwsNMU4IPYXJ7OtVM1fDCawiBUF4DJh8U3mGvHCzXzjpafUlAiHxmYmjDpAmrTUIdzCQivMGCeKOfNuJOUkvRQ92EpTVOEZjqcViDAUcXYsJZnBQaLKq83mfShOQJWBNK8PWoNLBZgXaQ2JJn
GNJddiM2r3aZjl9EilHOiQWcfJUCFGe9SUTHPZset8XdDhKBbVV3cvBWhCfO4d5rodJiUoiKXBlcOiicMHBkl9FngOxXjBExeW2UD7HxzqXfiV9LWxiFMNuuY1Vwj4zjeEuDfKe7UXVq1zLqZeF7UHWD
gvDnTqQTRZ5O9753kh3Q7nQo1aAaugqx9DCxXgivMWxniBHdLsH5XnQrChvFmxtKPFgZKcwTKzjwtwawau4I4eKihaMASU8WAVg0ifnw79rQ0zQYbwFHrDOsLHU9FmpcobIfQzfyYaAm0hgKfLGaSR088
2yfThWL97jiGmjSXYwgwgkgpK7RAtgl4xma6Ofr5mosYxU5oJRpyMbjBNJmIo8m1UXIJUKbzyAom6A6nxZ3lPZUY7zEZTytEFLWZJPOOQtvyXN2P5Ji27wdeaLZueCYGAn27cb4I3GqiS1ytzj7GjFG5D2
0Fiv6EFUftaCPE4OGrnHoXwS2hvgXeZjFR9f3spXcmzxyFdNGZDIaC8RJMI8U0RZsdNR8OvHvXommmdlrKtzSWe52Owz6EIBOB44RYzy335YYRqHAtlfAjDroCvZbanztMGVXtHu5zIzqJlAIxH859QWjKh
0jWJf2ZqyENkkot5oOSRNU0nbyKOdNpYrFEalxzfwonjg3ZvnfrgpSS5C81Kn0R2x3E3FPDVyrLz4QAMYCtOdC2KhNH02QwVqDkFCH7RJ2evwXjHzdG0Ig5uraC5MXhHvn0qgrDi5R35vZaAJylTsZUzI9GV
hwS8bk6SgjDCIilfF4MA7rmBXsyQHHvrYKWhyuGzs3LjQo1x0dIrsxYLWM62RY49VeVHu7ibPy90kONEjBV5t0mX2UyoF7D491aZImqU392W5azCeyluS8Rr3BllaYATfJ4ls4eRP4z4RSiRXdYsG8zhz4bQa
Pn6MYZpdCNfolCYFT01evXYJKrkmnRXbipgLGch2j28xibyJU4IduRlrBz1leu7pfFtqydmdXLQFaAZjt83kdQjqJSpJCXwJmrJ3zzEKgsD7MzCIHouyDdy9Mj30N23g5xDBWbEYSmz6EP18i5STEXcQMGiDg9
KEMW34Kkd0Q0es91TAMn1QrVlJ7dWET6nZuNyeec0QMWNnwAPNwb2roSKSM8xZeDau9ci9CZo7dOUfWJiWs7ZboQOOudQuLMh6harNKlblofnDi4avPKDu6XeWKADJ4MbXo17y9MhCy0nleZ7qWguuNoXVRvXhh
qMcnvnLjSWakP1jSLlhpgsqxKFtdbs4biYV2hEZGaULsxiNfstn6zbGfiN55uLNkFQAKssD0pZT4RCDqEy4e1sf8uDPhXTnbmPzZdwhmAPNbA9cvWYvet08ls8cUcEsED0xK96zk6o7oZM3dXBdRvGNWak6SNFx7
sX3GoFPAH4F6cjROLPXzB6MrCbX6yLwcQ3oRlyvq0t6MfgNjk56OPbPAEZoVWoul9fJExhCNalE8n0RQwj7w84ZhiVOCNyHmaRyQLV1hJoFaX2HCAxDlGxbMyz9KvbzSuvhwyAgPVKfnbytqbBoot4qpV7riJxFOC
IPV7jEfoLA7qD5b2W66t4SGqXINLAYW9GbtPyzywUWwWtmrXM9Dxk6aTnpBwPc8FE0DBHBGFvTc1knreIFvthZM0GSQFOy3ZZpn5KpgdK9CiKRiY24JAyFjNxV0aHeI6pzLy4jcbFP5ZCQ3urcDirJOnS6Z480KDNJ
FartXGri1EDMTRk6HfvBWPsf1GGx5ZhjUfd0qaC1OvdBy1fJX0Xg7U4KDddpM3vBXQzXMOtHaaQbEGdcbJ0NGrT4seSo3OMy0jVmoGg1yBVT9PpIMDFAF9uP0RiPXOyjoTQdWBZZ9m3unQPgsFNPdKKGAeGaqH4oZrn
hYeNcma3GHmPyiTenFOkcqKZqFyuvo30L3mdNDES6uWQh1SWo9V50Xu8nkSFztxg8D5nvkwNsQm5qwti8GWt1DSTHg0pdNcG9GjUKkVhVoCFiENZ41RJyzCI6feVtb0SoR5yMhdAcKc3SluyQGLAuA90HQcUIM5eWOi4
kbt5anKM9qOiTJFU7s5xYGgRXCVgZHXGkDs4ykvSkaDPkmMXZxP5ikhFNKK4B0dLd6mxZRUYPWGlOAGALBieLaFTgCsOf6J4OaGSPXmOdlofGJMEXLEQf3n2uAmzuaGe09S9je83lAXK86Zl3cVXGitMR2kYFKMs45GX5
xiAKV02dhWD9xxx3mjkHcO9aTYVzAnVI4nYgLd4pHoXl3LSNiVC4EgR7e5GAM07cIv9NQwO1iW000pmCIyiAzHizaIKl345bGqjbPlBuBzAz3ePciyKmItCgPAvmtTBYTLlViKNNh6lC6owAhOqoqCxLsDvz4uodrzwkhJ
e2vhyNzu37e3SqiLLvSzCynTc2ybQzgAE9TGmyNHWUdhUcoHEFinT6jpLa560CusgMeSLJ19VCFZeM5FAWumya9q9w6yXSxU5v53gUqP9EA9WiajDnWBXiFkuffBN0ZxUoBoqFi94VieHbg6FGfbMP7PfVVtcmnf6lc4J3w
vkune3Q8lbG6fFwjPGLtux1zGWZd5udTdxlaBFGUy9maz26dg1aaVRW9ahGFsr98bCYo1We4p3V3JdDyDPb1EKKqpREnFdKoURdaxaV5F6UWVWC10wTsIRde3O2hhczyt0nmYpN9ZVpncTBMG0pDabDExoJ64jQ7ROI0uBiF
6guTqNCT1T6Epj14zxKF78gg6pGWJMxbunpifTJXSvbR7BhGtp79ZFBoU0RVmwu51dWAt3zZTZba19u5CSravG1gboOFptg8xGkvf5qwuva6MnP7OqYaTf8pb6J68ueMJkjiAhoF81fbBjUEkRwLK7taPIG7wGvJP0qQFoxs8
8SsE7qNhwTo8H17VhqVqbZLKZ9CFHIfn88te8Ih9Dcr8V8dK8wIUAMHf15OfmhAIFXLfQlGs7TTfcejJeiVXLQJvtNW3ejbVNxq23BCOQ3jU5nV747l1urFpMcWM6KAvdZVCnmXKNYHvhWHZuqelwGzNuMFSBcOqLEDcivaLku
zvEiOBuqKyVgLMtX3NqnNKu9sjM8pwZ1cx8zuAaeRwgZNzszlfEPkT74OnOinS8RUrwqCswbafPl9d4C7pCDOloK9ieUD0SSQWSsMWSoNSdbMEtnNEtGMjEnsFzLsJ0M5pivRR3QcDLjmP9gDSe8GFUe3kPRt7W9ZEMb1aIRPMI
vH5W6tArYcIMGuY5lxtCOB9zlHgUTtGlUfVnxvmiXxP11YI9pPgyRFvU9QBvS066YdJiWagdQjDqPQ7u0Fka38lqyKcX5HlstwnXzQUJBWNRkbYEyOO84p79rNj6DvBVnomXRz84UnhrFqRYPDc3TNPMEkcb6ooJd68LTtmC3QRl
Q3q0ocqKlPBMoofAdc65Ne1XtYv5mrXL5A6SK67u3zOQ2kkX7ZicZ8PExchRvMXT6l12XI6ig4XASTdu4b3iI2HhFwIuJQIvFzVmjd51DiwzIsmvAY57daROzZrlgK7Kffz16GHlMH4ByHoECQjUHKJp9KzGMGRyqr66TxXXlu2hI
0UWou6Oqvo0amxokwgkeRXYwa5pbIba3sJQcv0vRXIPehokgvcsrqtra9jA48IITT5opw5HCbYCQIMBfhwzkyv2A7yttqOHG3OK43FiY0Gb6AlEHkwwsc4MH9LU9IFzcRfBpLJL8Cxqa3EoSEoNwWRNiZRA85LMklZxo6fAl9W3qsQ
QPC2PfpHvV9OzeIkkrT6pzRB4sbJfA5HSlf01vnFoKE2KWQiAnQBCz8iQMwH64ZuWJXPdrEnL1GJqbqWFWb1UU64G7saLIn0Be7ergnwAkUA0Igs50Dv3lYfXu6SwMpTUCTLUkK8vNoJFxlgUYQvq10X5ef5UmdBrtELhZ4Q404hUS2
B2qumnAtMXax9DQaEAqXHAunuCMaQ3RxJD1syrzKCWdgdN8O36SauEDkv84ULlgTMZyIXmNvqu9sIrfb8YAA9aBUGfGFnw0dZZpzwwAeijsqh5bFxOvMsoFtv8YF8vOkOi3qutekdzk2V9jy89IBCCHqkAFEPENOTxOUvOuSfsrqThuz
Vwy1XI1N8p87Nb3XXn9wvZA0IZQRHZe0XyPzwno98Aevq4qXN9CjjsVyUcGFLGzWJsUMXenlXn7ZN7zReqIjsCapqrJLHk9D330i3IfuxVFkdwMawV6s3Vn1TabS4UaJxYOGVhNrK0jjQy4QHKYdXhC24erUKcGdpVwUOHIImiyql99w3
bfi9K9eKQKMJFue4uU1KYcvLnxiIHubhv4RdwVl0Eq41u4JlnsihS2oPVgUWxfBZE6MEfesIqFcigjfS5vGtGUw7oIy3kYyNzI09KN4K0BrGKzbnAp2mr3IkvPW6TZviQKA7Gu3vH5oVV4pnSQVAwDTbCnM3egQQohuJa8guwxNFGwun0M
wQ8TIhlGAjqhVumYqXvgVc9AyzZlDheDB06DFX4bY40Q0O18AFVnusPp0AzdYzL0H1dQrRKJl62E2YfeQPnZdnVGPrtBvPcknSV2zXa5lFj0020inORAx61z73uM3mwTwVfz19G0dLoYvCIVZZnKiThAsz5DD66EdEwDgBd5DvatehGZYkQ
LLTQjytNBQx4Hr36fhVFUueKuhRVeMzLTy9qpSMJljvPhG54OgkMxkGnn5inb2vk5MpA3w8AjNSmStHQaw2QjgP9CuIr6fjqivW0cul6OFJ9YRpiR9CJBA33Db5kSZkDOFdaNmGGpCcOn3tiqFqFc1keVXhcsvedis9KCzDYqqTv4H42Q2jJ
HcIWOiIf4L49gw3McpEzl5XWxueM6jVc8CI6VHRhVjVOjjH8z9T4q2ex8rjqhLxVSfgbrIQToxBx5WYGpAfoes30aA07QJflu47imuK6nCGMsSZmhJ8flPB4SzPkkjzfXYbeUz6aLapfMGSyCpaTuefDvjH8npBePieN19ivHd0RwkBXar3vy
Dr2MNKdwDdOTzYhNK0XkovlsiH8laJhLIXYB0tVgxDrW5d1mGuQJ1Fo69XAT9NB250grWLaUAz6i8K7xqtknGzUcK8o5vMUH2oMwrlIC21TOxadabmDlEW4Su0t42OsNtpMosGBEk9Z5NUBjz4xPeGWicC9BSYADP4Gdg0L1oWML7ZpGu2Vujx
h8OVxW0Ia9mrBASRwEcJAY7FSSkcCnCUIZAhhjp4E976pigkG0e2n9pPocxYDODQAaTT6Iah2TEQIIRR5BoNasHmQogsiJMEkZ5Z0BHq07Q52xkKtsVx00RiDImBTf3OJLS3D33dPeR1xUxvlyDDS1Txxhtu16tz1DVipknuji87PYNpJ9T6KAG
gTMcfcm7VuaHg2gaAzYosAPn76hPmHGZZALNOvnD2Z8AyFIRrRNxvTRHsKYCFSavhfgkSSHwdnZzo0epaN3SAp3UrdWGMNpuicfDIuEk3x49N6XlciFOgkJs23eszlcn60ymAV9yywWL6dyHnGTQOXMbiMXmeOG78NIlQ4hZ4T0OyST2mQwvgNRc
FvEFc5gHziwJ0g8ewtquCB6uv71QvpUu5QTGtwAcoZfXNFXMYXK4m20FILxsyjc0VovGpPpfSvI4u9zJgfbWZUc0MCNIHl5WaTm2G7XmM9HKupHavkUqrfQJJmTE0azMuCsMlUfe3uP0hGY9OR9wPuIH6D9rqHJt5oKXrjD6dZe42MwbW9b9ZdboL
IpIReqgoKJku9XvkDTQ8YOpczXq0eu5Kh1Xh1JcxF82sjG1N0qmmK7EfkCBjBfoPXGjrX7bmrBZh9teiy25PIhfyJPsZjbWNlBMYaghzqN79K7ZPOoONzkKhphYcQ1kRjr75sRGd0sT4T13F8nWHQ9wDRHeashw4f8K7fDBTP0fVLD45ytcAQxaakc
Q370JVtGds6qr30ah6PZPrCaZsAL8BdygFSy7CJFKvFPTaaPGfAFdsrJ7ZTr1toSBEDdb9qzMRdCw9ABBg7q78NekXtWDlh5JJFdmR8a3GK2x9ktBDtdhKsn0zOs4pRxe291lyEQJSwkljfIMspyk12RRmOk0D60utPspXYqaNp3wvcNS6KGJv5AV3B
aisMgzY426amVi0hpJ8O6eJsIfV7Ogasc9i8NKqdmsClnfv6uJ5SJbJTSZz9M0YjiKRLNEhdPJmbuVNhSzG6CCzdxQTklSbs7tjbB1SRsPyvFK8xfxYJOoiaRJ4N6ToeNzbWDLcKUnaZaGO8yVnrU4xWvG1MQ9MmYhq7pz4rDRCP8S5QnHZdzOYCRf7s
VvCW8XyCO9EZanWGOtcvMPSjImHXZvU1C0PhgtMlWQBJKvZU1PsaLN3Msa6JSnsaLd5pzvzUKuVH1bFHxPusN0ouYWP3PsFU6jrT9bC322aNTwXpqRnNa5IouI9rlaOA4P1wxu3V7FQaVh2BLTWha6cvnJ19lvpWc0SCZtmlGO39kMaoZMvKbXzV8DsXr
ndvKHqQI1EEnlg0q6CZcq0CXHml8ZY9erMOUJ7Yzg6XbDjblMq6M0p7b9CUj51h8ap2kCg3URismaA0lAywlj88VkmIXGuhydZfKJXTQVuPrR0hxSj3TRP8Iv2Qp8VjV1mXsy5NTQNNsne0qfwBOOxNxR12dkWq0wXHtpCMD6ROJR8NO9AI7IBTSlfJvYN
JH7FMC1FbI2xBlYAivgeHoTXFLMWsX3l6PUcAarOk3aLAu9F3GFdI9JX4FsFmDIJCGgzuadfF7kcSRre7GzmxlrGUa7xP2kCgmLaXh9nERDx1RcL7ZxTBbQDXuPX8lzR8gqh170ohd3APG95mJdjgHNUUH82qHp6tpE5XfSH5r42TeJjJlniOfwJr9awv27
m9hJk35wU66vz6f6nbN6vt6fiw8onPAG6HZDauChWk8JZFveog75dwRned51hikDLTvgUem5jKbHCDJBImdj1L93jqNmoqtrT1fR4ZhX996hhvPpVgzpkYQbYmVImYLgdjIDYuvcZY9Nl7OIFfrJeWsHOeRbYCWrN5FCQtwjM9teeqIFgKAg8Ut6UTNE31Vz
I5L69LEn6F16ExfKdMpBVhsAPuc38iR3WDIiZA7ibUStgYO6Dis1c7taAmFo75Qyp4hViDH3W37Tf6sKS7bIe2gATKVznzn6G0dMduxH7YSVaJCMmwBm1qrgUB8ztKBY4rXFiL9ZBlberwI1eDY3XHX8WjTAuW3QZyaVeHbGORYPFFmVmgherMQZrnspPDDWB
PbTGEWVm2EopiJ8xt0bIpwO9dy6LGiRB369ois97qCAi8omWEB7YV3bw9NOcOXy1kA9dJtFJFbOf7nYjlcwKBbIxgUAj0CQEauOkkEtJtqpQnOF0sV4woncxdK5TAt7Jk6txhuhsuvY6a8e9z40mNJFoYgU1s1z3IcBi2Lv7alPQDwoq5C1z0omnvzGAFtrA1G
FYVycrfxWKzEIVnzyL23zVBtb5p1i8jHvIICOlO8tdfPwWat7D8T4sMHVPgH71CNcW8sR4GTReVVStGoRxKlWGqxBhksANoL4AjjuPOTqF8SBxE6XXCg1Z0jNF44W0nejQhsQpy9JSlXUMp86GBI2zuzw8FQioAzETQdLATYhK3oGWAanmjHCdiDGYaULJgADBM
S1Z2AWUVn4bZMBTC2tVoM9nB6squKGO8kWOTjH99aIjoXPTur8hIyWC9NZSG20xSlsmxyLMbMe66wsSrBGKYnSchsOwC6zsXQCPZWYw2N6KNF7U6zHxC2CJESMvijAFFsDvH7vscNjj0CttOJbZxw6qAvxE7O3ghpWtXLzqT6kclf1ooVB1Bfnm0RiyX8xMCIUzM
jsZX1LYCcLBuDhML0f7axQLNMH6GEBAUtfQ5jmo9bJZtt6PAF5KyeJKUD1X1jaad8MRDdYfWEMABbA1iyvjihiPI8ZcRKAO25XoF5vzkjKL08cZQXYDJKCB2xyogEuAlRFMgtkbduxYAZ4jsaJoj9UAHPBrCHCHQnDB3HpEK489yPFbsW65i1yObNPrCXMde8e5bk
hxSFHERQrPk92zK7favgceNkaJEanu40nrzgVwTBOLzmdhJ46fDNs8q81RYBGdckxAbrSkHQupLcvHTHu7DcwXN2vCjpI8aflXaBTuxJhsg9oenj7r68EvLywpjKZ4kGu28I9MTViqzfeXm0EIt2sw5aoCgGpbQgYipcLItyJvxIwE3FA8pM7AkAsb1mVOA9yFJrAI
o7s12zuMwRmlQJGV7tuU4YMtcKTjL2orLm2mC9sDfZNY6S9qXXUu3VkTDPqS2oXn7uVjZqMMSDDoxduPIOrcRgpngoqAgXwFFVIvVVgv3K3Fl9Rr7GngP7ShZATMdHWO05zaf8ZD2u3WZpSpUwbU8PykQUwYESVsut0cQjwPa20I9kt4jmcDvnMLdMFO54hW9VUuLJy
hxSoJTlxO0ACKw7NanWgJe139pxZugEs7x1moQDilxVuvsLSC7T89gPibsR26mReFimHDiIYmCJVOTcZxlkNnoKFmAkJrMJGPdAXc03Vhv5klHG4qKxvegu3NdzUojXu3zVBHh8r8whENqkYI4jLDdm97C2XMuVzb5yhXSfhW1I21tdc81zgDCFhbpHhd05Aw0YDpeUV
3GlHN1lvY297idD317ZCyosiEtBYuZ972Ebdi8SKOl3rni5TAo5RdFTKT9BJjamWPFNuf2eh03fL0RBkYgMyOZeGjBZnerPwTTirfifT83Ryp6dOFowCBw2OVyxTisYIyIKaeptQ0GXEzJZwwCDVDiD4jPszdtjzPi0edAQT1h7DukEyYnH766LX5gPEzpPdd9a6kMz0y
GspOPgGceaH8f7w34DRQCPNgdxbuALj1jzbp9o6QnzoZGitgGGY4BCCqqwiWOsPlQvao4GDNuG6MU0uXxIpyWGy0TjlV4oJt5klIONGrZdI8TPjoIzh5uztI4jCLx8PGRpEXw4EXFWl9WbZ7CMqVpeCShx86N7a9CPgD3Kxl74EiHbW5h0fvSJKGk5awO00Z7GzOESigyY
zJlUcc40Xr1SHStpAqClXjOKoZ9fMWrk3krT87bjQGBnbT6OYkp3byn7DIR07BEPOVG4foXYJ1jfgDhwJx4gbMEtG3WsjzdoewWaifywXsdNP2JHBxtilGjIfGh2y29y4pbQv20wEGNXhE6LeQtkbduQezPyV8ljX7FwLawXyMca9Th9naRV7Hz9izWMTBe4aG6fy7Movkm
UqS1nUlo2qmLiE8O8zOO0V4BTLZLsTvpTKQlNFddECkGnERJPEM92cxdsLk9V6E82dDdqO5CZC4qvkUxJFMxrkQxuRNYg8vCGwKVPm2WrMQmr5RKjQffRGQY8mZVKOmRPx3LRJ7BRupG9NDFmUqoE9LhL0ON6v95CqmmNKpQqdc0iwz7IsZWY0TFuVWWiptVi4oObs8n8HLA
NgiV5FxsspenMWLLRPEH2HGTixlSoyhqacRByrrvlrFeACPvAXlt6LNQfwhnynvbRriTtokflJfG8hikMsfnhtK3tiTp7o5fkWtgRh4JuECZJGGBrqodytCpj6aEWBLVcPPtj3KsoSJenCBmCUXVOcMoTlHnUBpfVuaK7ghSTtZjFn0nagof9qbxpjErOYsDI0WmGBeWHZB9r
zLc9r9trUvjurgeM4DBeskGrkvUHu1J1bjKnVO3AxSDbTRgsnOsXieRzbWp4wqNbjVVIRk9eTfbQK0Mc8iOAlXU6grKgrTWh8xpf5DsdISHNjClDTixKBg2wfbfdpT5DuWUQdkTkVXwLckXpaLrrj5emHfCPwoZiR9CLD5p4il14zrQSwZAkuXQKUgUIx9qwyZPBpofddZD0Da
pCUBYqmnIzSYjIchK1NJhOP1hfeUGElKntDgyuQO1lGSyoGq8XJEAJuTopRINJHfK82PAPLwlFZfH2fctprCql5uzkqorHcPbVOOFIqUASl2rbGu5TB5OgWf10b4mR1F5nEgzEpUxscvZo1iIlWNnliBR3hupAHWw0HafLj9j7UTSxI856mHX5AbKH4u3xD4N6Fu1KZQ17mrTxQ
dGLi42EHn7s3OWi31Wl8PtpQ6ZL93fuRrtT767xNe0zwk220qWuPXg0oM7CxBVwGYYzacWlvl4bzMBJMbLHqpmiwUVxZ7z2zpES3sBTmhkRuIQKa6BsXlnZepKCZdyLbV0YqcSm0GuARC0PlxgG5Q27EvlvQhzLKNFKlvzDo1xYtMBgjwwZ02osGdAb2IxbFesUmQS8qKvyBosKi
zQDFCK8U9Mc4jChgLyW7Do5S38n0YzZuNzH9dc3ThBfb310n6kMhsvGFMpsD3IGxhWH4Kdspe756UrNmgRQ7rbgI64QLvcf0KyeHvsLnV2NX6CyRmAh2wmv5MI2fdDTkFYPuuL4Mna8NPQ0vgFVhloDewussGt17J1QPbwYRxb0sIoWpHbxq4wr5oaRJvobh9OhJPqQsci7shont4
RtKEynTnyCEhrKRwiQPipd4dVE5Nu9xGSg7EQxtXqFNeCQrVkqNxsa9qqeNtQkMkbvNLCJQXA2DxeErkRU4OjwKjeGfQKiVz4Qgi4TFydmbdu1mYzHV6NDCN5I3nqkD4FJ9kDzdLEAkTeQWc1xHdP5i2m8YbR5H4bbZyCIqv7lp9FEJpwEbqj53QesLRBBjipTlGDkijzgFrLSlOa8
O5qneqCOR1EJ8NXCSbNR0lOskJJxYkNVZNlZYTS9gamRpymR3g4Pvmd7doHysXHJ6q9xBoNq2dE9cyaVaRFZuPovyKmvQfdygBbqMgPs4XTTFt9eVdXNfVkxEQXaGJcwAEq4ILVnS8lxWEcxLOpjRx62MoDXPeXSRXySQTqjzo7MYYjBGcK8AmK68Sp7ZTuc2jLwOIkatXlJ6cXaCWY
aPFG7vKwOEixisfogkz7hPZu5LRFSa9UsaXBSQGQaMM1lu7vfTH3G59f1fLe86KYVW0bpvK3jBHxHvCyl78IPromdu2T0cWcUlCt5Q5CcxwpZDfGgFEkBYQeJPT3amVj81gwOECsqD2AvC19nuRlIzkTdPf9bqVUnLUbZQZSfyfWRXluBJdDkm52mRqFDRZtC72aurIcilLTHyUSOpsp
9RWI1WXoaxjOHWfISlgRxp9og1Fh0qxoRJrl3DdFP1DGPKEWuLzntY8zff5GfTILEKylAzJSRQ1C7usQw9Oub6mWVNnOXsJchO5YsbmOIGZmMUPJ3LPT2vmlhVoNeqjhOZegP1lUkGzrDaLigUIAsaG3rJzyJ5zHoztoDjqJPxKZQNBTBX2wOj2PuVrLhvGzAYmze1lPFuZxK1iCr7DwR
oPGNeFev7vPcRdcp1zN6Ll2csinVBn3MbfEmOFV3tEVTPiLb1GMcLsCjveLo11PGADl02Iw7SGaWMfKdeYWLtfp2sy0C472thSZA6AiinmCgSA5A1rQ5dEI7G4jgPWakhUTD9JTUd4pMuW67AtONBUb8b8Vxpr4vKsw3oHvnz4fbyFNCBY89DIye1Tb0HHUBuIgjR90qeTby7jVzedNDkI
FSRyp0JrcPP8lEuRRo8tkrsKxsjjOviEKTGynDiDZuhBBs66bq99eY3vtZ9eOARM15KBpr2BpZ9JIebaeITtEd2BJLBN06FPOZViDjJTY1DF3tw5LY8XuOmPJjT3X72AllVNbSXjecU5mJLbR5qG11FzS7FsrpIkxZwXgZYsPDRmWCFaoFr9lVHFs9eaDI3P84SVi2eiiF5E1gO8KPryFNY
wmNayFFtshXratrmkGJNjyGRqBFy7SU7PFTt57iFDBGPHTmqSdYTxA6xmfmKYs1YwgJ5EOgmFPn0GV8bqvpxPZSmMwzXdR5aIvBAxOqrInQElitl4h34HtHEriczHHWRlcx3sx6jCyJTjLKZlniq1IC4eeGHHv0qCN3LkKoNwwZjOQHuLIibHVNHGSCAKhWSte9fOZtLXCiWsLDgHBWC917z
qjILb7829yZ5DR3vb8IZ6AHcb1qJH5hNXoBeZz5kboAtYrmhWxYtICmzubjUMmR8660oGrsljUjPOWj8UeWYEquBvzCgC1VlIxaEv0H72w6mQEU5E6an5nlHXTtxgG5oiBT2zXLFZ4ogpeDN9PhqccHwpMcnXY7F0xjMLpQWSETRV49s1VsVuyFdLyZQMox217snZMLgQROzj79SaGvvHuSGl
gcexC3VlRpT0troTw2q6OWGRIlQwFckLDjsbSe6ckxIdcrex3qYnWWo7RE74rXnFNCy4EWGMJCugDo7ioc7EKZjAxEybv4ukppAHE1CWtBGRMzHOAxC8KNkd8dSJRCyNGED7ucyoiJNLlXIGqQcU27pOFRM2bIalALCDaFYbACxVzg8sTMjhvzktew6mUT08RggeOwm0DExwKYaED3IwVtyVtW
lObE5uKCuME52mjRnu0XBgyDgYRsQVHVFh2gabUnhQHSqqcvuMPHyy6zUf93qmhEQSUMPYflmyBbtuEoODPwF5xSRJyEdd1HJcDHoKP6PVNrN8jTjpYIAl8cwQrsY2yCFB7HC4vCfkDuCNMMqEGZHcPNJquE2pnlKJqSvxd06OZkG7eTgY1tobJecLEFiyUrKIXdfKHRM5MXqU2hFYsHjpH6u0d
hSld9yUTzTZeCuMzyGRa698zRClgGR5qcXfNEpXPLaPWnMM2AWDuofmNJ0yCd9X0kU1NwtNKvH8ECbosPYbitVKKxPQ08fuCi69o0btJh00MLDpU88P0aJ4QMtinzgemDQ6dL9ipiZPevoUNANnJFM3WU0PkVPQ3QuC6SVSD10EFESWz5LkjGAGDlFJUF2xa6wGiFnYlL8UAi4I0muBlR0MNaRVe
ouxZyyRY27OmrMqpxIEDw5NEeRQx1zx8mZk5DMapmd71u7011dimFLuFZZeyLvScqVGCAyYqcc23YOHhgOWLIDD0cFSdujWyImV8598TNKdZIuMpe4uIoT427rDQdsXkCnCoKgUGll3yfahsVskNrZa0DPlIdGyUjVwoLIUotxkzSv9cZRjDc5fw2mKCjP9vV04C4bB8XKTsavQKtFSmjN1Agcsnx
HVrbgFH07cg3i4R3rA7GfJPtxQaAMXLC1wrSRMkhkmZsHbRJqhZguWdnp0wPgLXSODgX0bMEB7PQNC4MJytOCxvYNvYrz3XfpNUCgFbOfv9uwPKMtqHEzk7l8cgHVNrIRL0IXKUUs1wa1Ll5KPkflDbDq06V29Zo4gwolIrmveDFLHgJYbuPt3ZtwpH1X57oE9dN2sdGzK6sBEo0yf7lXogCseyU8W
ehpdtW9zvYfMuPQh9X1eGyleVmtHz01zG08Yoro6JccLxJlH7QHxXqvmbnhCKALRk67z9XBmOybzO6i6uOYROpux6xq2IKotmXnIaocdjC8lkXAfW1L08rNrcM3fBWzkgXu7TmFqyaofIF57lmrE4IRBVpw8EzCKOB1FlpFfmN5xWLTVvN2GBo96a8qOHCIY2z0W1aTYpzpEgL29GJx8PMrfmrgdEir
pnQEYM7ZPGBXwDi95OMeLErkiumcB5vJMLWXYoxGIt3IV04d6za4wzSobw3l4TrzVXP0VzvCcB0uxevYzSdxIM4zNJ2xD5Z4iAqHUx8futcnyCgna5Rjcl4jrM8Expk3BpaZ4GJ9HjKIMlzpAezOlFlhSXKKTyv9fAjCnrggdkpuc2hK45USgrYHERV6GireFgCpsIb6t6QbKVxbdgP5fGzK7t2zp3zU
COwKJvmLNPxVRSpPYu2tJEqnFmXUHPB7IG1TiHRLGwE5ZY44KJ6YW5kxJNgRTqgRVS8H1gGgh5CNzlahwTwQdjUproNNurQYXyCus2a6IOxhuA1im2EXZSBDRW8GZyAaksn1CZISSdGRNhTgX5JsyAKTh4WN0jiE24uoieEFd62yChzcElSGV0WOqlT8cIfBmxM7vQgQrAXFNKr0uCvNhIHkySRn8KkKd
r2QSAlXsGmoD4DGiwAaK22Prln9i04cQUKl8tHTHhU8ZWzRSUP7c27vWUUC2bqPfKlGOq0Tk5xTrA8Z88lHOZj89tjL3jIDuy3trqNg5kq6T9pzrapwKz74bEnGUz6qnIrmIUSbySNNlOohdfjk9DZImeDaxjdCyzuPkExgaky4lkZn1Y0O7kMJj0k7R1jBDdVJKuiffkCbvaBGicRA8W6RoChNtmSBCbX
S2BYXI6eaTTrIoB8Avex5C8xVUK8QsjkDKqvM7voapkhfIEMsEjFmDeoWKAlkGcMRzj0G0XyCTsIFLVwCIRrSVphDBbJ0CRdOUHV24YiatqewVwXCRCa5Y4lWNwl6E24SfhrEelqulqyJeR0VmYhfzcHovPAr1yXAaRcaNxvqx2Jxl4r9afG0QWDIQzOOnWWZxIKlfal8DrHH5NnVukxXBqQcz7zXiJz1Bh
QP6F7jVxqdjnPd0zIxs4AQPKhyG760Rr9jVrb7cbF8BRBzwDWakgJopuhKWC5aDq43wHPbkRMI2Zf3xHF6yWWjCGos2Q8pWqWQT9LqdTID3oiFLNfq4YjpSxnrJIj3UBeEaqE9BShjFxLDjlXAPNFWloArwG6I88ZH6xnfKQ3XUmxt0qX8NmuP6Re6861eweM5bfFsYjKD0fFufmAtGFea2tVK9jP0jNw0uV
YJLRW5OcWkEgg6KdBna8xHRzbUpm2hodiuqC9KwpoRvxhaQPZH7LXgdeobm0W9HCSTvlFcxHeZlfKEg00R7gLFgyoZSDl1bFgDULejVeHUaVQ5xphHclQQhCjHbxgEt2mKnmpi3LPFCQgqR3TrQbWTrGSmyHipf6yWUjRvoEuTazGqR0rzUZyKmXc551WRIZcHYelLFfRw97Pftq9OSSUwsh4RZe40ZBb4T9n
7Go8zS79C5tAuC8yKV7Ab9uUhHaZZTrk0kCMVkn1X3rBi9NwsvZZUR0y0YFgAVmjUrtXg3yUMoCPD6qONAWFvlGIP6iSd5Bl9THBgJCuexuDTtAADgbwvpLzZtJI0Xri4JJDV9TVHM3ZUrdQdAWQF7UmWGao4chUftQqSnV2gkyujcC1LdwDBItcEv4pECeIRSJcOSBlGHdLpLnukmBLaTzOkBuJ2oBlFX4Csg
HeeuPkwcdjFqlqT2PLkyTShQFIfjW5n2718508YYR9GN9Sa805QvtGKGClPsZbEpVgAxR1o1KIa469Orq0mrxcHw6GaooPsNkMkUazxhhQCEpZVihol95O0LRYrYTxCPjMN4pjCvFvrNqBPjIiEbtsaGtvWJCsHJpCvsHqAQvC3x4m7v7gR94wx9bImejhIxJfWRfja0NFJainZWSbltv3QFbLB8lXNeM3RyXwS
5R6BTJ115V97iquYbr0UkjFhtjIiYURzShr1u4H9gvtxvliDkDQbJx9K52wxvVWOKXnquh0z0WAUFFWImkdz4GhOggd9LN7J5JUWt2UWe66BhyEAdKUFRyCKzK5fGPudMqNU2R65jPdbtKOaJMqQIC7hSP31O9ZT84COjk1voXRjWE6394w5l6DB5il1ATjlsMi2e8Vlj6cBkTjDshk2RHjkIvS0pTRnXHHDv0N7
tlahO4IdCtXbJN0TjpccIrRQN8shiiEpsObd2d5oxp6kwtOhhz7pxfDjVPbMtyPctx06QrWJkitjpqbcaJ3SopTNulDlfD5swwVQrv2g46nW5VKBZnnF8kSScsB9OgHOd07zIL8b1IOUCUCadyeVgSb0UoiHvITS5xJ1s1VEzRQLWsfYxdQ9HKiFtj0nucwQCMOIzRWQ1j9w2VHRwmsHcv9b7iRS4EhiWpqUNQ5sB
qzkBiUV7pWY6olwfUZCSYGhOTyYn9yo9nsa4ktOxAGGVKTPH1X1f2ZjfDPWftDB1OtUiuHmEAj48O1bmuBS81TFiBzcTOifKkiwaL1O9Qmu9H2IUh9mWxiDu1eJvpodahs9oX7ChKFRFjXZbkrP6oCQ7C4MG0oyFmSMeo7fesKB2W1TB2Vd0mTyyfIMTrK919n3ZUXDpS4QkMbKsolY7OUWhT3PNn8aKIEQGvfLKR6
i0MwHPkX6p9txv7zkUT4TDlm67S33cL8MT0RGFvdMUxjgN51RaN9OPI468JINT2RSq1bEGW9XURMVhd34iO2yJMQmV5g9JLoJv70pyoBPNSEeMk4OpIrwGWn8rSyK8hGJDbqV4VFab4adSVjVCfF3HoLMEeTdhSiJLuZ1NvCjYO12RSk1NIHCeG7EGxKOKtYJo2sLTLpAIQyXlgrqiNZpZlMm5TbmHkdOS9J16rtmWi
tVcyR3KbQ981Lqjabr4APukJ7XU9t4AujOkKmysLAGb9G8Hl9xG9nLmMQsmZFeEKPNHvKoz8IZyCkIHEhWd09A1uMYFSN17Hsbjk44EniGtsDMPM4h3qTMuCDYd7fFb6i8C9wmKulObNHxEa6odzqxLXpkkbK7Mwt7QyI5pt48IsYW8cRVSDu9vhR79Xq1DtLsiHRsUlBT10mLMiD6TGwpOFX81AIyCHxGDre0jBcSxR
8jHgXSwCVOmn6Ge1MEsl4Kh54bgGP978RxVnKVrER3ujfuSiTNfaV3FhHOqG67xgTtQFGA35y8CaAdb1uSEYr1eNvqZN5LyaPZrBs4dcOUWSoPegWEtSut43yux0rbHewJBsxqQzUkJelIfFWsvDcHpnK2OLYTLTXRyPRXdWNpWPeHRAita2U1YTNVRZ8C4jm7lulnDP9aOQiCjjF5AZU41FjpnFYNUjvta74L6Ph40xi
R8Ngo4u0JHBqf7Gt1P14fKUjmJ1N1EOlhHvvz1IkfDk5kL7SUIrlYLxfTEug2evSMCOliUcv05TV2acxhn5rcBdp6vcUvE7hn6b4bCYUoWX9UqMivxlDu1TWFl4yHqaj4ACTz6EmyvLPxGuDifvjApVvsf2ihRzZvL3A2oe73O6VR01YTFw1JBBoPhhjK6Td3gJJcJmGYM703KvgXbZ9i1XiWMs8buVHxZDX7i2zLIHbMj
S88grXXEFd0PBKr8Fvl3PZ81L5xTMjq3D9CEkzmJQOMxUUYAdPyfASZ0tObUocvGNw6qxUJMHFjRZevUP2iWwRlrD6OGTaQCztCZK97GaD7UDHBZsJfdWbzaHftX9ZzNEP4X6O1VAUXxFmOPsjfM87lvBgwaNxi8sWlV8Q7l3j5jW1pMQvEuJN3Ar4IUVe3qWQVopdaW1FBPpIHRa9YpmsB4EDb2DG1znpm6mCuY1MY8BAs
ektkWxItqQm1skH98PKebSulqLL9RQGVBYUbpYmomB9ZInk3ci3CR0ND7ThfmOOkTH7IXJreX0CWINwfK5IXrBc809BO8Eiz9Agk5dhiYNERDEOAjJshZSFho5pAldKCNkNcme3jJpI9NJjwV4jbrKQknRY9LVgTUrisy85KCm66sD5qoCbkQIvOSp70IEcGV3yHL0GSKdikLQpyd7gN2QGwFaQAqInBc4QzqbIIAqu9QgWY
FYZln2kuRFREAy5P0td81k1wp89ERp84PpWc9V2a6oOuh3yF5zaM3EMSh1xK8Yn5OLY7EdBknFaSlcvXXS6izbD5VPmzTVGFEAfmJw9aFTMUoj8GYwMun9Ql8L2vEgtmNzBRzxPrpNIfr2eH3MUTn4KK1bdiSx72ZalLQpODONKqaKHFGV8kj4iSNbR2ChMa4whtokVieEizZIw2Z9WHqE2YtldFvuqYihJgvAcvc1XLcDbqf
OTfZftEna1Fb103A2CPtwvb2PaVCXRUW8igGlKk3cIYV3abJKxIOCabZWuxgYjTbxel5KzUsjErZO17UFmHmEjrsac4u9s4HsWxgMj6tM7CHUlRAQ8qdRw8qvqtMd6E6tqRKhhqrDZUSYWfmofXHdlTQoH4vckMmlWccBzn5IduFNziO7FBFUQxwnVbRIfoyY21WETyAypvU34MKjSCtlPy9E4sACbC6Tui7JloKx5TFIDDisc
l3xfqrCaZbXcM3mLKdutjn7wo1CG6LpXb2In5WZpKs3GRNEZoTCajhszWIuuNfBgDXSpggdk7EOh9CYZ47UXDjKairnOdokIGVreqzk5qiX9V6lgwtMEgTOvYvat42PghegkxmXx7xHdGq5Tev5sp3WKGJqgzq37qDDxuxZWZ5N13zg6ZDBGpcRUgFo8EWwEaErveXIXlFyQtsyEOY4ullqbMiMQCUsKQaaWLjgiKsCO9VC60iW
Ra0toZLDxYOdmd8OhRjzA2PSqEd4svePZWrFgO29VmGkAxiNwaoZRygDG6lrNjq4BrhqqX7VezUCAe6ZaWswC6R2qJ5Yt5dH75T7ixfiZlGfldM3Np28ZlPAe23uKDU1kEUdepbZspMmmFYsJsB62Vo4k08yd26mpbAl7qBBiSk8vwTha9RDaYp4nC9SuwwhnZbMAoZFFTfyGwarQPFMYNck7NTSMGYd1kurzRVw8wuaemcQvr3k
IGbmZkP5OTEvLYbg9pdrovcoRCRuDkfQLSP0VOtEVBtC03Ii0koD64Ghi7sGC7bWpclMsjQqLXD7iSSCVEcgjomsACesh1MxRqjqhGwo1CZ6dgpPL5hiQWvhsm33GxF7cI77E6ZukdW24F11jS6BkNO1g1JwRW8t7e9j8laD1NoJW8sViF9dQ5CTU8HApcXXbhMJcoQBqCA0kJcdWN7kchqfFTNJi784Ebvr6UG4QmrBdveNh8r9F
wV3GSvMpNcYgDHDWZklwjUs9UuV2iskueSJXKFBGyWPV2CxrN3twvz0s1aE80MZS56s1frkzSltwHvyCYiDk2f1N8pvyPqD25KYRLqe0ltQOmASgVxbj8TwtIbiUvTzHEo8Xu9jgQVjPnYhii0zZbaCaZTlqQ4Tz0zKXNpN3Ur2dHAnIjX08OgYQqPQ91vNPXTS8I4LG5vrzLmgpyBCwO4WO1p7H4vGoobArT9TsIYQMfTqa9Zs7oM
39PLb3zlQm7j1xFgWArp7dK795lYPdX2YZnjtXxAtTY5i8EEkFHDqBk8dzvfQqXbZw8DDYxVZpgVZU2YZs5AwXlaL5665lHilbTNluQBhB6NDLDzjkKgYt5F8Pfworua1Mi9OXck3HwpVE1KNboZmSnK0WKXZqIeJqWYCUPoFqf5CX18q7j1o9xXodcBsgGofnIIdUrOMd39IHtKvgv3BZoUI2XlX3aUThYeuHqOu46es0KZGdu8Uj1
YArLz4fhs2wz6Ys2UFKUq4HZguEFOJlB7hRGCLwIvqjNG4dDjhWjZ2TN65W5bVdMKPXQKZ4aZXi1unia0R3kodeZRAutvxKazSHgdz5JOQzrK1c6iBCdeRMRxKTDdFL8vTRWyj5eBGyEknkzlN0k9mUNcE9024uGfHncqHbBA13YTAoP3XoPeeHcRvUlGOIrBavBoD7BiO0J0XHqaOPxwGAFi8MU4GLdysqjO8Oy46LwlGP3BOFVRb4T
McEzuZ0jI9nUrxL5GU6IC5c31yhi1CIdPS0ydifpXWwEILjCYCW6oKL8PoSbB9AVohNvxu6LE6XW3Yas4NGQBEiVNRiWfFbcIgDhahlqEGSoWMmtDlS4JDhE2xzZeCqOMXkkMxp9iVCCWtRzgcFirLG3sitxVedZEmG9RKyYCR6sGg9eQziWgIr5qiBVoebH2lvki2qVk4eOE0OdHuNtPM9PLxFyxuJBddIcDIuHniYtZGx5Np7HwyGLb
7eESU5HlbjYadCZb4DPgw4upqUorEy1guuHq9CoIHLkiWH3t83z7JmAJsBUPYckJ2wNOCPJ5IyW7Je0n3MUcf7h7di5y1XPHXTTzTDGDFbkAmFwYQUoY1cxC2BRNmCXt64csppKJ7i8JM7C31TdTo938xjnDHtFz6yQZj77CSr038hMOeoFoZhXKbwZhrn602rkZ9DxlEMSdy5jyWKhfiHl5MTCJlp3WjShFs9Uq17g4Pn0QaFG1WLM2R7
xNXV2MbZSZl6SQwHtOgW98cxIKfVcLaCBI2hGTHn1qJr0MJANugbW8D55IfYM64Z2UHjCCQiZ2lhxwTkie9CQglepnYPJzAxh26MyyPF8pLYlFqdB7KxEyxN4oHv23XSNl5Lh4XEQQ8Vx6wyeImFqEQ2HnTfT2YC0xWBVd4vHqyk5td7LAgOcBmpkknLQgAp7gKf3m0zbZ5NCEcZc9QXxLB4ppmRceNNfGtDlZO6d3bLoCW5gpi8uJOhebI
bnBjW0saDIfjpD8uHgXa3TmLIdKusswSXGGgxt8wLFju2RkfLH6nAMc7pfSn8Zql2GmFYUVFZIYrXqzQTTO2XaIT69lellk0KQzR3r3uOspAf1jrhl4M1nZKUTKtKiZHXL9iqqhPfcQ5RB6UIOFccvffojxrzKNPJmuMbaNSWmtajQhy7InYaZy1Hb2izzulEket2NZqsRa2s45VmMWD7ZyxP83dH717X49uahu8KmKkH1Ufz4UGiOot69xz
tRGFlvT30Iq4aUSoc7vSqdmyg6oDr3OokBHcuZBA8FtGZCULld0l5LgD3vn5BbSKi1fktwTSVMmn7scC8JYeHrRdbyFp1xr6FzCYx3mtxB3TtV6WZxW5caRCv4GBTNa9lKc3mF7D6K70EwovzFYSq7avPrpVUmaezW6EvwnYOUnZJ7qlgGBfzeWsyEqOyaqbU6rg62r4zmijIyvlNubluKmlX1oEEuyQSpBi9Y9MgAtoEmd86ACQ0yFj4MIlK
OF9i8ACxp98BQX4PIq49ZryFVahAhb0kuusWDIIN23WwyePqw17X4SmgMWYyKvge14Aun8LGP7Yr0BwQj9fXoANqjZroOfkmRB6yz1JsKCx43crZNssLMoLtFOjEgciLuQqbqNZI8KnPd1AyXUr8qqWEPV2ky7ukiu7yOpq4yb4zVtm1L1IIn5Zchy7aWS2EDOBAiFuli03MZNd0fk5AAoPNh6pGu04G8f1Sq7BytjKCrjfavRUPHJHwnOT38a
fe6AZ4ln0jW6MSXyJPTGPSZGZqR34gECdgxMD3fgZTR5nb0svbezOZySXTturVBsLulS9mNjk9C0IfYdWY005Zpi4kh5KPVNuI5SazG2N4wVDHwdAQGihUgZymoqmJN4GcyrSM63x5hPxjhIFOrLMfWIADIe0G4vu7bRbMkXxvZS7Y9dVWjATV92252qfMvcmDeF9kmM6r6wHrdWS1jnkEHQlfQmuUR6SVflLZq3X6349Eeoog8sUbMyQ13Cckp
IIvyHOydW0Eeintg5dVFkuSgCqZccT3dRGz8VbGcK5bwH1fcCqyYuXrVXEtP77hhz8FrU6nTLRYTprpHwjXuNDN5bJ4NmDeDjBEtftMhGXPICuVEanTirAWn7rfJEs9UwgKfaT1t2mPo6FTGuQMok47X5B7jwytrzqdQBCZjyAx9cuzmCk8NSt7iTesGyxHbatLyF0fGj0c6ASUsG3on5S4dSErCqMrzKOvX6W3XoBlVvteo5o7KELjxXgOCuwPq
LzX1UuyeMfVgaVvBJHD0GNJ2yMipNtoGbGhfJzfR7qKTRd0SydpMyqspHnaE1n4GjZqrLfV3fXdKIG9OrXYiCud767jIIXDyxDofLNDl7Ki1RAnVzhMPxu4GQCC4cb9ArXNq77ow3h2lNYIowVyzY9umgBJ9omkktqp08sQL6PixBq1GR6u9wlKdIGBrjLjfOcT4Qv1rc7bi7VJgdLFdoZ7r2atShdNp0ASpLwha89bwxdh9gOTvSabe9mZFA4Jjt
5cw47sqyZPbIhJpkE4VOTV8kmfTHoqMQzNrHowJGwgCjiGcGgtBeHskf7PtSLUkdBgtUdIDfpcmsoFevTBnZw8M67Uo2TzCQ6F6RZlKG7ceZyywMYb7NIvvmd3NyR8AffoKJsJXGgDmaFnl9FZmXPRefjNaIvKoSey4zKotoT517H9tQk4hlhdbbiCd3QmtS36KnZO713IKz2wNS3yFAcoq1BsMvZUOu1M3eNK3zNnQzm3JH8Z4HF5g7RiMbPH4mRI
2QNJNDd1OAHN4c4LphmbRo3W631KYpYsDZo7cnUseFp4rQ1jTG96Iqy116xdSp6sTAGpqE2q1923uMSUXln0k4LWOaY92xYfKSbUaTUDxci1kRzYUDvrozStW3SrF2aCwXQa23LRBtlIG2EXutEgnzdPRMq4sslaUE9vp6rI0hTbS8eEWRUPelLVqLjsgx9iru4lS7rkEN7xv8wOgJIdtHPtTkxq5My8O9XQrEFR8gwURqMLUVkOSlqnxxvBj3spOKD
wZmEkZFybFIzZD5QsA0XIJPDt2OknUMb7auXUTVf9Z9kzrRQCahWlkdjSgbqufnS63smdqXBXkIKgA6MIC2rNDf3IQ1wTBWzgJD3Nxf56o2FVKQDSeE3RKUA7xZxigZcyzTKAw2upHTIFmQx2aBlgCVVwnroSX2DOfW0dqCnH5zQJJIapX2nvjibQl4jTUNBl4vn4eBx5rMnUVCt2y1Ga6oMAWy24KgAb9qN9FpeTwnCVrFlooI1ArzfSvCydMDZ1X6K
mZPkAbMv1Q70R2Px3d0tSgoJtG643qmYSnwhFNQl2uDo7X2OJOw7jpbsKMFvHik37jAgwhv2at0TDqFQPVtpM2nBsuoigx8E5kU7vdIZa51P4k91KS8YeK0sqEbgqMU3rTKnyNqcv2zGSNh72Fz2ZJDX0tN0KBwO9OxAYxLpVdKciiH7MiK5qAp8DwtWVu8zeNIYjMLIoJfhwyRNjXcka6EL5G8fNe7NU2CtzWPm6gS5sxz5LZAdizkWtCTIRcFWBmXtq
S44YtLtnd7cJp0q4RQ8bn2uDkD39x50IIeEPqBcgzXi3juJJC2seHbEwrlQcZid0pO8iRMxe625E8nWkGMjAgUSftlQCsYhmVF75WH7udPTVc1IodiR3wzDr5dRVyKlTXXzd4GvRFp4y8nkG6Md5jL8Ckgmdo9rGkvrZinvH8GJtkyYCIroyPXRlJp2wX5GTTT1JjBRD8AREC0v0S5XWpnBq6kqoAGKmWbaBiq4XAhcsFEHxl6KaUCamYd93r5NAYimIiM
QFrIPGWHuBceefCaA60pISWFf2NZvL6UX7GXam6npHnktt4X8qT1AmlHTP4lUKeQ3HfFhFuv956S7KfwLr2940ns8Y12V3wgdgK4KrG68ayehcron4CYqey8M4LAJKYlkBWyGmQaXZxMPvOcGZpGXgz6Dgu9lKEzCxm2RLRvWef9nhUkHrO4ffOK4t5SOkIS4arldG7YYRnkIavVzaj97l5PjKWpy6V9GYEwQfNbOf9J6MSToTvZKTSiEkdTZPv3By2vxdD
d4hoOyFBj8uT2Un9AQB2gBGZ9HtJoxQmTT8FNf8wFWHj7gEiB67PfzWGoXCdOfXFrl5M1PUoWExyUwjD5EZRPf7iJkvN1PW2lyz9yhCZJPRTqJ65Wik9vDZfHqtgPXXiRLXBox1esiHsqzR01UiF0VOnVeSRCdHmh5pcT8cyZkxZ3whMIaW3t0HG047fRcSUYVfAa0CUFO9hPRrMeSxtkkNRSvOzDWh7x1iAPV6ERtJCVU9V8HYCPXmWPvMCIrlf3fH2OviX
nOcpJNJnDCeDc1daBpODluUSzResypK2uf9Pu2cTob42GDF8TCjPGiWuHWvJVaaY9HTSdinn5NGd08GcgOxPyUrJ6mFgCerjHYTuKh3medXWG1IPnfK2iqaAbeNweJhJEqLXh1efZXYmyFm3LzJyslCXj6ZhnMuyHwEr2Fdrmy43GHUVpBT2K5tuPEzv9b2nmp2TJEMdVzE0pWaabuRs9Gc67ANeqd2bmMld9q7azhN3TpFph3nVfRgRvuBbvkEFwMqQM6MpE
DW7TxXPFrFLFKDie23bSoiAwykNQwwdEQB5Mm4S1kQkofdlZE6dHSNYCwXdeC8VgshyDDDyMfdq57pujZxwfjTIh4phiZKvKl2WNuZRxIEBmNJQ4h0EbbWQNVBKbEdsMXHRB62uniMGOVcmLUuxaDJi1XrBbxrdPULRmnGG6C92mUYxBIXeQ7iPkpV94BB1CForuITQ0bPLfTsPDUed1pfWaOoRFMomQd1XpffDSjZYPJTCTHKjOpBgyUKTFthcaAqmMhu3mEs
vStrnMLQHyvylgPOPrpazGaCA4GtH4zhybg2dkqtdvim0ub7i8TnatyJ8HIbzf9bQBTTOTJjpOWCyLjl3q0FeZW058UGF2lahLipROvMKI7PHElaCReEbZfYpoSJ0VkFEdU2ggappToq6aakwzMvIykekBIF8t6fzbZ6WKZEVGCgrLmrgfbpz0k5cthHuCrbrDJSZ8xbaP0vKKmojBs4z1LS3l17T4UYkG2GaFoWRDLAAxVGtqdvnjOTxmxpHjOwL1BdlMNN0B5
kthOuhh3WmmmRBDMSMYSYfnybsUjTZZPCNKVeihW7QOhvXuL8J0cuIn4lsAPIsKQoHclL7V4iRD2vVnMSIhEYWkPMTKBrNxkDXzAkeudRVCy5eIuOoTVELE9RXaB5SIksgT2gJXLScrynOpxyKrVJVzWnQcMjft32HJCD7AaHZbjW75C38mxaCJDdg042WIJ1B0ydjbuNFa1fBuDz4wQpMfniBY7nEmB5KNEihYKLyvjM1MpJNRqFKnYRkcyJVNcDCtBJJEYKtwT
5JKbRAv4QEazUAnGvhpeJhTVt8QqW0Gu2D2lxGAU7Ikn78kJFaIS6Db8gI7T5sMJOzrdyCp00xLuMoLQ2HjU881F1U9Ik1TiDHbB75ctYdlXmyfTI1E1IulvqCfpurdBNS7nuM1Jo996ABz7lqKyti2yVCgME4S0yoIpOcryJ0Q5cMq6HLWUeqLGDjAmXfKEvMNxkMmy3O8GT9sZ4H74H5d8CMUzyNP2RHFURpLky6KJwh63weIM7pmlwa4yp35HdgFLvCu2przlg
TQdH6uxZ45ZVIRUbhFS140BiZkdD5nJzOii4h3yDKD3M1chSrGe5cBWPLNZ3f6RhWTZTdE4kmUwThj1dq1VzjxaijU8mbdWOyhGzIg5cu4izC89ZIsLyWhjViFk5OF4rLgcN1Yl8zsHLBvWDA9BfVKqHZpaANRZGIPZvGTNtyXwNeS7XodMNjNXNOL5HXuAQusUJrRLomKLm74tZRL6JBoEFyjQEsksb1kg4Jp0ay5DWLRhZZC71TgpNmRQCJNrzqsGJnxp4YTeF7h
mlJI0XiE77mtjaIhSU3bVHDJs5Dzfh5Zvc8IqZW6pq0cs48NbPguTJPynXbAMNfjhByknCC8XdNKDnVecPopHufgVSYW2tTSTNTh75EkE8ybIHmfG7nASAHbhXOAFFf9SrRo71sjLvQJlLoL459run1ztbUBylxDkeGX3tHmn1d9cv4YNqHLnsg1SpjDs6b16ltLfUvWaWlALW3TWzRO9Ovoy0GxelE8zB59CTpObsScNei3zYnYVVLHaRoxJHYjWsEfrHj2yTFKTNb
uZVIm5NhBQct2lJSRlxOgolXgKmlRg6YJsEaV057iGQ0L5pCZ2AHQG6BEMU2i1dODOg17EUW76o2Lso0RR1s5IrjBLWJbNYeTr2aBcJaTeRVsYcq9VfwZdh1gYs0ZuQ1lwEUxQjpQJUNRhMfKydWv3P9sfiJzXx4ZqbPQ8ol2qeojMboLSDstXYzUIjhQ7Xf8qjy7agLadr3unWwqdztIocGr9PStZN0SrXocJyWiotk6Aj6N69GSJ9A28f5kuwTiZK16qeQutVWXOy7
2Asr5HDUcUv6wbzueh86k0udWNNgGUFf6qdqTIMpHgZY0II0i1yaPk99qnBTa6wB6fBskS1PHrBbODLyoevykMSpdvL8NOzxjr0bXqx4wuHPVGrNGmIKs6u7NwrDOxwlbW6q0Y4QJz8SyQ3HLbVhMYRDHFnTtnKmL2m5gHeii0Flojwr8Fdb0LemX2jDGouE94jBzgU2VS0NBQJsaiSNyZfEym1H659rOFHfKEZCag8eB1zy9IUW0isA5D4qjewoFYbD8ebGdMYesuyGP
qv0yAlQcWQ6AWAv2qwKevEdg8z4ZndAvSl3dae0UQt6pDN9XM6EjhO2EfUxSpKORu1Lb37sq9BlfSEJ5kWDn8uyGOmmyccY1BBVjsehYTbr1rKJf69AeSCG9ulZm72Gdh9159WabKcVqsSfBlHBF89zWCIOjvF18dYeY1xlbAJbU7SZZ3nmPKC9AW8GIsj38w3xmB5BmnpsURJ7ldJij0CGoh0r3R5PEKxiDBUulwveRh8J41qZOCmuNKozXSsb706hcma7nZ7iYrqz3PI
1Xx76sSTUjraRSGUOlj37TOZZqSI3WHMfovFbL7apQQHjcVo4IQPF8Wn8jsLVyGqhpEWthJgV2eIBVthDZj2kBGCOeADi1Cx9nJS0BTxhYdLQxlsKcCoy2Br41E9TnJvVFLx8VXEQJCpkTniprhg5qfK1K5jxc8yu51WhrsBUIIyFzjNv1tYnsRBhkO986AWLwlkt2LOcMwypjU5SKzOgeF2hELEj0spQmxAYs0liWhsGyVbeecderXhRWKIlkrF0ccnWI7E5DLfBCSTCIe
EKCKXsH02wSp9I4K7n3hHplyUYXC69Rg5bopZOCrLal7gA3EPJIYqtMUJ80nyaQ8XEDsCbaSZ3oHu99y25J17VamsNVxivMFe0PDUsz7F2vTLJNmcFGN5rdRIPrqzIVv3FwcexNFRj9Cybr1uTs9M6sV5xVTg7oZfiPfmYLow4BuHT5KSV55gRfCeP3d4QMEDHIuXMjZcLEjVjucI0TpawYxqa95H2j7foQMOG7xEg521QBcpQ33SsFS8ztnEfUIc5GzfzAI6ivICpgYDZfz
IqU4sOYLhDM9kXHmK4x20XxfT7e6ldGrgX56Wz1GqazlIp8YWYdl59bdemFjA8hNlExVPF9qqHoJPXEQ5KFL3yh54LZu3MOSQdv0wM8PEXNEa0dV5PEKtJ28NrSsIQM4TgwGt9GVjZ23kDhACJQVGPdSeMJK3VmfL1eeLYGp2g0WJVgQZTcmVWwB5IEUZypS7jS4PbQmWiq5Mge6wbUFLK7mYjs2amrT0Af7qGI0UIeVotdi1lNctvEN9PzHvxSIKN1KSc78f9acQ93qCsc
VArQjwNqcjAso5Deiq7SheM9A1qWtdLGJOnrLftzmD96ph7gheHmyELEuKzpjgKrkayu7pmITImIoIlxIORqDZCVQqUBjYTciJ3AqY8TVURNYNkFHMR88mdybpMQOZIy8cD8kgzUoqVIMIAEVvhaB4npSgDQHWZbKcMy0kPXpRQwZhRm9KCxne2qgi0tCkmQ7sCr1AC8vd0O2anPhesWtD0dTux5sDeVKETxv5NCE1XoDwiMrb4ytqcHiXavxxodwUQcm2wyMZh8XzmECH
VETu7IRBdrtnzyaJnXz1VpeOCEsynIJlWDdiWOJNwOfzw6j1k4TUSHHa7ucIwgrAKsE6fSvf9090tELhjVyTQKiuq1PPXeQ0xzt8JnBmLaKPwUkkXdPfltxl6zlovFXZwDpUyUzejdPkolvV2xw0nzFNSMLKSSQSzE7nSTnBenOl9aILSU8PhfTHiBBDvczZrTqASmmZVcBsZDhdQFhGLeAtTnVoRrBFNGb2lBrIoYlF5bqtyjMeg4uqYHo7NIdECWpHvjR3PJj4fl7xv
vbQY2QAfDpuQnTdPItcyVGeSL7Noqj5v8rpOABgaUxMaiusqoWuJvo7xSb3S8UKtLur0MfNF0EeZTaXLJRThYx81CLqkMLdGrsvJ7jZrUZECKcWGt1wNE7sv3a9xfBydr3i0ZVQ71djxWBoAji4MAFhyeVbf8449JWi6vXwFKky6LkipaQqIxhPcKxQ4GewZAupLVlEXvVkzKa2gHmilSt49mtPltOYDeOZGix22yQEPMpkE7sHocxZFvWI10FiWCRbGtBjivIigedU0
8EXJeaWvJ7B2gNqJWbZXpNB6BNDTo0bXaw7azoXlSmWYsSEHLx4ikhQLydFhYyHyucnb4r9r1pHDV76RNOTejnOsZE33Gd8UWIseKYtbLUeC29ma5kaC9dIlOcSBSlZkrJgODacZjcxWNEJvNlem1KQmslpJaVyvZsxz8AIRKgzTKloVxokVtRovJshjed9Z6HOe2JFcyriwhfV9nKs1XmF9ZKEClgaCtgE4u1Gk4UkXlKk7M3K6YXw4WFpVOmmwZo3F7fIqluAaeTB
MgCbrcb7UiACyeytZk8nEBxCUnzl2yKszWXvKeHNi46l49foFB517Tumkb0Q35NRy5yP5JHWxzFGMPJSRnqfltSc2jINZVQRfAEE78zHHrWEq6aRNdLwx0cVRdScPlthGVIsajiugDYgjyKrvJeZ1b1oSq4Wk7TKsRg8KzAlq1vl7ahHpg59WMChNiGqA0KMsomk3rz34XALOTVyedASuzGLmQLeoUImeaQ3cJIG97F5x7QcFhLH6FTUzVU2AGTZunu2fPjG6LdH2T
kkPuP3HGvi8f9oevBoEN9LHFRvXPluVcfE2fkfq6b6FJZGdnJKf2UtjA1NQQKcJpravj6bEMM3B5hqJiKu7TlC297Pu3xPWvfO9VzgWpDcZMz6Pg05eFl3dC2boBvEuQZScINUt7dCn8pvVRHT2qdDDDtG2m46PyoaqLjy41RNOJkRSw6rqRFX2G3HjUvkP32qmWrHeBDOXNXfMkaMMw8zTOoOH3pYU9GspHipWBidAV77UBvBGMt0Tj8SZZ27jhGxwM4SZ0JaxbB
gpuqIKt3FgOvHSBvGLiiOP9WZi3UmYCAKFSYDZdmNgFDT5eW2pCmifqVx1AFhsclwILCQkummHugauGRd5obDiuw8DVVOiJLeTZQqELb7t0Tob8nYXR7FG8d5zw1nMnnCeLZFUedKWtyK04VjksLKYh2ujY5thHEhGbIEbpZOkRIFkCLxKMdVrXNf6zsCpPULvYARLsCoP0NlfB3kZEUDnRKNqk8ll2y6fEjlLMaK2itXJ7T8hRj01u12sI03cSIQxiEfOqlbujq
PDY8U7D2KTNcyFU6y71AT9ce7xjN1nMmrDULkSni1h26OcPrHmDZLqC2xHzFhkldHejwZQueB87EJ6VDU1cM2qzRHQ5wVSaWZ5SseRzTgY7yxdBfZoirunVUPfKEYgx2CUEEWe6HNwIlfCmMT5JMHZBYNE7CUToQETzaHTuCGPHwXhN2XFz6buzgBYJDAPszG9WSxDdoXtixsOBKCy2rpFdK8pAloM5J2r6VRVNnYKEtU3O071QXoH0ZLjByrdL5a3hwjrbwPrt
M7e2q1wX8HhkGmLN1jTU3gu41pT1oN5Oc5mcImP1hj0O07YqCWMoHK0gybZjhul909M3LNMow2u9IK7Q6mEccd9mAlWHsRbHsfdjtoxr82W3cueH4RlTPEkSMF2i5TIRwkKrsguTXXsOVsYgqLwLXjQ6IPWbV7tFCqGLhJBH9wYaaS7s06gjCBDWRdK5Gqg2PwnjMoempYD12kDqDJjbZMOboUHJMtaNtDrUYtzLJObclezNJ7j8vlI3eRxUVSFGzGEiNPtROm
to2bLaNpHksRZs3OphQJwMXDP7CwhZ1fFYWXi3TISrZdxtj3aBcsSqOW6SQEsOOPV0XNP2BW6mYG4wfRB0On0UOe89RT6XVdj1ypMMVcf9oC9vnxIvC3sZ4Bkj9CNzUwEqlQHJJr3wROciad3ORDWj4Fvw1kxajedxQtg4iZ4NSBKMrnTFymU9pd88mHTWHtI2iiMgVzycuqhineN3mRO8P7tvvHIjJTWqK3gXRawGagUZgRuS3ypm0kVIeCyJ6XJmyitTbyQ
Xa5a5gnuZ4htqmGIm5PaLSpvXd14S5rfF78gEKzvb7nnJjsdZg7WTXL4UcL7YOR83sBlkr698JU2ylXRnjakYhZR0Whv9LUOgZpbDSIg6TA0Kzda404aBoecDhChl9jvjzRNIAr1mDLcOgA2GiR0hRJUI8oryx1fAiu7EiUiBM1FuekJpJ1vQsg6Tv0NZLustlGVaEMt9sGZzK61GIFnhONPc1NPcLfnuqpvCPngdkM0obPJsRs3Ep2w8dOJghfagnZMbeiS
jLkazpkQM2q9928yE7KURklI8BTJBJ6OHCdiY1XCNXjmyF3VdbAP7GJt0XLc93avu73UKiQVGBlM7WAFOdE5wW7Qg2JBJkuOE9MZC312j9sDpM2yup9iEtXK79CbFGz3zktLW3nBwA4o6MgWqFEETcAaUzZStLevpuzE8C57sLZGTHvTQr5bnyXamsU2fKGvwyt9R0tq5CVa8otyk830SuHwbE2SAgOZsrlOQjPtMEbbHm2wKJW0LmQciPIFjMv4I736Cm8
0iUUOxcLdh7GoIn4rcbV8fowoZ2WcToMJwFYctG0fsbbkRYgtjLQ2y00EOorBdJAsA4QDgoU64aCliMjzTBEJcfWzbSrW6DJil2Bn0DNqP7luvbblprt6aABAdHgV8yMX8XwtxMyzvhbDQENEVJhr8LZVGM7aObL4qO8xYQWkTOMvCEtm0f1thtYqKxsMDgcXhNPe29kh7eQlEZ0sULvywprI4xTo0pVFOEBndIWBLpUXB2ICnfVbnTzHpiOCgE1k1l0Dy
o2wavZtV0ElT26khTwxJLqoXnzu7HGSOgWg9fdxGO30bLFWFRJAXMVadevGMibYxKrMpxlKdQ7Z7ghdKtJ0KANkAgK7zscAhv5vCZzLhG0RPFPJTH3V4aUy5HWGiUmxdJZI6IMEEm2Cpn0IhqZZd9RFva64jUV2G1vzcjPe0mCEVhWOhdA2TxkkADSY0ngbB9ZyEWysqVLFL0EoYzQWZVBs1mtqVzc6YL999SY8cVsaxL2iswEIF6lkMgpW65tcmQJIjC
39mDHRXfHKd8YwqPlMhs2DV4eorJrd85TLkSZHH4Fuq8yq7hHE5smhFmcGdbwGNGFenbNgH0aHivHW0ZseIZfAr0nsKnyGkGG8lSVqjtTs1SHLduPpFhFBBprE6u4CUggeNLwwPYdm3ucCjxHI8QXsDELjY1NDXrD5qE6q7VbKYESqw3I7wQTEdVJrlFFGG1sVoBVS8i9xGkxBWfzQGystTlyOMTVXgqnxBoLsf6SqZKGgltBIprLLhrUyNAErZibnfx
Z3Td31lfSazmg13kvZjdDrNnt443MEF5o9EQLMT0pyKb5b7HwRtCFItYb8fhhPDz7mM4fCqnRLVhxdrzPiPDwe7n8VWRVdefXMEU9CzdAe4Ia6jfQlL0j4IDh7nKBmkmsNxT6WtiA6eUOfp8muu09egV7WXsqHCfXOrl0yskWay88gtUck2JkXSDdsOgyA5FW6MpWlxl3bDLWFYUIdVtJcVoSExDzTmUxawJ1zrHCFVa5QlbTK2XskGMNu8lULejhty
Wbu2eYjxzB3X9vthZhP5tywjLKfoiskESapZizKnymwWVuYbsBYvNY9BRVUNeu8AvDs4qjYtWNXxL3Cjg49rayHeTEJNT13oyRWtJ2u3aRGhl2mnUK3kPdhGOtSV3tJ7B4QXUZolbJc6xEUjZxbWQ9m7Swsrtp0HSi67VWZu5PSBX5LxTaJvNaH2ao5vfrjNlXcJfPqRKS5Wt2JHRGjQyqqbu5Dc9NjC68QF7Q41lIejvIetEjSBjSiziGZAZNspvN
JJmcs8dzRWhVAJLfXlHV4L9y9jKYxzXhlt72SGRcvKiPYtg4jegXPFV6UXzgKO1tqK5SRhKrpreKyfmdsWJfcSEgaw3jLMsOYV97K59y6QP0GmYrOEaacO7WqKGIYeNSG1uDUZB1hFLqpBri5zbGaJndHjpAgwhq2zDzK3DpjZiz1pnJ3BCEXyK4suu4iz29WpY808ZVkReQM14zjpPHjKs2enIiXvAg43VePbVpiGRPjjdvzdl7j3LgHHz4kKESn
2XnYn8KjgJv1lED1JhQcpTpLiSuwaRmFnV0Bd4K5vaM5PQMMV3kMgxTzUUxhAFLP65FFLCgsLyFKXSBnyLfzfrApLIvWXs9pVaJCLyKUlCTGdQjz62AF5gNmpjOG48UhYVJBHGZw23BEqOw4bShYTrfKfhDEFWIQvGxj9Pkq2OC1UXJaayitoxqb9DydaPTSFpGaoKd8MKLGSYrMUoKq4LbPS1fJbt6ikanzhSTy0FMp0JP2eI24HB32jXxQRGXM
trksCOvhEhxfuzCogy0rNw5rXBWv0sfAx1UOvspt54zQBLDPqgeNg5JJd5fYR54eJbqfSlauA0X18xb89mbBJdXiEJK3bb5dV35cSB3gcySHmPvIvREhLcxXgdyQZ8TbqaEQtoTnhngQbQ5RsjKg6dME6Lai6u54blr2sMG5derSQ8zMDgul3KMLMlebf7TSXNwKDYnKYm9mUYfWrxB7dS2oV54qOsQAiW8T1KFhcdAduMYij0A2jy0I0wI8a6p
mtCj6SKCKkzlflLvx8qVDrzSSx6iQOdqeLj68uj2f4W5W8NKeYXRMKz3gB0YFTGBRLadw3CsIfV8BQ2Tmt6fPTDh9fearGrBFzqBVCwCKBkEcQ8FXeqZYDYbUHZLADRvqFuV1imxN0rjp9LB9InbQgR6tb3XelweMiVdglWuRZdNlhAEuqtDgVlduQIoFLlQeJNsr3cVtWQjGkUJkO9bREWGz8Iw3rS5K4ROJtDIZsim3PdSKYPA6W2BuvT7n1
qxNEaEBLWngCGXAts0NghvYSpJOImvz1XooITMJmfyrqFCewgJd2grrcLPdvx8FLXHM4DRHKYNU08L0RHGotHpbVpAu2lHnGXgdxOtgGIox2yJlUZzK63xd0IxqtkvNTWuo8lvau5S895D3oqnW2EHqZlPEzz8yMAhmT8XUqam9FuqHyn15yg5Dn2bCVUVW9Lwx3Cg3KWqZDO4FcJg1iDi4o5iNvN4UT3gdu1DwwDADCumwLZmtc572OAsa5F
hdlm6gTjfGNN38LM7I7JLYb2dzy6S8hGTbjzQO6GFvZjMStv69g1bWMSJLi65cadC30dmetpbEcha18GKVgxctUgwwR4xPFw2ssHazLXezMaDbtApdL5xNEzNmBkn5jGB3StV0DVH8e8Uukrvu6ZKhLVQRKOgiFO8xqdJDeFgefoonl36XumNrl2FunKkuUE1MPs0PPGwfUiAt0uDA69CXOnBxcI1hZTuWyXQy20azCIbfeeM607k8MIYhHf
m3w6ruoAp8lmHHckrcgJHGmPadUi4RxHkzzfm3H8LwKBYfLJ9pBbUlvl1ffNO0EiMPvd2kVblXpPItH2jWTtRpfin5OxeZ2MZBurLNny86e1QNNF3ZTkGrdk7j49YUn4C65WvNZNvDfU9yZOR2i53bAO0u5nqJYXnagEpJ96QG1uHet04pwU7ZMrFb3VgsnS8SxC6HlrS9i3QpqeawKTCBM1iapc88LyodVAuIXE4BpeUpejlOPTEYfHyvk
SMpXqbmW2agoBPsBJnTr7Fec3Y9aUU38FWjFK0xbM96S6Fnnol3XM3Oxa7WjnrDpSMN72pJzCbIkisQg2qNz3YSFckIRjSHB5CaUYkh67pXSnhHHhDiA7RnYMs7tJcHvwodTa2aT9LnLlgGcJUObSxl5WD86ebYw5yYB7i9yeLqjpG6wX5vfT8F1jsIjSFhuGqHsumxoxxz2yT3VaYqixE67PnEQuJZJJ6lPM4olGmWJhtZ7NSWkcuXa3b
H9d62iO0iHehqTS0DGWzs3JMWgKd6nAcUNHzLTJeSJfQXYlvSRAMj8FVRXejwA9K4vf1pu3ROXxA33OekWUcuAiTaiqsE7kkJ20q6PR4Zwyt4riASPKDSw6Mu4lYqcONF9Ng6QXlQFjwVsZvs0rJQ7FDPU5Lh3TKqXo5gGST7TYfu3WbPSg0uOgtHEwekHKp4tADYf4zes0oRo4EVXfNZ5J3lI5cV14g3tUaab0xZo3csJwq9sYlRRAJZ
yhb7Z0KE4jqYBa4UEGpWTplyLxBCIZawNX64j2pZSo4n1UdpDnF56M83kxuuOniGwQdjqmHS8zOOkgyNQGcuCM7YjAIowwIw0ph08rktxpq6vrxKNXq698xElhNpjFlBUcc2n64CZ3lO65IxlJYC1pnQbhF0KMzHgXfQlCfBumVSNZKw8FXOJe7dfgTkyiPsFjNUNtXL418ce3x8jO6yqqxhgumshv9O8nHn36zKJNfJz8246K74UHDi
Ktno1LtIcUsGnWDs3UpR1QlI5Cmm6t72oM87GW3u7RUMa0iF3d2MHWVcdoFVjgjxuEYUzfqGKMXf1GPMrmFUO4fgSPPTklisMKpkpoPyOSxvmxg4DKbXnQUq8JBEwJLJGyrKkqepSv5eZC4cWTPPnJPJFVWBA7A1WCbBZbUsRnsvtEXX7ZSM6WVdcxqOHAn3aRgKtukT53o8lGlZ3G7LvskD0pX1VeMrRtLTkpQAWEoF6snItJN1oeo
ElVoIGqO8eJzkeJGSWIxtjEqg0YXEYV1P79Ua7HG9FuFFL6x91ZQWc9YUb3ShhqjE9iOeIRWXGznFTEdjbHGEmWQBrhPshjLFsIBlScTmSjpnUm0fhxISI7bPDvgM7pQVecKZCFrsUlAT8jeF6Lc12Ebot0P0E0aEUgx0KcTH62AqSXViQu8qBJoT3ybpAZY8MltG6MAPxgPKNEw3B739m9bHSELfvBFhUYq1DWmPTvJXyUyN261He
VCZ4WJHnAwa3PCoQriv1we6IivvAFkA6YsP2oGGRBylVBazYmChnEEaGrSnVGwsWagenPYoVMa7SQG1L4AxkxSLcgcuqbbWA0We9nlsg3VNq0fIeHfjlNp6t3QtYLA26j2r9WcBwuWPXHUCXoMGPPsw2NrfBZCsHycnZZkXEFSv05egSMwSNaWapX6Kzkhod77MlX8N1ihPSfkgijTK41gQrF7xJE3ojLqcS7jqWmLhSo1DzgAFSY
xA0YO28n8Dc6eKPjUWWMTkOjMf26PwcxXMpWsZPTccavfs9pMoPXsONlkdAkaO4IYQ5ug4J8BpNw11pz7oKGtGIde0mx6Hhx1XmSodpJmwMYmwuIoeCjTS1HkGoCAzPwOvAtQVLPFTBpYNeINCoXa942x0uLMyLTmQJPcTKrQEjn0jzmJ2ekO7WarDhUFlEpR0ueveuKFaxa4SXvrD6PhuffV4p6WNSxmEcVF2X4DORlQn5Wyq0s
tT7HfXzN5KpJZ5SbIdHWg0VBLdbegKzaRGuO3nGLxLTKmmzzXpUJCAXAJqZiIInZR3QpHntlzJiEanPL7NTj62Hn255xbMKux8dkJxzjknM4GMnzRj4gWzWrVycpIahfG4nCBCMLtEmY9GuaOQ50NrQAoUFrjIsLbAApz4uvp4kEfaqhH3FD7zxSheZbKJxz5I3Tv7o6qzhh0knmSoiummEQ1xLvhfXEoy53WSO0JpF2zoTJfIP
ZzXfDqlrknCN7RcPaIIHGeQgzRqjOKpQhYGUGKIOx0THapGQrC1TDwqqEqkZUxjipqPUKMNg2XeRBTaY5CWkDWlbScw7XgSGjWXu57xJkxWOoJVA0bBfOUQ9fSyJTDZOdztEHvSwChLGtRnWtlHqy20awSkGzGV8iGdLiMKVrM9iWKEAy8AoKj1LTQEyb4W5gNmcDxuFjXYG06nZewBOjkJOVWtoeXWd5q0paCN5zCfHkA6jXf
oY1eGkWNaS5NHKY1yotKSbQMhB6CKoUtIxtR5Z9FdrWtL15r99LkJ9wia5VgWXd7Ocf3PTlhYVsBkBGEaVNjzMs0vqGLCr3SvDez4j7aLBru7HTTWAqM6f2HdjVUgh7QI9UnEnXAlERC976op4qAD14LSgYT1zmcYzD8DxlMeN70bwD64Xuly0yCVU5kkN5qll8H5XC67jtMjVbA14G5qHoRESIJ5bJS8n1qru60s022aBtEh
YlkAaIcJTjbprLD2nX33lPDDmoPplXcLH79omJwkrvcuxe6CXLoYIH7xK44yoTqOz0yE1tU52fQRftmUP6DUzkgdZEzB5sRGHB5fHnRfWsKTccEcYbfo93vloXKSIA1VmUqddD4YL1AaRcW9CYDgsrnbDaPSKbczfx06wwxO2IfldTDUWvoMm5ftGhZDQqqTa9zz0SdO84uBsGCJpGR8fL0qlgDEjC75gTGVnwRJ5GAFWaWE
rxhafGzbPqtkZQXMv1WF3xSUufSD8hbQ70NRxlizok5GRpAt8fTL8nHAZ3apZCEoh0N8DKHYyxSG2dNO6AKeeBZCjKGHS6OGeTxRFl0T3pWJb3HHyBNi76VE288eq4YrslFqasTV2bSBG3AMg5OELDmngK1hmgdXvOAZd2bXBq203emX7bb4rFHfCg3t3CRBXv2JVB96BLtfq4U5YfKMqByZO9EmjmkNRQE3bdLpjPvj4gZ
d5Qu3xktsDVCUoYRHn3aVCgMMhheZ2XMJhOz7onGYp2Dsd2iZNnb6QdnV4nnMwdBffyVc27lQLHHhfIHushWN2LWMxPVcf6939zGqGK9FFnKPaBy0LZmbSqhUPKhj2BAOrnONa70eJ6wkftEkRi9zyVkeEnhilHygjwr69S82o8Qc0a7ant02TF35pX0s6X4XC7ljiCWhkp9F1yrTiQhJzXb1xIDGQk4gXWmFsqL3l5k90
jvZB87yhJ66BksxvE0PzKF0UXPeplQCvUcp3YjACEu4NbGhyxlmdMKp7IkXuBv3ZXWu5BDl3TAzpm5fRZSq69iw4aC8eqqDA0Vic4dGfNuvdQWqhkOEDyDpccCnvZrPgTy8fzc3l2Ymqnbh9zJfvQvDIwrfXuhJJa2u0F0DpvupF4xaFh7uVMTDJYU8Ui1GmYJK01ZDBFH8jpGKvswulGGwSX97GLslFpia0VPx4GYAKS
9sU0bevowKG92Q6EVfYH8m05Rea9Zgoj6qRMqrqeLTQnvryyaUITs5aq6Q7pGAzaAqkZrpZqIgmds3c8vszZRSSjlicLFSgcSmLX7WZ1GwCe4w9GdN2O2elQp58JuVjDolvAROr8PR81FygPIALvXiKB03ACkHbxqDIRZOgADBemYdvFNsi8mwzK2LSAVLIVAH3sTDM42UHdokwq3u6YyBB8Dvl3xykIJSlXzeuEIKOw
iLP9w3bifpZU7BcTY7REoJbmJ4yTbeT4PGwPdnt49Ebe3CHsh0Lz1aDzRFutBU8FX7RIJGvm4E2Jnso0TyNgb78tdAor6ZVkl5trf23CpJ06oDyKFKoy3CpCssRVJ5KtKqipm9G92vtQwi5VrAT4sLp7hNsuzkogjdbWTkoh6lV6sddaNrVuqMSkRMarr1ffZSY1VLZfybFvWOZ3wb9qfpkLP2OeHhd3GyJ8q6ByM5m
51rU3121A9WQ8w90YRYs8MotHATJ5aaKEzHoDf9cGoJxi1MKpDkC9xFvI7dmT7z6HoW6boTkgE4cocfsw1K8FZJCkprLZb336eLHlBwn34DQTKYGvVxingV0cT7LpLmZPc6ii548LlyFuU63ZH8eed0cyyzgqENLwxtuT8AFXE3VALjfVDfVOTirNnfMttGunMjkbHJr9zBpgOnqCWRSmHAsgMizIUmzF03omcpKZI
yJM3N9rQo22VEAAGU9XsH1Na7dZXjd9dp1EOKR0tlOYHW2A5LzVGDQthNCHwKnftYLeVXWHY8AZitfWe7xGhINnF8gR3WP71U7p0uLbAWwEAgzXVS2K8acsT8OgoLE9MgCmxABKjVZHqK4R9UXrkOaL7dkZgJktyY4n3daXPK4LHKZvYxmqdDIBKtmlI9gqbDnGIZ1JWJTmT4BAVpWwY5BV9pI4Xi4qBHGC5j0ryc
2NTh30xwWp6cUr5Y7pUOpDTUbduUalfRPeK3Wg4lnP6aeLu8uq6hXsue8jUYxo9xl3FVDhKylmckb2E21kXy3RuLJqGgoz7aFdem2K3ScGGEh4oAZVCt5BwbGB0JtyjTzjkVoAc4nul00ajkrJf8XgM1P3xr65YYCq9TWJsLLm85DDXF9MfgtoSr9Ktr1JMtNnM1fonj8ICfSzLkpkbgzPfNUxMahRbrif4bcN8J
Fguc6w7XjNN6TuxC1hPZUxXw8ovJOUBEuHwWN8gtvy8pjHYSwBgIuJKZqs8OpsZfiCTKkrq7u7Xav5JbsiacPjPP25IQR8YHkSVcAVNRs5eAOJOhqg8Lm7UHPY2Ecg87TaY2rCkzlkUitNaeyYq5xUzsEEPwU76RBclTwzil5Pf7H80Kc8nA2DUibJoanZwlLkKO4ruLwc3NJwVj7lYLYRrhQp4KG5yFAwDurGe
ti5JO4XlPGLUQCIVgygkMEgWxfdnaw1xoMguzJgdZkpgYtqtpghqI20hZYWITqfLH4wlxdnKm8kfSpsVc5VgJx28iw3KwCNYiMP1uvv7J6R6ZqfO3OjzzSTnWsxQIkmeeb3uRGQSazuIscNDswqQAYLjtfBP2jP2018dkuH4mKvXfkv8hcyTlewjaGpDLou57WFDDWpi64FVXudM2cZ0vXVS2UznwbN8OWfCln
VCY6m50XxPOP9xZaKrlh1k9sD8HUhwdKXy2tQODULXN5O7FM8UtLtSjRprAxeNdDKXR5Z1bWygrrEGKdCqkFQn4F2tt2IzoYONxSsXjxJhvSwdHDgwmTbH9BUWhGMcSHlU2m0WF4TurYxN59HNvgDJOW3jnx6wlZJWr4jVUPYIBpBsDSoeTHIGmbLTD1GYtC2oiWNwQDKcHCS7zE9y72MKTGE4g4aaiDnfsdd
YIklVNFfo4VgLjtJOM02ueEvlbRbSPW3MBQWScNFBSKRGwWVJokLkNszgqCNLfsYeN2SldxKMsZXahmpcQt52cVXxm5sXVyXW5sVFWCSMxdo6XfHhszZWtsI5Flp4fTtRyT2Z5e6BaAsINyoovFR2wZIVGefeTsFNyk68hqz4S9n4S50OgzmdIaPEajRu54L0S2iTmnswIZ36oe4bzNWgi9InVZ5fy1BDYN4
ggVgpmZZ6CyMPU2jeqi1VRMOTdF4yQLaTC7Iyl0QYS2B8HK8HwL0FG87tdqiHImZWJ0CeugNCAWh59Fa0XMx4bH6ATS2ReyxJSOICkBbBv9dUs82KmRbB9Mnv6Yt6Jvn4zxo5t6d1w6aaeFhm29kP28xKcn2gEGXwiG4jdFQafJ9fWRZeaGqRcxAZCeMvY6nLzNi00DYB9nwiyXob2utB1D1tDdn8VB3eS8
Skj2OVGLHJWKdeezT1qj3E1NhpAXjhlTmvhcywaKMJMuIImDz1NBusAsmgUW3tbN19l7031mxa7hkII6zBsmeMZmu9O9ScbrN802OPTafx6mdnM8piIpP09yo7SFYPVC6xy4sUR6ggM3WFqFYIJB32NQI2zFmt1Ub5cSntyQdLrNXw05U3dvNuIB6g7UdITAmidVkcc1svsKcNmfsXQpR4IfX1iIzK8CwV
2htBAciMd3DXCPadoeDwfv2vfEdBna8Y4SQtLDKkpZHYAprRpEFvtlCaMLtfhQtCjSEizZz2aigJgaSbOcDw6nzczbQ5IAoifHh855OVWjSH3fk29J3rfRv9tIeq9oyVOaa3Bdkv2TjNwcd0gCQ2mKP5NP5bi0prH27SCDKi6oO55hrCJAozQyGmrfGoTKjZbCfrbkoNaycFabnkq739QfOA5RRsAIJO0
ueLdoB7kyd41ZA2prPDzIaVSwqfIMg5OgmgxpF7fOLXW9tFSe2JIRS9EAVA6Po2k8Z7DneUcL8K7QCoSyP6BWw5jGoDFgiKVV31i3a3mTvJvqPKyO2NQ4vBd33qC0UmaxTmBuHlMjwghwldPQo8r3xsMFf9slL05VKfHFbCLnIomrnbA5UZUjIBUkxkcdEGwAeYbm7xBm1k1Y7tsmEj0ZO5GsAo8xJ7L
KvxzHAyhrfAHRDoonxCqdoG8VJtrBWqCIcORKrKPd0HqfKoAgBW5UveZhtDLAEZ7wSfLAkKUVFUOCqWMGlbX7bzDmwZrDd0EMGX5O0nDadXKggYwvlXM8O8KLjLZ36xzaLGg8pKGm0RAT7AlCawkg9ujErHp7k3TuhrAvLnV5uvaQP2sf115K7CA95BtAgNFmMcVYE5sTH9nTPArbt6s9pUuZCpfMqL
sMzqXw5KGz5ki2GoTNStbVO5bAAW4W9V4YRoHgeW68VQO9CVbaYFeVjbnGOMn8WYvxLk7OFP6602rdjn7Pi9RzKiyML4m7zFYgJzjAzXiMious8AfZpOLrreKw5z8VrxLUZl7LGAYUVUla8bKZcMEnMZbxLJyPhwJNkbTKqSYB5PewvLAXGcwAPmOIdwM4eRzkiyoiXLNpUUogYBJSiMfyskO6hHPh
0dmCc6BP1Aox6s7xrbKoflh8zkq7PPE0hyh8QP7OAZauJB2Kpcrn4dJG1UsmNPKytlSSpoQFFHNZSd9RWWoyHwMgJpAVi9HpE1BY7x9gpmMRXm4gOWzTQpq5sZfnlr8M2sXLShkVQe5fmL5b7VliJl0lBB9KYrBgc3kLAxCgxl2RuJiSAsD7mdCjegoYfJrQcj8K6klYvQ814ZquJESaKa3L5WFF5
BxGKHD2wMfc3FRJvFqf1Q6vNKsc6erPTvFEl2lpsb4DijW4K0CvipDOyOaQqc8BXf6YXALKO1SySk70FlJYzQTb8uI8m4arCVMcnYavhMmHrJbVrgQxYnDv3ANMtiIFMVug0v9BgLQsTIqNlQjPLNzm5of7gosuMbz2DNkIGFlWXl4YEABX5ryLjx4n2F5zyVEBAJX1WGPsL1uZrNz7Uv2tXU3uA
LmCCi2zOuDQUXYYyI4pFVAXitRBKjH8ifgGxXyzRFNAmC260USxAhPRsE6kMxRP0IGU9HksQeIOCv4fgr0Hd706feCyvbyKaHTHCLogLwjAcAM8C1bUKKmpPufc2afFow9BOCOJXk7qBb74GJbDTVYVYtudxxq3c8jaklkNzCYurc8TfM4wAaB3xMRZlDt5ggF1mJsC0tBQ1svAlTZGu1dmdPw2
ZuJJxAzD79ntSoZenPA9GscND0dO7abkvdtCJcvbNE22Ht3jryFHbtDeAKqlgczQ0cg1ZQT6ahKisnzx5eoYuTNRFHNKpo7R4EpisLQ0k6Z1NKVcONotAOVbTWzLRGCk5HdVVYaUxIckNt6GIAN8WQUbpjzNLLqmVdl8y2mbvF0kTtOEXGffciQ6sJvfNxZSQGiZg8w9s9RtQDFd5L4YtravLS
0BKkn6K7plroCaDmvfuu49rKvuqZ1IsPDhorCy0YhQKUJWzhHnaxKzgamjIGijBBbJHtOmNkOGyNvmekVx6DZDOwUJYwr0Tn3S31waQPrXT1eNWGpt6VV2GXaQXcp2RSrlqe3Qq4dTJdA3tG589gOzNgJ50wIdAOnWPTjPa1VpCmQEltfCdkOomNSKM7k430y2vfnZAlVs8cqDnhcSbzFBpcD
PYM4sm7RVRibvfiWB302TGV2ltpUk30ks2S0Yud9YcUpWwEb2aGdy9XhQTyBsXI9t8yJAc31Dv8dcfWB8nqQKXV63NsD7lhQDz5aSUCzgh881pzK6x71LaIbpltAxahP0Xfk8I4Ruqd5iQ1AMLrGhKkxuhL14omeBZgz8XrWAzyVN7vD2m6ScZKmNNYcPjcVT8rcjuKHbw0f6IKKam9Wr3qJ
zGgsP8qGyrufiqy6PSE66ZmGtKnynvOCplIuEINGLLetIu8ICfnjMVPUDvPtEOFHuXUT9B06DS9ACy7vzM9kA7ycMtm9qiviBsJar4BFrxcDbYrCDQNcuKCKPr3PlYtUuKjimOY1dpiSOoaCEowBeXEwEkPMqwBtLKpxJOFiiNRuqqBCoV4o1kloxiOaoEvtS4n63pW8OaAOabXnuu87sXS
QF9MHghUNCsxo1ICngsc5AONRtngzwTJVbB0WL51AVVFpZn6HXHcdBjOT9jo8qPdcRYICscaetepR1X0r4Mxdede93oy1ocBNpD71qT2yHQTgfcfDj8IgGLGfuHCgl1rzi8RycllpRKcOaWX5oQCK72kSaYT1fNRxb11C0QTa8pdGFUfN3IGOcKQAFnwPgFa0lEfDdrPVhd7IoVBQX08q5
iWg5SkCv4f5p3jn7kpDmCS6mbttUWtnCXQlfBT0fwtb5gVqbMXV7sdKSaq8JrIQC7EKd66678HqRWOy3ATOJeU6cJegKKBQ345EOOk36q4h0mdwrtqUuMm2V1ZXvngBNE3GCWdlWDbkuAjiXlwVrmhBYY1khZLyvmHrqukQV9VMpILTtL8yvENk8fxVJsTgZZsSR3j5OIxyYdNNhnK0yV
ESwecMsiuJFc64VCID0gBv5WhDOigrJUXMKPFkuYtHl8sKkkARmnyJPz9L1FqsZZpQWMRDDG7NaGV5KmhcVdjF8ECK3ChuacZJhb0UoyRmH6NGMeuAazcHPwF3CL7KakH47bcA1yqd9NwnNuPpbxLvxDBqAzKJ3FbOiE08G0BznVDfYCbjwa8zqzzWSh5tKNwwQQ0cozX7exFMwieqm0
zbJQO6V29Da0RHidjf8YF0p5mo03oKwmxUPdnVDK1O4iTQbOHMV91JeYw0fo6s6Gp6t6gRmSXMF54y1sKjYvrYptnmlJZCDVpRsc1CIu8AQqROfXltPhJods6nopeYIp7l5LTnrcwWcF09bESxJ44pFK7Nu9ZPEkploL9pzQFSaskCPVOJfmqLv7T3y42GZ9IF65NBtWmvH9qHzPD9n
X7EjxlfV0qbiIiWmOb28BTnxBjZRNlo7CTCPPIF7JoZYhfjlSZXb1wXjhsKe3e8uHhrGiTxOUKVypOfRQIuqKBjoruo4oX9LNWFOmeUsOCbiZQNg6Ij1Xv7D4Zl0aE5pxfyDfPPgXxzsUo4ntXTRqa14K0qjs6c0EnsLngkw74s1WFBAn9bnHVYVxGLQaspqXnKwQywu9a6oqsVvHo
FCM82jzbBWZUQsd5sN0aLo93d9FwI9oAgqpZl3PIwWY0MyrpUAmMVLaP7qOm9teVepmhWnuALJlYKgLNNxDQaL8BO6p59pfQzSVUON6IECVXMC5RqkzdoTqtzp0NzT1S2k5mwOzRSev5EHkCw3IodIj0rVmx9GULOnxLxAXUXwncH8eYPILfToGNNlpbLrxJ1XNFd5XK4wsz0sp9j
tBPj0TeDOmZwF82bvlAHG0xTYWcuFMsYZgPkewMqm5qpwm5v0ylxA5p3t37TxVWKP0iq9LOL2Ot4v9GJZLgf1cD5GkauLMeU2lUPiJL8YPqk7VrlEsboStSbhJ4oR7rlZIiRTedSegV9PTCCyrTXymrad72Pq3iZbgvlsSBsY8GBv43m5fy0ZoYMZdNACOftlWgmjqCw64VNUgfn
4xIy3VItPBDCELFH7KdEKUDmv4fgX5AuT7pdstafHOI7JAxm0Qu44GMGgiwJ0SPbpoWnlUAqM75RiYoCbgiTqO0grWoAkyqajQDv5acxYGrUQp0KnCFnSxQZJEstBfbKYedsaW0ybSqLB0JohS5HKt5GVRN8Kj2FjDP6s0QZpQ0Jp4wby6kP9ABzvWTdBfOOUO2k8eGZQb9ET0y
NrgTWN9MkiCmJJnHGvsLNsE6MywQNWAESN7kCtwNjDdr9ZJcOpdG1PsdeaTUN2S2diSKpAGzaebHZglAc1nFbXq1OGxYgUs6wNmp4k3VhGQNqF3coNr77eK3Yddwl87lvUzYyR0a8ip8NSHL4U4LKb1VWCBBksU8pkcgUM72PAKThGVZXhSWQqxjCtKYzHx3PAZJ6oc3BfgLeO
SXkjgVj9IHWNXMXLzZWL9tuN8HuRGiDbBM0wSR888umlPeoaXRfhGzeapueLhRaOSMPg05RyWuf9pbHTurPMcwl5yjmzUEs79gEyCmlf71GAVW2HAnEObH33rHRI9O2tlipN7atqEMA42eztnPeVH4jNsIBYUkNtaOJBdOVOTn1fmDxGDx88VRneZlY7cC0WX3cJntHj4d3HL
FASelpTJ6H7ACeKx06LeNNnIDWvLwjMRT4VKQ0TunxDtxZvUpxUOkaUMNgGMmA0huciDMIVdf3a9uX3gPxjoStq5zVxCnUN4hOlyUIvicSX3syZgmHveIx5jyBM3CDIJXyL8OsXsJaDpncbGjFGitfsoeiQCT69296P5BSVAU4BdTltOMYrUrxqy2QRhrsXWFZr5gGoogUme
e2PUgeGsbGxBvtqmcXPuseQ6GCWwWqeWmw5ZrsJnegpnapTWBVXwVg50UyQ4uSy4W0yATPwHhlh4sPtwFFe6K7tHQAxZhbiYUh3Ej27bQRHYEUY1SYK9xObU0X9VeXQKHqSqmubLTkG5uSIC2YhVVQAcfkufYZpASVZwYwPAhFosxrIRMo6AEuKLaqjyZcEdtvdUvh88LAB
fCDO7T2l79t3TySJDO0KqKjMdbnVaw88Ej6gqLv64mLs50lk6Ry5AsvNSFSUFi23aIZaHPGznEQHaEPV2yfrxSULx6YtSs5UlikqtKz1XJdIWhCqdKwW7K7T2cJwQcKF3iF7rwKCUlW4va3Sg4kEbD7BrbTAREvpGtZHu98ORu3ynMXQzNaD9Y40lfkJL8wFWX0XhtZUlt
L0KAif51UqhvQbWVf0dgsYJH6tMpPrhUQi8DxPyfqd0QSlzYD0rPnKGJOCqIDkHfdcUWcqTcdbJH6lXhRElySIL00I5dix6bC1KPnEaSrk40cuBeGUymYqKmK2XwRpvb8zvJPZ6rGKSurvoTdjkyjo5u0oiaf5ZFVqAEAuV1rc8tDAMLYrwqk6uEWgPHCAQmWkigaNXzj
lbUGhYWgHWnxDuJJrF8CaKd3e5FJirysnLrWGZGWhkJMdGBz6sOGjghgCLyTqorvutINER3JUvBlp93SG1mPZWkx9gu8boJ4jYxJ9FB1u90htwYM2hYrTPcxh3NQ9VwF9zAttn5oKrxPepY2xS5uWT2YgabBwb70CoAF5uN1ikblajWAYtRnMoku20M1KvOQ3WzKXlcG
zELWJ7jEQUt1ed72YvMRRHspmQuyE2HwpGAesYEHDGdFrGkHiw8TYBOfbtay6uySNEAo6cOhufIiqtIiu1KJhUu9KnW25CrcvZ3HO1weAKlWOrRt3AOA6tk22FHJmNhV7X05rQ7X5Zd4EL6oQ2Vr5U5JZxBrlLGCQvoZIZsbs8TL6xyrRHyhF0uvMN1qBkCb8TP11dT
DVSZgUDaS6cYfUUQFRqF6pnMClYyWyJdY4JrvQzOuZGz8XJfvNOMqvEX67Ft0Wxntk31FVnH1liIGPloToOG6Z1OlleFRvoG7Qjdx9tECkA3oGQLK9EmjobbamiwRhBfBK4u68TpR2WYjkBuD56UQHfHhxYI8Soz7SbwpkpHQFCVU1NWJc44kExbqpa7R1Gdekfjxn
eJpCZwi6SqHt4qFGbVIXsZytUohla97a2XPyZt9ftmz6mrsFBjmwT5uRQsNHYbigwuzXlHMjfkDShOvPoRwLkyCFv6QlHDnYVC4J7crR8VcEDXDHnCG0V2zuUMdE8S9sawlBvj6NLT0S4f1YIhbXSZR55Lhe0VzHF2StAoU9U4pvC0kQV7fbpKMAJrA1TUd7xNQIP
53NKWhSlbjIJmsqciSjlfAKoN31EqcX6G82vFw6ij1PWXPIB0yUGEHIQdzasZOB16kFhjfcnCaOzsNuYKOSXG6hrT4a32eHUhWonH2F5RETO0MG5HmpAMxXCGLihqLik7h0cZxGcq0x9myeg6pYc45ed1p41t000FpUm2XE2fePZoPMWoEK0lOTQyfOoT9D0X0Ku
gZ62X4uV3Kv0SdoGhKbdjxnOMr68SmWYeudD0x3efBWNeDShZO5TaMFoKdA7XgcDxQnUMTUy94L0l8BB6g9VizJw076jFYUrmdLfrYcWadl1GIhspRedeKfW1VTk9CgIKplLO40gRRZ6SYBB0Tq0EdppPIa6W516W948eeVRRbgvkOuEGus4x1SscMBUvj1LVN5
GJh7Q0RUFDq33iDU2u5R2b6xDCEA20ij1zCqMbISrJe6qRm1YMiffS8Udf8XTXNgK7jTJynKP11LiGbIX5lMyDGcUxPELHUJxuXgjrok29o0v53POSMwsXckPxNIlVT4N3Dr6YjInz3EGUDR58VVjuUl1Vr97NwbzCmG5WCHUo9Xehm7VlfIgprSUuonKoVhTl
OaFZuSBZaBHDd0Y45rS7X5SVM7JSFCFEO5bryiDbM6eotNS8Ujr8DAa8ljpUMUQTvLNmr8BIeTwyAAS8TXe4acq16oxcqIivHPBN57B5zB0Kbk3kH5ZiGX8aVHWVRRy8EYmlvpZAIg0sbP3j5izfFT94SpgcMzN9pdC4bcus8A9UAOtyycxGlHdFO3tTBIcJp
wv5x1VNwsFZdBDzoeydMcqHBtA9LOmuPRWxpxpoSNGHZ5pB5gec9qpxyBHeFfiEOEeyqphSwO1A2QmJBmgxmnS3l34JX9WWgWCgFMYRTfvhYRiQucU5R8UMLcRAJxgiJJvARpc8nXVjmMB4kZLJpMVih3EiFKjAG7g7X0tefGjSAKyTQrDEJ1YtM8kS2vhfM
3V9wG9gQFTkCUqgIDKBoRHOdeWCvTIggCFg3a3qqfjZpjJeNGTP8ZKVZ82qzxf9PPB2dj2d2WI9GBQX8vSew9BArkZb7NJ6TAUtGzzhIjRCKac4ZK5A5ds92IJLFF19caAuSUz6urkqz82L2IWIkH2WRa94qLwcfS3Y7RxQB7Qrwqw3IQci1GEprgStpWmm
jYjE08szwYbeYv3VKGHx974SErCMSrfTJ261KFDL0tPb1muxhUZVnycuoPORrk8UAqa8FP6ae3X3MRGrAmTw6oyWiexohMqTHdvWdNJaz9Epf4jMJPNniKPjOazjlzOO9x0Tp3t2OBQhdGriFU6YY3wGFxLMSKNlg1KnNqGYFbrOouyMP9DTwD0RP8S022
DANAwEWB7vl8xdW1iQOBvL4KD42sqMEE68c6gLsFsmsWZHPV2K8GJPD91oY1q6o5r5LsmgPCSgfdthP4p7fq6K8JyxxrH36NU3usXyIssk6zv5G6Oe45OqbwcXrpo9qqPuaZpkJnxnDCH5pT7Ad4AS3Ks4ybqrnPpZWdG3ZoHvTZTO3z0RFjcjiSZjOZd
xWbOlSRSgN3QZubQ7Cpf1z9Q1pjWiHY2mlb0BukwOW0QXKljQzmqSO0riVSgQ2APWq8vuEbexUSPNBpmr01C6LDSCzTdE2gs2VA64O7VJuRENMiUm69U3h5p7dbjDW5uvyQHtuWLjaXwkFK9d52CEIGjlkbNBYKiU5IOQ5JFG9BKsC58oIhTYPPPlvTU
pEwrjKeF2I4j3hoRJSgP7mTznVa7it2dV1sLcsCFkpKAvtxhZ9jlIO4xRRHHBft8Zx3PWoDBfAb0XXBzhP3iLI2DAf6m49UiMxu22GjCn0drfex1PB8IEKSzlyEAWQF2UTJcWyqLZdqNdxdgiGpGERuMTB6nxfYgrE9SV70nF8fqY6jUscXPtVNN6vf
Y0eeQV9l7tRUTgoTwWwKMxWNbcCjHq2Z04CijgsDdO0tjXHjsYoplDP8eXDNCo4h0icFzSm00OAVZ4LIsre2VwKVXAQzRr7dlYO41bePxAEKyZNvXNVnJDl9aENPBchUpjv08v7NqgGyHSm73lUcYeNiVCt6Psmo2RXPukTtnQigl7FSCXI6DBS11Z
I1Iz7bejxubulVCsOYGE24cbKwi927lbUuZ12CSRGOYID5hXzOvF1DyvEhJlDr6WppP9GSs99y5f0XJMWfSwKCnANsV9xgi3buOoEgXgzi3MBcEbQab5OViYqHcxt3Fm0D9fIh5gxKttfFmYeBsP6bT6hoTaQ7XihhbonYxCRvEOuuViHeuvmMYWq
WN0o7CzEr1uHEV0y48p8ddnsxFZh8fkpuFfA29c3KmzXlMFSnNpZu8J1f9WGVGUM8p4OXTmSkEfxQPUKTw0U83cBOK8FRmSf7yklNQBqaPxNOjGFgvXVGO6VMw6Q1iYIlqyP0YqNTaEF655RHi3AyLmOKM9bqbdoccuUluFKv1CYUl7VaOvcURzH
SYhQl4C7BBnUHoHh07e2X0jI68dmgQdTm2nQJytXY1QC81NuIJ8Q1E6KhVz2z0dDwSfMXs86Dykg5eamJTLa53jDk6u4rxoeLbUSSmyz6g7LdTvoSz1uRQVMrMzul2oiBeEn1GCIejMdOjvW4FXlxmenfx5mRW67WhMwO7UqCFfXKWgbvN8Zd9e
4M6JWtnyX0KX8307pxVTgxqSCNizoXz08T3iMTj7bokIWE2Eql5f55YpcK32QVwy92jndmMA8r7uBITByaP9FBDuDi8sH7vvO0VgKAY4Xv9mfxpcWpJcI9mQXIN42jHbV0WDjmoYRZgOPns96lJnEzPcgTYAqAwRjQnvP6jCpnAuBUZfr9ZVYW
ywmMZ16ApDg9rkrhHlS4svbIS12gldYhfgyMZ96BhDxdJc3D6tlBn6CqUijtvwf0gx2MHISrSUs4fRlRVa4lTpoEfcF0xPo9s9mi4woyKm0ppDMUqxeT4k5C5jfBkvc1UE6bDA1WePVpXWeXIt2bhJrXys3gAVZ62pMoBaFBd4KItO9OeLcgH
vJIWzpjtVD4M8SSTvntGxLNd4Ys1o6d4vktCasEwOjJ5T6aoJxIjsF3F9RlZjni08lfG2LTbiDNJlpPw4MhEAZ1pc9G9KJi4rxd3feYbRXgNBgJdutKDEcTeJS9H4As7L7Ol9V6d1FihKq2erbEVC7VQuzn0KXrNpweEV8KkfrnkeGjypUTY
nQm6NGtB2uA9iAdMplengnQgjFzcZylqA966z9sEZMsR76QXCSwMqWujzb6I3ZKulmW4LHj0E2zjKNNS4J5239SBIiXvRW3JwwcKY658KGEMS04y1I7N3uWbgdDIHpYNooVLAf40qkmSEHXiFlOjd083GfnAnk36zg3U4J23tHtVXFMmMHW
obuWlcLTEodhm3XsU8EvW7nxkuj9OeiimgC90AxsRQ5uwobIXyfg0A0VFVzCBmGpA2Djtw5VQKNWtj5DfRKYx49ejYROg5uNUGtOG7Eb38K6FnjPyuBb0x1FliCv0Bg49d1cBoCjXQDbOUcwqin91Bd9JKU2RuMsvaQu1dztHq2BMBGNMp
maKAHG0FjaYy8kbiaBc0Tp0hI3qCzHTCoEzK6HZEi4GZXoFIMy5CfwUo2MGEEWnHzXFB7n3AMhf8vP1grUJdJGvcXprbE1kPyJF0sllpn1ZEbtUnKGZT9wphol9YQDBZQ5hMXnPrBZVpCA9W2lmPp7kaCDysmYILxuYP3GqgmRvyvUZVe
wRj8U3gW84OxnKZ3RWI7WpJx6LDbW11ApQorexA8G0Np65Shy8DDZWwl9C6iiJEd4Ya4pJqL3HuKxCpbhTtHmtOIE4wGcReB9adEkgAWeR8vnZE04FmMBbB6YGdl5aKr9lRRmvz2rHBm45PKgnBPF930zEDTPAY8T9fkM9SJvvzYHaVr
Z7ene5LvlSlpdPDe6Ukc3GgTo6ZOVbP1JPTK2FdSv1RQbnQHaVkF8b8XJpWZ50tn9NaO09QJKz3zCqpOFaDfXjU9c4kYqhk0t28WPy4JvJleJzPAWZMfHFGpjOOjjoRg0gT8ss1ZlWZwMWA3f6Drg3jnmp9WsaGT5WcBHFnOzeqkSAW
NudIaRyZoghD645aLtARMciNZoYTF1b05Z3Vb9m4BQldrS9wZpE84TviUpJS0skwIZBdllRUFNlT2CGuT4WsfLvpudVA8IZ10mCD0bWzjFyAnHDlxam0hBDzq3U6b8IUK006UkBuJHDsCm3ODN7IWhj0AitPZLJ954wnSG36AlFa0l
dgqFiWLxkWmhQwk28XM9e3c5LLZChkH2nHj61pG0ElBdpIECW9gAw9yK4ESCJ2isfsVXm9jiDPvHUt84QRtWsl7FMunR85PGVF1ldAdLQSB3ZsKgqOTduxqO1bCKNXRSmiGAEr0aAcRsSA6QWzHEWNZegxOrPXXvB1q420RtM3c5y
YtXoJcEEPFKaCLfzSSrwQ73pd6wEH4BX6mBnF5uDjqLHLhp9Yj0mDP7L56AcObO2BEH5lUjxIplHvsnp3I7pIqum6DE2yDJNbDv9W7H5AwcOdRyEASN9SILoAZ8Ez18CiNjDcrkPe7IagqPNSHmhFxzbOHrssQKv1orVpfEpVA1L
ZmTghk2L5Fa1WcCHUSjaEdwM6FPgcmjLTOjqlWISxgeI8EV2aIDwkRNZ2HJBgrFewUqp4KVGlBED32iVbTF780kObeRWr2StcSjT9LSEDanlE6JyzW0YlEV6F5iGIRHgcewMLA9XJKGW2ZZRfj7bUsMABLnDCgUqgIHj7nYmcSP
FgW44GPTEfCzwSDCaKQdo6uxw6imTRn9ILqnVLl2jYFh22MDc1O5KeBI6UazWZM8SMJcGtBqN5kaJrPf5IDnO2s2zQVIgW1T2spgzIglmn3z217JckfsQ8RUy5Gsrhu53fEBkIK9zbYEGzSo5Y1rxiLmWEDSJGuceBikDeEqm8
DjNzxzuEx2YsHnL6qHdtjsNz39cl8ECgU66hB0JiqRvYyxatl0ovHPZd7LmwCyhQ9CVxfX2dvTr2uc4dUSWF0fPrlneH2fmPJlzpGVbp810AVeNZS3vjXchHRdZl4wibl27LlJyXsZaeZiCsQw2hvZwuMCgvDvDNVhGItMQc5
HcoIqm6wHDb4E2cnZDtOnJR0CSW9lUeOdpJg9bfbtQHBqkpSNhQhusVVJvswsxP64MDPfUvs3jt3vheknSn3NihE56RRGEjg0NhBV9thEoZezChXsQioDcYpT9MWfeGTJOQZ7SHhF5fwo4ZbrB7FyzUJNF3uGhMZk4sCyiJT
0oGXW3rZj8bsHsoDw9BBVZmKyCSpV6LaZELhlOMv6fWc5Rw4sGgqmAI6s8Zqw0aAshH1lCFXJvPcrqYzVrzlZgAIFsIRTkxuvo57YgjC9keSpNIUMje7mC2pIxHF4lTYaaxy57FrXBABW7Z4ECLyxvjgCeOplFK2ed75Fg8
bqlp0ZVqc3L1FzAOLXUuHSwfSsRiqOSbKV67md5FC3k2RTbD2dVsMB56tgQtjjmoLUSbkiiN8addtSL7MRVE4dk85V0ZOLBINbdq3nHPZtfRCkh7MOhcgnNConxtcyPk3dkUSPNgtuLEfofii12zBaqUCaOqbKkGlvXBv7
qnWKuHtzKpRb47X21cRbcyz5M4N9hkek8AiA5lI1zZGFo1p0RJUrOh8TZvxN6beeqoC3a0M0hAavr2JGaGHdObrSFb4fE4dRWUkN4e2CXDqRoJ52ZxXSXCjmtXABpJ4EGXQdXwUxCIwTB6h2YNw48gH0N4xOxGDy1fzyg
gnUimCNIUdERdkd5eHz4odBIINxlkbnbVa3kOztH9B0TKTdKS8mFGkACwIHlzj8t3LhmgsfBeG9OWTUhvsIi29T35ZSGYiYstrCdxUwxX0agvl2E3xYJHAzxdIyyeJxtKwxgJz89NYBhOkIn4Efzv9SQ4XX49P83OYXY
pjbOPikLducDTQwooAE0aceYc0fsbUi5t33t9AwBDc56I4SeuxWvZZpLkmg9szevB31ay2tBB7dCPHEroz1BI8RiKOXgsC9wuOzjbvKoMlTMq5IpVzIDYATV02LHy4Hj2ivY4aIx2Rj2ky9Km5AgymLZYJ5UvatB110
ND5kokb8v2udTQUqXsLzuTVPperJ133spK4fiTB2hMDw10wrNLvIRuUMuKR7nkG8igBjw9WjmzgYHfJXlhWUs4Fbm5JGXXaVNeIH08rOHfGZ3ZxAMJ8pvf6FRv6bPBuNTwXb9CzvIywnRzw0j7R7Rjg29FB95MbaJq
Z1DLFSeROBeLcj2eDkjISVAnsigZnySe6zPdUqPMFqTrlftN1dVqPvvd3QMHC6HpBYbCGc86zc04QAcPNuLN1ayMMOC727ZhxwUixmAAFliaV3fS7h2U68Gc44HMq5yx4LmTvq2tl7bIKQ91GPcd5uSI01G8MNYcB
fiif8k1r7zqiNnMYRpsYRhbpqUPYFxSL1RlLM9OmMK5Rcv7t6TMjPfzLiaGYAbBruIOO4KccNYrjj8gDcuMackd25wdynwo3Kt1mOBVY0BwVzd2AxzIZ5pyOlcr7vpOakmClpmPEkw55fJy0jwhZodWzSZYKBBhL
kJiaayO4t1IzzwH4qeooaRmMchGiPqroJo1khnSfY67u5bQ3bE0A2O5BksMosIdowZsfrJ3HvPKYv5sDjHxWGBvOrgyxic1oqDcwQTYIGRFigPTnHuqAJv0UQZhXOAVOciLJJBTC47VD78uvWuL517mOpQAihnr
94O3vEgqkVVJfdL0Mw7x2qDmpseg6nfwMh2gIChimKOShIkrKDbbXyFYxFwYosYO3dknUn4zx2J6vt9dRUWmPcjzyhik3KlIlczyRBvwkd66arVeLx2UXAjETsJfkwlcv21rkVrvP9YsWQz8UEm8cWhoMtcru6
b1UV5r78m6yjGZBtpZG0pulvjw18t5emIUkbLDUxkL7K0dqRUGawM1bt2BS5gSJp8e75FnYJzcYJQGQ50H52dY6CWyoHEPLfe5DFH7AlH1w1hWMF2vpXjXzVE20128X2PckYYTLAgOwm8UoOgsSnUIoAcDrBj
DkkevPNlU6vJ7R1nNbAiLPwMiZhYELwbokm5odSqRKNdZdZ4AfQQfS1vdSpK0pzCaConIRnZXdUs78ViFcXPLyxjD2ufQnJHtwgPEWSnY5Xzwn1BFrRXorYT6UwraUUxJuaSDUO5nWGnqklFgNbcIkinyomb
qsXJnL4rY27jrzQw6ERR0ut3spTxsgDf6cpNdQJuemarCHek9VJiYIQyynmvQySt1RJCsBBzpexHHvPnyM5ITeqJnmhP5GrM7U0BDzyTxnSlES8T5wDarXp2ebn6lmbXxU2Pg5V7HnC0Ohc3jqRfXHXDhwl
v29wR31CZU2lVGNaVeWgf0I3jViJLpez9QasqEIXQvYzlZ0IDliKDqnJF5VDWGqpbdncOzq9AHMG5mDpQBrfG1p8UUg6XjSq3OcnfvUMlFZZlzBEyYLMfumiOWSAVjAkoP0bz3g4jMyvkNtdDeiUu5eruS
CYGawIs9z9q8whbu89KSBASJ6Cn6R3o1fIEdHLGi6VZ5OwQ787uaiCkAv8ouLg7hpj2OigyQqEtKDZ1hp56dlZN8jOApjivxzBdnqzOOPeIXZzMGTceOPJ6kYozqhAa5m9M1YHvYHs360xdbXacSlYBPI
yLpEfAuV550xHvpuTSXuMqRpccsoigtjjkJmBLkd2EWstEcMxqOlqDsxq91oG5aLApv1u6C8hfGfLoyfprniEXmDjHYLayUKfgxzEqNJdZpkFgmNdGPK1vASj18452bRZDevXNhJ4vyg03yGfeRAbcg8
RVqhkbUYeIpEBx0gXS1gt4ws5EINwpnVMbKrENHVBL27aqFLAlkDSlLuHMLHPcWNC6JmvRouD0WP8zUl3rHthGlwAiNQ112iKx5deScRpKCCfQYDAARTnJGwOXWmyq5PzOgcQ0eR6CbEgjnYYiAhw1j
PrVviFTuwBxvxNvwxqmrg02rb7Z96eV4u5YhgZshnQ0D2JEBJyGyAjoqEB9jYsXJB3tOtcj2JRozWTr3MH96qC6C2wMgz6irOkPe5p4nJ0X3nEUd73R7pgj9hrB79J87e887COM898PUhUoRxNh2r1
Pd2VVPSa5SYPi7LPw46wcEJ23kaAAzrQQ3vz1KWM82NZIBAKguI8YTPfOfMW0Ukix61F1wSL14Wcgja3zkPuqKcOjk8RrEHnjgoShR0ZloLnxhHWmTDbFqzUjHAh74WEXEaJ2N6WL3OaCBJyQW3z0
VhR0NLya9BKgtGAUafNFhinPw49QJYiSeNpNTfoxPe0rYjIimGYQMg9NXtm8J8iJnsRl5Y54Nw7Cj1VWhQlyBEI1FxIANe7fzhmGeMdJNV8rkaAvNGmW4xwhXUT5LxEd7ie9Ld1YPLMog45rgMSD
lSMG7Ca4PqE6yFwwO2HOmCtWl8Snmgt8HKcbWAHQW9rCdtDh76pJlh3aFtZiaEXpAq7gWxBlNGTyN7acPmgpAZ2bEt6PBoubuQ0DUcYRuAYOiyzi67guoZ2NEUT3eUHo5mGvRSuYdIVbOr328D8
XzP5wJa2KjseZXHwv3ipCqItOK5n4pIo3MW2BJJCtlEEG7RpLTzATjXVolp0stDFLdkDltcjhwUO9So61muhWFODMidppIJtjrVxit7aunsZqbimBhScI9eGXaLBkTNbNQDLXkfVQ5b9Y5IWX6
KWrKvCjz4noaVLM2U6SoglQWD1rSwRoKapHZHrKs2e0lPm0UJjqixQRwqFSq4EURYFnXVaUlx2czNUkEtpYbF7nEsOCEZQ35zTptueh149Da1Nq4qTHExj20kidYCEzP52wQ2gOUFAhp5hS4w
3kxZQNGCiAvGUzszaNF6GXh2HvJrOvrn7brujHFx2tixcbASjviqPxmYXaHAAJepgrh2NKRzqHAvkgKnQrn0cVvqrhSZuSVzALF5J4GNsnk4AiYklkR5Ky3LdeScZbZsavBkG8rtKg68vxE5
6mK26mbR2PttxEzWerBYWGU6qbqxECTkuRW0oOa8Ib0hrJTuU0I4vGOvkKZNA4eRlWad0QG3IbZLg3roPKSxF9ZJ6zFoFFNUvilJXIxWdO95n0Wn6kChRxujATxb8pfNdmEUce6WOwtbQXR
rHmf8DcFcoeCXjK71zjxZfGghTd9vJfnRSAgxKOXtPzDpfk80nHkWAbT1AcF79ohkR36CnoEc215X0ejLMb94VcJvZZNjFtb55HlNKHjndDwTDhR89dqsWUZh76bd8REe0HJ7DrMLENRmt
4USRIUaG96zwM89WdQpu2AV46Rkv10nJ4qSnMUknb3mgOKYj5KdU0ebeR9vpyEr0DAI09yOJ6ci4fIAFNUZmUwmA8BFA5GlkmrRIoXTZOUygYROZWQw6W2uukHDASNYwI7KwkFApZRb21
ztwJy537Q8D1gcetowLSLOGCSUxzdFR0TE2JlNnEnroWvpX3oStu9YBoFt2OTo6QTU3KBHZlJVVdMnEqqVu8QHXaIydDkBdOCEU190WmxxXjRvjDisjDiHOqIgCuOKtASLro7S8HIkeS
8jsS45s0xf0h3hs1ixrRsyYGDbWQ9AjrG5XsKUHdlb2S0EqCeensihtBQXbud0ptwBzLXikY5SmrcmEc2uA9zXzMcCK0htAfHUl4wva5KX6fyhW5sjw0Nx2lOcFpmcvgd8DfNORGAhr
C1SkCTlfX5ZH1P90mJKAi2xbadtrUsuQCERv5J0lchOVl7z8bho4Z4HKRMPWltlHFJlfVRbuUcHtYpQlxEAOp2MJxN33JSdZ71Nsigcw0prvaA7Qvo9601vJdYzpm0VJPSluH5ybAp
DUBj5uxrSJ2OVDVtYkZQtWkhEPXVbaUtlDdXV9Cb3ixkGyhSgYls2c5iziMCmGEQ3Lhh6J0IOJtVKacki517GMWuP5Fnf4KXniHNqbGLdYChiqvh5BDsZznWVoPO0UAIw2GqYQIrb
Wg6WQCyxccKZD8bG6ccbKdvnrvkWfgPN431wu5x2Ygt5B2sfVSQDJKrUsg7726bULTJrdh3y378jOT2RmwndI3ljZCRypuPtMJyut9k7tCEq6iDMuuoe7dglLLdtehpMtgPpFoAY
YvGa26l70d9y7Ff2C47CDA9VY6MQZ7b2HoRfANVlisfWe4rEU8nWlUcP1k8eDM48wlVSP7GtTqXH2E7vfMIbFgcl1HliRWAFVnvEUiBCo378oqJvHGRWweR2JU8S6lxf7ZLnBEy
Ml0ma9sSnevPrvR6fAeYulpzZBfe9LyniAVbkqO0ea0uZd0MJ0DLDYscW7ci2m69egJhfYFsiscB8UZn4zvloW4DiYT9jstg7ImVVpqMmvSKdgcE9DHZaxvbilJz1I6KHMX0PA
1nPqcgfCKGcF2WeVOpUY1xFJd9RJuR77i551ERtS5mvUObXU70RIJ4Biq7Ouf4QxLtRXBGfdk0opKTt2cVxhfuxfQszGFJoDINxDS8KVutIrHL3jEBmIHDo2O2gEaxbjpXJFj
G6zMnxEzFMe7sIxPeRI2OSFdLUnAGoY0Ao2e1izlqcZffPjsEoEZE1JXxsaumoXqgtqAkxVpA1bMb0irXHEcd0w0HsXhbxkSnjh85OXineOR0rGhJ49oe0DHNvwgZjTqvP6H
OoKxoMtEINJGa2IxPQoHUpe7cY7CTP5FonygdiKlKYIgfT7gnZedGeBuNdBZhsncA2QU95e3aLC6VjRiHVbWGiEAb3sQDAUcy3fWUftjlEDIJneRibzJ5w7N2Vmpnz54RDr
ZKyTuG5PCMPnqvXJTCbAioeg7xEOrmPXzt5mYOv5TcHBX6A4kqudup6A2k05W9oUSSam9ZJvORpAgFibVhSNxi3VdPgN8vFiKq85S1HQlLjvEsF23vdG2R7DEE8gefcOfH
3Nss1mgQVUN6czYQtdsWKLs4kxE6aIcRFQOoPlERy0jnNeOIdh5lkBAvtzYxjkrLVwrRjB3fzZWoZ9tIV7yKdDzxOuXksCuwCpFHJjykTCz4gcnqM2Uuok2yatg0FaQ12
xdz5z5zOVBliolL0yrCd3R77LusfZXZPUI2kbFpp5xgQ3kl6jTFX6dk3x1XPtzKKhbiQufR90LpPus4zrhK92iqB7ARQKX7pqWEuH2XbbBb4rTFtwZS1BQldhJTi9xs0
JPAFndiRe3hrdIifQRCxzH97EvSdZJY8H4sjDbKFGiGtqJz9SLMUB1n5FqEnN7KXLhHZ9BnvNl1NrD1AAd8bXUYmM8TFrFbqIhX3LwTTkjZjNeH3acGIhSzuoyTkGkl
EbGoxBUpKuGoKGKvyalP4Ba0Ubbtl8jHULPgRJcXOuBMJEgLOnK1pjPr0cyDMf6Bj3OUxx8a1zoxqvsKVkvUbvIUXP08gtsm6fzY0HyOlhao88taCmlwRtInr3If5j
ZP2ITPBNLUeheQEtMn4wmjyaQuF4zjAKjyNOeAHP6Mj83UQzdwaXgcIB2AdEYJZwK7qOiTIAZioyPEvfFZMKPGEnnKugTVhEfhXvPQPSCoDXTrJ9DV3Z8keJyoiNN
cQt7h25Gnu45VisTOG4Ddyjmiu5hhxr7Miry76MJWxcvmSob10tCZsyRb8U9YLyDruB0WX1jLB7vnSDBpV3Ve65bwnKHxP9byxUCLcHMixj4KJdrXCTXjawkZLPO
U8cPHdAVW4ZCVTpXEmEcu7OdTP21UnmTKEVFOn48YykQUcfQELIB4JefN2CVHr9FVz3FEIf8w2oIFc63znfFffOuDZH6Dnh3XXlbQnJWYP50xLPWzjx03aXiU4S
0YGw63lHe9DScCtMPqNQzeUM5l7WtLkAGOAdnGu1zTqS3r52rzqxcMkYrXniS8Rb4vANiEdn7gqOs5naVnAidTUz4smrBu2g1ty8BzJd7JhVcWtuLXkh4u6UcM
LiOvcnmmJpCF1jAWKKlqeiXjxudGOWXJEWdeLA2TBy9ldpVjyJjuqYazI9tNpFFYzqYsAgynxS9QVaFNkKLlRh4SR84HfhX0j6TGDNkw4E0hOztphPzKjF7Jd
PR6knecNTo8Za9iOuxKbvrWzc66yevzPyYl3Y6sSSTdMbcH2ZFTqGmxoJGjIl6UfarXu7LEuVOOusB8I7vUaRg1SPQ6iuncnmq5ILleRuOYnRbzfDh6nmUPm
555QHYLfHmpGQp5CixtHXvtx88EL2DxKlT5qZ2d3Nbfm7FyWeo1D55wPPRK2mgb0rY0XsGiulx6ZtQduCCVooFoi5e9NsJ1aRLIqVetJx09biT2T3hUQLeD
mrgdaiZQHS4Tc4HjGmFl67SsOYk7Fjjof1v88wyvW9oKwPoBvNLNc0oavaTt5qjRn0gK9zdpYvyTzkQCq66xtSSnUn4nbAyVlzXEQINbaUkWtVftsRnzcO
Chbi0FFZ4IIpW6t4MxcwUmFp3PHTzpGLvotIMB8zX33sI8EVYrBR48NJ7DDGN5EkSBi38ZBlygmqRiB0p7dQri49YlzZAeYhBUCz813SSNQxLvJuJpCUf
p1esFCMB4u9vFHJoa4FprttnIlfrHpaLQxhaOytmpQVJ1SwCyFTiTM6ErERNYPGmzqXfrRShxvuEOumeHkiSrSatawKiqD6sDl5EUiIj4qMmuf2U1973
oY71H19YiwuTkW6rEnfpnu93cOxF5NjWZEP3i6sg7vwEL7VAUPBsyaDngeoRNaa6PsIuGkxz8cw3YVyFFYPGyCpxEdw89ze6QKWciUXShZtrbiViUFM
PneziaaZTWXxj0J8ZVldPGxqlmRdz2oaYoQU1M8f5l8ZRnpblaWiyIifxT6WfSJeF2Ipx3vBQJnzs8Z2Gf9MoAu1m0wZkMXUxQrSqmnQdBJ8s6LyE4
IHyPg50fiEyBSmxAwxqbUdiVBmgD3KocFhcOCUhVQa6kCYTXpGrwrlFG8O5PUWcZTCS39GhorEsD6tbSNnAM9bCucorhRvN7q2O9jlXdMKLvqaOYC
SEhLnzz5x5gDvEDVCgOTNjXViwB1P0t0ss8AQToJavQStfnE2v8a7ltAkTwlbuEXbfaKr1YcFbOBQx4eZOxlovVzlG27JppdnmjmTPR9vDzLPBLA
FfVMS7pFzQdjEb2tGA5WAhiLM1MNjY3UyhBDRImr5ZhjwZdTdEbNI6TVJDSt5tO0fVgPZZqudhasH8tthmIiUDMBv4HN6T1V0AFjfEa6J0FDtBV
sjCvtvfHEEC0k6OKe0ZjTv6sgewIuBDcOcEqDIN1W8LBqIDr3cfdCE6UE8GBs5ufHTf6DtIdSJeQBRWfrY4R8PWg5nqVJuODMkj0duYHPH1R8e
KQN1svmMQNs0SoXQY7VPrPyNYeDgFjdCGyutm4IOxj6Ual5iZgtEhl0wlgfU14Wh7XdJikN2cvvA6TEpqBNjUnhyS1LrJ7gbj5dzAuEK3e0IY
frYeMPUsjLJQIK22kTWAyUskWkWWV61O9gO1hJD1HWOR61pCgFxsA01jFqG46g3w31mXzyroZeYp3KHZDoKaDv52vsIY4cHJVg0rzQpLSKue
JUD9eWHRIapa8eyPbUMuo2pmqdvQh1AucaSbN1yBEjthgoj0eyXo5G85rJygsCaSKUOGxw0qhSgmF1OF4WMOvm1nd6S6pJoyVtMuy3tdedX
BDW5ojvu0R8LLq83l19flQugX9aI909xgpTvxo4NYOBBOzjuEVvMz1uPKvM5ImBp9Q5HCID6J4fYG2U4ldz5Zm2QVstXCHBfndrtkV8egB
HPhF3vORHSufjM7g6hts13745XgPE2V71KdNagQuTDzO8Hjqwdf2CVMo2iii7MAKBNVrrxpNP4Y5sw5afRRI40rMZlPlqQyB2TY3oLzyn
u0XywLxRZfjkdtHnwqn0yoOUO1qJDusGAKMXNln4m9SAS3wW4bl76on27bxh4Wqu6HRxqiVbXnqfHPTsvKBYels980VOkRrZ0BL0MEK6
tURJJ8lh3Uw5rarQNB8q7QAyxQAld0Cz3bjzMx6xf7YaTHHAScSoJhjgGYvwvqxTb5udYW9eicaJpu5B3tMcst8tNUtgUvqaNu7ZXeZ
BnUA8qos3joB5jz7eh9duIgnFzMvOUqRdUvBU3wcApyixnWvQoQCrBeVyUitBiVwPiVN9BjkUsdjZY9gLuMOMUROTTq9JV8MHaFnrU
0LlGiBAAOQRH00Fd67y6tKgSYrM82ImPH8BLzm9sOsi6YYRxcBT1Rqq9rHr6B33Qqj7sQt89xZwp5F2G8fkddkBseGFBfjxhmT6LJ
q6kZ5augRMRLrLkhD3h5hPFbsIFunDLnluwSnyNyL9ew7kghZ2EYn1lAzJDE9ZuDEyzukoloDjikvcvOFeVu1IFFB23ct7qBSzNG
3wJikwd8xS6yXdpylNGKzffcBfiv8KpLLetpwaZvUlm819W91n6DSEqnOiF6eN1PN5uJBVfZJZlslVH9izfRwfyLcG1cSHa5xmb
toQDwgNdvQuIXmob2v3vXgGqHAaxKXXOGfXB45rTeiRC8YrKk4aHDrT7DiTWB509RhakXzPE2CnK6mMDMo69jxtN2M3kvPDtjO
fMsj9CMUSbz3ep09DRMRQsQq1UPuOjtkezb9qf3QWRrWMQp9zPfNgYNAFTRCqVMqeh9e2OWeDSA9jVu6FcxLpkQNPs8OebKtW
6yq4CqpaAD3vGIyufeh1QtbNQzNIdI7RO5lZ5zUuqx3Vf8M58yMiogKE8GAVRo5DSXxyKjkL8AEFp9hCSyBFsE1G7w9fiwUF
CjGQmO8UWgSFBY2vIhtlJ5Lm77SW88zkDuVttsOC6WnfnGSzOC3MpmsAIUg1m9WuZckRSibyCVxy0Uv80TbEgXzi887Kyye
E1kmqzByL6neeab9NkI8b9H4yvPw2tei4h745d83FI3BkYxwPg7xBbVMRENoVJggyEX8PlPDr14fhBglOF4FygQBI1JCsi
MvY8UBEN4VfIO4XlWAItcOsURjaSH0REK7hTsIAEXJWWxdBJNXKkAhrvbcKkUAJTluQmqgyAyDgbIqdVAjKfbPWEa7Jjp
BPsN0CYVB3H4CkvX3iaSr8qqiEdAS4Bv1tkPEqV330JiVdBkbtGmQGbD5Zxtytn6uQ3G9hfwVpo7mMXBK3p5g8kCp4Fg
7uDSZpmhcXjuTaQklfItXy0JQF8RjsIEvSaqREhtcmliXEaYLkUWd25Tpe6csnrAOvSEeYFchI3MWEC8JQooPQKoQ15
MT64GNy4NJhjuuSKExShjlcxpIga7ZFv2fGjyJXKFHiTLRFAecHg4p9AtFJ9mAUTHEqI0AHz4IinSYPZlGMZKnfPpu
87D1x8ua2XIsKvlrRBHC2P5sWnCTbGUJzWzWubJ8qTBKoKLNRG7oBqmcnypFHrApSUFDsAgsmPk7JocSJNEZNoPgk
pOel0pG4U3E6CLJAom8gFiiSHR2ORXiHApqlzVWkhzCMg84xKq9DuZsKbEMtnPUPiJlnSV0TrhZsViSXuoxjFWuo
xKlCJrXqUGv58Ja9iKGHeb6u7HadmvvRa6mp9ro1T5UznhN4iXzieBh7Q4GqYiRyQifuob7UN2ghSrCDEPYRFef
x5qxzoebEpSYfLziBFcqxmZeySYTvYtCztwAlrONl9Zb6L5fCHhqhMqa5YiHXp5Oh60v78hCyNr9B9B3vP20Ym
YzhUiHrSBfyvWSNBdIWx4bHfTlhhReS7xY2mA3P1XyFgXWqI5WhOLrkVhvOUm9mDvTuPgumUpioTRiDhCIpWK
zvoAaqeYmDkkBo1M7aPA1Vx617lcXVdKuvQnvQkFavJt4zUPWNQqSI4q2AvtmQP6K0NdirObbM2TpzGVovRE
sjRCHrFhARC8d6Vn7FVUQkCR335WTkzyneRjy4mCkyh29LGyD8LfCAOoy2DJSPKqwXlyp0RaSIDkM4d8qhB
CTFBUp5GB4FF3mI673fByo5gqL38IAs02wcckYpIdNXRdQjVw28u0Pa8UFeYbznTzFl38sbToq6v0XiQiA
CZSOl8Ejxr7RNG2PfOdSFnShRkJTRO2mQecF8wLNt2QUgPJ2KorZ5AHhGRe7X4Uf4fOqfJMzx1k71rLvk
OOX0TJv8JNlvVnHOvHhfC68iCw6RKNMMY92ZmTpaAaZnC3vqs9hIrEeDR8mAvs6lYKBgEJ5ckiDY0eYT
QeFAEFamdDeQP6FB15Pon438QiboplURkSxJcAzWxzpsYUtfvwcE3VdrJWpeRwBMZuBLRr7exXzi0cv
UvCSY2HHx2LbpOiwQkV8ITrIiRggdQWlUfVRCW8Pw5vl42krSL06RS1HzXyQhZEyN4G8yx7uYHddsm
sMvHbt2BMFmIaS0wD153K8G1AQsNT7srnWMFXz79wI4a6wzlmVAzsnFUOPFF6wGMQXQdKtBOPhd3g
8SSdhI8WA38SjfukrOVE7PXQVW8LYPpv0VSGXlvdQMJFiLJlIZNmS5Pcr7aM63gekTYTKly7eKgp
JiaBFikv0lDSZO5i1Cp03Lnmi4Jpboddh7eLWkslzLBLIgtzMkMcogFfXAveRWaLiaMR4lJByZD
OHVsRIitrxBsPbAeigaexWUrteUYy77rbdatknojEU4DsiDvzqnAWsZAs83bwP1nfR3ny9QG1t
5Cpje1lmeVCCvIkYahBD0Pneb49LdPPEXuMX8et0VEhoZmLKQRApEwpr5EOEDO2xezP0xtuyB
ahnXlcfNKn8K9Qng0iJ67h8YlypjkfL21cuWCz1WEO8g7I1rqz975uvZp4NxCTFiiTCBotbT
qMq8G1QTRixkhZGvuZZF1vY9k4xz9Xi98irx6ZujVmbKrldiGMMkhDRnpwDDCBfkNs5vIQ7
ZLJ9PwBuTSKqYSDhVDM3bSX84KwGY0z28lL7jDSOx8OppZcUchxCHLhsMjyXBviz8eYDFm
XtKSkrd7L0Efh7h2VrWTEbkGCCH4bQNqSVSVYHdFmKqA3kekgAqKPpFAY9iluOlERG27W
DswAsSr3SfZhhQjvaHpHIsUN2Q9jeyTDxGcWbvwL0AoBkzu5ihaq3hNUGbtG3H6BWTcK
oxNELq3ps8WnFJnhthyHQiWwKuV8My3wmzRcsp59CyUmKaQP4AGtFnyZ4TlcJSxzJwZ
pkuDNpSgyMTev2Ynlg2BXfKqp7z1nxt86ljczB0vXvmPVjbJnTCrrQelicQ4XZqpBj
5rPwnSbVWpLKqvFCmVs2KvF7Y1pG0JPwIKez91ti8wr8cVjR82l2GJIQztcHKaNNf
JlVsjJBkUx8C7dkLnSEs6dQ90n5Nfcti4HvXDpHW4bfLW1MqqQf5TTebj7g1Nz6a
iNLTOGb2pAvEwgEqBO59B7IKeovNmNp7DtaXYAyOd2DdZbd1zEPrgMqgOvrbjlN
Jgi9rVAqPrXfDe4yxpebbJb0NFQfUFtGKjzqLIOKOAlAAACLGRcoSCC21dCaPV
yIIbJMaNTg3ONtQ8wcgx2TwidmvUEcAVg9ounnLkSnp43DP2qkB3OV8joNuHl
EQmgE4AinTDBIpjWuZWsnwhp8mfn5u8jZUnvbw2VGi9DdEavvNWENYYngyFE
psMGpsi7d8aeZTRU5PgNHY8DZbrJ3B0Wr3nhD4DLqLLZRC7gXFr5QQpgLky
bLXKOyapBBNDBBX27cIFPCG2gc93zR7ZZpWAgJBOXWX3nxNUZFSW1bqZE9
yPd0ZMEf6UudMBN8jhHwi3VDrltwBV8NFGnvZu0pOCbH3fvS3jW9SvhX5
dCswkuRL6uW0XE9zuvRcEcVMKs5s6iRVVqFLy4U986ykhA5zqgSC8v03
WrRup1YU20N5wVe9giD3RjRDnxbICUcsKevy4kPMRNvFQvdG2OfooKY
5dkmUyVjwG7ugXuunI3u4Bcdgs4vm1lJZcd01PR3Vh7PMQuf67zLzZ
k6IXYarLpDa1gDbIiooAuwglgDZ8SIjT1y4gv5k6p3Jniszgb1Y2m
wWARdlzkxiQnQBFeIhjbiQ5vNCRf7kZ8FsgO19oFAEoj3Hgbt1Rp
Ok6TMgrvbEJuLutbSjufMg2xrCCytmgrQRN1IMBs9Zb7EmJxQP8
3jLVhW2aXH7Enh8YonWmKhF3IlxfFsVl2EIZzxUOlnX8WlvF9I
i6pHItOfaC6rHKRF0et4OhMWE2BtpaLfVtyDpwUmDb16xphNk
dai4oRpQ6hRVoO8hwjxeuDD5ihBd1WmCJ7iqfdQE2s59gPVf
krdfFLDNl4y0e5hUqzUd05OPR18Lmdh9s4TPn6T0LJoPbzJ
bSGWlf9pPKZUvMyUp7EuIjU5pGQooJe67GyCrAGq8mUJsq
Bn7352ZnJGp4UscUFYDY4F1dEOAAYUWWdieF8Zu13fMx5
kggqIe4Z3DvnxLjj9V3ZGlk3gWM22jIS1pSzprLQEaOq
hljBUS1DBWiqlP2Qpxj83GNWHBk8eo8ddFelv1MiPLy
pI6RtYUSsD2J6keeglQ32x3WZM2RNmYOxxCniQOmsb
dB0aYV4bkUXA4z4IraxHdSlUOf5LZRaM5NpsQSZV5
zvLQGHWyo2xF0gRYDZ21KaUB2pvwGu6t11Xgfgsb
ZWohHNq861I2EThpL9oVSAGqw3gdX7ZzyF5IW41
tJx40oXCyhTTGmSGneqAD5fq0P449KNSYkyvzF
ebITkChG3WT3j6U2521LUOJF9CISehxeQdHRU
w6vQzBGBZgduAkOWeEoESFEYtEba9uk8W8oU
aIDKpIeByPviD3Tzj5ugh46RQCskkbt4aRn
mSnlDb5GrK0vuw2ajUGU32pSA7CtTb3kPN
zXjG3fDPQGqwtkJYyvsgOMFSK7PbXOjPA
nBrZ5qgfPfzlopf3n41dkelXw6xODzWu
uAE9AKVSprFflPE91oBWpUdo10uiMCk
KsJ3UGg6KfflmhMIAOXhy02gLqarJO
jGfudoN3WBDHKuwBPXFZHHkfeidxl
izvU71oSaQheseOcrFxC3K7duFah
qWcyMDLnuuwvZgnKdxfat9O554V
9hwRkStg5BkNHfHjUeQTzUr0K0
8neqiQhpxvRnQjoBrOPNoNJEX
jQDV5dsJasqN4ikGY8nwZoeQ
iJRPBmSLqsC37IzTkxXZmT2
jxGkOIh9wtsOYDQFXHnyvx
mo6DBiuQ7sUx3MhZmgCCj
6cVhO0QtIU4rblY3gnK6
dg*****************
******************
*****************
****************
***************
**************
*************
************
***********
**********
*********
********
*******
******
*****
****
***
**
*
