i
3Q
7Zd
lYF5
QL3p8
5emIyF
rJjasiV
8cDZGso3
7zsdGYkhK
DEOuWwYXUP
LpuCD3nzhA3
ApRMb7X0DWdb
8xP0pZ2i0Whfd
AW8NhL5vCcElqs
MS8fiYjCPHotbDs
WLIj5Fb1jFu81s9D
iojxfw8UOceeRDaxS
h5tLM5pQWXqHhXIzNf
9MF3Yu3NGppyRx8Tfba
bLJeIDhQS7mHtaQ6yZIK
mrt5BneQZmJPcFwg1gGeF
jHB3mf8rk54g9IqULW7c36
Cl7UQEDW1M2hxH3MUWxcYHd
TFjbs8YFkLfr9LRpnWQ0ImPV
sWySnIHjZe8J8vAExMBHT4Pjt
8RLKERhsBGCEZHvZnhjEHMqDZH
6yYDpc1ysuB4n9dedMMQ6dGDPS0
PzjTTsW4mKN5jLdXzTJcrFgWf3bU
2L4mdAhtIB6aRvBIsqQWB2UGkumn0
FaODBcIb7Laz39eTxLya6ZyU0MtXf3
gLVkZ678Mr5pvKDvFqsTaF3bZwgEX4p
NmUewb00hQrvKqedEq85asIZIKMS0zV2
EA4FOqzkQx75a7Fw7s4T9n33zaeMSVzav
VexVz6vZPHK6WIwHmTbGdYt8YLiQgmKP3d
VVRymRJxg5fgzZeC1d45GamUMSxBWFex4Rb
N3skXR1JerIE4kkIL4zNzIpy5JyYcYjjs4bU
hGGhHCKsMykG85ZHbBKNAPZOTNlta8O4zBDi1
AmdC9rhqEtb5OjiLNuFCgTOBB3y7ijLF0h1ifS
yLC1mSA5059zlGyu8H7SvABsbx4BmEn6AeIqZ95
kqw4oT9fcnVIRmXOFPm5byHMCHVC5apZalimKAZf
qboDBGX6VrPuuTOGZD2iPQVdEMXS6sN4ZLlmRTU5N
NQIX7CahomhCl2bquP4bYLwBi16IaLFo6CVwvrh33n
iQY5QI4tddwsruC9eK5FtP1HPVJjkx9aMbF4dj6735V
6QmeQv7c14Rd33oSZ1lUa6XVVNgfzEPGznYJEzjpBKbf
n4YqJqIj69Ifml3CM24pTdw78hAaiw855v5nxb9TI4raW
4P3I1WDXQhjBY5JHPcaxTZZkj3yZ4cfLaDHRs6nYC9W6w4
zqTSaSdIB2cYyYlaF4q9lfr7tRtZhri7eJox5bfgBWrNnki
uSiZBxXdbnzw0vuunLjRm0KAc6ZlJTaP1bAkCd2rXEejyoa2
r6l4eyuvQR758B2IlruHz7NKgJpsP2ReUN4LKQz8sGPTQnRE2
T7VxcX7gTTkg8honXrzfxT5oGaCkPvWGHxykPSmT19eIRosnjQ
W7nySkcaccZUu3gjAhBqPl9PyaovCaLaTzcm4DDBexCuBUd1yen
rjLeffoQJ16phT6Sslsrl0RdvW8FX8oEErFLdN6ofqs1YFqtUaut
NGzkbHJebqFrw3waz7186XLa1Ovag1cygZfW5uAYucJoGMnyvBSY2
8iY63oRM2GtyqX8udxkWhsbrA1nmehH8cZwGFEAk6Ed4cVQSyRksO9
xWOCqOUH5f56qjhWbDzWlXvEf3m1RbLwOJEOHSGxYfGG3qnYXCmHzV7
9hKKUsNUdVSj0jPJPhCFXZo3xBNoyWSWB97DTb0tupdXcg7a2letGo7i
JvhOLY9RvenlmLj5u3imZZXyBDi0TZZDONAIXpSwkwk0ObrrGl31Bo68G
At0fRdh9MuhwEjkDcFCCGD3IpMCfchrOsSkONv8R1EEpIJHgA5InkbazfO
9Qp081lCmPrUC4SvQ6dmFNNXgwq7xf3HGWnaP7Pn6qdp2N6evRmtWdRGsDs
0KR1EaTqsaPZGLUKmVm2upTlEtM6x0BJ54sjVrlqcoZuy8q5a1Jv0D8sFmFe
K7J1LkQCgRC9NcZKMXmora4SOqNCbWCzy0EeEdCLPv4HXiV6FlSG1ybvyge1Y
CRMdmMOC9JXIv5Q3ftlbCKGVzlT7lgcNIjyctrPAIS7suuDzoMCTB50ySbWF0I
06iZTpCGBWbaH5b7G4v5aoKNk7hGgBCTfV1rUtTXXjI5ZdqmFvJe3GNAse17Gta
eGCtEVHcnqgHZ4HthlIhSDedOrZ3HDEH5mUloR67REcvkknvxs0UO0lISGc35tsO
2pp0MSrQxnK69aNH0nF9OI29EBPlTdofmsBaUTHjjBEEe89WKziMj9nMzbeyAocrn
yzdJp3tJoBICz5QQS1BoTSmjZ6GFTHoJinVgYYiL0qWM6k3y0jhvTW71uzkMozRfC3
56s03N9tDrhouVxzipMA8KUETeq7dZOFpgs0yYWFHGMK9kgAxugYwo9Gp7zmldis5nH
8j1sqhoLRzpxWh91gZOeG3zjQ0zNrCCQHuMHzqGezUvUoMxx7svaDC3afFis1GNdJDtj
DMjOF7HMnpkJn8kykAcmc4CVd6PlhtxMU8NSwX41TZzlp3dcr0EmevosNumtlRLegBZdm
iZgVInIbSgnlUGjdU2iqHlo9yoFYBOgMQ1W6G5HmCf0QqFHMpKMOtq7pogKJklRVWxsnGy
V4xztzwMklTtuMeQPpYIqqtRRAwqPTtEanwxXqlNpLJfGJHGeXCqAERxcVza0bwYVqimwdg
ohibqOhVPH1P2oRB33yFP3VGkFM9VoBJcNgvH1iYd8BCZ41uI6HJIQCtx9WrDbUefuvr73HG
LS2WuNXPx5Mht9fvyHbBgfB2ci5M0xA7UeuqJVOkfHnzbAA35OjChOi8r0bSJOpVqhFNOEeg9
16Jwiz6y6ps3gB6GpoZif1y3lKnMOSnvudbh0Nayq86fzqq1uX6zyQRf5oy3E4BTRlwsPavLYY
liYk8UHwkJWIuuwk7RSz7x28W1GIbAF7E8Dhm6gWnH73U6A1jhDE6odu7rPUZDnxfy9Z9BfUQRv
3jLNmo9iZDcEhbEywm4xS7MseS5KkjdAnh5VvwJqEjEJ0nL0TnJnIRXIcoM5aouZxQ1ZWsSs4apr
DuQ434Nbj6s6ApqJfu80ZLkgjG4CuQDVZsgiFr3U9RbpMbeu2QXt6YdESDnCar2KxXreR7KffzmuX
2jtPYu6Zvhfe0IxQbdUeaKRBHPwinyBGsYGyIdDd4KaqMQ9fT3fuvLMlKMsaIerkNHdFuLO8Mg6FTr
LW4jXYi9Lwnfzzsb3ukETdZVG7LsgFxkcBcq04785MBBlwiSyacN7LQx290XaJHWApWhQuFyO5Yo4KV
9jtbRwOw35QyB2JcyeKdAqqCP56iImH40UTdJFfcgGnOfszaxg9Ig7WhOtzJ2pxOtofLJ3sydXt4LcRf
8slBGRLRGdSjnKl1ebbJTSPtdw8kxd1M69Zds0PeT0jj4vS6ELm79v9TcrPXsb8BIpqlRLj87vRPEz3nd
YMBp1Q548lFUX7GY5L92irI4FUlrc7slmtxYSTzlKrtS9HmeGI5JOmvCa5DWwKV1qrfWM7VBQGvoARlmZS
aQqSddyLNuUQ5MZD45gjdTOWU0xtOLXg8AYBJUDEOWa33KpJ1ctXpedrW9u96RBwvWGf65I4thJ5lwb9v2k
72m8rOAW2xc3CLfJ1ETUBeVdlBWCpwMX3sl4fBtXu1iGccCVr4AG6mwAkQzxWkLe4u6CM9cKO2RsBneGNC9x
y8Igig8Dn5RYQg61BYbEdtPq1eGsCz0RH5LID3SyLcU69bUxjsr1zq1FqkPZ50bawzgCVTVCoXlCwtqhzwZSq
tvqdvXEJqwMzh0rwxDpONGLJTljGBGGYpBr4mVxmFhDIFELemtOsMIlZucmMokXfLERx5wRjgnoKurP5yLRLJJ
0LjLGxo49rksbAdtH42Om6PnPtxEqhQ0oB7IySvAX9MqkoyP05IPPUcPPXXPHf7OqrMrXgCzB7zKSvIjHYpTR5G
El1XOCjIChGRMPbpFN4C2G0WSvF1ufkBbW3zfSgJYPQXPIYRBdbjrUGAs7rbRjiuB8bwpSIOW6ZQm2skDZcE0pvT
Abkv9d3xTYcLmgKwE90iLNdZ4SxqRZTvqLE9goMeIkPcnJxumNkvC2OlwslFIPtIKF2oMslB2oyYPbJmgtRI4Cy6L
hhMjaBiekfJ4nAM7ED4yQMzSQjydfQh4BrAtGEtPKI1x9aTgPsz8oWiEVjKwVp38ly0OBWLE6cewATdQy8ykujJMvY
NyKzSivproROHjzHhUZ25EL0JrRVJr9Fp6wRQnJW7Q0cBHkLFHmg7vVmb3os6DPZlwnEbfzJYHg0Cn71jJSEfcyAGgM
dINIyHsVh7tyzUsHQXvONdQ84IAtCNKKFBYGQu9TSQNJ5oDeTtqAa9kR2BTiWEwc3NurLZY9gZmCBiE9pClmjcoAyUEC
WRPw9yt7RNeI62Wd7sBXLKtifkFxy3OZpLCEeEjR9gZwAfsl7eY2OM9grd7uC6RT3m74yCjAMNX6tUA0U4OJz6yxVW11t
pg67EOSnlhdwHRtRbAATW7yu0mHpYdhL5E2jZr9YfBTy6MTH43SyKDk7uwAUfHNR8aJkx2O0kGZXA26iNujGGcsMcUBQRA
agJkmkWnFBpb2BTLNXrr1TbCCCQ3dsr96IEJuzsYynj8lO3qW4rwsnDKtdvz61Ywz8UbHpjU8vmXxNXIaDI0yQ4oHH2xggc
6BhMQvy3J2N7FEjXqN99UpPeLY2swCQ73Gmqi34OJx6AwXsP7G61K62MaMia9CTO4kLWA106EeoDDbDkkjSyXwIKJwg1Dqvl
jzRYRsx1z2iPBTlLPFwSVU9XIFySVmVLR5F1VrHr3KegFjlDIpaCrTcP0nWxTvf6YLI9qB01EWX1BGuDKnbPjDKRr9rYMaxXd
dggqGXCbatiylTw7pODHI1M23DzEqLKdkkgKTUsuOnpijoWxuaoPDq1pCENCXTUTPoFVqqYOnOr0uXJjIwlSqQVCaAxI2gRnv3
ix3KaHUxmqPdlMdx6dJdUkNgid1TSFdRtEXx88ZU8WkC52OPXNh0wyVuzkUKIpAPNzzvHOsv81qwYKO3BjwVfFN9IR3TMuGEbte
kqs69D48517KjEILIXB294UvvOpezjt5jvOFw2a7NB1w5vKbPET9jCU7Se9IgQnnUviKGb1ApHZWlWOosFC2m9Lw94IFezpKAgH1
WdwFyCchfsz5wPK17N1ezcGzSUffutXDaDmccE09PHeqHKmxTYxyoynFLWPrXSEOsizSYHlTXkG4ilGJLiOykvYoKTjW1U8EqYaYA
2SaSmVR87A5S00GUnIHjy2QqLdqB0GmqmCSB2zzOUVQ5xcnCdjHvW2x9DaagyEg4vThGo6Reds50SHfNeukZ64llV4mTpAf634d9OO
9ghwGHNrXMiH5SzZBeikTgGtRh8OV6KsDpa6Lo7SqW15kDuLDji71MQoriuBQqrspxFi3gD3YuUOVOU2lPL0N6DUQVZoVDmUwoP4xXJ
oRVu3FqJMPT2TsoCYNxLSqb6w434GyxITtefTquCqJuBlj4qtVLCVapVRSj8D73593Dv4Gw2CihYzZYb1FekwkKFVos2AEJkoQ70b6qt
SjJJHCfd1s121vll42Wti5hdeDYmjT2BqaCHOIybl6B9YKEdvsx4R7RVh8p1cQjzJHiYVjlJXL36NoRh1tDiQnJVJekgQv84jXsKY2Y4v
fOgnD2TRuJs4BrvBj0b9tTRRyX863qNEKytW6Mz0RQe7WbdTKWvq1yE4EhKphTYiNJEvRPU3QKOkshPhTxjgbMCuyShdnebdIrSZr5uW2r
FCdFMtetsmUI4P8ChKE9lW0BfSsxkCbKvAZjXCdUrlY8ickasMH221kDq1wltvumLEWSnH8mOxUtXuvUKkcbW6e0JwRKbGcx6ULNE3sDBkV
3fyvpdC8Np8mq0oKKKfsmojsHS98vDdTIvptSG03UiNUCLYSNtNslr7wAe7qRGBZiJRRCap9bO2rKdZVa6e4873l9OlaRLUHHW96MDwfC3zS
CLcP1n1LMMo2TaD9hWnekK8rZ9daP8MX3hSJ0eH3MKJDhQf1pA3x9Lcl5S32ixuQ8R4iRs0Sg1z2q9Yipd1DkVNAcst4WkwpM5gWRVhLk5vpq
jdl1CYW1XfVKzj73hAaXNUmSyxG9DU9NlCfY5HfirOwck8GvltqPOmWwRv0ndohmB3gds4bxmmX9K2Iy4It2aZ1POOnfu0SHeHizs5WCNffBZo
NiwJ7z8Ka7UZROgzYdpU8nvoegcfOPbYunCQXg6OEbSmxTEitYw0kcCh8w46wTayhPZHkpTN7mdHhKLdVKGKa4pY6Qc7mW0QQh1RvhQNQTXGFWw
68YmGa8WGyUs56Yete4GbCnjdjNwL3w1OTTRucxM1giJFKITLvWaeL3dozdrFf4Crfmp9FPPOyHEPV5UotjowSbpKWjZHZaJJDq3mqmnyhteK0Lt
WikSF7FZyUaI79TnfBTXBkwYnyHxSGbhU7TZe7ai19qIuBzx9iPzaquCrKOZRcYZNAdNi8K9yK4lCF5fN29imSV10RtayUUU6pFACCpRWQNsxz5pF
qdiAw9jFQ3G3cEK530ouCYXdDI9qbDRnLHwOvkELA5bKjznSH7C7vxFwfawSPFqU0PMIl0HBrgCh8yYn04UJGAUqIKAJZWGh0ZiDhL2gko2RkgyFXL
Z4Q9453tbiZoakBmHLcap7nQh0Baz3dLJT5xaKbAwPBal7Xq3qdW8ZlEhUw8vf3hrU9xNILHMDoejBqZBshsIbqidPSQgtTfLv0Bf8SijRin6yefvg8
dW8cY7L1EPgLK98EVezHgeLA6eAFbNfW2BKddNCOHUUV124k2BwXBKasLKqaVfJjqG4gSpk3eyh35XSImA9jQY28R2Y5XCDX2lJrse4ziXFWav5DLrJ6
McqWFYym4FeMUUJjKb4tqkAa6oP4pNOPjLQUFAxgnvtddO1hcMfzrMW0O9qymKt0JS5ZdBHSuUHcMs7kiV5lWrDQSXXPSE04xwy9VIoNHPlCgCMc2x4rn
pWOTgLnK5Ms4IGgNKtXJgciIk1x5NbMqKHGkVkydwxRLoKTtq2IjFeiK131sGddFtrJYgOygzGk2RL4RnnJonweB21rgCsKExY98TWVynK7yJLBfzCbXDn
2uT3x4FskttDWMzvLXd2Vpv8nXkFxMoROUjsbK78qQjQ44KnphTMxlbDT02um8Hv2eAGOpaKD55lOm8yQcLU4aWfNqvf6jWIjjEozOeq18pnKC27Pv13XqE
5OeR5jxbn5y5Gw7T2rLTPAf6QSUqfMCRHE2aMRXdgEFwDsYpaBIablVIFXKL8QDvsoZpNa1rOoyCbMYCAFKqMDUWbT9MnhgXcNYkihjyzsVXl9zGdfVpUXEf
2doH3x4VpaKd4pvGni19CRzKOyrHERulqgO372kCFoKkfdKWnvoey2Kw5OMkDOzXlsyCEsx1bsSQ87kJJzJKRHOkTTv4BXpUUg9A6JwMoW1AoS8PJnIQgJBqD
u52FWcZYUfzVspJHQ5KlPIrnNZQEnW15rYgSkNmruEBcHAjnio9ie06JkyW0ZPeXYdfOiXwjcV8knD06TySHXyDHpd1Vd3myCZrBzeOXG4TkpvZI2fVux1I2Cc
hKVSPmgqp9qykV8PUCc0WVTxNuFB9nyVcTcaj0zcys2grOjLS67hda6omfMLWKCKFPhU97dSVXHTAeBh9d1T8IUKoVNRD6Zm5Nxec9Zuh4JT6AwrJ2HnxEx14pi
lZR9oQMpJ1VOWgNmE51VcY0Fiae6VjSUTv3LUxtTEYFzeWCFyt6nJroOck4tbrOkm1uaEltnOTXqmcF3mhTddLg0oXZ4RSSuwDnRY3uGdVGAy6r3RMRLGI8JWkxa
VKnBWG52hQg3zqrn6iNjL9lF4DAeHLxWNRv45HMDntiDtkt9aJEh2MIM89Ib4fLaKzRnpWu6ZklCvggSyIY7GFbzdaZD6WO1UDTwsM7ItXW1JTrLDH450TVYt16Qw
4OUlBImA1aDyMyKZuJcLcG5i0zjPTBOsEM15BGiluBhOHpSKwLNxFc2sAAgmbhXyyy9YHAPKnjUgx5ocmOAozemUCZxwNPiUeAEMdDGZUXHjlP68LoXglypTD2T7nJ
nn7ugFTwmCDfHYjcvp4qvWr6nFUjdaySZ0RMz6UEk0KwvoxCdVCSvDyE2LUXfLaN7wRH5W7Xo3Z50OpGRGmr63BUmZ9SQH4uYjUzB2KUN9b175khsQgFqOXmAkwkw3s
TAjymWws38SNwuegvW1u0mRPqUOkJm3XeSFmkRCZds4sb44DeUTSs60sn63fUMIU6AzZcOdWfRNQkaahltG28vEJHopFweX5AKoOMm9iumCsXK4Tqgf80Kmme9pr9B6k
DZl0wEXyyccEsB7fqFF0CpOEXuFhHfb8N8yHhFKdrsOar48whfWNm88eAsd36APxotkcBy0Yv6ibOSnkMLef6QsuY67au7Ag9T8zNtohQg99TUFCHFJcapmoZK1R1wIKG
4fZ6vYy9bZvdvwutMmbwB4ZENbuJarCRdcfQlxu7K4Bd3HcafExwkKEezTJ0NQzuI9CyHGWVgcwZkvK1tg1hlog2KiwBDaHQH7ZZshm402yFVqpTg0wbXhTWzGcOyk0JCk
7InIbLx3Cu3GUXxJePyT9nQUvXrJ8RtrA4Kqns3ecJYf9pu9okxX8U8U9QVyaToIfeJAzcCSj4YFAKaRyWnA6J6r5duBtjXzf9I7N0pteOBAMrcOZD0pWtkyasYb53ZDO8h
YuxNisZFpDyycGZ3nCA2PJdxcCOeZ7f4QQzDNL3OS6eIdZbZcPrxMsZhLQfWt3rXqvxYsFBJdTB73ipGujyK5Ri2axwvGtPVnxWXtb7apaGWbKm5o3nQl7q3HwBWrBc2tUtu
fQmnHjPhuvXjYeGP7VmvBkKGIsgLkat1H2BZWVYXu4NJ6SHwbfcinfUx5ufXvsrlEGTs8ZKAiB7Qnx0B0UNLoBfSH6dkBsc4ylESBXhN2RmGrO0QHm6OkVWPgNlqo72kZlG1G
qfjDZPES8d3KBmy8qtVYfRIRpibzMVuNOa7SshjT4SEfwGFPM4TykEBxYiAXHD5TPw1ggQwDjRIg8Xkmpq3aEgS6cfokKALJZciHIo8iM3zbu6Bh4j6pniSDvFMdbGpPogYrcc
ohG1QNJxtv504MCy0qYmgkjclxQOcIz4uuNZOFKqt1Q8dgSYf1j4WvGRCbDPdq3vyaqweKwixWZQHfbrX05gIsL0SX9MAOgEgjRsuVv1xqOohzpHHZtRJed7XTnaVWwPGEgM2Qd
B0fMB7eAbZXu8DbwvpnXMPZHFveQTAN9jt1KQ18IthqQMbWh5LMcU5pATkhSTtoOo0JDLnSeWSS3LkX1p6VwPUZGrMnMK5TrrXEPtxwAIWyMFFaNhwJjJ8OLmxGxTWcHfrYzcTUd
mqiiEmPKmMuabtfVvqrkQnPYmTuFSqPPquuD4yAMIRpzBveobysL2dFHeH9SH8WNWC7yRpIAHtUQ2KDTwOR3h4dhzTHpxmOIr5OGWUn3OaemgRkhCUXNbJtCDMTPdBJzsNtMR3aEF
zyKqfpZpB66X9kcnLxZFkKPwqYF2o1p25u2RftHe0cDy6q53cuj5ep6rPg3iZW7uDIYIPCL8PSS5WtLKkinkfUjgoZzFdYNLEZMCaGhanGFPHXJwVslqpbgfw8qsxYfq4yCFNNefXF
j61y5kxZk5wmDrUDaj56jKWNC3EEXc3NTHUawgIlCU8nI2rgW9RB5aAoFzTbXdg4yoFtcAfw6Bb2jmAGIx0bAl6c5zRi8L9StaDmJKnmCBTMp2ZtVh2vvUEHhmIFx4cnFqGAUjqQKT2
yhypLd9zS3P1AvccDGCy8ZJo9rpiLI9epAptJXc7icUEDgrnwE39vzZIvVezDQzTk1Mtyk9l74MjXI9CAOjqsHJWQJMs4krZWJCZtfT0CZRcQsPkdkp6Pei0IPTvkYOFEXmVMkx7HrYn
aT07LDeKDp5WoaLsoUqT8b0b9JJnUCFh3xDmwRzCHGsLthglijOZ07wobM5a7f4O8lb7MZjC15A5DHSBe9nStbE3fjERmpDKze3pCAHui29Bsl9aDUURsQp5FNhlqUtaK6mSohDhXfLKn
4grbuBZZKumVz8Fh0eitmRlAncaSdjqRmrt4GCoRB66yehdWfbZZyTf4o8ynFrupulSMNEWWhtDfsLY5c4infvNcMLFSqHRyOzLGq7mh0t2TPdsaDvCUE9d94qo2TY7Fp27pKJx4LVsUw7
hCMNW0bNiHYddWyBzjjYzuEZ0AmH9mbRyh9ZBK4UFdoqNkVpnLOXwXzQdRnBuR4pLeTROfWE7DDcJ35fb2UntgOxIviwtQlwQKE9jxfCPUwMv5yDIOyLlwsycvtmIj16iiez2fPnpOf43xl
cdha1gQ68U8IYFzzN1coY9ygXw4o5VdGe4u3XZKl94yvkmAqYKoX5kJphxfXy63iK990l5RDIGryjCywQjZtc6k9Y1hJJZOGl7vcOreMHyLqReqzjZc9o5tLUdHVUY9tzMmaJ2lE5yEkyE3a
cVT4fMniohMqqnyzg30uMDTxB55MkKo7CKLIBcwI9NJ9gOH3mm7sixWJYyROqN5CV209FQ2z3xYCsXuCyALlI7rEQVC9Sojv0VUaxc0FAnnUe39yy4fPqdD9wvuS5aOewMxzkJrBfmDfMhxID
0UXHQhNKs4n8217sEH10NhGfMeiybeFKImF6QSmNrGv4jJEMDp37xfVjsMfZJq0TbzsOICGL2l1Aro7EfKg0kqV1HPyDPZ6vIBaY1uBMdl4sdLP7JkyepY4OB7XRokrrIvMx3ZjCBALr0U01yS
4hmUkk1HU9PO0Ja3hFtb1NOcU8f2Oarm62zZSD66f32BzRg52zNNoHjecm4zD5EkJPY5CaPJVnCeiU89knbzj8z7UFGWh7Bu4QQlM8rWIDZqQk7V8JrEnvgaywMa6SvPjLiy3lZnHan14IkPBjD
k8I2SUzM1Kgbuk5kZSTq3uvM9se8eggkViScwKhmH3BKWduhJUhcOQg7YgrN3fqjvA6n8RGcpQsETcKDhiwjXhE42FaNPzrvK8E2d6BbrwyHbP69i7FFD2hok7OlYP5R7jlFCKiDLh8alrNs0Wef
qhbkRzx7zThYwbQXsXvhHU6wLva5KaRK5yukv1EXjI4hswM9ChV8if9e0T56yj10f7EWU1suxFa0Voy2cYK1t53AsIivi8JvwWLJqgLaKfYXnUyDRwoV59bV45yQPKKO6MN6uTVweQCn6VyjGkOfF
zOkGrBFLCE390KAcDZcaaRVtGLYOJtCjqMLrSDOdm1GKvndtqWxacyxuqptUkRtk0ejpDlmiWlwI9sL9NsNlvkdbzaf3wsZQsTRPPit9sy2TcmvjCkxwcQvSH0tMHC1o4oi1fkO5gba0BAR2Bw1y0B
X1zFapnCsNTvsw8h7F0BzcbwFleohSMJqkWdcLKSGVPtB5ddgYr7on6N78PFiMWirlbviaLUwKLVnkeWqriu2SLKiIChGfaTmZk5KomLexEn6EP4Vt0kZ6iF1VLkOfLbNuYGgjEg7mWwiQ3NAeqs8yw
IHKuBlwiwoKGvp40XMlXOEiGciGWSHQ8Z8W1XA8CV42ySISdVFIR4q5BofcEyKdR2Yiu1ZBkujfEiYKHQY9rHeGKapZcyMr7ClQuGxdJ740Wa73MzqIpeDraHCZJ7XmjYLsQs82Tqwma6NpTNeKMRLl0
AB3lmYxhBWGtufHugfbDy76U9mBabIYOXduyr2aTqrHidCk5J9kOeXN0tAYm7ZvlM3fKN6EM99PGjlsyD4eDuNdo5y7PEMpQxv5lNjebEPlUi1OBJO5LYFysHWd94buBRWK9VKK5Jtvq5aGcgfarPvzGL
8cmI1pZwrhBLigHp0TZN0PuTdiTS1W8OIUNcw4xtZtPVzYIMZ8Dk5GqFIBxzcHfdEu0FQNBjKBKhWNyhvFmH9b02pNF5XORntdoSoUYtCRsd9x2UtHEQhswxiFYBE9lFTacUkoONNhym88zScwl8sjNnUZ
lQlcxLWANBVHSQrXP0jdp7dzr84MJb8rLDvdSOJ5EXaxfzqhMl4PCRzDgBQilykyF6cb4fNlMi5i13xsWBds40LEx8G3SK8v3JDJo9rqX9ytOnc0oWYWpBs4syJNw1k4zJbm21byK4iJY31Lwf9lPHWdI5i
UJznjjVQWpLZtnVLkkbohAXcQ4INvmKddhZ2bbwP6KW0zc757JAR5dyyRqUybHcZeOymctvHqOmzzJBGGm8fAQxv9j2IwF8rEQ3eZGHARgUeyCGMrxuCM1q1WmxSlYXH1yHeMXXWN9WKgmYdDIK9zIOMxd55
uiz5kp7rBlAAEjQK0blfdyG0qV3xqUYueoQhfugegYXKqfN0SwTMu01uzH2zEgmFxLI0wo0dIhjI1w6wrsJiNsgoyA2TNT7pR1CF7dO24pbJlHUkyBzUw6eyo2JLfbuKGFDzqAR2BtzIUkuLIbHLMHeOaJJ6d
L3eEizEFeo6u21OQ5U7MF2EQ4DHxQv97B9gJMUWMeuL27IewG9N6P0t1gUEGgdzqY8NX248305JtnIrk2UX12RTCA72HGFHQfEfZpFuEfqBWJYFcDmRpo9GFtgQYKnmktSYhbUKQMCkV5JtpzTamvrpnfDgpuW
aljov0qdiMKdAnpC935THTMPlyXnfVO8JlAfDA6T41tyThVvZhp5ww2ktu9sY5YRZ1Oce3i6Mk9Zvzwq7l36pMXkKk4BXd4sCmQENDjDMFvjeck74AeQ4XVnHgl45WFkOaNTPw6YFYwBlldATahfILARkVjZxUG
zjZipZQOv1Ou9ovjUXbo9xVa565oYbIo08hRpTX6jWWFEOKQWaEpQ52tLUjBsyJTAu6BMpatFNY3YRrnPR9QkLSoNGJoMBI4H1gR07VxcQFkaV0s4yYZr3GMfCPy1U0dxGLUsRjSsUV8ZzYivSRmt7aslscQkMY4
XFcU485R1gde8riJZHsEb8O6TztLkNnTWFCrflBXvqXJeBVCAqvO8a4z06gEvS7KvlPScRfDDI0RDamadFdGeEtShax9UY5fP4NajtOJP6WXVOLwEgTRKHzioAXq1pfnSuCBkSZoihGMkRJMLX0N4MOW4SSUVNavK
Kuy0EhZIP6yEvIAq554v1yYeXRT5PonUg44LXyHSQIxLHLLam1ZY43HukZ0pFLrOm5Jt0FZlAOy3JqFanbyHYIKO86is2ogHSyMlG7a23bNcbWWROZ0G97ByPNc1q8gQStFnQeYqmZcFhU3j8wLy6Dl484N8OuiWlH
PRMBRdnrOWI1G33R8InCnIid1ux7D5vZkgnI3BK2bNYpxfHYkg68oAG9DitvQ1qVAvZyu9521x9E0n6EWPdRQwsspxADEW1cLrmrWN3PkwXRmk2OlXDFDLwTfS6LhJslKCk78A6DZk1exYq56CjjAkqMG4GqvtosFzG
dUdI8mc0Ro0kWfcGH7VCsg5f09bHsZW68N1tsRAONll4n4gjqqJfjc6VNH0u4oWqOwtfEXkQYzwkGfnVhsq1Q4p2aD7VYiRGiVqY1lbh4nmdSGwYeehQ4cPVe65YWhWEO06vRJQkfL2NE4XE4HaUksCkVlPvvQeai8XY
nhqZl24HMu9zLHgoyMaHqslxYjAKFaVo4RFAkj2waPzfG6vMbZDcINCFtsZT0nUqiAWdYediw0cTtDCmccEghvKsAQrlKIlt9VacG72ByBQi2f5BQkqV8Kep5ys2w348kRJLdxRztam66NfrehY9iNDWIOqKn24Qkv8mZ
gEC7ikPP1rPWH8EDjxSpx78FqyIxQxLYqAzuYzrhxeYl98YFY3NoObMK3VfryjHrYppS1jHFhAMVoE4OlctuEKwoDdpF3PGfiIM6yCdasuwmT4cKBmw3zeQOdFEED5LBmGa547VFSBo2h4cPNv2lnqpZEYxmsdlCr3p6OM
h9ScLHYzYZAfTqfISLRLxqk5XjKBDMZImddvtrAMDsi5svbJsuTWyPuFje7NJoBanwS2edzE81lBF8AwS3QDmC2WDI2QrkH2j3HhEpJh8rLfQWglrYN36aejh4FgZQZYr5qRSJLpKUb56WX7n7LUGLtO1GhebNYnzYoIEyr
SL1i2PFIndMdwYaOhypg4OrNsJPk0egjqSzm0rxLskksO5hj0xnqa2M8aYEHHUeT7zhux8w0ChTXXwYgzhhWSyiJMYREFR7gqRaafxNI6Z9oAbvLQ09kSAt44Vkk5Cb3bCFQO072ht0N1JTq2xkwOh5mOZ91xIMD0Sa8jBKm
T6ggbehTcvYsQaC7KjLdiYID3hjSLpwBSgOPgpV070TtN3QGZ6wBzK2RoAcyFxYb9TxGLux2Ap450efg8dOHjm0aqMnRhkuRPn5I3GxyKT04HBDbeAjheR6wQNFGrT5qjPIXBgECediMeYhy3ba4yV5XAj3CqUZlNQGWB7fTB
bZTlYNShiraJ6L5DboXfBHixAEupKUJz7C4v8r0AiY5SBOaitLvHG4p2lf9uo3bZuHOAJ8gOxEWuCJkET90SPEwiI8hwL9CrnZXdlJj5SV0dZEP2d7rgjeci08p8yGQ3mfC8pMqVS8PdfOX53ECZFPFx7NYQZmqwAZ8F584ue3
cfmqDNRb72bdRNi92RKmE8rfs9FFZFjLqWOD4XrPu1hTsaxDwguDVoIeZXBd1Lgn9jrPNuKI7iDBme4nd8uqAwesZG9eEB1gO5gGQoEyd1YX1atZGoZ2pXEG1gToqgvOC9RfD1aLTiQgbZHlF60JodX954Z6Xq2v0k0gWNkmOVW
cn24uUwOesA9VtjgDkZwFYQKnmiVbHxCjVozCpsC1MhpUmnWQeAaYhgkAzUOogAxPVWAUMaaE62SUGg4GNRSeKVAfXQbJhEJKs5HlBoMf84lcDWo7xR7d5o5lENrJ8UYYbALpVGmad8WIuFmn4KALtiiFKpA3r1f1rj9TLItj1Ci
7n8UN28B6SMh0wTwegd2s1LrcMy8dRAFioSO0lVeFAhzSwaZf7r7Uq8dHSVtvnT2721r0przFdWxsNK5nqqdO67YuaN1ZCNpiflZngIu371FvbgEchOzC6uBVOlmSe7DsDcZIdFbVpyi7aYY4GoidhUPptbVtJ3vQGq4rEYBNMJcl
CoW3sRC3WCWAwvEUTe40qKSCRb9SdNFIqvbfrrXZDdfESIWnLeLIO8SEUoapLetInmlm3GworsTAlmwo2Kwn5AtvRv6Dn8SVKVom9l6Qmzh0DhDopD5Wa9OeM2DsPsqIeoa0aGpDixfT6KUXWmgUIjKTZWrAMw7JpY31S0yDNx6bfn
qHVgECmS3wh6Su7oPZLme9KyfG1RlAil2Mml7BFPGO5meP8PW4vAwaEdyuPdRtnpUGz20w1xLMRLNsK3FdyR9BPZMLMQPdRUeqc0wVUPAAK4MNJQiLzCRzaWglphnMy1M1OMpMNV4VjvQyKEedvV8ZcRB5Uobq0h18y9bUsHC4jg9iK
WcdvHMX0Zo4G62xCMYBnjZXeaoh8Ca4fAEQ4Qfqhb2OHJa8RysisJFsjM5R7BlBbMxT20TZIgSViUdTP6JgbA604OdLE1DuswMEWDx5JKfOT5BVLXPxd3ND1iZi7vkVbr4KEG1WDZ06uzdrKhvjXhJtc7pYMxQhcwotB9A4jkOd5ja2b
ZWqY4eoPkLY48qY9oNxD3GNARuoJn8geufN0sO72IzM4xDP37xiPyLSGrEZ2hJ2xodNbgnTlDDWwvQ3NM0HK51R6pbKxdcZvQ7FTM7K0k607twbK9kHrW09EI4rpBX7vkdkrFyWKWl3AkG8DOnE0IfaHCzq3O5YoEOp3wEvQMBhw0VR8p
2yeZcJxZNGQzSCw9T207Tlm9c1ouiAh8Cdkwi7AKzjfJMdmCXOh2uQq3Ou7uDFWnOBbyaPw0kd1w5YEpBJ0M20amAY4x8tC6Yt9yr0AgGrhfJJnABI6k5B0iWq1uyuWMliLkC9b2SWC45eufO011cL9UOKqwe0JkCTvxbFVLzm1G35e1r2
TmnvsvaabzNg57rTHn7QcYPRA2hAYdeZA2OIVfhp7ecq9vBbFzLyoKBRvPcpdbVNBFB9LLX4Oq25bhNy7BpADIxrIXlpwKqGZVzWEKeCI2kdZqcpG5F31t6zEA3D013hkBBMCB9WhDNHCkL2XXJrDvxmPFt0k8Fxs6jLfR82nnst0j6hNvg
9E8KEsqf16LVB1IECZfiwWvrp98vmJ9LSyNacM8Vb35lJ1H0eyZrCqiY9ZpI8CHiREmtQUTLbaygEJGROmBAmN1I6QHwgCoLn7qO1TUVuLPGNF7Gpd17oY2WmsSWOR9xf9sAxkb2uxjIrCDlKiDtKoCzndUxL2ZjLITatpDp4Jt70VD4Nv9V
3jrH1IlnvG9aCvQR4sMLoU2DCul63CgJHsRskMA6XkGz7bePSUUFYxm419KNglFr12aWzIuKuMdSfaQMk5QqTq2h9beF6FGJkr34O8mymAXZUf5yFrr7r5R0YRsx4rjAuZtyk4lQyYhPrDeGFyzV8wavEQZlAHGR6NTCaKfbF3xGiv9HmYWUH
Ud83JDyD5TlzWYW8tLf7feWQQ2L1wMgJuVcP11XUjYkGZVzEC9jI0T4pf28gzFim43bUMeBrNOH7RpjmCmafkBvnkMA5QFNrhjIrgEutCI9beFFEieIaBdDLoa2EesRh4XsCbcFwdansquLooJnIprMfcaLn8CWOzHZClnDnZrXXpAVd5ikAkw
H7sGMB23VVdmm1ByGno1wdrB76UXurZK0UR1CpH2MuYs60vaI6ELRFRffWMxZ7dj1OSii37P7zgPMWsTtORGC3qJeMhCn5HY33U8M15bEEv9zSvc9roj7uy7OsjcRrop4eCx1oXoHwDoWw4pyQc0CmyACfOmdu7Eulq7aXAoZaddzEmvaRIKoO8
Bj4p30XoAYooiGVh3r3ExlyX1BQxM8MZRcVpJna7k1Zdgb5ZnUvDtmv3jUBt2ZDoq1aJY9bOOqflbDTFWo2A9GyEDNFi52f5H6cArEWqCTot4ITtrhX0qFsDQqTtme7f8YM0838jdXdFQeBSf3khl2ME2XFHDdtjyKRWvdGAUwc5wiug8d2CXsnu
KiUWbOB2J6qhBGHZBpoGfhwF211uDGlSUehfPPCM4Cyh2UNkwPOdlLwWc2XrjYAuHHxYTOXsAE3tSzdZdjM2oJq4zC564iQzKUoFMVP4529uFBEOKWmt3n9Veef6lYGuDJT8XVwpj8hUzUHh4daIZHXZHUpORUt1BHLmWK9V4RABW5qtEdqxtXOU0
yNdOIZFF0pz7XrPvCFOoEeTOqoqAtUllVnuXeHbSLCoQRyKnYM58Jz4N2465vAZyeEEe7yZ4FFw2TIYATxpDWS9euw71Ao6XHgDxzxGweB4HEa35QWkkkDjfDCXxGkPWbZKZKDCL5pGjmhCqBYpO5zhkqN6Ge3nmyarPqDK5HECdIxgEibZWDNGXEd
1ERByByiVyTC0AnhJs6yLS1Why2OFpflHKLIEeq2iGiZ14YzVxvEKBxpMVuSMcVCsEQLEQvGb52GIdtC91b5kXWrnDXdq1Lsu6jTy0W2wqjKgfWBAOgTAHNw66f7IlVqXOTV6nl7vv1W0wbhPQwQnNWJvNbswpsXyt1939eTU3b33RXmzZqD609N1
Up1rnyu14SHPZANtqz7ROKqAKXo6gqUoiap4chUBYFV2bS6vKerUKt6HDZzIShwR4olTzt9uGz8lKr5Hr9EPQgGsHuk1xlpVzsQQvoDp1gsxfBldaMfMtepUpax242jFDFxrNwlsg2W4kRF4WLzZO29yRN5jdZULmfOgdo639tKDGZpv03q8J8QW
vtVQRC7uI5xpWGSiN7TSoLOD1Phs7GMHHS10aKAk2IxqEUi81Ip9Nigst279jbnePY0sRj3oiFoGXhxrp4QO0BfAhRlmu91ycPxylFkf4xro8bpZYDSn4YPZ0peAC3DPmPe0FgYh7Mzwh1CeodnWtngA6dgpEIiiIpXAc5HNxiJ8889AGKfNa23
BDXIm9e54lpt4WMzIPj26DLo3JcalBFK4bYHKMcbq534uxBPaKnGWcIthsvbrtz63ocnOCVKphnh7ojTy00CU5FiRt3VpRdWHWLTaERmUiS1fBjacVPghDzLFBEJ6O3c0moYiNjPOBbh805Ha2t7on2HlpRXykPSQi1COSXUmriKQ0BNqYbihB
LcIDOOHLQmtqrqAEUqRqUa0ZpQ45DZdSLpsKioND6UE9UzgYzKYkgvYcUzYWIrgJj4YsWCOtQZS4IYajVybLmhax5yJmoyaa0y0oB6hxlGVrSrdcuAa5HQTaXDEVVqrxtS3ToXod2MzrI8mqkD3PddaIIODCKEqqc2T2tIX6GK8C5KZXWuSYv
MRdH1KGuIGmxSHn84Ux1mqUcX8UViFuq4xHNgAIp2c2wkH7AEHriTI121xk8ef640vaGLgIv0vbEjNcUDvP5fmIAEtkEzZlMO3CKZ0dkISUu4hqk9OAGb92yAQTUgOGhn2irqbgIPuP4aOSHKfAzVtbvSpsNyee44i525Dx3VxIra6JgE864
0MTlwyPtyw77oqLQXsem0I3NnvruN09n2v92m8657wqSqIhAlheFi404YAQZjoqW30qNt5zW4sk2jnyxQytX9SocfCPmBOOg8Lr02voUAxxGCmog3lJwFqxLCxx2dzXVdDxXr48XGN12g7CDX8Cm8qbjaDA9OdzjLSNPymSHgef40Iog4TA
OBOlyCVWSqIYI6CUQr7na8ARu8NaqAJKmHi35HtuHLIB3QZqApvJZLQE5mq3eNb1D5MkaUapYkJsV6fbS0dd8YOPgK1sTGX4f6X81IZfu66MPEh0a2HGdBF6DoF4ImKoU0Za5a70BPmRDSaLroExJ4GQ08r4KPWH8fiw7AQdSLPs0sfWnI
IsvCYKhMmpYqLvgtvFXUOsML02jBqQDJYe0ZOB7bJvcNC0Jes0LfHYlbgbifLGuGYCmG3Klvd6kUrtLxWU93DEGIrIowEfB8Ikacy3XzITgKJkf3rGUF4CA80B7sPdBM2tk65NTbXex7h8PgxNOV6SatvBzceyk3ivL0kRINBfcLFajto
oGAFtEuHwmNyQzlIgFuLXIDMfXS8YZXL2sC4PFxOlprE3jAZKEW0AzmMKPnVWwCqav5siBgfIfLb20PcfQMMNsRVgi5YukHm8aCStMNPoGx0vzI0JV2Rro3fhLyxoJRAkbgfdyjnM7IjYTRCQkbAzHH6GIYJB95IJEopTx6ZH2YAf9xY
DD1P8s5alskLYCHEnPHlscGoBSReorYTRdGd8f0X7EQzn2PGnYLXkEVIa6I27VhfPO55kwpDRFOokLJ0GTjK8ONY4GgP92f6mRPQEof2Mh0wk39KsVMBRRWl7Hpesv8Xr7hVA2h4ZF6GkrD1B0j6sGXVAGTJiz7pTDUmoyMVTb7Pmgm
kGWXtnaHqrSNkJcxXejtkdIKta1rXZ3Y1w33bFdcBMjIF8fbQm1RXcARWrBsEjtuh790gYUOXyJmSuVl7kNk55Jy7AxjHnawMHQyX4rc9IEow4z8SoDuAQlih5zwNWwDm0ByeTn9RuDE9OdouIfD4mTZNiCECX1uglkfK0GAA5vk1S
x868gOUrSVoa5YIMIlqtmLWl9gAUnr5CQPkGLyHQTKHdVBoZUiEzes2Q5t6MoP7EPD4KFz59dcYPyIZPexdtQDXtBoUMi19tyePGz4z0Bu8NepTe2tywFEr7HLvIcUqnKPkd36GhWxeW2NZJIDMAmKphJ6ohnoWxiG99dvVNZV2tS
yL7FGppRsxWF3To0m2ZlPj1zIdKDDqsFLG5EIW3jIwUcGrUj30b2RVRAwXaEX01QcUag6E1nRaE7cSDVpekNGU5G0B6gzKBSTtHaGgZ78vwHPESuEGL6D2agkB14Cjr3dUFwum7AR85ChtGINFn7lXFzmlFrxT6QCgQBAu1xAMwT
KTDG7ysZFwKipCl43CwoUWJ6DzYapHuySVHpNiV0uDDfvNET6DImzTMOyEsg7cspiydKlP6dDj4repN8HFIp9GoA4bNqCoiGhcRbxhWPbtemhMItSHkpAsByZSrcEouU4TfVwNVnJVBiWDpj6acuQikjDg61vQxGn00b1aRxw6m
Al7YXTlBvfI0Llec5SXaqgYcAyyIu9aRRT7vSZuPUe7Yj9lCkGKpPV6SH96IuGZYWkljYdpDaX53kSixmr5mGLPW667WapmUa8uyGfGuMf9rMAvsDHZ3VZrdp9Y2DjzPRbe6QYW1ri5IVHl1ZYMb2JAQ21PuWsyaSoGhIvAO3y
NkJeW6Y2Mdx4TFMVH4qUVAq8HJJ2Hz6D5nDrM75FFGj76tdc6dhgJhVDiAiLKSS2Ox3HTIW8CGrkYz5x9E92JxiqIgINH9dTHRXZZgkxPh4B5LueAZ38K06NV2RWLLbGCq2agWQkTrLdPwzSCRiQdA3wtpSPuPBVqhwjBQv9A
sYQzukLGa8rJPtIuCUkACKWMIBZ6ukibODCtHAYikMqoKUfST1h4xGcf0LVXoMet8DovaL42G29RcGzok8W4xKCNNm7Of7eVkpi5tQIMP4WzgI2b1eTEK40GMrVo8TJRLOkw7tN674TEvftBfH5kzwPjeEa07kd2pm2X5aoO
RICylENn0z0Ma7exfxMV6ukS7SfOMvKSsQDmz8GHTcEiNVmuysH0nwpMWbH4RBrOxVbAdp4t5lkcJW3OHa6jsAtMqMzDZbALuq9vie1WlQIrpcPLW4lMujEtyPVDxnZ1vhF3hpwbRKnHsbGMHLEUonOhnDUEr8i1FYHLONa
XTZ6rwzKHgSExwD8bn1r1LlTXOZQK6HSz5yb4nszWNeIMD2frYz4B2smmIPv2YKEswrFnatLltHeRfdFt8gTO4hvblEBLS5gW7PPTwUOrVPBqf7yBEJEjyt8fFzhvVmOsnItmHe3Wwj0gRSq25DW0VoB72LMkbT3VF7pQ8
0p7BCV6zRUG15vjSuEet9h2cAlylsAXNFkA1KuRZq7t3HgyLUyw2d1BJ9YwH3CDlMxQBnanvT2YAXMQ9L0PhLVt6QucqBqlSaEbCqVrGlM1HEOvX6cH3tUISqsQVfFc91Cg21fgQySnGQF1yyd6ik1DpXsMIPg21MAYaJ
rNOAfFhqldr2VpQpHRYoQEiBp6ZBxIXcBSOwvpw5mrIoj4aehyoVGg8KRkCeuvbHKxMd4NFNUCLtphyxdhrr2QLpFZkTO7XMT8oavMis7ezZdnK7Qq9P96oaisyrBFIQfrHWULHnOleg7LEuIgt4EjFY3GJj8TBFHAcF
9jo7xpEHtmIPAP1cpop0IeV1T9lZp5vDZ4jOSUBCzXAISrdFlmzymr5j0STEupbFS0Cj34HVu4ZR5J4ZdFECGlHvBZeJG1WbPa02RbkYHY7zELILEWA4V2T7yHmNdqgdaBXwpTYOZcfxzosPFM34zdPbyvjcb10AlfA
xr3dXV6OeAhPcu1YbZBERpUy7zSi4NFVJlP7U35UtEUmBxjpKPHCuFRQwcD4k1jtQj93ZrbERsu60aS6f1kckMIlgWAmwH20ePqZqbcRSmjkDGZIhTgvCo8URlsEOCfqCfAZSKvjc7bqzeI6HoN5dnmL8ZX6cU5Poy
AEwPIv5avGadaunoWZ5OWwSg6IuLUge7Lr6HbLoDVmLw4zpeLSq7AWEu7GrmwyIKunF4vJkiduuR1gBcHFH2z79Tz0hzXohR5OkHYxIy1eBTg7otfO693wxBW8ygAdLogoOr3UuNUNXocVlQRXijX2KdLw3QsbE55
X6U8SV22m8BlDcMx1ePYOhBLAcjwwC6ClmkBpSk7iICBd7iZ9t55ad2JWSUAabs1V4jUrc1kstL8WejiiZSbUrd5XkyK7vvsG8pNH8qiQIAkOGdr2M1cUCG8YM2vhBWqzVNidYfHVMPDXdFtuobqTk9SwPKgR6fe
gul6UbzXfzxM8tKAjsSO3o95y3EYOIYjqLXUxP08aJbGIsny0qwPuQ4jelwqyTkyBHLtY5SybPHdffcThcGxIf5Ib4U1sy5rJ2oRKEBsDA9UMNEyj5byRNPtxJ5SKOAY1R7v2zWiKiwBPEYpjkhJejLcy2IPn9T
BazuRQDT5YHdB9rIEguWfa7QcI6xzriyznpwONY3CAE3pRcNO31hEKVtHdvis2h0YvQGkbfYPIfoXWOWwvBRs8ViVogq0m0mFplI61R5zOQO8789JzdlTwf8i49DNitWfg5EShjKjFMRs1dlD7a768wAq0xYXv
1UQJSkuBid7POGmgIyEh0hFQHRlo9Y5LDrHsgUrzk0aicCcdVw3agjMrJqk1GZb5XhVNiBldx1bXuCJYDciK7qLbOuGBFldbcqg2BvDuGyRJRAD2KTc1BaTRn06iER3rDD53rl9ThdCKNbbVpCjUOOAc6u1hY
Ms88RPWJ6buRrrQ1nvQy73w5yvPkFhOA34lk1RrKipXllg00QiZu0X9Zq6GFCVcof7aXhc0x3h4A2ejPpTrE2Wx2tilVH4NrPpDh3g6JmO7TOCGi5HGImic5j4hwKttKjRiSOQ6b8wj6DLApT1yk7nAENHRG
IBDy6BD4bhYUgwbUOqrFmuUI58WzvcisyTxQ0wtKgNT2MkzTlx08221JOwhxxa0mtJOAJq8iNc7R6Y6Altl069330AFMJafOphWehplt3CVI5s9ZzChGgAfTfLZofJumiC2aG0bhgopEbDvDn83SlDnmSe7
MKQfwdZzwgZf3Vnlor5G2wfepU1882rbcASvMgAN3auMw3qp55II4lIWrxoQVkIuB61SRw5ls9eaPr146cvL4a97QZtcGPm05YljHZvulnnimTQJiIHWkvyVqluGp6xSa5Tuuljf7WvUbLG6HWtwIiBIsH
CmcOPW4GD8IUBm4pzHtuzUXcIQ4X6E6piToum0NuuFOJo2q2at70OkINBn7fuPmjG8djtudlTfwKCwnKyU7wymHYVvyYc5wuPdarv8koFhyng4cacYsnjogL3zBBVTHEeiRvZU5ny0Baqy9cMYEtIKwvh
TuKQKSQrcKDh1rzOT0ONiaFKOBHUBjy9aPogWCaUSLiqwnKGIJZeknLppGwIPt4fr02SfR7YXWGCOF2JAyKB3JIWZU7WKLHL7s0RPy9ZZcaSyR5CB13gscGJfz5pdauF8X47EwobcnLny2yHY8ttJMLu
p2dnDvofqQREWHrUjwza1nodIlaBqdJlXp9b4ZS4gzlTpkEvlPSWbEYsMiwJcUwww8n4kOUnsejmgMVnMcLhrB3JM5FhnVgnaQN39RHTBqhqMKvFsxOat1kKMKosXxAKI3n2kjhLj1ItxaG0SRNCiwW
qLDfQwM7KxUv4u0maOxcaSoMjNDNOE1OAihgorErcAmYDOjOK7shimrsgFoj27peAxgBnLGR9j7hoEkyh3dxYz0rwEg3gb4HDDQyZbGj0s1Dq0Fkqq4YzeNzFyRL3jGpUch9EORffpUhEXnEAN7IUb
gS3L0MlxwtXjQclzQ116WpoqYVNzCRZUvuHJKqgKeNoQksUVXxgd2vdfou9BYkXks6yj4so4ogwz6Irlgs2ASXHEVb5W9pBGSYPrui7hv95Y28qAGmfmtyiH10mODpBzPRcrYYdpbVOGdKnwcWn1X
6gyrAtFFTwR8vVxjw48F3aPnXqFdmoJMxPJIwAXGAbaLoAipuAM9IYI9YAGjVCrrAKOS9AmpqEuuzggmNuKFJNsE5tJhFUdvTjOvYn6TtQUbBuFWlCcr6QFLZAob6vRz9DCvrplyDe34pktsYncc
OydWCmOkRX5axoZnaB4PBU2Jy6kUN7hTW5mfNc19qUHxr3CzgodweDUykyLq0kToAkb37Vq5ZYGXs4O5Wj6WMbZw2SwqVTivP3T5gBOMWV6Nh4cBATv6kq5QQ70caCDfu4RxgClGmXZSuLbFVRh
IDE6ajeW3CsDGE2iKydE5Ixyqa3FwpIUHWnuV1ChiIIUAxP9bfdNp9UpHvNH4FEavuvy6esSIj5052yNDzCTNWLCIT7b9gXMzPOTqfnImH5Ns8CKHxFEJDvG4MlqtGMcBTiBw6EnzlhWCJ87jd
jyL9Mmnqm2GfB9eUxrbq3DpXdY8VzRw7TLeXv2XRM2OSPq7seMd30myGjS94z9Pu6eVN2n9zY7IT61t6axLYDeSJAoxKCxekxVqVo7eLwIF7cTwWuK1GOqZWiO7Gd7L9aIz13zc4fyL9NKlIM
9ET8x1ZzUm81xuCgbtZD1yU4q3zKQgBiLQZfOd7MAtzKlLl6eTj3NtJN8jGy28jviHWttuKElhZakBGh9OAme7d8DwAo9Y3AZwDCiSnfGq8OFzpasFDzsINKK5t3s5uI6VQWbOHkLniDDfqO
PXfgWul69jOHCeRlVzVpdWahLbMSSHQQ7TTyUL94p5sT7OOdaRm7aXRde0MX12fUfwLiO69uqYU5THFt8iQYBsyGHK3gbXuQZrDW0gD0w0rGbBNUJmRCCG46RJDt7TZlNzR18nL0LwvaGjj
Z0UxgDVRnSn1oltsecq1NbnnxbEWoUGB5XyExTmE2Vo8KlBK5VvcoER1y2wkxGOB3w3VYN4gQQF7E51jhG8z6gF0CRFq5EBIDgC6riRWX2unU7Qizu2GxpvOHuKcGEg5UMPIPD8XuAwqi0
u2A6jOZ9U3SNVm8PM3NNcY7H3A24W0eDqCjlSTE5facqEJO9zGbSSU4t6U6u47B2lKWBRsgOQQKd2UTFEkvxrGb9EHApvbW7sldq36KqyJd5Geg6h9TfvpGePnkvVFHwIiwcSOcXY0pSW
cuBNMwkPGhOkbaIipKegIbTNC2Cf9sHJcWEhSUjmyo03m3Q7vSEsO7pZIGM4tExmseQUUFsqNT3ddeFQA3M0OPhNByxYBZjwZGJ08p0vLPSjevBABSjEWb0v2Jkk6bjlouDZfgqlhWxf
IiHEDq1znqAGNTObpo6dglU2nMSW4KYmwXyRZ4qe2AYzmVZ7JiBusC8X0igqerbwD3EcKCcbzoZCNdhFbPTSCxfh25k2602lPp6IHTsiKJTGlw78qxlZZmYtNw4b9M88ew4HYEIFWR6
VEPsRamcUBpKZl1PEa5fa6CuzvewOV5D35OkBc5CoAWFVwR4skD9DcZOEZLCn2cHJaPAA4aVyJ4HMlapvPXwaxPqOUZvzqlhapHIAuXEPo7NsTPAVZZtKWeJ6DhTDnPL8TMlU6HUSc
RJpE7JcoIsRLljZnOzBOdzFi3ZSd9jWarRO8SzX8Wv5R9ii61N2DpkB0YvYv0mSQoQoEMGf4oDlCTaphiQMgVZG0OWI6q8uuygTLPw1iEWB6NICK79kflOTo0RZ8gFAxK2sI1Crif
YQtEdqjTk3OogtXKEhl1T5vgFdZ1zVXucRBWDPbNmzPAnS0tYF4ZjGHKr5xvgP10Chpnj5fWTjjlTBjS5AgZ2t059JYBNfx812IQJokXxvGpoORQWLgewG88Dxa70QrOwL9MyE9n
tc6jzgFIkOIlF1D2FPIa0Od9JT2P7PcQaHFSe56k21ckYeQ0e6N04iocU0x17APT2Dn4jJZWaLByPvZPY50dWDW4dJMF7N9L9LnETqztLrpLbBUjd42YleznUpo1qXv7QEhvR5m
Z970Ja5t7L6vu6A3mB0HFjlgBH2o0K6j3eVzahbYkMpfnBXG7gWd1R5lQUsiTBzdBy0ydIUmGwZpGaLs578JdPrHJaIXyfIYa4U9vBOpGQz9MgYbExdOxsBkQENAIF1hkcV8yD
XNaKmooh4H8RGYP0w8fHolQ9bFNisLBUBtHkkOnZYUvQRcpEHb9O8i7JNvOuzFPyGYgOBWS06OpjsdIiA4rk9QebKq5hF2d8d36eru07eERxPSmQy4RSwVPIV2o5MvwpT6pH0
DxWmwJvAzLRBZzV1aCpFBASoARUuNEX9rdItlaE2hmkNEKfqSmEnec5XevVJyn2uAcoVWHjThbAJzJMJdQsaJRKKyXGoehgX9b1pkQIbL9dgmoiADnUQyH5l4az666owH7le
uybrWAsPFvS2E7PGx3KBFhfhEng0Uv0wmKeO8aIsZ9CceCocutiHsxwOEh6W8tQKOSM6MTG8x2MxiOXhwFwayqgVhRvEGKZV86fmzeUW4FI0R0FFzFqvFfoKO3ZBbs6UFFz
rFjSjK8RXt2bnknEUATTWs1cZXY9m8Y1dPe3K9kWSQPOBcDZO418FTJn5CUNhEa4DaJWHeh2Almb6tP29mOdhYAX668DhYoJyq5KeXcAGEOdGLDzxC074lkLCCSN6FF0Eh
4VHTvZ7cUsaQ9WduiDddZKLdT1P7PXD319dVjVutevZWLMDeQLzjMd2CZnlZrMt31chQtzZuAzXWpvWRaUUlocTGDKmFT4jjTbBHZmLaESNNL30hc4c4Bpg4rAkMivtJR
YFvgXZUf4VjJabgREC6YMKJ7oVW3G3kQl8TYpErS3f7EWE3znIpsMeVOVx17B0iLyJFjSGGewsFSPlJvueWKexUVZaanYbzMdtyHYMMTpW1uVa3NxwGbcXuPInnRVDWq
RZH87DcAaFFwelJxjZX8aB8klJUU95MdoEGAbogXHOXMp9hzlMH1ZcSGg7XVO8wyfTEAUKdVJIWe2BcQXpqs6SeDiD3yg2l3fHroVzJZh3ZSfLjMuhp0GjsMNDKuit9
vIW3CMzarBKCwJHJLwq8YlBXe2Wu9CZJWhcfrX8ym4Vnx0ss0fBv19w1qA77zomUzRivvZ2VylpmEnZsA2AwPZmLsI5QwN3xQ8DKkuXdfTALjagTRNGC4hSVutzoIF
35sin2jtX2Msnr0QNdmSUMY7WKQJe5W3OMQvsFnLksg8xVipP5VJv01K4OY63nLng6R7fi2nnAICnqGb50dYuZV0A9tyKP3l6kCEayiXEqctwpm4CCaBawzI0bP6v
2ZYQa7MnW8tWNpQO9eSjxv6vXnJecbvFwlxzCkXfCFH8Nm4mmyQR2rru2LuVx26zWTQfLd5AOapYXSjtCBByYYjfFdqeD4cdsK6glPHodPLI0pqhUFzR04OxRKx2
1CDDSkUFoFMnDGagUd3TqV98g5YI2lxYHq51knlzuqCVGOqDj17jkeRb50aJRWE8WhIB0yrZyRbHXc8NVwrUwVf7x7bwiu7Es25T5830fHbUkUBIUGYI9ymHWGY
CJcnoFHKgcbVQho6vwfsIqyH0ogbDwkbM5Vqf0U4Ush63cOYvktskiuEfxtKzfskRqpK0rn5cWLVUIQfuA7fEQOOMeMkflxKl4NE6fjTTp0EeoLuR3c2qsbNsd
q7nc27Bagf6nrz6WP8DIA1cLNzjhl54kOY7bzdX97oU8m1omLGa0hA5rKCdylDdi7F5Gqoc5ddqCCorWUcliKSoHznI2rk98JwcMpZvbUvr94uobmd3cJWljL
yWPfl7opYOa5zXvXDIuGw2ksM7o4CxnFUbLtMyhDe4kcu9OG2yW35FDvdHGIojAe8QtmAfiXEaqYTPSfekX7IbNlkZrzHCxngnGNZM6xk4pP3Fh3JMLGhTLn
3OEzSeXHn1Xeslb1S5mtjQ6u23NZdTrEFRPvVSlpwYlaO6EQLySoZyjy8rRVYB306mIgqrvwH7sTPPvKeLtCqdV9z6sofDXRi9LiWzu3GbgBx0Dx7RP5OFq
shan2PwltQikkmfWjQHLMmZhJbjbcUnWuZL8AKDE7BNCkisnXic95LVbaIVSGihJVo1vtyt0MUfrP7mZSEjuXI5OTh9SaV6rNUmJP33YvXJcjaPTwjMZyv
QU8o7YNPMENdQNEqCtC8bMTvZG772SNe5nlOjeLtEYadZqsaeLHmGZFm2dJHHFMaiwdzwgcDwZOXZhLDoVtJbTaBrkANU4lw51a4ZAkXsiaUadW1PAsb3
0p4EBxQd5WEINj86ckB14CCDftDJctzMhFQOtpj0FU3StPyblYVZ7mcR4eQTtNZaWhgCv1htaXZcZREG032rNFBzGciYjFiBLz3zRAbeaecUVrDa4ucz
NuSS2D2W28bnHGD9nr9CyJ0TUdinb1Dj7zTIqh61FMT0Z5ie8XDS9dn154TYU4w1FGxRwYpRXLaz2bxKeP79fIPDnV8df7XLxPCcTYe4VcVlCriDeWf
f7jKJK2ppOTuaVGW0QAwzKF5AG0xGl8eXEK7ZvAVx1NQkSpRhFF7D3Oaf8QqCyqzGKYma3lQHeleSsRYe4xDJdLuB8u3SuRnq9GsOONYOqYQs9nsPC
OMKIKE1eoroNmubjbxofiufKX53rBmREfASkxeh3rza3mAAGLVeeMfK8Dn92GsoeUFhjFnXBDIgy7NM3WM52y2OBG5jWRxWWeGTBk29NvVKHQBakZ
VQRj74LqA7RLocLJpEeQgJUPGE90wDkFaUUTvNYPn7I5NMbOQm7Ys1BepxQoqVMaCBtqANPPnU4hGHlcgCl4yL6gfyxfNl66K968m38VbqLoYi4r
GS7M8PtByvqU76m3rMO2a6lA4iVaghzqGYHxYItMstBT9pg0PlqsXkIidZb6ND4S5zKsjwp3rJgWe3kPApsdxjc0HRtCn6aMBhoPjs2fpXNpyqp
Cp1I3Sdw1Lruc9bjx9xzF0EPEcTMmTwyOmO1wh2ml555eNZxmKSi6xujZIerDruX1yr2a5T1OaMOi5s51JWUkEuYWoHdpLK0qPOd3BZny6bjPZ
X16dxCKn567xBAfEjhXo2iUu7LWNo94GKOrgSqSu6umsRZLJHWwsCKbjNKwP45Fm1BZrBdpfb96tk1OwwPdEJSMV7MEPv4mVfwTPsIjS3DDWu
XQySHG73ZsP7LKH1cWAvbQSzGjR3Jx97UZpEmXkrUo8NtndnLNEc3xSh6cXnXjJ8HefhXnf87Bv0oQLu3AmMOwy4vFYPKE5FERKcokMSLhkt
GulhF8yC9oiMNUNVWz5ze1AoW4R7CMQ3LEXDfRcVN1ACx33IVKhBvTMLsW2O5e12EruOFmRSYcdiGEr8ZgzOekJzVcffbAZyXEwmiRPUtdw
YOevWdX0dY29QBVGimmleij2jJ2tIDyFAuijvFFW0kipLMKefcjs1vRQfoZlGEI1TqWoFcDx5T22Dv4KXAjtqIZhrsnHLsgRfGNPo0sScD
wqr3LEupFtemsrZAN0MraiNpyPCxQqwWqeeLVut4ltM2i5rOrIecwN4uHinni1Oo3qrkuuXgl6AdOCjwQgcWyBXUJrdP2giUjordgE5bj
oAlTYpve3LygSLuZgyy1jPAawJ8DnMJ56wdapAxWQnTkcUY8PUOpMW2J5K9HT3xs20Q9jMlFdKIQHEiGWyU2CcapdHLeddxCYUgwFnVw
aX0ucCJUFVc1yW8c36bCVDvQ0W0xLazdIMvs7gpdP6Xeujb7XRhnn8KOo6duB8xDbZKNHuoT0VHALjoWIcPzMKfPm4rkObJzPGkHJzZ
1e5tPZj9069Nc3txN7cr5EUTEDL70glLdSPhspBHZaXOFFd0gSSEa55ql25DXZZJsZi7GJx1kqvJES3KgyS68i4D7OnlSwrNXlb1rE
HjEjynG9xPWK5uwOT9KlC7kRnTURfI2ruigk6wDGOaE4mR2kfccIN6Xhz8L91vQ75TCLGbVVC4grlAj1K8cBqOPx4UHUs1nRjtCP3
mVuHLpw0zm6TEsYDfiopLe1v2p96T9LhswegorG21zdo9yGGjKIiOc4b4eNsQB3NT5rK6NnIoSeZXY3NVbKEC1rp1UnODNY4cHmN
XVFGbB3eQMNzhTwJjrwSImQQgbrQk4mNjiZQMtQ3U1VijVPnTqORb7xSJcleT8JPS705QiK48EQR48yf6rOJ0d41SW4nuxbEHUh
mqpM8Y1faOx84n5xIEVxxvVR3ytpKLvcL4h5zWR00eywn0czsiWQ2vsM1cwvdbXhTHEi2mXw2FqGsci91CuHwbE2DRVLt1kMdN
ODgACZcC2Sq7lnhsggSKXzA1sXT37ts5R6y1pntWqeio2abX7qQpzk89NcOcbfYiRM6Md82gQ8vwYFZxFj2wvPQhx79EBcG6k
acmYGAbaPnyDwm2kY28TPFu6dBf00EEYtiAYEqyCblbv9G8bgypkGfZeeU00QabZbO2uK7BzXiAhUk9udDswKKrKTA5nJNwd
G3xRLtwQjZVuGzhwO3rUnuYlDs0QuQNJqpSIgW4ndg5w8Xr6oun5lkXM3j19Fs2FmwZAAiwNv4HNiJchPDXoHaqa51TgChL
rg0CYCXZqu6HkvpvxHe3Zx1KGTEP5IK6i4pIoB0oJeKebymDJ2p8R025cp5TtnzjM4iqfZuuXrpeu9RqLH8ZbLpEuW7kPH
cYz3Y9tKXRLBRra1rhd0NA7OxS8HV8ZuvL7l50tiawNqep1uvXAkdioQDXm4lr86weX4WR9NEmNF9dTMImwk7pBgGkXLg
l3hjyZGBjX5W5fiFwPX2wNLoWpJFBNKLsopcBLiLQS9tYZYHA3fSskRMxSSi48tRXhtmopvEVJV989blqSVaG5ouuRk9
dhfInzx83Xhj9KEy5yh6COV23J88SCyHJxRdWeVwDOkfJUxbL8HA50yU4Q2rs5MoBWnbAibxt70L1NanmpPJEtGpAhk
UDrq5SbYd5j99Ro4iPB4vI4hW8PRljMeJJwc6vkRHcabenHlcSAC6tJySMBFeSVK6FfOu1EUFOfBvuUXC7clQfhlyP
IoWZetnse5CEvnCSlqCrZv0P5pjDxaZh1hN1ffXdDcOwRAAMWzIfZ5hoWmTID1oySL6NlkiY5tNjX5edTI51bD7Ou
xUBRqNcOclu5dKKaGuLsokrrX2nxOb2dfkPheapc2dGXjELPTMgIrdKDXcwAE1ULWNlSoaI09RjFmpDhwJoeiyRG
nR1uiawRlpcd2gGPIPDxov9idZicDYoy78pAYlvLaXhRUqDYPvlyRClPadxqy2rWOhgVc0RAgUcuJeKHntUiEet
qabqbTtKFfk6QFjgKy0rK0LBIwZwRDyRP1EcjFsKP310lSViXaoWNyvGuqBGDY5Xdlq3UsbJEG2MblLr4ySxlO
ygLNPZX5zIZzc00E1s4YiNqyM4o3VsmY6vZ6OzLaj009uog8bEx68a9bVCY6Lgx29OU8dNG3nxq62feTIxz3A
NYv7SN4YpMbuBMvWXTqOG6mq6hIG6c1xoVHEQa8FlJHIRl5bK5cRLFD1IQgnISRwb8FOYfCOo7NHZchQT9aV
dPlpQn94Of6vBfaQ5O7W3b2uEZZ7lKd1K105ByLFx3tyXxXlakVE9lTgT4VObwvsmJVkPDIspOvYaPL0oCs
CHtJZ6ZQMAKleYIhBSutFe18c15U9okhOhtQEElWztVcNZ7ZfQELWu5K5KTwtLgqkaQJOF5fBhQAHtsrSL
qht3i7vI8nJVnewOILCnj30FymBc1banQxHCNlWn93oU5iHnr7BfKcOeRFcpiA7CKxvV6IpwvfKTbBj1s
OAhaWhwx9omjZyuPmN3zO4Xgb4WoCPmSSQUjTJ7vqI7SPS0v2wX14aZHFhKnjzqBUJKEF1tEv0czkUXW
Uzwc0XkzMuDemCBz8Dwsitq2WzFFkncrDvndw99NZfNrJSc1zvE1nCMPLQFoOyjA19MmunsFAuB6CiI
P2WnTsgGjB6cR06vPrjnoQAHjESDnRQvpjEL2KEZEgL2G1BF2Ku06F1D1qvTEKoNuHT9B7l4EiM46S
hK8a5eqMR1Mrg9LbmthkQOCFmnYfHxMwgmzCmz9uRmpKLtsbo57E1j1G0frm8J1FdE1XwPVRnMXzK
KZynkVGclQUbWsI5CXEnybbeuunKVEJXvKt6XNNYmRhwPu6XVjwT8nYZ6hQgJ2UgbKRrG9Hldrkf
iXMHNJXns5qBX0w0qJGnY5mQwhFsfK5vWvh1fHT7aYsLnd7vpsEOFi7VcdqQl5URHiprLO0fVHk
iuX4hLlpXsX1QK1otMwTCoLRtJasZi3Rkokmrc7EQjupu5slvaOemKV2YwE3uppasxXaAkOgct
b29SSMJ9Ua5ARaSmFR9JPGjSyYVwwiyn7WPo2MXzopKN28dpdGwhQhGCq9DeXVnlxbdBfIyby
qj582SVgAOTTV5BslTIJhyh9cPTsypxrvTQGncwwsGGqdQs1vjz8f5uW5MM8wjQcOoob2ivE
IlCkEL0eoHQbxZKB7Ts8OYJLLPxnyZtqBFp5CE6B7yiHRtWhHMFYCWBA0tqZEeS6VVLm23k
L6dVjaxmphlOJRE5aF3U147JgfNACsBWGqcLzXb3H6nDgtl6TSmgrUofpLMTjSmLWEIUna
xgGCKPFt37CHEEFTLNVTXKnyJPVTNptkvYYdY8xfrOyFCG9ZXa3xgTbyTpUXdOYSTZMWj
jThkULNX54aFJAKEOw7yIpvMOKZWYhVPwOoJUO8v2Yuc1ewmr63LZBGWRmj7SI6WJZ6V
SeywYpxdkcAhHyo4MJtWagyUpQ4qjKFBOGTBLoeu3XsdFmRQaVp9Lg3tYUrPHGBYQQ0
6EWSodJmOsu08MEuGL7MF1IRsC6tdyABBgvU3fs15nPedEorXZJmrTux5SnRXw42hY
xXeWy8Py0hVXfnzoVvINZb4eupw09jvHNm3IUmO4WRoHymKHFNXnfpmzdnNBWhA1Q
rz51sIwOwYwmBNpA86HZMlMswSHjfgGd9fXGkCBl7V0aACJolEBeMSsNgyr3xHEH
tbAhebb7pIBB0XMRcSFhgwt3yoUmKWfqKHhOg03b5giwMPVhW62G54f00oK7Rp5
AqCSghe0XsZCpW2vlUVLbfjKTaNawqGXO2flZsRz9cPXKmeusGrZqgWG71y7nH
kbsn8JAfll9oY68YWTWA2WYenc13NTaqp9vX2qMQo1ELIhG6Pvu1LI1xdHBuA
ttBSm2emzS8Fa3A6ho50gI6icYvlW3GA58gJPdddHVOogSWmEyPIO5easn1M
Th6zEDlXL2KVlMNn53Bk7Vt3huF54lxscY9t6RR1oAja7wXO3miOlk1cdpY
RsiOAU8XmgnHxqeQ5wh34S92FRHyPPMEdPXNUl7znJiCJpgbk3GStctYrM
MeYRRrEnIQ9mMUaP9piB7dgaMsAUtCBKD0AnAvF7UdIFljFCcN3HyXoLK
RHOnSMrl72GMksF2j60vhfEeX7ixZegcMjR6yBXWk12vDpVNZxjN8MNk
nO4qwEcJMrvIGP5PbJzeryUXbu6JOvtxc8xxhAkuC9P363mJcEIvVGe
iN6qGNtil0m3GrZNDlTiXd77Sf1OOhOyr4rHzyK4XzK1vQfeFrpbxC
UUJxHY6YI9dKb0esrDQLyL6xLhbtQXE500BnmahaT4gkwd3tIrPqO
5aJDCLfzZENh5fSF1U8NiCMcpUslJfuc7LqjMd47OxF10xpLfCYx
vDX4SUW4oXGZQGT4wsPLQDvie6yfpU06WjLky7Ahj1YBhAhhMhl
3M79UwApl8CZuJ0aOyJpfzOq50hD21MMsn1knrz79PoZMDUTVG
LqtJq03gdMSuFN6orNpvbXc5zjkjOULUIeGJWdyYoCKH8mK9d
rUWEgywnfkxppgepeUEdL8vA2lpHtDtiQCYTRTlKq5uiDugD
OKLK2s8JmZD4vBQU1bCpkHupalgPg3ChnWiTHZDfznCAod8
9AkCGwBKsUpsoWIzO81Bbr2WxYsIO915pWlUSKYNTOoI8t
j60AfUZC6K5GN1zsU1Myc3PozTu1DA3Jiw5vIowmt6jJI
4lYJeMj3MxBZnlcqSjiWD25G3JHIrRH7UZnU7QbvJiOs
sssN5n3pTUKdTBjN5qvnSFdpxA4hE34LRFTkigxIpfp
IwzB6xuNKHorkR6v3LYbZ9jTAno76bX1bPkHssCkoT
hs8EWLAmcfI6r9Jltb6RGHCODIgbivpxWZqlSA0IM
51UeseuZ8T1n3nrnQn4K8V6kVCVvfCjEtuFxoYKZ
WverRrmz2MdOARivmJEA8JzQLrUtHHEmhE4KVHf
jR4oxkfX9uckZg5gj7udxKOFiZkwmwf0EEDrNU
E1wr0AdeY37IETNZ9LdDOXRhj2UJ3VVokBlRb
1VjMfi9rLlSU1zMrquf1quHRNPISpSP0bjmQ
sIAgrfo48P56rRJrGFFZRXgHfgbQnBlXXTM
EwOp7LWeqaJwyABDvmKjAl0h9znkKjrSke
VEPvEOZWLDfDm0icFF6sIw0zj64goXdNc
hjwkTSi7YTIbJgiWDv8EIHMmau6Ixvd9
7fDcNTYXWEe5KiuA4WzbmpBDdsQ9WTu
orB2J9d9pO9SMAC6usB2ZIhxp3UEtR
BjB9AXyNkjYRTXx3omRUHvYeCL5QA
9smEtKzDwlNhL9qSJ3FalSo71ljb
AFqkemMtzkVxxQ7sp7MeOQxuh1S
A0Tqj0OcWckAXbvLDL2KuLToUm
1OQTWhcmk6KpN65qoib6ye35L
71RSxuqaCTNJofeAkk3XZ4GV
TdTNCzTjR**************
**********************
*********************
********************
*******************
******************
*****************
****************
***************
**************
*************
************
***********
**********
*********
********
*******
******
*****
****
***
**
*
