B
wS
Bsa
0pjD
ngx8n
GjegOV
egQNINX
yQkM0GZH
rkLhMc1kN
TKrTlw0jgi
tiODj7HerWX
UXHNMRkaUqtH
rMqr1ls6jn3UQ
KEWqxdULuRGYMt
DMo8UP6LbZgMHSa
Elf2RfRPiCuH4JD8
W8Zu2WQnOgQTeliVz
vjeWIeE0u7qPk99RlA
oVk8Rby8mdSo0OaW0kA
fFDFVDIshS2TVlPdNvcv
F0PMoLkE6vzEiw1HCvyJK
5EXZXI6efYBTTSIFGAhlKI
fLvrWCo6QSkddHpRHn7Qkch
trODduWpz86vop3WFtFOa0iP
m57OAYpDMivojLf63RMWMxlQb
I9X5ZANopGVOK3HeBKgRkDjU8V
VHIchTMHd74oZSJb9TGvH0ded1R
3askriibxJholRSdcjpCVI4iVqnV
dT6DtFMoNL4pNCsPmNfEtvnGaYUwY
dGyedFiqAhY9CObvhvRr0miKVMgQBh
bwq1wdkogBzrxPPEzktqgZbz9okFEIL
rUK5KlXem2v1Vzn2W05WVoLeZyknBtzY
PfzJ1KIGbfki009lueRNoCNBFeo7i3ztX
ALr0MHIoqeX0QGCA56Rkc7JcZb3tC5Fs2G
YaSFnSBrpxTGIazX2SkxLGDnHvMQAac3QIj
O6KPXsV3jrRN4cqGzB4DSY8j1Y6Jm2rcKqa0
fremiVfQihcnPByW0SVq3sNYCUkQM4ly8l6SI
ElqI4nJd25GedG36Ssp81RbMN4bwKPISiI8Qan
TRJQRickQO2R6N1MRaztsfrjNoubRnV6ySyYR2O
zmmqMfmEKXewKstiikh5U0hbSH4m8UnYsGYpqgNL
NNOTiqJgkuCrAJ2fDUXfBrtrTNlYtPFINEDOCQlMZ
HIsDx8mjlSOhCPP6iB0i74KjlMJVeRmMSD8LjUpv7u
8ly5CksfaVEjONtYSu9PKoZ2yTvhlMzXrvlD8mUGlWP
u3wJeymwP9C2A5GHAAidZ51cwGdGKNFqsBUzNzaNYKa4
2rseCbazNDZH3MWnDvmKosfLQ9B15tNJyuJF4lraYXis7
ECktyolvboUJUavLifqgiFXsVKumrbIRwuTujO19tz2PWG
URwUIuA9cn52V6BCfTVrMIPs4tQIwkCJMXGVVnxuGT67xdk
8eKQUN8pz0Rg9JM2V7h8sWNvvAYJIyt3yOqqG7puyNaZFkr4
DdqKMYdg2tyxppVhiRhJfxPcpaLJ2qbufcqipszQcmU39AXZb
H8Sp5IaFHlkN6fuHdkL658TN1g1wUenE8wYwUuFVgJQRpZ8bY6
MsqZpnM81F8T4tGdrEvG4QDwsTXYk3awRaAHD6bydMJDKXLObaV
TH1Yog3LbUfvW6P3l6GfRCinSBzQiWxJ3FC9Lo4aeCXAkSyviN0T
8Cji17C8yq16EurAg7Kgl0HvkJCsFfysKdbvFrMYrazRbvc0NsBwT
ScP6wgdsa6k9M6aJbyUZnZwRP99gx0qKIL1UjZp5pxqqTdJkcTGE1B
2bcP0X78Qm5qxZZ4oVBuRQvWRCb8nGzGoSBXaajHCCTqc322kk7JRM5
47NOUSfDFM2moEWOnfBv9jVqcL7gZvCyJ8rViz2YkMjzQGfKwPd0ke85
LwRWnbDfJEqqP2Hlxe2MTZGYArvByUsqIOQscf7gL8hLKrydr6iNpUZVI
w8PJBPBF0ttB9dEy4Aq5Ed9kcbzhetpw0oMvyZtXComhbidTFdz28YQHjJ
tjIkh6zrNnCIwxe28b7Tkft3C0sd15o3CrAM9KIba0sxUsR2ZffG3xdoJ6b
sL6RS7v5rdb10LDNYK9d9V7vgTQvXyDLwlZADwyFf3oBbHAjFk2zLIXpRh4n
dkzscOUqLPEj1NPVXQOmBbEDacTw9sbY1XuFAPF9O2FnaDlLauxe4rDRn6FIF
yFkFTIcGXJBuZovzdsWxSAVXa5wVjU7aZDq2SvgffOxNyCkzOFZQvbhZMj1eiK
aRWzlhAb1HzFCv2YCb0aIIXo96aK7mHTi2yfSEQe8UGhgjeU0Wl56HQrzMLYdGS
bgDST1hHLyAozYljvRvHglnf3sjs8LJUpW5LPXTUFmeehlg0J9nuRBckw7194a1A
JIQHQvEzBEcPM87RyMYTApLZXnkoCWV85xcrCwv3RXm0jUasFutbfPqUbkqwFF7ht
YdEHQp0f9um1bCk4E7EE7QrX9rna8WxbYrkmjRSEYwpjXaXvTcezJyO3uxFZIrPEul
ydJDORCyIxb0CjME6BV2gMBK5XP4nrA2z8iagGbiyVCVI02nzkG8w026h2K050qBtit
aJm1OotErWpmUxh2zFNTIaF5Fa65vQ9A4Kw3tyouDs4WQCwJmMCxo1YHCacrMNCxGDFH
FMU2ibwXtq84HhVOWQBdHyzDLLwESR7x01FZTVxHRYs0qe60WsY2cooariOAT6ObIEeD2
x8lpTRpNjE347NTZOtCrwzM7shmLhin8Z9Z2fGa25EJq0XS8FdWVQ2fYZZGMRpbvEeGLGr
mfVahaITHAtmvSTW33ghaIvZseCeq2ybDHAUp9ELjGx9mooY9xqYfb48bi0b9XEf4coQMH6
eWYQPICB3qGsdoEV6YaJbI0WbIRLV84GpdcujeMZqXIgGWLz1dlVpDv7Sy5cAIoFk3Hc3EP3
vMDi4Z1JM9AedP9HrqjZJanrFjnjMnAggavEKF0GsjY6jcchx6NkBfg7mADswa5fQTI574sVX
tdYnQeEyJJNuov4RwRFzkLJLNb4xAhLD4GyrGViXXORVah5sKjQii2tKG6d1EgilPkkFKam0fi
a8xBGgKbzeGcOQTfq82yXndHokp7FvArNIGZpEe1FYVCb0Jbtx1REX9YHXc9wKWMYb6Kr8vGxi2
DZceRX31viKkIW55Qnr2hnKp226jVQZ1gP1IZMxOOdiJH0c1LmYoGVsflF2Jarz8eD1XQFA7PRbY
aRhgurvNBSuLv7TX0olQY9fbzHNa0fyMKauqz1NteKPb3GqPJl8DEBtPAUflixerWurM6MK8TIUgD
MgQeVsR7xEijKszdaxNvbFNhZme9sdfl3GljyNEb9Y05tMFvlQR6a9EKIF5kwDz464X9cbJNl3chay
83AgLIGXMEnxNmqlM6Z7wLJUTexihQjFqHPIRF903KUxcU3jbtEvw0dG09MBoy8oJ5wQg0lZ7tKNKmw
s4RA4zNgMmiX6llWwZSWHkV5DG28RT9OfdWE03LmYetxjjIhH6TZD9pvc9Nrvnw0ZAakrhQJfAkmYyQZ
QvafU2QdL2zsGxNmIiQPxpH8BwK0u7hDH7KVI7PNKdoR9Li5tD4nHzJQaGlmsbuoNqJV6HSmuEoZChuEI
0yRHOxpB37rYQkXQe1rHq3KE00vBXyXhlmwuDoMpZUKgrWGtPHUPsNCHnqSrraghXdavno4wemftPeoKNe
UoN9Of99sST6G2RyGujgijSvd0bn6gmbxdId55BRtWjNeKITeiqpzS49kHKXecexQOQe1cV5KLzKNjEJsRq
0c5i6awlzcjWIojI98Cq2Wxc47txBVzcuV30w4RxTUKDeuS0Wa0qMNccvbAooK4hDIBRv5wpnIHnP4LQR6Q0
vUMEf7Hv1s0ulzG8GTCpE59DI4aXOHgcEiwOWMxwiNialUYKD4rmL0uNrv7PhExJGxNvjpnsq40pvvyrGo1RE
7QRNuEtBwL9cGU6KdBIEvttEiy5h4hILGSTNcHAxBpX0to4aUnqg1eI8ymV9SZ7msadQpNUIw85rXIc0xxTFxR
d1uwOEA3iUVc3UjvGhJfg7lQu3MMkj02SX10brw3KFGnSPRmkQZmiYLksYr3qQNSfspQzkefJYW7BaILN9bKbai
SooroEUEIjM64w8EUxsnu9atmHmckD1GG9HJgRQiI3Sv2iezmzE6YO8gTU8PQLFc40fDaYBkfn8C40LHHAvCWNMb
F1xabyANSH7UAzrMXQ7ii3LLysWDi5tNUmps3FutWWKgUPy080CZwS0yJkFqXBY8pKBWDJAd503v76Jry9Xtlfirn
NewZN9GTxm6kqRA9kLtDNuFbVT8OK9xVQcm1NhgjQDcQnLu0UkdRfOuOGWIDlf3EWHu3raSWLKpcNdIVmp4Zo8SJp8
9sVOLvTtBYxbnaz9AlT7JkZvYFMmAwIpdCiheUfBDQpuH3Z2Q1K5WQTnxZGIXEtJvpynwxpRMaYCR2ozNtV1S9TUj0Y
HdNRSOTPqioRLn7SiLFmTBojvCOdJ8rDVM1nHhcTa26fYwNIO0xFz3KXiMIO1KXpTr6XgH27sLFiO0eIpxX1BQuN3PYH
K5qF76bFxYsWBwCE9CAXqsuVNlSsp3urUtB10ikNU14Z2ibLTOABfR8tJoxq91e15BNwJqJT1x3Y2GBhBmqwu6tPAnOpB
qQdBmfAmo2G3MQMXxy2Er2T06BlNExACUN1zurCf42Xcw8qcW1wZYHhaQnpaCFO9WnNX26UUK9hIrjdZSdsmu3DCTTO59U
eiaNBDvXSdhGkgP1N0CoOBQX1m4vJwdUu7VJhu7GvDW7IQKBlSMov4TFHftDfxWcTcjw2EGVmnszOhyuGOfpmwNfdIK6h7Y
wNwwdFTPijs1o37fg33cN2htDoqkv5qccPx0Ro0YaTf2dRZ3ktTq6Pelirc28zVNzy1qjPY5GyJeT65O0dKtfPhcq9F6H6vi
0ViVEIf7Oi7FSOEjhAg3S2VQO7yBw1J9kOzJN0bYCNQaTd3wJX44threRpBE0XsESQ04iLzVBNeQi5WPir3jd5jLAPXlSUHg4
mCQvLviTvDJTzMKxzoQGa6nsl7Mrvt7VFtuXnh4FUc0kk643WwhJ7WpXiwE2yghTdz4X5ImvdK722PMqwyM8DwjBqMgytmJcEb
qjab77xeIReGFrJQ990Ra007SZI5LWNLViaaWSa7xxatckSMDkWPEo5xBbTRPAZEEIOz8sTNWuJIs4GKZvIv5bXfV2KEyWnV7by
wZJNhPEogjJoThwkCmTIofNHa1gtU0iUhOV2I28pAmf3SdWaXbkVSwWI2TLxbtg0eLOLn6tqUz368wVhnLOqO9JbxTDDMJgMHjYh
ENhQlArCZYJeFYqCcMwXCDc8Q0mmFhQ3tGqhneJeYFe08ehNMg50IYt5b4JiC28Rg6US8VSv6ZJqZuN8zvtgpoC708WgOuLlQYFiQ
v3yOzyW1IoDslJ1dQIYi5ruWOgkGPdbcC1aq5J1mPyZpOtm9LgZ3dFwgOjqI1csiF8ig16WmQf79sIyfiRDc2E9mM9caNQbWy5Y6Ln
M6AntIsilvHNEs8dZmBLDA6rhQ8er4mIOezqI9iyILUAg2NNHWT7gx02Mt3K6NN5Np5GDQHS8VhFlt0PXb4MXes9tD597zev35pltLF
QEKaNONHSjz3MzR1cmMJJkIfZnvB1x5Oq1gNbyDPaq2oso7A6n7m01SkTPIjsnpsTbip4ToRG8NeCbXkRj9dSk3noc9mRDZ7yVX79Bhz
zecPmwpukDvVHBiOoXbYcqznVPMsVyQeiKe5IpQuHKNDROAYWPSKPKxFJjqZfQZv5CTmYn4ZcazegKYHI2FUbrAdhAM4k8GCkSrPq8AzY
UztHuMB9SZJAfoNMOat4yEXXVSCahLuifoLcqDJQxVj0Jr1Yc5znjOtL9EgVAxMM3Gg14yOGTlvXkB65gTNnFIxaW9rgHJydCsCixSUpVf
TUPzbgigQYiUiC3oUawP9CgjG0GCE7I51MTVtJPXDt0TFqIAdUSG9YLvnEqtgJ9AVxnHjv4J1qDkOQBf6nqrkIb0ZbAMdj4q5HTCjs0QffR
gY62xU2nrvVAqigNc1acIoi0xvpISnZHhls7eCUyeACwEIHtzobjs6B0NI52zis5f7qsjMxh5wgjKtghlS12yjwUi4vnQWHYoYtaDm6pnRva
V96KlIchyxolT59vrblkjj5N0LwLDch1JDxeQCfCqcHBGbiNFsqU23Vw1FKirl6IYHIm7oy55UfsfvuLWiNe0QwPzOtxuQfInoxMsnvVd0q6I
i15jf6RY7Ru3V29zZ4DGB0toUGv4VYmHfNe5vFsJ4ncjGM72zhjrVgkXP8oVv800bQrRxcQVDUL5B4JyXtp1aayaTkwoDQEtlVG3tnhRakkeSy
yfijAm6EXsMCm0siAmJnMIBrXegHeYJotqxEnGnrtdF3GP01v1Ygv0dPQ5GSsXFvArewTnrNAGz1FMNusZzWh0QGwc1zOoASpXWOwZYZmoypOUd
f98HRun6yEJnCwwakZUiC7KaKebyqszgGTe8M2eOpIvGUvurOOlS5uI1ua5y9VzcQzM3FM1NGVXCyRRrDUCpO0QyNeobGmRcE0B23lahIIJOSWez
4C42fw5twS3BwkoEEMple2vKchULTUfsQCDYXpUCFx3V694h1Qv2qEccJfdEl4LEiZ9BT119FNshbRnBzEhzn9SaVNOJaIS19olx7WMg1imGTV0u5
FbHdqoqYtNiq4670CHrfCsAGZ1Q1OCMCrCIwGITNBUYgmcVykYaNtIADxhyaNLKMWNMnFCd6QyDqm3rQsx1xfww0juYrwBJSWVwx1fYOa5KDKOajaC
78D6iJ0UUQZGlg8k9LncJDYHnVTZIuxmWwUEM4WBwfQj4ybPeFxJ2iRYN65BWBjhBtJZ73m8ELRpeypeY2Id0Arno6lFaxIebBZJfr1IqotqhkeeAKd
l0z7DGCmrPayvyRhaVWhVRfFK2FKeCllh3CJfxaas0cWZtTKY1i0pvztGwOGCpLJWWBTKrthSmYg4WosPfTpWikbuplBduCYD1AW4XYrtSs7kmGkSWag
C40BQD0NGhZ4AdtyINoq4n7AGsTnHuQ78pdiHGKSq0ySYiDFPGF1kgrL4YczIIG1te7MY15TP81TXy0SMset7twPJvsGsthzuDkUoZEipuUBp4nPEmrj2
ejxv2yW6sMQOe5uCljGgu9b8Uvfzn3EnSrRwux7bhtvf71JZQZHZjkki7mnUYidmoP1jaUQ4PUE4x0oJkK8noD4ZtY9JUBaqBCheQG68DkwPEiMJrnfkyC
Yi7cqnudbHKQM7cbtq7rLgoTikjbcfrov83xK7Qzv5Ngql0elyrizkIncyRCxGBZajKjE74tqadP3GPSHrFigA70RfhwqOZslQ4NyIJrhlqCIqaBwqNfSbG
zWOa0UKHy6aUQhGW1LSuNQbAWb5TPH0am7WO16G4qrb9dkoZuEVLao9N4wA2YkDgDdlyBI0FOKsgymJjySpcECjpDGQ7KaFA7MDaTgwBoaPgXH1F38rlhfzM
qMnLou9ZPhIV2K8Qj5TYxj8BDQUIGjVGelElgfTh3RKUA55GKaSs3pwpRKt5uTaoOOajhtnCBxQbBtkRxGOBIPISJOiPBbyEcbU01dflWG8cNEtk5qImqHwJT
uN94KdYakvEm0Hqvbxktvx9bfIbrUgMwr13qDfdHWOfoBg5p9AhMLRflZQg0Yt9M3qHiduLYekOTb1KJtpVPJwo60vtnnQfHWrONlJCleSPmrIdieetJwjmQ72
LMqlRWhX1c9u7WD4OFvfYnfJdgtAB9eR2eNoAyGrnzoUMYbY8Devufhx4fLfTLLhqBzWYtAgbVug95rypymhxS8VM3OZ1JN1Clw6gZD0bTGJdTKmNcApKlUTAJ3
wBsm1m1UWrWonmUaXEjy99ED5HSd24C3hINZxd9JsiwX8IIjSoflZLNuB2xhUqZoI4FhRduObiZMr8yAXxGsdZbeuDhOXYtQzBGqeJPnPWdqozATS1yHe2HuoryT
NpvlUolKPiaOE8KNT0AnLCgOyttjuiOLfxyp3hr1cxnwNzHAM4eTodBhzTmmKbxpCbauQc7IXJI5jVoehlHcnQ7DmUtzsv3IRFexr9hDmokWMsZy231TrU63T9RuU
kPSJwKU9iWIgG8utpk5W0dZ4RtasGvlKcBGcCENVzBPtzri3g0eGYCf9R8T5JOmjEj8vUnigpya3omJcKJuV0cxdMoVRtlKFv2ufTk4LgRbcidZrpFYDtiIUhZZsT9
wpPyvGgYE47uBWx1X3l3ig8epFDVP4zOQdrKefRFEgH5YpM5WrUEf2EvkmyoNvumAivAbrbyfj9ycn8U23SXNaPwEyp8mdKqbdAFaPT8kxS5ElnoQOV2dF1KGQ4hHnh
hZNKUHF3Pet2FjYHFVWlPvQKilbaOR7jvcudpTEuHV89LxmCyqHexnK10xE8wgDb8VZC0vFbysKwWzDZs6DQJAq1IEKLIAa3bUiKfNxxigcE8ecB8evmAvY8yV3ObF1F
X6ZMbOj5l9lX963u6T4ipaZjetlmB9imtVs2E5JMer798OZqFyiNnRr1VkG9FUIBXhhcDtgDyFfQCMWnICdznsDp45XkvWLeBoc2l8ofscTIkmxir9n2Yu0d9jmIVvI83
dOQTtTrnSL8PsZeYw3SyPJAka7IA23rCmZ5436Ne3bwRPr7q6iy3ODSdh8NALJzv6GHIdXLReO1ePIq4etIqV8gKtt0eLHv3WlbMTaWHdwHfKYEKJZUSpp9jhugoK9Q9RI
18hPc2qlCIPbYHPF3oJOxtt7jwyF8TALzTUZfUBIGRdA0fcwngqEdeh1rao9tV4c0bLBdFXr4KZwkPe8kqgmr2YtDLWRCttf3PPERXRkWvjBzjx6k7UjLEgZXYcvMb0xv0q
tgDhGrb8b8YHEcEMa1iUuUh1BQLtL5twCFg4G0wouTOYlDX1iFckX90mi85tP7rCdfieTulUIiDyTb6JiTrFcSl3iZ5io8VmFM29L01MCoI34nvQhbz7L4Kyy1lhIISXVwkE
WW9sR4ElMtRrme0v64m9J0VB3vmjbQUOk4gJUKrBOBYcBvDfYiGCZ03iINzdmkhWSm58c6ssaiSe4zasnyLrZnl8h2BAQPjhnCEDpPOmu939YFGgYEf3ubLaTRInEi0tVsVUf
RazfFYy5Szzc7RmJDDD1QriXWk1HLzyZWbUcjPGYdtlBT0X6fxJYcq6KjJVpjTVVkXtnSNhMUcSEMshi0uLIi3Ysc9n7bpf9YaU2iiaw1URzlU1RwbSuG1ciORWzMHHXoFydHb
sdsP8mJOpMzROypsjuqGmNWh7FO0OTKhejjQWu7EKY3JMWltXkYrq2d5pgtyqqawl4WB8i54UUvG58YpCAjCt2lkXgdZh7XbPgi7cSqh7vqOJTo82ah4RvZbQMwVnZpnMdMkHMn
chbztkmSQEGrmpXBE6V4JmQffYu1XKYOpjdgcXTJcWUVR062esMJZ4pUdhxJpiMzsu6QVz4iMbHWUceKSJHfvLpSl24s0cQT2rmkxMdhduTomYyqEJfeHvSOGyfxmTiHN7PjnfmS
zkRDqTDCDUE6dx4w1ExY72AvLW9zTIUouAYim5Gun50STeAjELwhvA0sgyWeq4outIk4mL8V2ubfuw3BK2Pzt7QdWpzWQmEScNyETQ5fZY6EHI6Vv3emPSAQFKlaxHIXDOc70YVkX
gU4img5NdNTN5m0m8NRbBveVD9a6a4o5bWSFTtSeJ1NbG1Fad2AqGCV4jwO36uLHX8W20k330zGcE7AOLsORIEjiRo9jj6rNqSs0GRPxeFXFdsCg7XLmci7eftf28da6H8eWdwIzF0
wqTEjxcpRZghC4dJUVikfLEs7Ps1dwPsPVLjydzBU9LWwk3ULQyl6V2eFC1OXmgXopNk1oLxCMJEtvQPUXpb19bpfGyUlz0a4n4N8nphsrJzb2afumS6LqSjGDyKPSg1wEf7tnDcm0S
FqUPysQQfQlmcY3sBy5jtl2QgTf9hTlOYrIUx638rSIm2bZj3on5dTe6QarGuhRJgXG0ohtjYP0fbk2GaGa90xrpQtIDdZQ5svwn0tQbriQnaPj9F3ixFo4chvq4P9IdUIS3PlGesbm9
x0utwhnRvHt8jeOpWJn6BqIVkEB3rkqbFi1RaT1SS6pG8iKoPxSRc865gfKfnIWuqwYaGfI1Eekglixi1UHR1zhZ9iJUe5qq6YzsrjDRgHLvId2claeQ0fgubuqb9wveTXzYYO0wT5nRF
YrIyy6AcERCBDwaEbx6qWxG8JYcnkroquwtp6X5knoIyohB47s3yWfA4tKYfPIgrLdh1IXWsB5xMDtckzVsIwMvrTksBu4GwRO2SSeNv5pgjg8c8zS1a3FcsIQwqrTwFV4xb4pROzIo614
qRtmP7pzVrJBrI0tXx6ODPinL1zyJR7M2Qs1inDH2WA37j6p7qikPf0UAHP687bKtZcpqeq3AAMiGbssnv3bWPdhGfEaRyfBDQIDQIig7qzzc99RIqy5LcXE9bwd1deyTIVnYMQcHMAj1pJ
zoKByf2TBGGehwesYLekFUBtRZXJeTFvKDoeU8TCxWE7QEGmZYQnDx3nKisPKezHDmHWKZafhOVGD9lccRDqrlmOfZLpCgqcWHL64hFZk43MwQkxzJzcwEzdvgnw1nxwjs5X5fxZEF5ExCqS
8zI9PjBv1ocT7AGDIsvb7ZPhn5IDoJzXhjkjnI7BtYQ94cfvSSDidDxAkhxzuWKzGi5kqqItH6WzHHA11x8XwYajeQ4ppb1K3Uy4Jq6R4uqsIADcLhOLegiyTWjIOQNm6UMnMbyc3rQbZdC04
X74NZ7ChEWps29Bz1ojBk6jgt0Mxh2VHKgEQRvGmIKCv41ZJ7HADzYJbvRD9p1nyAuXv31Vnx3EGMvXbldt5tKN1X8OTIcN925MMUZdhtKOUzAs2MxIKdVxIdsEkS0EwtQJOgipdtokcR3BWBC
8emMKXiZHRh7EfiSjzRcQV4VthkYTK6xKUlM0s5bOCMCIPdiaq2HRU0TyVAMXujWqx380UM8QFk5D3WO1eTpInIqi7HBSecQxGiJEOndEQFnqxv1vl8f92gALtmQyVlm7dsjgX4Uhkah6ZWHGiy
z9sL6vvr2yjHS1iBSVh7OmGlMmVEjMB5nr2UbGITJiA48Efi44S1Hm9EBzmLlp27lM19Axv52PLLCktpSC83ryoTb8V6ZlwYq1bAFDopDrucjp3TGqgYrbA1MvJ85Ix5cDyrnhjrfsn2nNgkY3OM
GWsZIlpmy4NnoL25oS7bJMGsDw172bbhOZNMTOfMmid8tCPla69pnznrxBQRpIKu0VOcRhhoa3AxuA6nuw65xJ9SXucYPdI9wNNRerNc64XWuoLjp1X4zkyKfmRgXZFZ4Wb7ZhNiC5CFAWUBw8daE
zfICOpzWNOt2zQy7mklUYM82Vz1a8RPYKU4MeG2JR7xqtn658Xvv7JVsll0CJ76G2OX2Ria1WA2APKi502HyxQx4FUpWnZnYQwdau0EXlpzirnWAHmCoLPWDNFafnZyLZzfFHI1OrDyuyZDIevtPcX
Xj1L2BQ5DgBKKSHxWJwZLysAOsLedaCI3tNNTmv7Wo18EdHsiYKyUkCJ3AJCI0QcW2j1H7UmSxKc0FSCQ7R5XmciefBIBvgvG2BWICq9OUN8X4jhOIDAzwRzd6fqN2vSHukBFpaRwpgZQ1N7v8lX9NO
BxkBpWiR2kMhKw4AqSNXka5DSwYf8CkzqctpKpMbxF0dReJEARcTPY60YzTvPPZOxEidNOSkCk1nksuTqmQLjt7wbxvvaqxQC1Y8v2CqSunGv3QvYlaegTwWibKbbgLwZB9OkhPVsc0ABiOWsdA7tXyp
ew7nd5mMgKY1iTkniEeJYq6ydu0aVZ3BZKoMn6EAm8w7zlI2JLxCLGRkUa4ALJm0H62gPpYnDHIOPTmHVE7C4dNb7xw4jnqeM2gN0thgMojNKQXXalcV1liU4uvX3vDxBJpcLb0T4RAnzzrW4bcN63VO7
iAO3asgj10iGuJsY8ApTCEswru84N6PLiKmmhA0AjXma9ZirsgNLLoLOg53tLmwtcn39wPjkZ02kh7g5VumEjvC2Tu4B75TYMdnNg9eMi4rxLaBEvkn99rLvp1uAUI4FpYWbbWg3esFq87CNDy1hub9fTZ
NC8xmDiOt3QaUQ9S9rufIVazPnC8W3p3pDF9nN71stDkXhVhgN1iAE1StiiC8guCIYjsCDCKRciv7NQFEOMcXaIRbqmIf50ozF1LmtJomP6IHrA9w6MCBG1pTGewfQp9x07RWbYOvxJjc6RbqWwBvmUokKp
17zPTH463Hc1hAabPGuxVXc7eV1lKxxxYWzWmBiYW1gTw7kqsdaqIZ7LbUushnWePJWvACjgu1eoUjuk3mkbwCzvQmAGGjGFrbuDraIlCKdQoxV9RIJF0jtp0DIvMCtIrpSim7fu14C9G1t8zLfMlxwRPUtY
0uVSfcDAYURfbbVkGYCuGJOIkOSkHZqmVRqOyXWUQaoIZJt2RE75S3bGnPKhZISbSQzDdJQTpERG0Bha5DFupiM7yBRDXzeaUcLog6UnkApVbvwMrBKkNBDU0nWgDA50L3XkL08ikXM9wJnrAcg4iJbCsPJKQ
c78GpDRRjHMNC1N8YUpooSfwPUdKVj6uCeMHDW8MmmRrG9QQ3RE9cO8zHGhWOEDZR03noPd6vO9l7pEPH26lbr4kTZBBb2mtwN3iYRAkDkzhaeli2ZsBDEL4vDdRoXGi5dhzLH6ZPBYdBObhSZLsvMFC0q1CAk
GumOmvTMOBXBe2FmAvwQWc2cwqxmCIW3wO12zhzfPKwwnRnPrm8ZEOqRPxpAfErfC3CLALhSMjWgKLhPxFZeRSRCUMsi9zvhRqlvObKT96e53f4BLyTZX8a0n9DUNwi9eaUOATBkzTAVwi6OlsATTIbl4eyatlH
t3Eqt7BhY9N90Kr6txuMiqds2dxFa69vIsvPVukWSepkOhXe8VIZVpUhmjIED4eWEmQ54VruVjfRbUFJZX6bBmQkS4NsIUMAs2yEloTKzeACKb09qyKF35KeOVxNAl5U09AFCmZL2sSvApUWjTvXzdXfwLuXo98D
uomV9wCLsazU3j4ZOGssrL5rUQCeihEhxyKHiAGnJydcfDqh6s49jL0i7fpA2YTVJV0qvxvfmS0Ss8TBBszPjMuEuhc8rldKJYUfpd38Hwii7IMzlkabrnyi02ZSWM73DnDYZix3i29Ac1K6WjMSQOFlbvFKffnUW
rDdlwCs2gJFSYfheoTQt7E2M2byZROfBX4UXlluvrTPMrlMpK2h3pSz9LnjCv31qJcXw6Rn98cnQ6fE3CIMG7kv297oUK7UHN8NxdhMG9fve5t3oLxI47fItFwKZ6Y3bxaDW69veVCtfF7cCTdix5evjwsH8tzMnW8
LtrxuTqorRZnm4A7Vy8us7cywmnJGLmRe3wuswfaENXyadQtcyoQ04XWMe3ALNvLabe0bsNru5imFD2rB0AcesUMsb4jjHl5klw72N98cXUuvcpuUVmUexBsXg4YtWxhVcEljdC7JQSfKRzT5ED5q2VAXf4DTGJQuWE
sYnGELbIJujX0MxrJBY72ePiHFqnYWitn4Yt1jLsdpIYwfJMwEb2Ex99r9IMieK64V8UI5kkAuPSvM4c9HBdlaBhHDrLDL1kCIyWmgVqzFAASuOoURnewldHMsV8flEIyV86Od4sqtMQoHEe8uy8gzbuQoSYaxRvtgYe
5as5bpt4PB76H0etMbp16VgBrLoikIpAh1i90pe8J7qDyqVIbMzHA8SX3EBAAUgYacbH3bccJceKcBYCZp7dCiIpGXFm0LgHa0CRLwtTxyRAN9z4XGDxUS2CdpyGuzAbHzuVal9QhskeG574dhVoTjTtcNY3o4YPFIFwr
dWs8GszfGF4P6SVDnGqdS1nyfcTotYlxnmMpCpb3JH2v3lwYLwy032AXGmBNjKkQcwEPoy2PIHcvqvkLvd6BXu234hsXi2h11I10qN9KEUaEg4Z9DixvhFGCIezr474M3J23RPv2NZptyVSBMLirXMDQMqWx8rjLUAbAQF
t3nj75LugTwzNCk0ft0TntNQPBkbbVi3k4SXL8BlcV4h1XFXDs2rvzWcrBC16GHDs1vjOuvzHT5d4gIo5xkHABpZ7HrwWJCMxwrdyb8IkekSgtFEmJ7qAZXp5Epy0YKJHPiKxXN7XwoNyN95Fe6nCo6lHZgm5osaynjmweI
Cre7uJt0AuePGl6IOpibWfSMaPeEqtWXiAkj5fVozGiuLQqIEidzcNpAHjzTdJ2v7S7PYsiitjkPGkU4soFQPUkGt6SanrZMZoN2mK94iF3MJxco4yE3LUdwbHxRNK04ymI5c2K1pvawDWpoDM9SFBZiSOT3UbIPBT3udn7b
FGnmn98rnuCuMxh4dPIlvHopXQfJKRdZ7XtJkWK8XQA7MTPoGMspEmdcL4gNh46Du89fp4BBrmaKkfeOizyHCxpWGv3OGKZJ4joQXUbDsAW3JAnqI4TWVKh0dA6r8pKwxt0LKUZh9fAmNwbB3lbgu9VxldbDnzCEcdXsla3E8
ryve4o5W5CXqmPlCvHeX7EqBbfLXXAkER8FlZjVoN1odmsURiKnAZv1q0bXgqTUDxZNOTQuXOjKc4HtQG3gmBZmzPr8LN2Xpr5iMrk6wn2bNd23rMZ1SaHKfJ4jEJYMUaLFcpdx8DDnLiTOP1m0Eh6ItLuBTISEkQ47RRNgn7Q
xAbaQGXl5HXmUS6X1msiQYQi7sKFX3cLtEgZ6JTPE3bSeMf4s89HxoINbNWqsUOzSjOurFrVj1vfzWC9ujn2xzaXoNXnBADvYX3Jn5S9UOGkQ2ECAtiIvb95fgHPN9cXkB90dlooiJxDzebUt4T1TvIwQVq1sxy4tWqaRu1HOE8
fEJiGxIhoduoHHogy1z73M8FSWp38YOB9YUzpG5frWbMm5u5Unwbd7yMygzAtfbQtfJhrc1tKTKzarTl2G6XsW9xGYIYtzbu7ds8QDS769TV0QKOb2ZSqlKTLMWPpPyAhvkGrVa8zudNClYwS2WQ08v7bO65IQooUsUKej4zaDlK
MOL3b9eLrb4mcPNg8Pv3gdvd1YQE5ESvZ8TerYLij156bcRJzrz8aXBE3vmKewsD0rDSMZDeek6n6jsTdQz9hydXmXW3XHigUTTF17G3XdHl4iKRXdfMc46RpykBIaqYtTQ5acUOWVoeHyV5zOxS3Hc0I5cHBzZTygdn0kvoU3kE6
UjTJ82zcFMdfktP5ET0UeL2hs9yERThWqq362VHpWtnBindGlHEjVi1wX6RnzKOaK1VclQ6VSJ9RfT6mSkSvaqbO6txGqarIDTgNvRSPWoCHIkd6vHNXHjWzdItfjilJUnEduxhD4U6vyRN10RybJCDl0VmVN8SRIxLPXkZuyl3oNs
9mqWBUs4eYhmQeKhVN8EYlN4gKWZr4KWMKhST3tTsshHspreP9ETDQsI5JQ8x7pj1xBhFHweihHnxNnzmyytXbqpg9D9tTE3u3XHzXHnHCVl8p5Ig8PNUPPu8ZS03ae9VXvtah3uJhs2cRv8dzmpznhTeHv3uvONPxJd8xvm6WHHxlv
04REFiI8iRJ8Hf4XgG85zNNCx35pVZ6xygqTzJcnAgI22vtXpWo11LuVb9Uulb1d0neMabgJ0ixO4vWSORwvZyyqZLuTx6eJJtRpmLeKtxU8D7oAhiLMjrMTqOWc2AjcCU5yN6qUGUm518ySSr3YuxWtdjbETQw5548zO8hB3AgHoa3V
zU9bji22xYioboQY0io7XxdiI5IrFvBrga121MHEXLTernYS6LoofnflNpjW6KARfroAJOc7Ip7O6c0qzDp9tvDI6N5OGyCeiTAqVO8CywAQbjWCNEjIeNT7Ez57nl76Ll5EuPvjqLBbicwPrjUurRQBqtdvhBHoUxHwslhfoPAfzSjvT
i1MTqSBrHogSOv6dl76xDV1ZvZLOHaVICWDXk4CwQUW7duVnQdCsPiUzRYd0iw4BQl2VSyBjPbCh32WeCsaXvjLyPhAiguNTgd8TczOaZX6uttiFzmnZ0cR99xAFn57AFr2rx1cKrTriMlHl8gTu86SrHdGgEsY2af5SAH9CZ0G6DAXgY2
avUImEklIJ2FxRLGzQAHdfmeFiAbz2TSGD8kmCzx8VrH3qAFWgQY4LYge20vMvOAr4B3iuVZNT5sBywczWpV0OLWm7IfMNJIxXv2Rit9J7HASYPJ2oZOtW83u4DOa9MAjgeIzt5jWaYkiBt9MD5Ldqbv2tzRWkxVbbCCmoHq1Ak9ngtdI0k
p895OWGDjKqLscWLFFVVlvUEFoGwwxjkNRXGx135x32WGq79FssJAk0vxxbcS854dig98DeYi21J3KmlkCrGYWpiI549PIPgrgB9JGnqgBNZDdYMKHABmFNcgxJjgHnfelGIIpUlKVBAe04K1iCYN9otHPgeHSsMFyBCjCTomQRmlhv9aqci
75pb4cmsLDlEFKvKQlrPFBmMLR1hDBzgd10DBKPRAimcrVdAIzQZrP7PCIjnD4SIUkQCi0bRCGeD9aa30JtAHQS86BIld6yoZZTVhk3MO606VHIcRPK087twaPk73fZuJ1MtSaK9V5r8xKHwIBQ2aA39SAyrHDpRoPBEaCdrla93gn4ooe01X
wLfSqd2D1oGmU6XWBDRefldSWvFAIpdUu56tFKRoe87Lqk7BMfTumrEwm3Sz0NkXzCDwQ2lAOZ9OYeRCs6BX73ZUMgh3ynyvrGnWg7jllFuLBGAezbXGYzDC8UoWshLxOzJjGuxLHmJWj5W4MdsX0OztN2XoAW1WUzBCmuAg65GCPnpYS13kmB
hdhNvT1B1arjO2dQAFt11rB0Hnqz8brFWg0LrPD4aEAdpNHBWIlPKK0Gx8tNMiS4cknnkyY2V1DIa9XN2HNbBnliJjKVz9jAE9wNWYavhLs46LcKVla873SmA0oKyx0VH0S2vMG0HrrzOvgR77geKNm0n874YrfXQYuKCN55U8GMNwWb6Hb3XFw
rs65t8RDi8VehS7D8w3bM3LhLG9b1ab28HIWbAa4lr6cAPqlq17HM4rTgWpZN7ynbOPEWfpVaZtIWttW6Qmcr3ifwsJMGKdoUhY53OfEWaSjvZBYgkpfSd3A8c5zfE2iKgWnhYyTiDq2cBs8K1F9Zjkj6X4FvMNai2ZxdRobnoTDJrgY2Kbuu7dW
lRz7WpTEQ1eHlok7sLgoP1L1ca52TErO2v5w6dDrDFJYMeciq8hPKlbs3HEf9VhOuCP0KCAWn5nf8Ex6f95kCY3iXpvjU0lOhi9oGkRlXoblHDXrhphULAPSBcTXMKAurkgYxIPqrxlNPHJhLuyURt67bskfgBcsO8ua4rd5bmvbhf9lzWreA77qG
XfP3WsnocC0mItFxni8WAXUgCUNj2NOuiL9CjUB9WvL5nDBBGzb1KfAWp3V9xRXmXkrNuYmXpxp8qIsGjSkuNBDPf280llKYvPD1BtyUmjmmyDlsszciuwuc3WUQBT1oVy98iW27GYJM7wiGc1U22OBNQZ3v3M3hIOEe0o8xLnl21fjRXylyrKKW9n
IOgbkicNoMPAjUwxcm07ofWdxSldgEAiCN6YPTXiXSFN8RlHiRvhOI5d9Z6FcoNPPxGKp3wTtRA04G196FV4CfEgMhKkcGlauLhfbgw1OSPmnmLJoExTKeqBfKL9DyYGweqngPTlST0qk5NzkkyigyJ2PTOXJV1MGmsPnrlOYDKPjGdbPv3kmzQby9e
Kz1YtYtejyjlINiUwUovN5TeMyAflpsy2XU46O6DrXYK8KT9YLJCmXRsVx7J2VOM2HvKTNWH81Fec09l52HJi8kHNXDz2CpH76FzcciHRNMtn1jMHrFI9JV193DLuHGWx6UXHP69TcQkRGw0TV5vZhFkC2uBdMcQbfhjjCFPwalErkdNIFg8KKESnGvS
XEleIcjuwUyqhhCdnKuzDaNWg8kQa8lLhxOiAlkZrdSg2z3Yf9iUHK6r2CAFjTXbuW3FFAvGNLwad4u4ekvHiYN754gCfUwc65rfy1qIcwkW4se63nz8jkeCZdxJlcjZGgJNSUBLJL7vh9YAIikidhGM2iRS1IdjpirVPGCNFjhIVr0CoEVnJ7dxAPUwM
lhqdgRfw1uFSaXbzjw2UFGVdruNqqJMptMmzSSaqDeSPCOdMPXVE37O6QH4WRcEVjitBDbBnbncrv0UxgXeCpOpFTSc6KrsuozMYCSjeO6yzyPAsSAOB0y7nEYJSHoEK3QRulJoomj23peRFXX7fRqW2G3wWWR8wsgy2oj06nwL6rZfDaRUwD415I2r5oQ
6mGWHIGb1pvbZnPMyfWLdz1ZVzyYThbsQoHnrWB4FuTb5Bf8wT5dyMUYjOSqpLsFuoopRMW3PmG2kqPkT42MxcD7zs52gVkxNs30orwy1T7QT6VQLj3s6iVGnfgWqbJHZcmFvnYGlvbONu7BaLrVeT7mrFqeyJMFhf50AaxGZXR4VhdwlsGhtzSyeQyi2LY
ZlajVQ59glfXI4ILAkETfPnxwO1i1cUe5jjfFDTKNwSB56DuCbUIbzgvfS2XLvCm7MXf02kn3VpLsTwLjIN0jyJ3DcySDRekSX1puS79bX4S45QXn2jQ5uqk2tVuGVsb1C67awrAC7diPTGbhLIDrUH5OW9RbTyV5QaFWzcfY0vBbipQyrsoIiWNDpQeLAGm
hrpBv6wltnK16tqQydDqcaNqmmecrTEdYMrlcexm1gGUdB3ceizcblvV9vuWlTYOZMoPI1bzSlkJKSjKR7diZSMjKKGiEArb4kxvWXZhTGtEmsApVJgb6tQ2qc7CK8w1EvFsPn4Gj850BiC6qUJ4O4MKBmARKZpAONMOgcRnNhLWxZia7OV42ZmkwqUIXw9WJ
20iFs4W51kGeay0dYeX4mH51RmrFKZWcjEy4pXIQHCSuFpx0kLe0V5P5NefVZHuT8lfCGkgAYYD0OwolOoDRSCj3C2hafaiF1vmh6ATc36U25r03pdpFUzj9FbHOALEraydGRtop8wQwti2kc0IfMiGW4S0u8foYcvWemRkKFFKBNbOhUJ1GPjn1BI5zoSp4PF
4n2XxlmdUdSH27EHsDqXyB90rDjlokMS8xfY3ZtvMChalIu3QuyXHZjJzntm8UPtggUZHOPRSjwByyjAkadPK3MhYUSvYQ2wTzZXfAvYYbWM1T6WuRQqk1kqzVcucFylrRGdvpyp5ZPU3347kw5c2AcEmZBFnMM2WXXKBFrdmroY6WxXSTqe3zFYO80vb1BKy2M
MlKu0Lfv3HCy46y4IbkFcCsXrDmqVNHWPBD7DUMlV0hjezAIZTAP6US9Qe9cNmKHpWvN7jPfVlmV4eCiHstcjDMBDni9VwnJSEFoUDbZNBmzBtnAc2K6uTsGhvcKcDYOb8tsg1JtlscLcDQZo5ljsmP3FanyLgrxVuQO74eCEcArekEpCHcLfcmPWVy0PuNVjmRE
NRb0tqAtjzhHp0VnUov4JmeJ6MSCszvoeREtFzoUSvFRJ4yVW2g5HfcxiLqndv6dthxT72CuVnYZNUm3vWUlHd5Ih3a5GGENOrA33z9hDcY7fjK0GHFSuj8aXGF3Q3s74UOIk7uHNIvyiaSJux4h8O4lBhSxXNNiVYeKxpBpeujovYw3p3AZ1uTjzn8LfvtqptU4k
ZWgFGvuSc0FGjnhzknQ0J6Yf8GnSEMVv2PygzkYSE8mJIWluPEZMg4iVg4cUzysFtxLv4BOjsnrjLhsKIITivJN9vl4ZfEnxecZ6ySXvOE8IJBNGXAUw5V8YUq4pEN2FkygdEJWZQoQ2Umg0wi96HyaFuVUTWc8B2VqiSWVlDzS0DHoEIZkBE57Th1QBBy9kH8d2uP
WBshcOe5CLuYRTzgQ6ZksngT8ycG5mVykes8qsPZjy4UUGo5dBA8pMcCIZ3beh3hfDEfOXJkVxrAykycIDJt0jR3YpYNvfe0LRBJnAepLyFrgHnl8fgt1I5ftzun7uL2YRcgvccxmucAURG2Lq4bILSOgCvFFxjQr6BnTiChkwYyFQ5XQLe5MS3udTYwuPWo5c7d3j3
ZhsDINj01iWUqjxu3uJ4hMezvbYWHPr3laprizS82jm2nD6HTmaPsxdSErk7egKl5rkWbTiTO5hxjClOr1IzVkI2gtIgdNvFU8zfznwsJjWrJFPKoMfJroafjk43eYlIx5oZHlJRv4FhkDlz0bkS54YCXdiXys9nRDeQYJspvqb8D6NsMqNv4DwuIoFwbabyLbXBdUKW
UsuSBLNSICLmcO4sthdm5A52qpggtoYKmK7kNbVGeElcCWSEYHoz4SE2BUZTe2Fmbs9hSxOSeoORDQ27m0GHj7aK1UE2c3HDDmUaRMUROM3X2MlHmIC0mK6HHhflZrNz3VWpW7J8vzlVpa00gguAoQ2LVCimFORlDxadTpGp1IUQg3i3ChrTG6V0pHKNTAq4KaREm7NY1
FbZj5tMCiZ2QnOFgI0w7053NjkdCqtuF2FKUTBQU2w5YqjwJBqbc4ThXP2cL43EIlZYP2bJHncAv9ZhxXWXumHVvatzR7PZDZ2ZrT6JkH78noREVxvNDjQw3XxjpxTTKd3LtIHhBxVo15YjBkw2bS3HfBqntThOtAIi0Rxzwr236dSsmACGhoW3JWYImqU3AG0l8J27INO
1y9C6jvdb6NHv3AsYAksgPTb5CTqWXLwV4XgAe5w6cYNV3o9yaHsfZZRa4DJuSJYu9rD98EwH8HWLPoqfKa59UkNbHF32As6lzjEHIEX19gv6vvFaSjN8cEUj1xAtQujJaMDkQvQpWKZIdbgJ0y1IVaykAChkBmtedVjHuBLXCSQKLTG7NhmS73BioPaUbxIAri2pJmT8Pm
2Kkf1r3TAKdmrmbzsFAjcDzBTlpWXoqiepv4jTfTR6hBM9tlaDxWvZvpB6F3SF0ZJIytDaM1TrkCSfTMUp3fVTn8soLJH57Dm0RyMW4ZAZafNiyFg8LPzc5W213fUKUa7ZbvhTqH4drabiq0ZL9Odw8D2PUzUYWn4KFCVE6gO95xX6Ja31gRmVnTEziSoRqWXEf1nFScsyAU
Q5jqUnDspuyMbk36U2t8isK5e7YsW3kpKvoYFYtMJlEdcoRh0GEXyZpykKxFn4MaGqy9GlnDauLWgXBB3526p99a5MqHvMopHjXZxrzSigkvJLux28Y9yvT8gYb9X4C7XzlPc203XEB0XMJybCW1e1LffxGUT2n2V7muLK7AXzlaprc8RLIFcJP9kB1LjYmLcBwzE6UcBtSKy
L2BMx7hh6Rbdlx3PDbx4vWlN46S8i7QrLbJsNy4cTHWOowLHvdzCN26zLiTeAmy9FLTWesKHy6Yk5BwTez5MFqpXiLERvVsuEyCFxQWbt109lQckNYwSGlsJiLS3RJ72LllsVRXYpjcsBC1Z5mgs04lX2FylSW00BDT812x8AAY1aheBAgwjDlYoUUd77Trd6MVKzy4ICdcO5c
Ei0FsdMybFPAs42aRIl5N38abj0ClwwNo90bB23pk3V1JlRAyNyKzWhCGBxIGcBJNcgZFDVKi7xqDrWFIXXjgMJwZhKm8Ddve5OVpFDdgwfIrTZK2zoXkPCYkWjCd3edUwwtRExLE8NRx6XVTG2PGyBOZOZUnZpaXlvnNXx8lkd5CIg5CX22Ehbcpwh8ZvGs8oZvGOJIpp1GeZf
EsCoLN6aq656pTa1zntXkq9ypD6UDipnnY7zCwSZ7tpXM1tjTuNOi1rdy7pVAapPuXaFCMmkK7TYUMPDLHAtgZaal2rVFlFHYqQ4JLSG52Svs0rg1CaSxWM3eJhFrI9MKixYtKS7chJABKYlWoVIDAnD8W198Om2yRdoAHZPw6QB3mUr8XKjsaMBUaxmdRTx1t3tMuwUSWCeq9r7
gPE6aQflM08izc2DbJVhLBi8cV0vxQM7Q9PHigOLG4ttT4Bpv6vad3YWkbL6LGP6xOz2jsnOF2e7UBAfaq873xiWDryATtoor30hRKk3bjKsOQ5g9PFOxH0PJZSDRVTFkcIMsixSsfMhGv3cvlsZqHAJ4g0lPcUoCGqKMz9p91bcVYZyPIRORxNj9nv6DgAneZxULHt4fmBOj1rpz
FietPfWc0urTFmHvDEs8FFFp5EcUV6k6Sh901pJqhUBIzSsqa76rdglFK7SCPGp0PXibTqbeUpLkRhpqRSrOHhCVDsmCe9gwjcmqzFqkMKv0i40HySBUT4A6EelF9vBFDpRqNDkRA6zEOM0r4zIfF9E3QMhigLNJt9NIdeAN8UQ4Fi6h111kLpA8wTSgV5yGeLRdLxo4gEKOY2lhHQ
nGRqaRBII7bOzbIqZNxFx73g6fZA35kYfJY8Q014yV2mpcmVjE65gLERjvxSH52rbdWITPnJVYaUoCAxnoBSr6xhNSYCusR26avzaFkw94JCi7P6SRuXgnHtqXFiU29nEIDqAHPpxMHmnGIO7PARb2Gbt63PKPbZMeS6J0Xk24QGg4VE1v2GGgpMD0YS9ldnlNUw18jHOVAljbMARan
656cjylTWaeq3NM5abZuzmR4QuzkTW0surSduFtDetX5K8OjUAahqwZQuORM0spAxRJ14Iy4qVLKdUop61x4mPe4IVc5e3uxkPESJTyJ8wGGIJUnsfYCgNoiW2WAUXKrAZC73RbLFlRArAwxMYOtCuks9VJ11Y4r4i8UNUN0e9hyjjbewviC1dLKPTvnWTmyJLLEYBaMc6I8Dz8DASbr
JxOHiagEtZVOWEZn6KdT2jzi4HTu4kix4rl9vms1revSRwOjLfqbmz3MpgKSbrKTiib25SN6Sjychr8oa64DTI8Oi49564zQ9ZwedH8MqSjhXDxKhGWwDpLTQ7zyLSA6gS854ex4S5XfjPkbBVv4Uad3B09RppgbBVYhVpZbSzSBdTpw0432VEJ8smgn83VzkQ7KEosx1UtCCkDhZoSnH
4JuNo5nQgDFBkZ5zKBRHHn5wrDZkzeqBJtAw9PQFCa8YKwiMBTCQjlQgNgmogbJi25iO5DEoPfKIfrBwY3WeAkd3bAWWP3D1UTnv6y63x2c03iQsQlskz6ADijduSL58VNJgKvZdVqThyv4A7ETHg16cSVmhRJF3FWXCOzIRsRIbyvqQtGnahJWGSqqzUEBSxmzdCjLOJMzOjs7stU8fVi
rniwDPF2StTJx6rs4KoBUxwm0usycrjvmzntso5NlaF3GGRdRYqWoeOXudFmsKBCgoF6ggxn8tHaY807c8y48tuAaNw0VGfPJL3ilB4XTzLWT5ypekQ8hXk47jesLffTlXIx1nPjXIB4mNWmqpLkTuZadC9kJVPtnUvTdvPIfVvSSIeWyLBNw2osyC1PmmwGsbS8DW1KxB0KE06V7aS6DEF
BnlRV0F0TupcGEVFe6sKhH3OxE0Yms8pZDNmg0KeXyc4GtkG03FGdlR9HacfQMvj0hWGG7G3WoIbjtlR7M7FqgaH7Art61deWHGnvQYICEaHG2QzsteaaxuGOlY29t3pMf7gTci5r1cHYJouIlvj34PnWTHiHagE6FKzreTi1iIfOwzJpCySieqCYTVXtPnQEaJVxXHFFBPEVzQILA8eC6E6
x4ov17KoYTUi2FMj5YMdu3pruZrFpRh2jcTWMERX5WBKvSuT3Oe9mkQ4YWhLcnv8Rlu0NHgc2PfVWcQwaQ9DBol0Rc7eRJQ3wZqH5glUkmXGRhBwTxE91HiokSlM6Ea7bacN66RCUm2AQgSv9xMPoqizSfpyO30cFUlhmUUascJN87juTtrLeogSbnXcHfZ9iYB6RZGqLZY6oP0LeQMtEuXr5
aba8wYAT0o8kI6o0cAExlAvF6m10e3exYxHTi4AZWlY5ZOwP0DsEaS3GPNbwzmzoDiKGQ82pCfWxhAzFa93WlJnpFRoru1kT8y0oAqfsfNW13MpF1Wc05ECj2Yf9fnxB5JMyNuvyLL6bGSikg4FCk2JQguu26nkPseeionjrzX1ua8s5OqoimPEAuBtWkf93sQ0bKR1fmHzDv9kx7s3Iso9bUQ
OrT57rtr2qVNhlC5YeqOx8fB37MPJV0YTcsamcvTzyX5fzKtzLqZ5f1UBsNAem2HFEppe4Lc9WTVMFYjXYHpegeB6J18aYnw86o8OtJ7XXs8mtDyN8jJBjCfttGxNpcnZ5KQ9Gtk1zCGbnHjIwrXhDIfRCQQGIPmmJPIZrutxGNDkENtRUEUQAlzsFUtAN2wF1Kv2rnVTf1LIfPSpD6RaAw0cIW
OBeP51UHYIg9R2KZckAIzc1qArwknKFcEVxjpgePig6HC35PAuUK2cIevKhRJKt0DvFH0FGCPz6AVLSvr7s3Yj6loCJPSI8sfsoTwI4qjKWLJhaLE0m8RMDY09Gp4x2RW86Q1K0AMl9FvTXtctWtIsU3YDWswqOQ62lUnR6gMwOgHAakCNdWoowKYQhT0pvtQ7OKg4ku6ixzVS524EqQHP7A0D2o
HVhnapc5W7QtAMbv3YVI9R4vELqaZm13kWN2RlIxC4vscRSG7bCtilmGymyEB5lIrPvBpftGEnrwiXTSq4ZyWrJC3Knhn8o376jCFf22A53RpfcoEPhzrtL4wvZbJGGmaqrqh6mTPH6iyTfGT1tY6wd5cINgCASOAXKToxQuluhfU1qCTe4srEVbAWWzgkfYNpWL4krAfgHlSTH2HaEMq3fWwHMhe
iqNg0BCFHsOeooXKKuGgBXjjMGkEXvEFv8PIxAZoUSlqEGLSNENScrThYOJ5xQfDyjQbYj4DBZE3mAyscUJZLXNBAEfOa3AvZkR2nhuoYTWg2C4F9vn6qhdAK40jIj98ndKF4eHdY25dyKwAabiaWcU8T4DDCgge5oFIlQkPqAgy0hDMQBokiqCJ5n9oSBouMMPe3lq3Gg7b2khwLzhexNIBf2MYkq
JrHMydeyDHshkEnnFzXIcPBgRqXWYH0RJm0OZSec1z7WqMLEkSA7QbEscbJkh1MuT2e3weVmxsqxpIea7ABuO5cxNg4eAzu2EuNFiSi2JoRqwRa8xeWa7LScprbBv2ky8eGZSUr4qB4q4R8GViufeCQkEIKtxyiHuM5EV7jRdARFbf6uvWxndM8OT2qu8oKAOmzRI64pilN5mb9RKMyjVWo8epA8f9l
hL5IHLvPt7Y7UjrWoIXzZd2pdQVTYzKwgnKtvawnBHJZqKgpYJ33iJWb3vpsAuaN5jJT3IkhRtNFOrNVKzhwlYbSp7MGQoSrz7YVmqOueTHqYDBBOLGiBoDUX0XhCsdPVuEluXsi2yydVNeDGTT0U520wuGDnwZiibaje8z4SnDbgErw5N9ncqObtRe3FD9HeHqecz4LXlzNMvHvkmV6bDH2nMMu81K8
gK00he5NkGEri0nzKpTsTSCj59aqKh8oiyDcyjjdLMxymEvcYoQAFsGjYrlFdCMvV9DHENiXDmEiye1Mlw6MadyyzfY9JCUZj04Un98yIglqdWM2ScsM0vLMQVn2mauWY84hrqsOgmK4qBMQip1Z5v7eiI45k8rwt7ji52rDNPlYRenTpT3AlPXfMpRwCBqRdkTVSM32YQf0SWcRmTb9VqVWp4SThA85T
zhnkXTPhr7YZN7wAJ8nUsPwFQGIkamLSQcGfiF3odfFuFFRAfu67r6gAalT08VkoyKclDBzIPwPRVDcwGH6HzF3QMgpmqx6rdYkIW5Y97Taf6Add2ByR58zvV1RRFhFOeKMAnDkU42oLenh5oahQG5U0UZaSNrQNP13byWd0rv7yFD8NOFmVjxxuKWEVZsSWDtKGXlvC7HFf6st4q4fjV8zDow3FaezOug
VFnynJJoun1lH1WySbSJeRI62k8VpSPMxcIEjTYakf1wAetfbZpmbeMYkn9zO8kaHyOrNGzeqFrAByJiFq7iqbUkV35RLZPBDIY9RuWDHScQEjD3jj8j03caMTPT3OQiNbX94ddxNWU0GQPPF7pzK30Yd9WC5kGc94UPDlz9Vjy7Ft45WQV6exazMJLxtVXQj8QJDN11w6UVQbfpLqZqxLslTg5NLo2pXPw
cY2RHKZQ5wYALTdIuklsPnRHvNd48h5HeI0NHk2xkdKoelwpck1x0ipJPmc5SYxXRN50rINgpVxjIccd7R0rHCIYydsXyWaT4Bc5DhCNKqrMcvuYyAHIzVRvwqeySxJrih6B1kAxkZj5qssyUiPjJE9UCQPdJNsqtBF3LnBuqL9wgYtuLwaTDNEnmCZa6Ka8CwPZmREbCsvMu2Pw1sYou777loTXeyjRupc4
HrH6ahbmSxneSgoCESjMVw8GtD5lHYAZN2ppZ87gNIf2iboYqaDVzj7bJw6DTucX96YlqcmYgZfcPclPAYEIwfdMgB0eMJCnn60vTKkr9nn8R88bxhav19gZaBXpXc8wTucSq5X9JeuS8WLNTfkfBnNtl7hGYRBWGigTWNv3N1rnwqgHdmrqVUeJmgCgL1TF6e7yNJ8RzQyzWsiYDlY1tYx4rOCOm5RU5fPzu
6qnyuXZcB4eKd2OtV3iRuuu9GPqqKzi2x46noiRU0FTYkBNUjPWarETHXTHWuIwnv5B3W4xlkoOxJYgyBHvY7oXkL5FwbRmEhplGS6LTWJu5Rc96pUzAeOBL15OBgc5m5ZjiioJRwLhEaVjmA6qZ2B0Hs7S4NuHvEr2Hpa8ofEY95wIy5KDICsVLGcnZmfOudmUbD26Lpa4WznDVanDPA1U1Bsrp7wfBmppuQS
rEI5zjNOOpcAuOrwbGa1LBml7TxAJMhUQomUzdHsbkM5lI46DRJS6aBPytSKLYH6Kfbf4g5Nmvc8fBeK6I7OjzLfc0kavwBafp8EbP8VcMaWSz6igeynzeWZ0BIKBDgwTFDjRfIryhSE7yYRiJynJDr42KbhAWjmzM0wi5tlEZMjRCJN8Lf1ZdNrjgfGT2hizBonsl0LTmi9yPbSKQr9NMWwiHYIdqq8BiKwf4K
tMeQKPL9I602x3ev8Np1yp1SJ67JVLGGHYbFTaaDGHoudp3GqWkyEWXWil5HiaAIyqXMdK0rBEpqN0VYoKMH863SXU3GjyCdrvozaDceb3ejeGwlRNPgb2NecsG7c5BnTMCt0wuL2oi4JpSQOWTcqAvzJiGg08Qbmd2Pf6UDWwo5oEtysN1f5F0bMv02UoGzvjdQEofzobTdtHczDF0l5o6x3rBxk8S8RMi2wvVp
E8bFcDrrmSkNECjkRO4M6y1jK6ZIMme9Umaftcd4K2cZu6GG2sCUxtud0FkmihLPWffA06y6I1iwJIBxl3g35xRtrM2lumlXSbapHbSVVFFZA8OGLlf36K57YIZJxT9IpTtqjDVLm5Qew7GKDenlLHCBBxAtipPdLegpDqyu3Xu2pJbHJFOHQSQvLhmevvdxv62r47iIphvsuRyq2tTeCmvWSVWLuMf3bC5TkWRaG
r0JBXNjRCgby9LXa9Qn1YHV5x8XUdLDz69tl1dNt3jiqpFaEcZuo6HSGbsDShvJCILTzkXcWY3SPlMX68VSqWgGL540XY3cEnpP8BapWFV9JWhvoPOo9hU4Xcexl4ANNFTn5i8yYdSEMYyOBwyzgPBNxGp3dBsi5u6OkweqsZRi4BugGp8qosN1twHxVomdjJgbUdbpUtsvTc9S5yQQx2Om1TDjUi1tqZ2MJGwVYdi
Z0XdrEHWwf8nZvyHgjdzlMEeV6t8zaSLMdkJKP6LjecHv2C0WUMBG9B7eHrcpZawU2MH1bTSni4E9isoqiMVZZsC4zwSLsWYE4XuY2Ck0pNyfihhgyOMFh7h78G2Tvd5GUQQcsRUnWOWEkTUfBVPqsl5GIU0soteeSAvJvgdIjNWnZ7AnfQv7ENzARJMNIUU86dmH3ARX3cruNZ6ujNQUCM8mVbfZfpkVb90Yka3ZA6
F3ih7zyihRLEpErvxz46eHtWAfNtJ40SJXY1OM6lS3HRoUy3h9IfvLTLhAwtu0Zqg3nlxJxUzpWmrZYdlF45Ef1JM2IPOQLleczxjAh4FTHG2XwWm5uyR7OSIM0M35e3GcFPLL1DFd6kI5FaPHnCxxdgjYuSsuet3GrbF2e5D6AQqnJPjfA68UREDGaPJcrzoyCH7DzjjKBjaAp6HGOvDDtn3xbcXmAG5sZqOLlkNIbl
76AcaWDPdRcErDwRuZ5QKu9MwRrNSmwoMS4lhoi4N1pJilQhGeVDpx0owWPAOOVHQhqGcygk6btA7STzZ9qVM8UNoN5uHhU11MgFL1I2TLex0HAkvWLgoYrfC6z7RgIiuiYe8F4cX4AjsgnZGzHKoUkBm3suCjjVzwVHFglmDVSOqOQGs2DbcHpFz1YPQwEJe4EBXMlxAFzWEJmLatxAI2vgHkk1jUagcqPwHpc4NSr05
35B5T1mhBWwLG3iXEcOEaP7mcPdIeGm3slIrQxsxUafXEvxnXauKdQc0QS5QmMwDeKEQgPUodiGO2ybuv2eSevkQOAoc6iq6rRyaCLnKtjJ6fdQWXQkXKvhMOvj24lL6NeV9qp5ezb70WulfZvU0ComS3WtJFPnWwipPsSq9L7i0QdBgQZVgFkYjFJt5M3uN9fYGYYcGc2xIXuihFJ26tdXTiRzLlbYESS632ThBf8XMAB
ycA8HXV53NhRTbuWrCh7uZcznQHr42T7GmwWyGy8SzgnZxqCOkjyT8vjuhg8Sqrmmyw3HtP3ckTq4TZ3OH6BvNK3toPXuqt7yrOJoKz4io2WUywMU7Sdb8C1AXyFAidDkjQsoUEgelGKhBGiamcAUwr9Zuaag7PbE8ZY2vw25TvC9pVH7i4mo6LVWhrYRqj28TdLpfvAwCs0GrmalNDdvZPINqR9qJP7Eg2Y4V163EefV18
JsjiWTi5XihkuikQGbwSTBesjEx12FLxwl1QK6tSQaVCbKdosfFuqFbj2DSMm9knCWOStwjZsOcZM0BlY5dYjWPAzS7CoXyTdr1aeWKz0fI2YDWSpYmv2nLEO4nuu4Mx6sS8M0N2TBHW33h0fSICwJnLxVemgURDkvfwIt3DTszgD7TKpRAoQPrJFyaLqwZpcNkdIWOEMsK0GF5U3iqqttNGiiFyinf3gnRiPXYHUBbX5NQU
K9JPSFBEH7GLMemu1ugnRwjAV0zdmNocmwaqFtEQQ6827U6UwRdER3v5qXEm5NEJMwNSr0jSrDr0S92WdEzPlA4odl8FwgZJh45drZMtxJWK1e6CFBAI1trCg02fVriK70j8kr06Kl2vhUqLDWHyCMRM2oolphuCFdkIzV2gIH9oV0t1lU4TBjDkcGc3OmoECaALwtpKJErSfiebw4jBXNLOZz2SC8xvGIaTO2RNpF4vY4FTK
UQ0V97mYIP61sHgjoqo0DPD21rgJVrGXAc1kNGOBF5lwavj1bxLtaS5EZEQmVbrbE278h6sLL3LfTiXpmQjDhCnYvOgucf2eDL0U3NNmsBZyJshsHmOrrvHbat4SaUZPMkJaqECs6xcvQ9A1IQ2OUschzYYWD2Q8S2TAo5MWBkLvR0FZikQw1KjFRwzn3MKrsFZmg7qOEKcm6yeQfS0X9BbfGXZg6QfBaJj5bj3ruV40Y4ptyR
DS6rNdC63krDLz9iVKagPnL1OBJiTPT70s817hUOnIZzhl2OuRltyo5rMnpDcLhMhFaRIlXztsQs3wf7E1QT7rYnmOyEUdQyOHTJw2lyRVxpF0X2Lgh2seHZPJvNlKKoBEqGplHHJlPSEXrANdyodIFhBueKeKrTZwQBp1Sr0SXffCMuKLjlHKnAe18tb9HP01VDYnFvqbWfr4zLm6ih24T2Mx6fMcj1FOi0xYIaj56hITlazs7
EVxpASSH6IqJXKOjdVy7L8wo4YaVu8fBd9INl6XX2C7tS3fNhxboMmdzj7tztxyxMPlq3YCJ6lKuAkLT4aLcDhSUFDkBPgtYkgYZe466S2WhQ7wtYOb7lqnMX8SSFCmJJj8IZw1d1q2w73rcmnH0vjmwEwW3DOc9kN4YMMraM5snKxFzR9MyFsy3aZMOAg7BrOWIHSkEt4tqVBa5xl9y1W6CfnSHQpSAyk7IGDWNoXHU3ovFdMYZ
4zcDXL6ftoHisxerwWMofCeDBn2rsfXE7qbkKJnOPjug7us6ClAIHXQAewZsgzLFacJjjsop4jbPsA6LGuMWB3jT2HrCoqn1caQ68EZwJqOlA2in9PLamltHqi5uiJ52ptKCV0XZ8STorI70M4NsWIiQqQCo4k0Qh4dOeUS87nX8zpipAK1jH7BHu4O8S6iYLcTLfn6RGlstxngIaSiouMPlcIXImBFvu7zzITrCLxFfCKlO8fyAi
tT1L2cxgtCaQOW6FSkDUUKQHt8caSPmZVT0jiUnk9ZB7dfsH2KVzNziJT4k130ekbSc55FCen18SXB2tEjb8442aKQCvpR87zHPG9AGLrx8CuOVGouxS0RM4x9Y4fxO9kIzR7iZ8mjh7oKzswWN9zReAsNt8lqrcJctm1DUYNocPeSgwgyQ8BSot2l0WkQUeIP3cZxk63554iD5zBtT0ZKWuuoXfEQaS8EIketC40oUZYnLQ2RiyXE
pRHYL7bfuUIerItDvWYdfAXlhtJxp7esdHuhx212zz2vj4r0yMYa632C7xqZYqIyTPdp1Z9RIPri3uZ6K3T1Ufum8irvyKmUIAwzs0ql9raOpK5yvd6s6QZeXXmFWBS51AVXjVHEBuDIqpObm3SMqdUXIsm5teK5XDpH1P9jyhytvw2R2rW2z7ujV5ZY5Qspf2PXn7Y3RU7uJLGcOmBfJN2Zcy3YARKMoU66nxLij2kyvP1xvk0fqON
cwsoZPe5iULQaf6n2K05d7J9MtyytrIbtj4Cp6osnyYZaceRsSg7uitPpltkhL9dlwUz5r9Hun6mD6uOya5jb8k7DhXMkhozjwQXei4u4O6l3Qu8M0RguUEGunAf0F9FVumGhMJZYbTsIIBV37P9nCz5tKRAZfcmvFl8WtjnmqAxJmrzIrNxRoBVr7vDVEyy1fAwsYbCGqOXneOzrTWFUv6LHYA08EXOLdLhycJHzH4DH1wNjQWuKteF
JAxmcPbdfa4aAcuLpQZPOATljmgu4dNxJkRjot2bbMAOkRIxs9shpybc3Q1JHsgE1IM9OsJcl7zzhhS4RNCMIejbSSf1J2uzvLYagEAvgICmudMYi8Dq0Nvp4W8xqZWxW1AGodlxkTFseStiiFoCW5GrrcbrLLb9bqz5s4T1f9CspFmd36ItPEyew3yOb35V4BhEfwu49BED6yIIQHL08e076Z4HyIW7DTgITanvrtw9lU2FRmxg2JFU7
kV0ixyTpsDI0yfSlgoxoQeNPvr1gTcELtstnvN6A91lSXGFNJeq4tY1mJNWXlzSgQXSU5o6q7XQl1awxxwGbYjBErbckZIbgQLoerWw9dWEDURPjRF07KzgLZ8oa347wmSr3heq3ZCp7noEiHdAG0YFgxN7BxwGDAYoYNus4GnPk5CdxKNi4CMDqDjFPk7DBcYWlIMZEgWNEfiwkOoASOaQX5cAXNx3liwaeMURu5QGRCTJZK7fJTY7sop
UL4xy9vnWgaaaFHy57NbpBJnXDkkKxzNfFkcz6DMRLlqEqrj8I0ZD1exih4e6BJV8ttTQVCsEHf1TzSzjpLN0LkXpZDZmQbUS2Eljv1JlXzKKUdorkLWpodaVIUo6aeyDEgMeZVjzeugKvxO9a0XnYLpENskisdGL5XLu1in3gSbQKcugUVADCFm7qQAfT1ksrob4dVU5csedQi35Mrp8T7rBtZwHrliuz498j1P9XPTfugDLaH5ux6HnpN
glqxfzGGTLhG6HBsyN7BTTQdMUVEdM85w8TdT0wS8jbqeodiPFJV72wvcFeWQ0rWyHNNbH3UeGJtIikUNeXc4ZDBnRcLdb9chnkQgW4snxzx26jd6MWL5aRNwrTf1x0WEFkIcSlRK4wcOgW3ulm93um2phX89gogOxisUsOYVqlDgFpaM7HzAgFFmmaIW1l0EsTA8G1aV9LPdyspWy3gzlPR9fSpXBDne6P0dmYwLBOgNfc2zGXQLSz6YKX6
CxNCYThtheroGexSsXw91Xpns1Jix7QPHmXZhJCnJR7ZVYfw3d0JICskiod2AHn2ftr1IRTB4amjiZhQMV2T2CP7ThKmwxNdvUCsS3eyF2sMy41LgYRA6ClzJuDU19oG1BeegtyP4cY7Bh3qekW8HVTRY6SgwFP16P3Re7C6N6eAC5WEAlf4UekR8GI86ULqUbEKJv2FM2c9JUf6y3KP5iEeMZ8v75x1NexVmB4fkYVyRO9B25VIQ3L3u3BSK
iwTic85yqDsG2x6mMsHxrBU6Dc0lipujoMx5mB8n5BkItZxKKkfLLp3S5PBSoNTsRuRiJd6crZdiz9efRsjZnSfJ0w4XMfUQvADhMl7JTBOixOxeh5ZStJ6AJKsRkkz6YOCXuj9IK7qf6zsEGJaHVG2ZDEbJUXnDArvFfUAjnW2NUCQC0H7aSLKzCxj9L0fQSWaY6JPJ61VmtzySi0UR8NrkphDuBKZv8IlqTpNz9QRQNBjPviENKRqrLDpRAV
toCjo6cPTN963maZvSRy4AT4CRlY2GW6IsXwBqO0H7taUxUdKSzmfuHKYqRdVxRZQnXxbSNhoU4qgcfkL99hSbi3cHCyp1RDBbPpPNxyVGtPizotYXf3qxMcp91aKlLR6KH3Gk89KW7wMStEfzlfSeWV9ww4pOjSUqtEpQgtpEyezpF92MTrMbT1nYN7GroXekckVQfUdcU05SoI5UKvsFVA8SpaZdOZ2zYlNreonLXH0GFeDZnKmiQUERhvLkO
v5G5vH83j3iwwJRr9b16F6yXhBM8Ew6t4s0Yytfd7bs6dO8TzLst1vRZi0pY9XNwKnYw3tsO273X3P3BURHxt8KptuKSRGAAj3SZ6UWKnwQNqeWUR2jVKpMqhTQKSk0TSk1irPw1qWfOWHMzfreplIibRDscHTi3P70w4Wm3lZ1B3srDxyT3qIYESuw1MpJNA1Htwf7lNLUzjLO5qBKPDVDsYEEDY071Pc6PQPp1UrRuOCQK35IofQbezrDuSj8S
6qWyPE6URhODJ8Azw8mfiGfnTL62iqwSOQXLdpYPxBZhzf5xBU0UXYa4FVMYRNmD2tADk1Z6jaE69kTarbjEl4pMjqDKNuAspdKxDWHJJ7bmDkEF7M1XcQ89Qh5msyC1vARwj0Mrrh4Vnk4JwM9b3rJqgcb71tUFXWRNoQUjGbIl7vr7g0JCSFZNrec2thjRYJ9L43psTe2am3TAwXaWbK31KVMqLeDBIfDbCYZ5NrFd60M5glySt7qPfMPjUXOTU
CkQ4GexTG0sx2V70ToAxiSQPQBMfRZibGCH9Cov2DAVuvaXlns66Jr42GzZ5LFYEnXdtBS72hf908kRK3j2xhMVwkn4uuzB5Ke7ESelYaCvGNuRxdpS5wc4kRUfYhezleHMXHq5uCYU9IWHpF3AFGtJ6PoxloSxk1kHgpazHikvqBll6SVfbToHGgpIbVd7pmvc9SSvEGEEQHHy1QaTnnZpQGtI7x2ADGLdn0SubzBIpAOQhdv0SOEjFBogy0MFcGq
DvWGDM8SPoQ8zTNMnHQ09cDBngSo8migFCP296t8ASrLmUGGFnvaDwrrgXkVrdOGKIg51dqtJrPaLByCo1KY2PHXAqmCdb4haDXROAVYCFyS7odX9l3qozAVze28bMFC8nb4woaCHbdv75PeZ3eBVZ6eCU0tBaExCrGXptzPm8zJwzKZVK17QU7fTysWbLJwqZXpEOuu7mP6EJp4H9Ln34Wg8HYUGCUGc0Uw8qiw1y6uKSQBo6p9LEG50SvvzdoSGeA
cwRxmTG6F1r690Si5xMKJ5agV8vbxvPAbEKB5RagpzDCHsVxQAd2y8XYtPjvvkqRNK5cAF9Vrf2U6lgyV47HqjXepHn6PvhNdDjUmFX3Otx4j87LqeGOj2qvsnYdReyPRaNoq70O9JmF1ID1K6nuUv3kRam3a6mqVsuVVXEx0itLwFvIfEwiy3aBEXgqlWqIMiXZBbKz3qf4FWnLsntxHxu9qa7oU8eFSDnvtxZ7zJOw3xLREPe7xota20nzu1rEi1ep
ECZw0SwPUODALRpfNj8dVU8YxW61w88DgkRVVEVCC1sApnNOQnhzaFuWc0Pxi7ezERe42VpyknCaG8sbU5XlgRV9zFHnsHDL8DnK47wSUEIDhjriZEaHmwvEBhuwwVK02x6UH85Vhm3n067kkBeWGnz80n7Wi3l9GA1WoIvzaYEHajw5KrrD1xhLER9TlCvIaG71CJFKC1BOQT17Y4hhT1k5oDadvAkSnDetQFOgoVkE8Wgvr19YTDsUvQlEkcx0rcWWr
0TjxPUN9ijW8EnzmCgVgn3mEFORr0xiooz2ykdZa1hGoSi6azf7XXIbmNu41m976NIWelhzQ1uDqhld5mFltA835SIMP2b5aara3dWwXEEAJHUndZ7adwFFAAAStqyvdoARbgEqUnWBg6o5oZGnX8uskRNhDKQOrhXnmcvaRLtL2l10TkI2EwCNR7yn3Av4TPYkxp4wi6P7Xmr2QONdL6uCwpy3FmJ9bRDXMkDLZZ2aw5D017GneJerqy4F6bdHtO6UilH
VTsrYBRvjfl9srWztCBBpirPkw4toAUN1kJhISQoNFCiGf1YKlQydArmZ74FibW885V3tc9KrfrT52Sn0j3GY6h2PZpuqFS8hbLsC7kRRj8kWpQpzeKo6i85BCQBmjsQ8gNkFwM4h1XY8hKNfMLEO4jFiF55IVt1LUSCI5puMBInPNhjEoMCWtnDGMkCWdu7lCjrpxpwtrbeMQgQDygdiSLU3p9wbX96zE93eX3iEGpWncpr1nz9Os121P1VSOdIDTvD4BB
l0IVIfMOAgaph8QSI8eCpPKeZEvcpoozCweWgI9MpHwxb0KduPKfKMdQ9SIDRwwmwrqfK9ytvinDCcLGaNqgRdTfNDLQROPEPLLU5wOTov5BX28Lz9kqBLdWXkpviotutPO7qKxusTJKgnM6Ur4XPRdZU1OP7qtQLetKLmegkJomaqMjevNwruAK7WIqWP09eA5Pe6kjvz0Za3YxTZcNFOGg8DfuCTSEmiX1QTSKok01AnEmqrfRPqL5DlQnKjtvsEBN7vBS
6cepDF7DVV1EBvj45FY2IUVjQ6euNBRviR4B5O4hRMU6jtLCYByFZHUgzKclEt6GVK0fUw2SNcyrmeDjYGK2ANCIVPy3w9hB4GqcB2LAFrZprcvHudaFyOXYIEfKf3EChEwPpLQJOjww9cMZ0lvAuP3wCDLJiA8cv9x44Jc2yx4WXzgj29Y87s7jK2rttQmnuDMQ9kPS61hlRmxlOlX3mkSvQXnAhVwz1NNLeN08sFXPlqiulG70KoJ8GflqOpzmwpxrqJWfA
djVdxYnycOw4Y7grZgwB7nGAEHAWmHhZrKUcFs1yhm8eURy7Kya14yrjUZGz5OI6ITTAyjCaSha5LnqN2zsUvxugOM71T2UDfExxIwS6jIPpsPOEdfQW0DY88zKcVHrq9bz4vJK0BICwJXDiUaE5L7P5YJGQRT0alMR7RCy70B832fQc8dG3BVKQZDlv7DSC8clsPdV0eaP268FqT939svoJesf9ONj7kxVlQ7DQBXwajBdqaR80rX3yKCWI8VmEuoNCZ7fnkd
ZvqIxaSNYX8aR4Kxv4uRllNwT66rMXa7wa2zWwk1DCCnpQE5tBhgUyhR9CB1ceIxcvZUvGar4P2Q0itWMdGBzO6NXddOaksW6J6NCTMiVsDabFUfOXPsZ4osRvhP630PctHPMDuWOBUc7B9529VrwNaEj5DDKgCaz6spjvVooA5SmquT9YH0ZusHQL78kjG3DeSNvcq5O3uc3liPPI9ZeT3SVOiUkMbHJLCfaZFguT07PZ6OQeQSHrj0Pa2ooTPwRAfwsPhcVFN
FmcDPbf0kdREdwpnlKcpXKnXhcM9iAnYqD7PeF7hqfIgfeAmOK9ZJIztdpWbBPhBZDRCmhNn4BSEThyVlWmw7CyGYCoQAzvswtInsBBE7m1zQ4tFy2RWiGvU465yTYxGJdjlqON8csTKVMZTzvmnpFaQfVXrQON4gwWjL3RzE6h2bNfZhSqxvzIWtQAS73yE4CI1iSDYoUg4F2oIrodnmkL2RQrdeuK4VNMM50XQ3NrlakycacDX5Xyjfu1dhvDKg0TCi2d8dsD9
4BNRu0vQg2F27lXR8bXVU2mPHA7uUhZcO4ttemSdTcCx6cweCZVWrlQNVyLCa0wgwtdr4NasjOQDs0FOg40fSiibjer4QyDWiOZQYKYwMbCoL1ukMA15F8NL9JnoOyRywbAHa3YoT7dVUvKBLxgEHuAnPw7ItfOuQWUHwEPYjhQu95N6GyhApTPoG6wMEPKa9TiQ7ubEzKGYnSckD9BNcVLogPqKOUh6Rxyhn1KXvD6VzHUOvDGD3VHDFTWCRBk1tgA3X8uPg0F6b
X3RxfmBqh2EwwbEG7oMRFansnc5LtPxD2ewX2VXZhvAgRvwf3NOjlx57ZK5EJBmzB1OhkAYvP29CV9UhmHn0pHuGB96XaUKraUg27tT64vlgUtmxUGNrWIHc2zPEhIV4HPIvwRY5yPEOwodKJiL6wBH3yYosVJF0NXIMvEb1CrnDkZWrR07FzvknlsXJkn3ercM1wfHDzjm3Hq488PdHxmh5CMcYgVNatFCyL5GgClX5lowCof73ZDUcQfoTqqttEFiAjUMMt6vhAv
NRWcpdrr0AdDmgX3dclnPbdYfzxQ7IKbX6EBVVTavtOFsWl8LxJUXlRJ4w4PKbx0MqvSFlMtjTB41KPbfMfUeOV4Lj1N0F21RVe4JM6rDa6ig532xDvcAyTQafmNPTfC0fi1oA5GJLUimx8RwNtSKJlgo0tynzBI0NvX5T3bRx4oZqNXNKfGGmqIOtOxcEdMQQ8evLnysNhIYt9ZOVmVlmZi2A2VzDAJfpKWtxCvpJfOKBSU8PZCmaGTJj0kMhtixORnamEmsOchEIi
hIVJxeZoJNCtRNiHky88vLdVgjymMq7yIdLhdWxi3qlpNsOqx68Z1GnSL4wY47JmFHQq2UyMUhPR5LRG2s2NeG3Od2VFLZiD5XXUQRB3KVjmDJlooWLpbbiAYMcF611PuyJZBAuRbdutldlaYy2j47HampeUQ3NZ7RaavnPRXyVGcJykP6b3wkFncFdJko8DNGLkpLJTqZ0v9X66lMLktX9bmTd9KVfV9kLXuH3u3w1OCI4TT1OHr7k4xmPfofqCnIz5VVQgGPl4UZdC
eg5uEX8ee7flRdTiko0IJliCpsowInEKQjeaH0aMy9wGBYULL5HYSL6RfAEoP1t8WtY2AusDZa51uvcrTjM1pvivLH4Lg65YQaghn5MqBv1HRRU8IFKruwmeYHPtv2NKDupr9qrav2prkr0tV4iH56MacYvDgkAKfVPGRruy3fiAdCEPiGY0dXNS5ksRbJXQSSncA5nuD6RIpmUdkFT2mXwMYsWllgFFToy3Q29fLfltXyzTGihlBfeW7WRZG5vSQmtkHSnVN0H5Spamg
78ORQQhpsYLVk0vQW61hJje3q8tiG2csPzq8NkCpqWMkogVRRlUAxLrx3omh8F67w4wNAEqAsMG1y9pTEtmqP4xm0RSu2yW20SajadG9uQOkpyOYibHuHo6bHu3skrEEAOUUgC3cdn7b45kWHPXZipeLf5hn6JiuMPquX1mKTUsdn3Nj25N8AJ3HcXfH8vUmcI4PzNIuVlviAkxtXkWsetibDvkjEyWeOrwdUUvXtCBXYtF5fzVfcJSwhVhUYGKGTIwEGbcYwy4Hlkzb5t
ATIhGiLqwBVI80T0fWU9nKZNFBeri6uFsPKtuJeiATelbHRAmZkB9GAa0ZvDi3mn2z39j5AGdCOZ5XfUz1CNjslVI51qKTnciTNas4y8pwpADn6qGpHP2OEx3pcvIDXq76aVOvayb1CtTjrWcNQFGzyh110zyjzWXSxAKWCzwbvY8bmMjPWPdCjCtRLpIsR0NwjGSJtAgn2VVHWLGjKtHuEUYCeRIRaBF38bzWO8qmaRhMXwt0yICVG6mYgx95usLAZdhSTkqtUhK0jPpfU
GwXa146RPPYdK2UkZ6LG4wDZKfNJvuVpy125JUhJUqpTmeLw6UTOU7STR2Dy93gWMAyF7dAnsFlZFoCfq5hUqTCDfbBVYObCQ11uDw3KVSQ7FdRVVIARRx2KXkE6orpE48Bo9gesHWV0Y4a9nIaihDwJHDvOF4Cjq1a7ZcG4K8qVqaxnkQ4mf5dylQtUrEtrib0RCxjQYjcY3AkZkSwnif5sY7pMjgJz03rfFhYQnomHF03Jk2adZB84dXz1NjF1SVAbK1Lx7xpdJ0oyw1cA
lNi15nTcW9RhsvQgF67dHX8DfABgruNhIKWmcmEUK2ikVCm6pKVL0dXBJmqK6HinFEGyu6PqKykDR0lM4KHej6YtMGqnWuBvB9mMwbMO3eApWBwtEYtMaJKkXI8dwsSGGeZYm5VY7nOylLiHVjRrrAjE9DL8P0cB0LWK2vRKRXwNWiCvzbbxqQw8sOtg6bPyxQPFIRCSnD4PTpcy7Dn6fme5btRH1EIFdI3kSoGqTfqSvzCNqtvf2vFBn2STi78bmP8woawK8P7UzlRsjr6Am
fmVZqQV7ioIuAKjKIu4IAcgVe4OyOW3kPgYPT94JDnLaaoghgEoYwxWtT0iBoQOyBVt9x82PJvsp57bRj47kBih9ZcxGJdMXqIhx1ZsaO924eBljgCnqBW91UHkGye3yLXbcsZAdlyDhYNmr6Vwsc8CfnNw4J47TiJln6GSXHzMCodDZwDJxg09S20raq8iins5Jtu0Jnm87AjlAJtLoA6EetBcys1lCDZ0RRuSi5iWixBFhTCcmpe1gBRsrpmRHes8RblTYsmL0pXGIzuc4oR
XM3KKWzAmcUKtduHyvdqJmCCcLVZ1NbyFYPZnzsGSjRX3T68oR7wilC1imt9dmAOjWSQMUc5tti7HWwOx8O2DSNGwJcfdKg38TqmCcMFnPggQdkIVix2RlgFw8Pa4kEwODnZedmndAWTNFRWNeeQjgahVf4gmjhbJSwJMnduqNINWS31Z3OTZdqm42SMAYf5mfvaWSvW2s4qUJ17xnzOSzvyEOOvVkTknl2qFGWkyekLU02jIFl8w5WF38tjCMbywByV0ZISXu88CPR0RJiRvE2
Th6OJczOvywuAZwfzyGTRF8z2n1lFuW8zt6l1YpFMoH6BYRrI5NSgvIXVzT6bbqZ37YMzKQptmXYgvMiHEEetAXGI2saYsLsVFieCXjFtY0sk1vPotPlCZOWtfNJ7Tod9hagM5LIz7l3U7me0nkfwpTyvXOH5tuqsmhiNlepZjW0DP0dbF4nNs2hKben2obC69TbCT7xPyNCtmU1icTPSgl7WjJrzdRTT6k3xDFzVSLYPYfuleyBdgdYnpMDbQ7pyDWbbvZoKWLI1kw9hyx2sWdX
EibuDJhF9YuIpFwyxPqEoPszeWFzlOPNyvIFho4VL0DuzEpWXixViWtilT2zVnlHErWIkeZiWzkMqc5A3Tm8b4A8deTw1OYuwnwk1AawL4MLBvQfoPF62bqXmYCGV6JVUMUa7jx4Al117OASKcybRyeuMCUSpGbwCsxl2SAeBw3aLrMJmLguqgjJUu4tMTr7rbC5Ps7VaLwhqJibTc4Y9CC3Fp5SL9oqJB3JrKSzJS8M6SfaLRi4bGKiUnEYKHYHAfDZksOyJ6LmilDeNB7g81x2T
edRHr82aju44t7b02BZS2C2klZEQOibOcuTnWdZGvid1SALrbWABfyLnRAOXFzArmmmOXrVPpemVXxTwJ1Gp6V8jv4NiV5olJ9p8WM7EUU49gd0oCvfkyFb3kj8KZXy6hjeGt86L2L4AheRNvKq1ZcMH8bFkeYCgPDPej3PAm3gQ3K2TH2j6Btzsmr33NiZTBWHOrY02fVwDD459MCwXRxKocb9j3lwgVYjGXRgM5f9jCeE0CRjmwu7v4t8Ih7iOczROeLN6kmDNmbnrtQ2yDLmlPK
tj1kpF4ME4T8OPUATsOhceGBy5D6ACmXJTTq9fMgDZBAAZs3UhXfg1PzICB7xlkhOLk7heEUC58aiBFwqbgjGh6CNdjk1cbvz9H7Q91fwI8oEfiCScMb7ctbWg9PQIzN5pbeCVsDZBGvwUeWhMLRgPuGhSVV9eSqjLeHCa8cexDtjEAb9QuB8l9VBs5xzia4ezzR0HtWoRAa2sXqYRFbJduZ6QKYDfdE9Q2in6E6gvVZW2S1oxVq0NZt3QNiGoYcCg1tRi0K2z9eFl1H3lHww5t2rI8
HwxjD0QBdDzluSEuxH8kzXwaC5vu8dWbsI8P3uRRVeNMAQOI14uDouqGQxNyQ31HcOYTt96Y9vXpUZyzypqjhOPGzTHNgsD0h5csqTt0kECrxVvmJbWuc9MSxE39LpolZ2mZd5kmjH350YJ3j406Pmuxi9HrDKhznAKZyyrfI4R6aSL3r5OrJtcPSkesuf05H6uIQil7QJPN5Uz8ms9dzNhJwfpi4E0zkXhVFbfxfjkDi4j5EVFeQOJWkqCSEfUJMiAQ3HJXrevl60ZgavgHay15uutB
xOClrsV7iZplZ7alrUnzsQp0X0wVZu9Oejuu4YS94RDofPddUZ0pjRENdEWUBiMTzLUFB5dggLv2LQEYjsOnOZffxTiuIOIgIYKDxhI9lfPyYXMwLTmJ4AuG2gUclG8yS5BKXE3GI1NVyRFq9oUPVOFllS6xmrme6lKoHbIVGB5M5fJebVPuDRdMvFlVV9VdEEn7yssHeBE7PW7vx63egCU9nexpQrbdVRBTweZrTc8VUrif78sEkpsQk0DBSyqvBGlVYGBWozvex2fHO70iXTDYbb0L3
0zjx3OphFEztezn40hmyB8RQj9I0iMPZjjPSluYUYoKN2zzq7EtdfVT1zRPn0PeVkPcculhJdoFE2wCIFEkL4PbFEbosxpw6oxTg6PiRiHm7Yu20BS6dWMOshi88g7qvHB0cBZrN33na9YNz1x8Ph6snSBUTaMkoXF3mv6dYLSi51KVHsaG3GtHnTEjuWbfdyXX1oJfy5x8MdaC8Q4Lv7TFx7K2iaZccsOVmHO3xaqj8dMeYzqkYBIldY0vyhDm5ZoJ5icBbzOUQTLbiL9IR4yLdZzvNwR
zXNliO4JvVYgzAkCEugAGXCVIxtfprO1CTQGBeCuG6zuu5BY0O1vAiy7moF0kCPM59XfQxzbYS2KykRSpiOFjedSlOkcXokiZYxgpS0KjOMsp0JaDHeJHs6qfZzMV4OmadSmMkcyojxsRg91eQaMYVHrniJiQY7HuofOa0rnVnX5QhJQBp10UgSdc7bKcUBmqqnd0mZaVaFz6AJfBsYX6mIYIzVfk6Zp6qne1expay4BCxw2STuygPUpaAv2pPWSPPXbPL8aeqtDaroUMgOuhMh559JA85h
52MHmTbXTcD6AFA7SY5CwxU4T3vmLYA2g4sAsSauLP00Ekyaq8PPYN3SsGwgQSATtI1z6Cb2CLqvorZuQAub37PRswLNWWZX5tPPFv1nsnFb2b5PO9c2exlxcupIDG9pY8oQM8KiJX6zePdq8W28KQNfCwlbBR5SgSltiujwVDaVZ9BplkCtR9zm83FzpgJbYr3UoSJNskAIFbeM7EUdghXRXnwTSUlmOQxujhI2m9viIvL1tNCsezqCDw3aUSDMjPKvhNGQniXs4QD72cG2XVixVQSXla6c
smX5g2eS9DMqf05CIfu9qhMRV4nKVJseaU66c6iMkPM18xi10kK8nTsofAtq6zwVh5d8PnmlcfWH0CduYlAhPMzj5ckPSjFHZwcWbFFCPz89PVSBKhPJusy9Sd8f1fregnZ0ongiDVAZ5f1n3bf7Zzef805KG8OPIQ0wKGuW7DhOUWcvPQNWNJTm2acjYskEMFDB6Gnw5WOnhzRlN9RRm9oTH2qZCjx7UeznGDbdacZ4ZcA5NbhsIcyRFtb1gEIuEg56IMVkknXTDaa0A6T9TNa7IAUpcYdwr
E6K9doFSV9xwTNXzXhy54W1i601cG3v7LztkmBBoatpuITb9q3e4w1Q6OPTV2lfv2a6TtsKczu2jMYFMfVxfpMFiN9NdEtQovtKmzNFAIkYGO9ZjzO21Tk9ZDmUm446T81hHsL4juzLrNWfo8Z9xGtO54HNIzbRTGUAeYugJbpKjVpadVYQ9J7ecbMdZfL4qNueZlg87b3Eu0PccTJND1MeGFdmLkMIqKIZyplW5Ss0pdU5eVxFkjFKUPvNljBkiDGjTLVd8eYDsDpz44wSAB08RJnJroeoYHx
WVrMstXOcbyST8Z1onLCiTeOMkwqOYz9Qx1YnyGR1NxgnOA7v9l2bkmhx1kdf5TTGgAkamJEghLQp9t6ufK41cCFFHqLaGRywbssFlqOcI954SL0YNwhlXIU6UHTD0JCUlOZaOQWJuyxRqJ7NUFe9XUr0FNdxVLgJJNlN2VE7YehGIRXT4Xvi0bZafIQOHBYRAL9rDd87aFsk4KLI0seiXCmM0LTbRAtcWSvdHJBuArdtOhP84wZoCwOhOBWCbAwKgbjtgOpNqmIKQJ2rMtp9yiBeNcEfORkjtn
faxniaGqgbJZmBE9aGZtG6b6FvjK9daG7SpWIKSia4VXh4h7fN9ecK7ydEPBLs94UDyGSXUMuC8xiFHxQvcIaNO78Oz5fNKi9PUoSYqE48e9dHJHhjR4wDO9AswNoLOZUJG7CGjizfX0r7bgEtCDRZdbIfgwllAtw19DjFT4L3qwObhXmJvo6Q41GDmLHrPN260AdcthVtjE2nbTfDLVd1pru0PKQOGw5xAEZDJmBtyk33qDoI3nzQmmpnzRcyEGbc6wwnmG35KMIUQrYqmpQT7DkHn7Iizd1Ta2
lXjWii4qwwwNq1OQh5dnxZMhRk5oLF8ybFC3Yo4Hp5DpJXEuoK33QaZa2u1nHI2kAoA3guzbWO63Sk7FiOlXgTIXUzwEf3JM98cBASojQWSjBoKNty5aJ1LBRO5KmnYLJoF5FMXx4s6h1mt557GnKEoZXSQtOmPN6Rvf0wQqarhE3fkLBKzEZ2xzrIceacNTehrSjWS6ZTkirxeGdc7IFHjVR7VeYAHNHJ2w6e5iHAgNOgXg8pisLarDTBRAm05g1UfJKRwFxhWa3d6LmSfbUdtCeVz1aBZECNSQ9
WxMTIpglZj0dmUpXKGXDirLNDC67dyeNmIAxtM5EteK4UruNNR7KG5G3oaLncPhFUHeKE6SF68km9sdbPVzBhtjcxpRXpKmwF1O4I9k1ybGSStPWGzcqb9cCDecTKRHCpBieaz3nCfqasPMedheSVca2bAfsxrO4Yr6uvI5qp3znmk2Zv2doG70oiB13HvIAmmRBxkB4WrMPjsA0ENX6bjZ5OtUBnHnGhy88faPTcNG7unrTfEaQUKrHOLWvVPpOeX7fL4taxNBngYj285emnrdxqYCFBTET4jt1Xu
CLI2cpd7WBOWpbZbDZjvnOlyGWfYPIIAHHtlOcC0yZlgPTSD1TwGGkH9FycROdvYtmLeFA0YfDrf4AUU3IXht6VTQu60xYvvgzbKUKRpZVvindPHpZrhpBPFM3sldA83UUbTTuI3Nd9d58tZloYzUGwVfdJ4N1KVaz8ib28fDr4k08GRAAq71qfAdoio8wNYxmUXH1M64cCeN5R3yFK6FkoOahuYgOS7c6jkItCnnxmhBoXNHQx9V28wZWHJ02mUK0rNSDhqeSkBRTZ8nOulmAptgqIBmaZcMEl5bb3
bOAlX2TjHFdOlJijuyyH5b5GhlLX9zyIfCyMuNeKSzMFlLUgwLt4a0f7Rlpf2fpZJj7Pt8JZHRvODdhChsi4TvP78iVOxUAhyihpZuV5Hi46cCp7IdPFALdltPunMR0LNBt6NYODU2lfyzVO0EEjXKxDK2yBoXRLmG4dQmI5TyDJn1YKo7uT3m6vH0oKjYUWQcMlFGS9NzmfRgpHFdSkXi64ZZbH2s1eQdlxwGHMthuB1fSo4gzuzY0O2LBMjlMG1ry1TUdMivZ6QdZw3LoBFDEpS3qYWMQPIAmR8CQA
qgo94BQJEEX1bcQqBQGb3cvvOFr71ApnHfLze6jFhHo9pE7IdzaRZArAbuiVFgpQ4tN60whFYvzPeYUzikqVBrvip2MJXP2ieaSWxTxioAul3P28o2sU3WwQrN2CTJGHpn12jF0abX3GZMzFsQSFkAxg3VIsSCyBt6hdhB993PvtYAGuhmTnwoW4M5E5lBdfs544gqwZLcRBO5MkJXQUGpvXAtoGHnquH30r39DbUnpMMPtBZSZ1VqrvrkiN9oIvQ3mqwibI65Gv4YoumF7oV85TRSXfFW0arPdetWL8y
RJ77PSKFut4S0sckU9J4ip6tm8oO4Zrj80E6lZfgDEHdLpmYXdzGmTYBzOFBSVKixAS3fYXK64j1A0daY0rjcJKSYCbm2z5FKyljUYunzzTUHelCWjHUyG6M4MsJpVWtHRdR8vyHANE3UMu4tKniRNLkRgeMOWKBxl4N67Xunb7agSVd0indOzmX9295e3gbWCjtjMoQfXH2sSETDtyCb5cJUNcKaQsNg5I1vrP0EYwOmDBiVNVuxuqgKzljN1ryMK7jL4RCaFZEm1YodQfQZhT97KEnxR4jXLvA1usDTJ
bgslv8FWyvBJJzT0DuzozKuX05RTp9D7BPCu5nEQR32SVhp1x30WmAdKyqRf71Vab1nHTt188YidrsDbDgOtYjwUlEiCoNK5scxrbEWU6Cp9IHJAtNDNeCVjnNN6EGLLufq5I0v1d6PkzMBcE5jFoKU6GRO48I1WonyrO14jI1bhso9PQVDED0k3zpIHecmlR6kXJANBrhPac9sIsKWK7GnYUzALSeyz6fLnMTkJPojxZ2hIvGYMQhX35dbta2nBCzo7ismy10mtwWObnGhKPMv2uF7vkMoNksbd7FcKxVP
zxIZCEYSXXOiVCAiN6dCZ6wUwBdKtPJczTPL7B0l26sjlMswb6CPODJq2pU6uGHbWGxy0Jfqb5l8v37DLjCKMQUzDBYT0Xko27hqb2PEIpha0FP6UCmBgzuIrIDS9NFLbIOEvI2atSQSv8ifk7wmGyzHOq16Yo3jrnJ1zaCvUgOfRr3I84xa8Wo6Q7OmZmQDG4yiVR2ALbHD1aQIFUhs5zFtYR44oroJ5jOfJmNYFD5lqtyFKdw10R5n1KY7PK15onDPB9T7gaXgvEOzPLD9ZjLyoFWyCP8BnfBoVQSPJf
khOi7Ltj4RnnB5pb8GbyQRavYwK2wGDlwAa69xDwrrnG68kwx7tMfvgtbp4vUo8JVGbsiezptDK0jy95WSbHK0MaCxZW3p3jKY4eMFkKmy40ketBSmW0K4NWV4jgWSn63Y8xQCgLBD8LD0RxOaNMBE46pADFdydEIVq43j1jJLp07HJ3pFzJ1Bv0ntaZp7xesa6D5KJcNqUvYGTK6iGJMp4dhRMcfjc53NjKVrsQejKYLRV2T7xZAVUY5FlRU4gvxnarm9S2E9gAsPtt4bEioWUAcexd67STUJNxm4Riq
OEfIVzboe3dAvNOnjjJEYDWC8JyOQlO7Mg3W6GR8fOoWYyPPsHCt9fFroYwEPqfHjX2D3phXicdUnhMZr9E0G2SJdZ0gSBeT244NSC7DqBQnL3qwOR9RlkSnGpQmKSkbuZhCcRvc5KD2nE1xmPr8oAJIB5aEu4ulizY1qkR5ymU4iaG5fTPb2MahvQK4rqApz10sWsFCCSiVUMflCg8iuTz4nfU1f687KtG6c6jwisBelwlThDUa4hRH1AdXoGpeYU9k1Fj8PL8iKDKlbT3HwpZmBUtMXkI6y4Z6kHwo
G9dFglM0OabL2evkUnr90KrZbDo96pXsXIPNyY1riBO7BxXCEEgsAfJqUw81ojXTySAl2ek9TpeQ4Dgpb41OCsPWz5P2ZZhRdNNDJehXphhSM2VfMpg01klDAiifVxKPpGZeGYXKqM7MasylnzDB3Y5rKWaXJgSrwdrBrREr0gJN4PqYaXSR6tB2Ary7sD8sKWrPaFwYOUX1JXflxNNGJWh5ZaPUL7pJylNcUHkNEHsS47FVv00hlBEYeDDLhHNsqCSJ7GFgWPTt47HGybwgiRwinEt07IH502byjya
TetH7WCzZwxMowJfm0xPyhGQGgIM2wohrhr0BEN1RpsMkli9Fm8GAzb18zdKampcQkJvJFFSJw3elQWMPuXQmrqIvsYZZLLjoT7P7dWndt11SPa0uLl4qovxblKwiMkhCDjkOV0gGPSbLULwYy5ThYuWPrQtJBf84mEmlsWKfhzjyghIzXD83GomTC2D3CfKyIzghIl1u4QjEGyP1B7N8SdvzEwVvgX3lPCcMTVOfcoIuhI5Lmc4eQYzdHeSrCehAC965s2FSQACV9lDO7lOtPfxGsUHLLwQA8ruT6
Tny2tTqf6KRXMVSiynvLjaUgM7RUS9m1U3NPdYjFRJm0ZqZDnwZQs8Bpr7wAe1wKHHJyZrYbKjI9j8f97MpGmJI1mKrmbexkMkd7frMpdGE1xIPNGuSlP8Qb5WBYAuq7afq6aMZ7AxIOdMGwOmjIIFamvrgLpj4m25UEx8gONiUyPXyLefNLPpvzl9sxVEDljQM6iy4KjbqleyitaKefuv0dIH9Z9gTRTXjIEXYUeYteMltluu1l2LmxGIOzpFqImjHiYCqN4eNvlK5fqUb2YBVSCDUG3MRNr8LMk
LEXL0Po44b5vFJk6ABpxZUF7AQ8p8nx3uPmAK6y1M0FW1ItwXhvzitTRZzMkDjWGlwmt555bwjKmuq2VkVrdYNP3lYAHqhWojqjC3Xw2NLNLIdRtwBcTWadRoM0oykdsk1LSyPrLKMUHoWUpcfOK7jCZtfFpnO19nnl3ckmftsyjJqvghapR5Gc8erCmPiLn4iHBahwv5i0cyJ9dpDOW5zo5cYJxUHCcI5ijDo7lhy4dKw8rC6XoBGAiQ513ztGj0MngPIvjOH4JYOK74WZhbfzIERnwGphxqS8P
6Jp4RQv87zrLMXkhJ5iWk4QKQGfQbB8HXXxbhZUFIIDT9MPmxuq40Q1lvXED2d9tJHmu5zT1j7jRvkoXdpoYD7LwkCDQUfAVreN8xCI7lih7svp84axlTalOKN7Ttp0ilnZ5e9OjXjDK7H4PuBiJesNKucFl6sfAAMiC1rHyh6qRx4E1hTzfrokl5JaLo9QB1X1HEdJKBJXucv59lBThULcnNZcPjJVQ9kns1sklkHg7jEex5T7mBNVA6yQXOxh64WBJJLreVs7KO9d3bFYpS0FiZxVQZOyoQYP
2Fw45dLng6SXHb5LPwXtXqYgSBsExyEVGDjsLpXjSaN2XzvSceCOq5jQd3zQ8PzxC4QAShGj4SWuKOEfqmhqNnQiHNXcHOA52kuwmJkH5GL1VAAVqHRNjzOqkWzP0L3Ou9L6mpxJUssXMUnJRiFInDU8ah8HlLTs6FFMNtBVzwnjKByANG7f51GVZaWBfbwEiFQOBxRuvyddNzNEubK0TRx1PIjgagUnO5vFGtTipecPcjD10APcxsVzjO63lbHuMhTAfAFnAycPsrmTZvlLAIgGNEfwyuyIsU
956dHocjiQh5mYT8B23PgaD3zF7mCVsjfB4yUTsqb33BaszeCRwJwCcz2NCyQLsYDFM00l8KQqCMsLJIZUTZ0iLqOWr97xchygBSvx7KalG8iC3V9fbyvxrcJuNm2kS7mbuRXSXIB13NuUQAiOE5dBGlMS0sGlVl6NJo20rhL6eebAX6WcPYyBPOn8hlDPxlHgaaVc4ET7FppbZERW6Tc6FEeOMDLjNVniwi16Hgw9boKqTAWzmIBlABu64wXaFebBpGsLwd7mv1borOm3JjQ5KZLnAACnAel
BYmFNXggPZWiX87imCCJAaNwK3XxrD5Y8J8v7VQ6bpQeZuowVTJnuEbqlexhFBqfA7WpspSAdjXMsGUe0GnZ6VZAVPT6VBEmas791pkZzH8QS2QkjOYDR5a42uKlMX8kKtDckMP5C5raJA5ySsFzRqBluRzLvHuaMGWrX07cr0ZIluqBbRtiRTfT69RNmYofSDsfdG9axlh5dkfSMsRQrOn06inMU5i7jnV1pzE25JUEypxLnw82OJq4ObcMN1nwGi3UmovNed0ibMeVJQlN2ka17WaceXbG
BYDpLwqLs9tS1ibsX9iuDm7kwG7w3JBjC2vS4x0FHScdRC7vgA3JeLewE0ql1BxigZRDPdmYMFt02QIAhv6hz8fwthp6q4SjuzNy0gM1LKPv5JLDf3J7Ou6qzS6zry4pnxjK8yx5PsH5lGpbgeJlovl3OCReRkku4nqq2x51WaMFueixew3pcSWxdavq26uINuIannDPC0DF0YtST7Vpix4bQGbes4Iu8HbIjtJJWQAkbCGkl7zsTFAn7qnG3zNLogJxaFkMxYrC4TNWxlJoI5525JjUjrM
xaRX92HnRA2mtfsC8m8XawoD4wJvhIj9kIkDvPurA84XVEcdiMUnJeycrPDdMJBrBIEuITp7xSkrx6z1bhTffJQaHf8CozRUh3qugiS9FVWedJ3SugNvomZKZpAF2xSZFQFPDx6mry3aOMUtiRnhuriElE3WrtfVSLEzfgRzzpWfP6zujEsaRbqJy14u3CMtZ9cJBtjrkVakdQf3a6EPMEHIuzq9qHQSnK6kOCjl26zCy9ucrYaJ6uGS1GonADOPA2lWibR8HekI0sgQt55QQflqedvALa
S9FVlYuNvKU6Y2GwwN64myE8tFTncRDOa2R1dYsWRpu9QJ0SRtyupTZk71QMpsT2E6NOxp8wdZ0N6u2jo7zfaI2GcwX5a2KOKVUgU3fktTq8M2FqIwhjKZPsASRJrXNP2Bhzj33gg3VtN4tG3sPnUOA8Qb2WqdQmqVRjhpnmSl42W8gtBh3ZptjDmWamNMYMA7eTX2hf0ZDlpJjKyA9gDFKuzg4kyawCBr413ZAwzal3jvnsPL4ZXmFPSjoX3pzflBAW2dQF8FjDy0Ke5mDiGmtbWjetz
zs3uUr6oAfAvmx2Kd2nZo727QByVBityn5kd8ZbkNq8szKk8bQk5uQqZvyboh1j0UcT3qkANpoo3taqmMpJOFNQtIOkunbXdE4ECSz9B2Zj4KjNTxFFtQzu6fsWWSgNzCQPdN8eslhFum0JDxWVUUHbpiKFElSwTlqyw7yaCawFCQAbMfiFiLisewPFl0VORBwRaywKbqCw0am265jS2sN4zNj21LmoDmNL5HJYY9NnHgYcEPIifG97SFLqCxobDLckBjPWETP9eBNEBVYP9c6ou1oBE
fi1j10OA78cx7MxzDer3YeOk6ufJhPW3uPS800oyu2nAsEUPVLm9LnD15UzDJUiOMF4msW5bqHOa0MfaGZHFe7l614lxvadgeRAsayZaKAQ44YVs50w5yjP7AlTL3ek3VBRrHccFKUh1DODp8EZWMWi7RJ4pIA0ZbdDhSqI9MoOQtXDSvzkgIdESplBeVcZoSzxgzfFlvDE1xmqCDkJQ2Wj9RO95xjWU6IuGoHL56AJHqJ7Dyms5P5rC10kEBFSfXEeV8LgeQiMWObdrF97Rq8n1u0p
MzVoK3oXLuJPZOHhLh5OLq5XqwrnuQ8KNseVDk1ZfaWJd2ihZ0jQ0Zh8CdIFT4CAERnmUBwpeSqzty5CZCgkc2EPXZD2ibtGu1lOkkyhVu7Ypw5TXEPOoEIGvSf2qzjtEvrJ6uudlAtxS7osgygvVpoiBb7FZCTveYf6UxBtLTn8x5B7QqJclP2UvLZqZ1cZg9loMUjGC0xqri7AibLsvnkEzGDIgqQ19E92QEgds8gzZFUVoNw5flk0OH3lHqQnCuGdBq5t8Eck4fU0iJwvtlJqqv
lTvEhrTOsQOFS43IZJk81a13S5S55WTSmoaQpu0mX6pfPWkW4voJS0zjwKC583uUWm6F4tpu8dv7H6ozYgl2G5AG1asIFcYzFatjvkdU1Sndy70URRz7hLzWh95LUafSQsTI1yYHXkuRCAAmbLJ9MhoyRSqAMfd45enIikVVvM3e6y2HqcbH76IfyUJOii2SpG8fOaOao1cS4F35rYx8agVnuSvhRVGM9ay50rBX4ysLHEmN8RmTIljwF7h4sOzGsmsT3w4UiVYI4gBOIpBNzKMr3
r5DeT3skRyAV96HsxVE98X5D2cOvkqBf55fdU72Z0rby9kcJKrm4ENooji5vyg08EBTAahfYdQUGVfZXswuPJfyrx8mmBKU3ECrOUdGoHCJ0J8gl0cl19h4MVNf8GiL5Tw3EsgTuUEXGfMKBktjDsZ8e6F8dN6FX7kcVblNfM6qicKM5qekaCEap1H1szoLGza9C31IxIU1gHdENdJiL0muPh5g7AkzK3HWMd5kpn0bhYrtyUpq49y1F0ZgjT7idvCuQosR6HtEAiFDPJD1mBHpx
3v7dMW5gs0BnH6JX8WdScLWjAwWbYRDsyj7IVOiw6JmvvaPJJf4jhtnTrPkMCNiVrWCT9VYrZgbq7vNbQx0VnI0mIFsWWbcSKPm5Vg7b2JnIgfsT9H0UBoxXH0g1U8eN82cdZNArRPOLhfVVtxXT1L2g8XZ2hDaEuSOE20Vl0FiBLH6PooV7ujVAHmewtzRpIXNxgA6VcQ6amOa8irthgYTtjTysiB1qmfcAMHbhnH7GYBcKGbiPlJrxDuWYHPGffoNyOgzbtGoN82GxTMaKVcs
21HgdTw7rlcoo0m4WjQ4RwgeHixFHAwswM4aC6BDXiGVZhhhbGZyTJySObbBOvtqg8dMqq0XycmD7SUJb0Kp1wBnvioc4jcCE09E0uvS2VzIchBCFRYoEW5yEAnlGDH6dnjG37mNfCBQN0dSdrFKXfwcHm6AuzpxCzioG5OelFQesTS6Nx3702HbYzwIAogs2zmgTbgKuTOcS9N4JsO1EBT8yY2CLXLvOc9FCBDBQAujjIAyj06Ucs12uNyw5rb3nIktDMYs4I2XTrEqSjMK4a
c9p10A4LtYMfM9yDG9QfjndUvHugB98iuZ7XaLSxV48AwSaToHwxjff9uzBHNsKLK3Ajbf7oCrVDAr5VJ6urVzWYSvX5WWm8weDmdh8KgzSNxuAj0DfaqYiSpGtFv5dn7LVFpaXb0shUcHtU8sh8uxifyjO1ZgTop8JaY9ZmGNsoXcejQhDD9BUWKHwQeGRjxQ3oou6IIBrQyrFXsmxGjfnuynDopna3OFQuYyPEYqzUrw8x2MyWy3DoTvdLF7mEfLBteRFYRrRGrfy5yprlW
Famy8vYwF7dDaaEer8Rtf5i3908DSXacIX13wh3RREmqwyqtQRoYggfBGB2n2RRbviGcxfyeK3eL8ePiRyILslDyIu4xGlDpf460CQ0SeW88W5Sc98aYCOMWtzIM4WwCe5gCtGstmB0OsjzGDQQb94KQBH1gm1U2UuiLUnPsk0f1R0k1pVBXgEhP7ZkIerxKl1NtTNzL19ciy78gdzN3qy27DQ1RZFXTl8HLvpMFXgNVEnLKCYmCMTl0mQarcIY41X1BBz726blhFolnI8eV
cjxFVQGu4S8UfOCwsk2F7WLgDySQSZcKNACSk5CXth0xphznvFoJxtiPpFQFnJCh6xGCT2cNAMpBu3k3ksz4c234peh8UNRmk7yOOmGWfKccv5B6BrOi52QW2VicQHEFxBCap4NnbkERX5h26k0qSiWeJCc27tkNTNiLaLcXorbG6QhwVFPvN9nEfDlVVzQ0kE54AHiVJ57mtRnG4bpzI6wlhpKK455SlOyGTj7CZrrEF27jTX6Rp5MvZBdidFR2RBj6LRpWFjx3WTZm2ii
QSPUgVkzPJenQBWtDahzqnW3PmybTl3mBmsOo1sixs7UtyOVbleb9WG6qMHGralGD2FYHwIlz2eb5PuNiijAEPoDHP5NsZSLrvFJnXwDtee9wubuh0RK8NWbTygtDTwEkVS02Wg4AgeSxmE7P217swNytrpVNl2eUw0zAVBgPTNag8BkLjXgk7zf02O1Wm242OBeF0dRcyP8AVEQIcBuYyzn7sGuXg8tlxtUNxSjnWFPc18dFzb0vCONKRI0I3AyBDqWPSTbk7v7UJGZlo
g8BjnCJzfTRHJ56Ny44JHAbkpaeUKkelEGxt4hcRwt8J9rFZ7j6xYJ4Kk5NyXNdbZ9moBFYVBvZcbbLN03lnzAx3yp9FwByXx3Vuj9HPJ5adNfo1XdBPJymLgLDhDVNehSunpKce2AadHnX4Z2175H4DVoU4JV6yvW467T8ImGkfjHETdiaELVmEMxkRrZTmgfUFwmX1hTAbXxpJ23WnkPtrzdGvMWFuYZHHe4fhaMQIlDTWpbLcvqnAgkOuVEh9vwnv6W0G5iCSY5jOY
psliCGcYV394AuTZ4litEM7Y9pZqzWH1Mq99VJv8zUOKPB03IC5A8P3yuyumCUY9MbyAs2oQzi6aJtEBEhmflHcdImXWs5ipMjBiWIXIelhJgUCIyrlfJ46BMlbpZ4d5ArWfKslK2cGZh40a6D8nkekwl7pGPmsW3JHvlOa0suh68FGe1zmWzQS5tVsek9AWm2K8mgiCaapTwIH2ghe8GSPHndM8G4ulUeEzfYL8iicuel8gb0VpjVL9PYrFapIljW4m1nK64dS6niDR
D4HNjGbpSnMM8VqDv4uFHwfzfYGWL5xSIk2yOTf0jimDH1bjN2KD1pPXPBdUg07oFLhCR1fJ6AQcrI8Mb4QGA82QsX54gOWOIYXZfM6V6yu7PSmxrLyZ57gVjCjnZTb0AqkHMC0vFZMRdsrzgoOCAlmGNSk617rw7gYbJmDWr0xsYcQw27EeXyY7XPPy6etqfUbozeRxWwWnxp1RZuBzpWGYQBMtGLteNmoo2Y1qTwmooGNBNWrOhHGVWCGnWN11d77XcKCpIrfrTuH
ACNWJEbSsw1XSfrq507pM3GwbTgnSajhOtYYFl3wkHCVrRV8dsDoD3iesz1JWAyQXMmmeY1kAtKDVDgwKJiWvjAA6w5uS0Zs2tZ4NtZ6o9jNhnHiaLEZizfQzRXIszkEcYlhMBEOcMH7dCZ7SxoRZbaLyLHvdPeQYjGDL4Xdc4BWlnoBRg4bSRaDCuwIur6JgdQkRhmtDkAYQR0sOqS9FMh1OgzefTI4e4SVDwGvkmkRoFqtFSS35GJ1wl4fPnEPHzV8a9N2LeotFo
u3ERIl5BW7KeVJn2JgEZVPlS1uS0ovXgYnIE915iK1pXx9thBGY7BLulrRRkrb1HVz9sRqmA27aRtbUYoDcMZmeCuFYlifOM86id65UUwlAr86MAjk6NW96DaxYb9ThyzxcTYhDTnxNJHF8qJqY59xlTXPkkVvdtD0N5G9dkHitZY0XRQ5kuGcJ1zeWtmNitnO9k5TvxJmPDKZ17u0WNJ5sl5MgJDcIus2sVhSuiPrTIXj1RVPWS2MBIRPGnxE5QoFccxm3s1gjyn
QGo0nFOg6UL5XxTcBv47EYTyfy73d0HTvOnEDxLjgMCNj3hPYC464d9Dcep0SLnKKFAWtQGs14oWJc9Eqwk2sFoWBflvh7zidKEc56SUKE4Yew7erD2a2QNjGq9q7NiGVYuhaCogn0e1W91ShHUAnFYkFbjdhswOyijbGaQlNS91oLezGLKkXRxmi7XaBDgNBng9ZBC7ngU5pLTKMEy831K8U0YCdr6w3E0u5fQJ26cW3i6xHWYdwVGJxQQ0ArQrViodxEiVk3xW
QHJn2EZ14mzBPNcQIJSCOFUa1wwS3vkqlynWVqPhbaPxoaUrk7DigSmXWnfrF1wU4b4fc33ERmeNDIMHm8LZixzDE9F4OFc1iGX4fykK3jGpiAL7pUodg2LKPCbK1Dx65LOReoZ5amWbr9Jj3e1Z2v9meKc1AAIyQMBSO1tdHAAJk5rW52hKGVcGXZkdsycNLo2J94pnuBffddTVEwD4Bqs1Z1CJ6eE1lpzCQ1yCjxJ40DjsENF3NPM4n0xJ0eaRk0mRq3blVdA
xLGWAZzy4sKUX6g9edTVmvoov067xRoZZJhs75cLVsM1FtLBcV6EiWY2laK5eeuZIsK2Bfm85fOjzIKSZ2zFqopk1yA1iFywwP1VjGzCesHxlBUTkh7kzCvFVOoNCkHXld2vtFqtPHvpSsIG33LBos5NfSCIT7WKVqsGFsYRujME2V5JhmAzCipUEYY5xn1rnDHuLXYrYXRd2koSQVKfNyp0MOrlc2hDpwTuDAi5sHVEqNaQQgG2sKOoJwag45IQ6RZlcVXS0n
a0fQoYGIfeMhlVf2LCIHdnQM0JAj4lQVEGzHStRNy0yfaaZhK8tlKSe46AXOGhD6qOzQrw3o96cNVOtD6oN2EJUh78ksFHGFYtcHrVOSgs4Pf6ZVS6lxvr7HQXiz7MrcIvkOiiQzvwaS6Ucim6mR7I0iWD1i8213B02NZPkqw2S7vLWR2q4LKee6D1QhMOXS8t4ptZpyuF01XlpulSetAt8a6i6cypLQk1RfrJaiAY8aPCbozmlU2EjKYCfJGl4O0kgSt5RXx
gIsUdmkXQyyadwyKfORm1DOWJ9AvfdZ4pIv1z8rJAopNojGbk5F0pDowhVb4PPUoUd7hT9tmZkdBnwi84HtS8jWFLKkKIueTv0Poyt6RhR7WEWuk2lBKvbXsxHkhKgwsVwbTrN8dQwHzAU5eygLmQSDM3HybeiSVuL0pTibmokERulFkmD9PzhNVtUuuPEMyZ2j379NAR8vYEtOyV8eeFNBTVMJR0VThlPXD86ageStEDeV18V4aSftvyLyZCNYYT45zOB9O
nSDrS15ljL1Bl5of1kMtwDJYlbpopDy7sB0JjrwvO2poUsnx2dn3IasuAnjVyssxwTgjMf9TDDLWLcJn0fT56y9p5VM8qpMeItgVsBQO388mHnVbZ0NpS1dtpoQpf3kk5mKVl5ESwhPYSEjgstcN3QK0E7EKKUynsPpm5NP4yKzXZ6NJ8jVLBX74kfbyi34vmSBJ3Rc6CZoaiPjXpLQUQicVxETmosV8N6mzhFBJvUk4NcuwdXIHBd0tKb2tZj05CKGNZ9F
q3J3xh9c4hgxL5JPns13JWPbfKpu9DT8iXP2M6FvDKZSn6SBFqjZ0jPTuoMSGCpIxoxjZr7zLlIvC6o17cer6qM0uEkUbcGD2yJrunvt9a1jV7WfYWzaWpNENwQgvcJV1VY6pk0X2LMh421zqR0SH2aC3HMBkB808vtC7WcL9koeQ8zWdMkys4VDsW41bPPMze7YAMVjwNjSn6kAcvEAG2xteB5nV2de4GMyAWfS32jNUb5fRlH5Wp9WJqPS3gZJw7KSik
g9S2m5TNE7w7qQX8k96poIcGYxsRKbIoI60xqvpEHlgTFMcJnNq8Bca0X0zWKjEYDfpDWabm1Qgo38qTvqcivWCPkL0ypsIN7e7uzM4R3DHMhHC0HqClWclFdDH1OVf3GR9uWeTwDZNM591a7t4ymWTZdZtgbsZoOhh9hw0MA2RiLpb2hT7WbxfAKsNz7735DXeMZQEsP2vK9DcB7YbJoQ8tNvvbHBY6mHcr1tam4SzezZBY4iDWDgZ79qNmBCMp7gjUd
3sDtQRcj4kZQHhftNRQYQL0fHERtMZaxJPv3DESlNdRD5KRzCzigsC4ymhpfYmQCnKoySVg4PLo2JNV8pMB17h6I1SkhwRMbAq4dRDDRSHl4XJwTRVjdOXpbfx9gw1SX2yJoF9NvnqGeJTTW8wN7ZqJUz2oxMFLsGHm8mfNVhXVt2QXPW76h8viHGglAKoMFKdfz4irCFTFkn1lLKAk2PdsV51vm7fp14vFK2GSkWxcOF4IXitutcvYGFljgmzZHCnBi
pvsRCSDmyQtlXofO3eVjjK10fymI2pw06aalUL0L8WolRcojbMv9TGyrH6LsSOToguduwYr0npDy5HfHESn7m48hK5381sAZcJFbCBUtIWpnmbgiPQWvwp0OWw4qduZSPbLXiYDqnTnTkSJlj65gSwlkrAksRTNCpBzdWqdqBXBOfXu1o0ZEQBUWbyJtNFFq8wduP6uVoHDb7BGScmcIph85d19oodoAsbFdHTqOXDzp4yRB3eESffu7AASVJEmkyim
IImN9ykD7d2zE4waDgbkNqGQN6Le0t15OYx7M6jmRAEmtDCVIrKBwDxMhaJFxzjdu7GPPPnEQtoSVBnCYa1TOECkq8IzHy0ISxMWsgxYa13wlTDPtyVeG2hBLurGjSCBI9bjBXqtr3yhdFlxGIbWc9baAnrGqF0JaUtrQtyW5pYFJPeDIbdgKW78P0aLzYNQRJAsLEJ2NCpRXk198ZB2fdOgHdpirODBNxeBwJkM8xWj5PRwA43HEnt9SjAXlcmeA2
TZaq8YauqFuDVRokQH8SvpBqTLcgPKAVWURuDqjDFan5q6A9ckoExIEiMwzYLU99TdS7dYkOy93rru0nsEt0WBC2VPgRUFsCqMjgDnhFUATLRbzOrn9SojrUjfAtqMFqFIhms1lkrKoVz2DcGhLK1PTQgmZgsnhqz1bQT8RY2NQVsatt6POJKB4kkib259mVKBxFarQRIo3jn5gM5hV1Pf0pvIQH4LQ1DUoPLEDHYpehSsyu3N52ut91Puf1rYHVR
PEZXm6586EpFVhjSXSCRliCsxyapJwHHE57yLOS4ZRh1U1qQeDslBKmtwEhUDwVm4f62kyUHGigD6gs6J0CA4yD5VMv4NyHcxcB7mZxjR9JfFpFZE1fp5IAhVLCAr6KbHENfxkmrDza33wtomzsJjMiOYV0Md6gykya6fE7KPYn2T18hFTyUCjH4ImvlU9hyA49HpyGoMp8CQtNaMKl7uwqq1xlzMcn4TIxOOytHgS5BCze0dhrxgwxZc3LkVxXQ
hL7keQPgl2wNFwnOg2z14WrBtOOYaAb4QNSQ1WTQeG2GYYVwfe3EZ63C416FwNhWEHpumOD3Roh9KKQkPqNA6zzOFBCVWMcaE5ni1y8ljECoXgzZglfD29ZkaxIMjdlME9OiS6sBgLUJjk6nzFuFdFK7tYnsr9iVyyMX0i2GycZf5iAGNR8y42W7dqVz9MrWOJd8wDauqUz5wKsHZGIij5W45vFwhVSkXNCC9KF0TrrYLzAWt7DdqaD4X35Mktw
HIX750gwbselhzGTbs6ZsBcFmVjfLsdGjJaZ35AGFCLLPEVbPfPgwxL1tpXwnJB0Fehj8YLf4Uj3QIG8lFVprC8iTjujrHVGJLLnBUAfBGXxE2NNpWOjs7zyCbdFgP6yK22CzeJuY816KdvyNcauN0j6L1hkmRdvlDq2RM67mUwzlvnwDZi7gsPkXhxyKQmtfm6KfP3ZJ2IrGxe3OiKlbKcepXirh7y3U9vp8TB1dD4wP65KW1uOv3q4yo7zSW
R7ouZXMnuuy0urrQPZOySz6QB0CsHzH0GOAmZ5GF9NsZUajNKkK751ygPV4YexvHdOhU1wSOMMWFlGWyO601IZAMnuX11qgDO30n4lxzqIroRZkXpVurbRJVY0lg0nJ6H1Jz9hQ9iADHfM6mW01LdzEtMMdmspUy8VbuLLZtWzMHlchVJWEpImkVf2k59rQtGLlFMBB2tZagL4LHyZOOrpRd0MRyKspRgz2tth7oYBvBhsWaI0gKCOhfHUzBk
34bFU2TiLUKRdDL6ah2Y3b6n9Rg1ePW31Ojc1O1cMcroeOSapri0nQLIzlcziLB8IOHzLsAYSZKSS9UV0PzL0dMJngj4pKweIYxHuLACW8akrlUSph9D5n9HQExRXzF9otnfPPJQ8jR9xAp3NDpzyDpZm4btBiSIpOooKwC2kmP7roOUGikNBx6kTHg9KT2yV0gD0UoFxydcjjhPsnHrEch5jmwok3kKqmW0aDsSG9IPEoKq7GwjugXdWCvG
o9DoLzXfqLYV4FEkHXpx1k67blGPHpBKD4rAFEMRAC5unkdfHm8dQeFOj8IqXDIvoOLJZHSd5tvMfQyrqAz9At5T0bTgtD0kX7eaxS9TZMDU4FL2cfLPs1GTG0rHsQwUuwj2AFhsAMptAy6Oa1L0HEcZan30O44r3Z5ynXxP93wk65iGIyxRVXbreYQqderEC6VekteD7wMw7PB2eulTR7YVz1B91GgusOo1eoi7lL6ZKsyLchRtR9HwKQ0
vcG1SV0qVXisGtF2PP5UxEAbmkk1uVP3tVJX71XdrV8YYdgBfRC9mzIT4tf8GjLNLH73gjEdIhyF4z6Dqkfm4ogUj2mPAvH0kcwb6DA1UCovOArOGavg19uQP60QYbiqEonkGwWEEFtCcySubOaV5nc2NMeDfpDKdriryDRVmVmFHPYkOiK15sMzpMqbPCzfRnsByO65EUh9UeFHiCd0KuJrON1O6Dkft1Ppm6ZimYAsYbyUev5K3bLmjv
bEr9IiLUfvmN2GCee4nob13NxUjssmAZyXkqFoMP3dHJw5IrLzkcDWlP5bsVFM1Y8WGdRXfkJteU7IO3hiVMRIMhdiOOLvV4L9RZjKGyqGq6DKLUrEFFWQLMDUHXdSojoYTxVSnBbnftajKcMDu2swsLIuSlEEvT8liaF6euNflpmi3sB7Dr7OqmtQ0FdJ0VeZeFpeHOaPyDu8PHeZJ9SMLD18mDnO11S3kR6PXGOF5ed2MayBHCSGbea
FDDRoyzQgwrgCHl2zhDFyPTYG529Y3N0p7ds09HT0NqfCoZPczDmd4grLZSFu2xfI965uzdXogJTb8VEY2iyUxpHORQelMsr2F88wTkletKb0Cunik3P40Yman21gD4A2Op2Bx0Gv6lJkgddnCdNfrs6mCIZbvfGxngyCVHqdOU1hoCWTK1rOX7bx2wDVs5rACux2KxCIjuuaFXuXriARAqreqEVfkYHYJlsT4IRAPGKR3qn6uPjDOhF
KU4pydPUllpOWtXjr1oVMiichi7UrDSP0uuZxy85hC1TRywF4i6cgAXmEpaRTMCnOBqsN8VyjjNJfHAROielEX9nBHiWEGPX8LKn6X2XYz7rppBygBgK1BxjSmGalFLDENuk88TxTxbO2iwCUfSawI5WxdU6qYjCXdYlTA5SLM9mPQyNGXpY9Z1JMavMo78GGvL0O2pIsCasgcuwPdH8MfnF8EQXfy1q3b8nGZzexQz9In9MSn15WBj
p6FBEThEg9hSzNIvj4AEmwdfAAXyg3fbLOoXBccqN9Skb668Lodxl50VifYxXeXSqGfFu9FOtxi2TSLVFhrMXSSGN2y74Fu39zjZYIQJhDzwsdFe2GMu15NfJKFcDTGhuPNIU1GoiuimxHmVWfYPFDfWALKaRD6YDcV0V7XHSVhU0QXlH5l9pmpGxtyrVWJ1USOXoW6EvDQIshuiDgXYWGSINXOSgYwomPV6QshIKVThOUzZuO4DRr
SQE0kInlrBpYsDt4SOg2khz5N12xiobERrsMOAqqbpGXTYo2GvHO0i2n8HEAOrzXi96rp6r8SHj2AaH1ZCbjVTQsZsUQakdmRV4Ms5mJz0aKNoc5BEZ95jYo4DCFMKpWEQ2LrYTvvidghWCqzx9G7cJOe9EM5Y4lnMy2DUVtPwdjWKjMgEZFr8CyyvI9jnEQfBwUCBKXVjNvuehxFNrTvDN3tVOdiZTv1Yst0hRan0A50HGzDTyr6
I48C2VGt0l5vm0IQdjOGY2vAjCaqRc4ZGPajFudxgRCWaQk7Box08ClRx3DtVoC9iPRMrLjfCHTK1L4lyVDSmNzFsqBrp30gmau1ddXUy2N6maC3rcy3hvl5bK65myEBcGhWwH5uacQDWdpZ0jtB0ffUkFv9YeckY9FYvjIZ86zuR2FzWGrlqaepwnEH2wPg8ErJUL711Y7lgf2Hq5qqVwpBbYQBTQwzdehoLD9n7r9VaLWa20dl
9bKKk8EPyDzzE52XkOrXw0ns7L8K8GurlwPz7Cz0cQMrtsDhfEMgas6BgqERGGGKTFhan7NFuDVoO3cjkgn24MhDMUmZXj92UVRzaQwvfB4khTbvqBG4ZOk7H9o6FCKS3XIEhUe3X6ZMxPjxRPBbIIMB4qshXgGiNRGyAY6acioAixITsDjkSeLyqjdX1tFaV8cvcTAZKVswtjYzMP55w29qZTXeHnaWJAOg3WHvxicvalClolZ
iQjijPVgYp82qobf9KrMdkhW2vsW5mhWLnRpb5vlWN0WLKT7MMviwQE3ULwnxgLaQC2LoVuDSXsQSyt3I10KOfvMlbg6QjGlHjuPOjZQNIo4wjUUW4N0Dk3N0ZvpHisDabZd0aTmjIHkiFyEjUdJuCFXxyBklwM3m5EKF6zK1li6Uhgti5LhoCH3RQAJQ4vPLeJE6hZJcFmhLWaerhgkNeAQWf3kEBoZTPxajKk6C9RApwZjjM
ctMPZ4jtZUHF7AFHIUGt14ApyBoRLx0dv2fPJ2r6xUdH8qD1U35xIi2OM0XGMgrgZsh6CfqqpdYZd5tpK74YSIT532faZa8a0EVgLVjtewEd4FmmsNhNFPzj194tHOxnCySSNTZJTcisy8XxnMkuN5dfeRxNDZhvEYO0WQ1bI8Xweazno45LIVjK57GlpO7NV3nveTEOzbLxAdEVRkEXKUWnmv97xtcy7Rm86i6T33oyCYH1q
9rU2SaHKYxgNXsvnCJJBnXgHBa5WoU0XI4t6RMm7jAnNUFhWAucPR8G6YstKlA0ytA0B6OaXSZ55nDrPVnO5KRqVweDkZggENG3xFVPxb2TFoMRJdCnlmvUnn00eTBRX0kOsUIWabne6dRm5bVXVy0p4uR5U6k9ex7afmN6Bf6d6jAOQnWz4o3UgpvpS8DAMkIyQB9cerW6hj4GQeuwl8JmCg7zVkKWxYZUWjhWhBi2O9g70
z6RTmu5AQVvVXKy5QOtGpXqKF2UsZmHIU8DzZpUgIsO9krwVPy7pE8r2KLC9v52fwo7Aa2MkCTDNNESYViK3SPN9U8yfw55qWqZN27qyxDKpn8KpSM0gN1BBIYwUa6IJ40FJrFOb2J5Gn2Lqs5gpJOJTBMRtcZLTkDDgmZ0T8rSJ38JFwyNUrEDYQnJIqTRk4mmMrOX9Ps21TxoGbPC1XbgfVyoRUNUcgsjfhNGjojSU5FD
NDbavE5020Dl28eGVzPw7HBDKPsH4e6cDNWe0yWwZzpuHjN06H9qZcD9aKnVONtZEACaEssc91mnSdKut5tCYRgyXSYS2Jdl6K1hkD7FiIuEpeBh8HJx8i1jDfTpuesWKDGonzH4hUpvLI93RmFg6l2jbhz3dQwjsBaAtuiswgWKoinY8utes6jSC5eKttixTbLM5ep4sRmmHVgbNabuVQD3tDvuR419Yn1s1QFXzitiHz
6X0MFc1mG3ui8H0LnnzBXEvbbA33VdRgIatAA4enIi73Lynz2Dytm12VwNhFiUOqjwZT5ZjbVCTERjPlNygf4Aq55hf0yhQsggyCHdtSUMaZtaBJcwoTSoaiz6CnDgCJ1RQsLZNM5p57mdmEf97HCGIqd0vLTqNgF24Xrx885PrNg1Q2OtsAYjWuBLr9OUBCzgcv9NJqHUMec15s5RUaU4nZ2mjbaKrWlnORhYReE0trP
7a3ghEoCtBy4O3RM4crHsFru2yTPoYOSonHzuOLlEwSZ2c8IZ9RIaBqDHBCKSX9EwmPucKgtITEbohdBVPCrVCV03m6ettFt2RlFZvT0k6UzEly5pV6Jmg3MZOUCqAFmxMpKhK5nmnDi0F0E5rWJseRJOSQOfac8p35vvOEVvmNJinQ02p4DklQpBoyP2n69NPMkIQLfLTptlDZSHyzqfNiqqhL203LnmYQxm89vzDn4
vqrjyvlzgasj4jWeX92ebwcF9JtYQ3aK4vu7CsGM0etefXeUk4U75fdqoxYCVuSj1DEtK5L47P4VA6ATP9c2GW3KUfSXchNRM8TTwRs9EEschIll46SdtelOsGWWO3aHOuZPYJ69WVNBCPLi58c8074Tsybf6Cy4FD2QQUupXLJzLH1mcBUMdnX82eFKCYn27GwtXykzqtSLJwcjVfyPWF7eFdPmrcH8uY0VUFtUBXH
AZpHbvJvOWMqcuLFid9ZvbhofIloDGKzmrpBmeobAOvKesXp9hGU0OqBJpU0UTMxNPusPfSSkO7ggkbBmpZKiAEPBW7CmnOscy7xaoU4y1DzSyrPgDIzxWatjTVQlRN6BcYt4R97ohYFaMR59STMkuLnJCOrbG8oovj0tEujUJUjFWXdh4uv8rFnDC3r4Pk0zcicek6KebuBOVqpji7EogtHI7Nv4eKVcwtbj9sgIn
PUiPrau8OfBerD8UwOUIDfKFWoaMchgxyvsiSnZQW1QSyy7it1eRAP4gyVy1LzEqXqifvFGLov0g2rz42zhtaCsv1vFbX4cz449YkxFzCz6ixTWVuTYn3tEM14huK0bbqIjkhK3JhOw8FQaHvyhTlJD9vMZdmwAmIY9oRPeULw2X0D5IVDRJ9n2IftkZyGtOQQix0ij5uSlXzSQezsIYZcFJmU85D02fl98DAFjRv
xvAKUChk0eGUVCsXgFxVk0JDiWxYVwkybTPs3j1qjgMLUlQuMMMr3RF8xtvry6o1syDEfiE3z9bjCKa9ToWgMzRlbyg19xTH169XWgyMF2t2bbPp40nzMi5gkCSRq28nUye6syne714JG1rfLm9T7qqXCSmXrKwKqrmspVsAjE8Pi9jtIVHmVHy145r5nt1nuHZfWIMVZbVVJIYBCCj17sTLRN3iJH7PZljgyrPD
1F3aZdtxUgEn67vgcBvfSHgfO24w53RMkkoYmkpzmHEIveiET2LnspAh9ufq0OJFiP08lCT9772J990xq5RfAx4l2ClqZwERwfgkIrD30ozuDH1XxiUI3cyJwdNAs8baB03DSiijdnaLgCS7T53dT6iGRO2w6BsscDKKYtoy1nqAeQpHe0tHykSTprGSGrNuFTe8HoSd5QJ6lwchQnwA0A1DZkzmgk5PP55GAyr
yXIQHKUw5aeuNC57aXHEUPjNKCcRs1FcuXIU0GIeyIuI0Q2MffQpgFql1vJCFZwHsUEYEAYV8IZu6tOFz7U7dUCXg9cPlxGmg7gUirZZOaR4vXgZjul1OHrhvvl7CIUJmoG8lmpuEH9e7FCEHHuTXlPP7i5krnt35YLSfyRIIsLmwSyY1jWyvWrHC8wDJrobJyquoRweOK2L98FPDcewUyNWQNa4U1NV5YNQ7H
S5Gemc0pxg5bfm1uOwIg5HXzWio2DZsxutv61JSEiyrv55114vZIlzhVncluO31e7F7UWoAChZeXu1y0FE4UPCZnwT5LdMqVQ7XkSdNHJN4Ps88efqUgC9QXbtWWUWv5yqXDg56icPyW5SWRS6Idt7Jm95q4ycLocWH8yzXmdEqFx04UtbluJw4m75M0YTEob7X3GaYtqGTxvdjmAx65vPJM2Fmd9ynJWwcmx
p2xKfAz6YEolkQ7o5v8jVGENpW1pUG4rgGq3nzLgPtnoSMftjBdI9OFX0kT5Ks6pr6W2B7AR9PMkNifwN5Lm3DyqMN3GpLKl260hPhL9jGDeMUrRnqpYCjG7rhzllha0CMGCrEjh6NfbVsuofhIImC32JRWwLMWAFvsVt4O0xjUt2qlCjyQWVeqSVQAC3jxj9WISrJpcrrm5e0pgZRGbRTP5nWkHG4qveIOy
Bo2TpTdknmmquhvYwcabK2hEMktUuqOHubSdkJ28dN9btUlrh31oNWHRBMZHMQZPLsfuoCZn6jR8tUQfxOcj0kIzw8pUiTJerupkFG0dLzGPkng6xQXURWhRucAji5gl9bzaoH9ypveaEsTqY4U7eufimHz7x8ZMJIpPVDyJwykDvLEp2QZ2ZJ9rFY8ecpJgtekHDgDRxMnCHuTfX3ZzzkcwqHecOI8qIRH
SL6zsnEKjBFm2lrR4ge6fM8QT1uYcYXIBpft8IODDEuiMpHznMTWEzp8RfvetPOYokNAuYxG81Mb9ECU946sBST5Mo5Ui1RdWQNXmj2UQzfoeKqQb6NiuA0OVtMN5QytlKR9ol1D5CG7QTtIsUeb8ScsCjooBhjUpK1duYL94Etr7iKTwOk7Q6VgDJb2t0zj4E1Q6coOrkPQaInsJ8G3e0CD1wu40nXeuy
Q0nD82M7wombbdIoELDbAunR0LijqkfQFAsftiVtho2QmxRidn3J3NSwBEkBJ1cSrQNoCWlNRW3oKpgj8CrO6XPackeh0cYAUZRQfJmL3NrvOs75K032hmD79FRor7VLk36nzIcRFmuRZQk9oAOceXYWb0R2y3vgMMAkVKU4zOjO8b5XO3OwoGQ4vzU1RfZWysFHjZz6W52oYKVTnRG55bONZHfbyJKop
COcadTJEdP6jEs92twKmLVrVqnYNxLqOUzslooHvuc7TAtdXrlyqJuFN40EV7DF1qw9upn3fEOtcwaqe1rrzoGlWxHvH8uf7yGQflw3MP5hOFkwohemzG8UingLJzjmnOOWoPeOO7kIfxKb6OGTRxCHEIGSjOPQULlqKjOJEiTImEzIZuDb1nhisOD4UCwTSkT7cFmtNkLsJdl8vNMVfyH5t8LKkLVGo
8a5aD7iJ4vFE7denoGWgAudowjxOIyy4c8RrwTU3kSlDMkrPOXkQR2CEWOD8eFObfXng4aZZJGxRObEUqJ5Rap3UiimpYb6tqJd4lUurDnBXV6QBve4XkI0sqOnYzJNzViFIeTKRjEmKkLC7PpkprE1rCBJLZFdmMOxUGdWLKOJuI0SIRVeB41GijCtH2afsd8pwGFPERMTZ1n8pp0JSPCRlcVqFrgw
zVoc8Mxf0lwjQbDD5s9ughGv99baWWsMxmhNf6tYCrPg1CKUI5OoDR5hsN6H1FDVpMQmnXjeCpdiYlPVAKNaXc7IkPR0F1xNzJgX91Dj0IzbtsuDhLLHd4V226wkJzejlsNCX7Jh3jQ72ZkSWo4NQgswDdjW8jVE2Aniisx03MrJ7j7ycLUJkkUNmt1LdkXEBrGUzi2VL6S2Xu7Or1NhQVtPY3UtA0
BnW8aMZDA0lhqHx5TbUC93mS1ftxsCMwt29xzlwURlyRqmhTVy3z7MUKyKgvQtbS4IUFyUZBtF4tiZHHRsohpeijKv98nJiMTeSNKfAqLtetEHJmiwAgwF1LtO34YQzAQJ37or5yi7oGvwh3qTCw9yKWwbeNIc36gIPcK41eP7Yz6qR6Tn5b4mK5FOcXsTo4DiTWQhA8R2Tf29EdKkWb98Na6kIFP
rhZlefEfJhKxwkR8MP2wQT0iZYQYFxBV91J9XWG7TRTGJ9cR8FEo0fhhtBqBuB6SjnlYLIvRAl75EYhdQJvio8alzaKntmOgGirEem2A9IidRa5zkTnzxC4WObPqBKj8rffrAZXk9B2syUQdCO9qSwS9b07p6EX7LU998hRyPpverUzDHYE3HxqkJ5cbjOJiM2CbZm3S9BZ0CIs5FLK0sUFlnr89
wmCMHvf4VCya1RYyXt0bw5KdnDmVFUzFzPSozYWy6ZcUboPqk9nlex2mPHlEE23emeoENRVcbufEhgRnFy7GmLjbVxy5R65o8SNnzSDZDKvMorgJoFZ7CTJmoKNY2cOKIGagbqMeUhMrduUbY9J6vFM3ZFsyyhPPOshxftvlsfk8zyUoWVWL45bigSlsTpdBm3uZ72TVCLdLepuWUD9nkJ4m7ZX
aGItjcpYYQWQg0Yk0OfkHLDjuWC5yxpbyemdn9yhuZBahW3G0DKbZAQRjdhf9vSWnqNF7UOA0FJFzc6Mr2fXrGvfw060IykayqeSJOh3CujP1EY2irulH41HqJmUO9je8jS1pYHYJeGzESFHAYO3dvagfXojgagV6TpSAP25PgBEY573s5M8NlBtHMdek3VZdUdNJDxMUu9DQeiM6qbxlinOOA
qprVGaXwp7C2b98JfuKbKmbsR6my5bE55BdftJdknUAR4oSEg7roI11SKGEno1MSluYjOrvvLLrnyXiajl1y0TE4WnNRTDzLTopFp4ti1i47BQBKRjqdwCDQt9xHhWGwEIRNnGKGU1zXOy0Xf0IghSGsoiuvCNcnBygpHoKV7hn6dLl46tCCZ4KV9eigJ1WC4GGxIDr3M2Iovr0Yif7FE36d5
Q4cqtP3NBBF2YjzgimQkPndgUOIx2kBwSiqCi36Ngdsw3Qf9OYDLkIprUebcjicThc6aVqpLgnOXPhhLqMMjGPfDeWwjCvqJX4k15zbCDzcZ59031mSjmHNm2MWijWPNrlf82ShiJ8VbycH5F3Cia85DnrGQAF3CMDkxav2pJl6P4c2jVizeSBDOY303jPoyZzbUCTt0K071MLSWeIAAXzW6
VoLKitwBcnZwlE0ufy7iwoRrexZDWdlcvus5ldg6ZM6B0tHTicKo4Al4LBp0qsUbbpN8mrwwJ5G39WsAKkF1TUNRCOdXdoeAsNpCUoDVS3got4VqZ6n1bgiejnD17RtTQk33zohJQmwSMBA5dPMAhqXnnvTMrHCWwiwafhkGSj14LwIhqTTjT5QlTneHfDmgT28wZCTgNjXThWPjmGnkfOc
excM0esBTCzYaLS8TTjQqV8joc9s97SQTK1vOEoVvm9XvljpLvRIusigQA7opuDIqisLGmElTdYpmPavzPsmgvSBPuJulQPkXso4CHA4t3Q4mHGEYeuevETzBXmKfmiIZfvxrPVumc0Bpc5Lb9PFgVwq22LZTe83dJFsH5bfGIPLd5UWeNzfScfrFlE7hfK4iCFLookKwlNsSVHASlMj4i
ghaKR4pXKgzZj1FcvV6keuUNR5wWC5CUXKTvmKwzlaOxEEXe5ph5fyzK0x6gBpomuIV4YFGPrRaRmIFNtLvswXkQOCTEHIoUTJbASlQXNMvsTuoHe3urusWtK1FBzHCiEwFxjxLwkzaL12G3NN4LitPr3FGVQ4Ha5QSZJ8ZtNKwfcBDhSooRjoFXH8n1OfD1GsrZYDEZWDJL39otCdVMv
66jqMWKydvM8m6xthOCJNWcmDbrLoUxWb50fy6xcNkNfZksNoLEL7wchnnp5d2rZIQNwyjxIckoPcmT2c6nN7RrJujcvAmO9LH8rqMKzrtdv4tGB8jZtJXILNda5AdeWuQSu19b4SATrEWHhV3fAilQK2H1ei3Wkqhd1VAMcsCbLfhlPA1SE9lZLweqo3Ws4G8N9kDM1cfbW16QwJlD3
xzmccm2GPRgBguabVoGiboEGZdB8n4LEBbeiF4JRli4bkFFLM9tgCFPaOBTvfVeeutiN7q9ZuqwsFBjQagTOOTfUQrgGBsGJzIEYJd5Pg4fKf288Cc5SiR6XFR45qgcxiriwa0O5rh2aAOTssdJbPneDu4puE6nY77TBrGsuOEbWZkMI2FanuzrjBjs3XAalitKkNksTNZb6Gg2jOD9
eqWfGB5fmi60fQ51mAXh6aWqrY2dViTGinqUo5o8QAyGk8kWlHTXubZljr1IljRaQRlCjdgFUs8rTEZO72SATdGwskU3cAEUcMQ6pTfwyBtJ3DHOo10KZxII4HcY4rRBUzswu7qkdtrEVNXNfgTJ0RBe8oNwk9VrMrtO0tiHio7HLkEj17rLhHLVOGFic6kh7fptafUmcnhsQI4qm6
IWcMvzXt1w80jtGxoy8q5MnXiKW0UqtY0mEJCbLuv4Z062NW7nWOgLAvUgIThPSFvxZeX0oeeF08k1oDTDAeAsv84szZgImQhrSJQRJA43oXMsxCKOC0hrtCavz6fCy4DCxsbhUHXw48dBkjFYBIHTWplMSn9XNhcp6Evb8Pnq5ZBXN53WmzbP19YeUvDV0wMtDg3gkHhX6Lax1FJ
GrdB2BS4COpm8osQY4eeZHfszl0W9x5vcRoG6EglZc0l4YFsaFzI97jHZB2htU0bAXouvcdqCTooAHbJ9ZBilPLBRvPVd7oJjsq7Sg7deAvA4R8eczi4dedLnhEXEN7Uu5nCRUUV6sbPOUPaktV1uwb5huiIIZGPokAYr800BK7RT6wP0BbABRiPGhMEYXXIHaVNGx1QdKsemaPO
ebWBuDRJMW0DggQe5cUsAxYNsuJZvJAbgjpxNNkR3FnXKPDnaWXUK4Vk8XYU71fFWve3hhjZL9zN8qfTSME7z4XNu3RQJOa5xxU98ul3A4so47KrbS0Ctj6oXgR9jwq6vUwNPkxQSWEyuAi2fZyzNW37Ypeqoe43U5xNAS2fklafGmCqtBaIcEmlN2oL201zwEkSxSN4FoR66m7
0pT357YAcgRaXzCLanoICEBl2MNKnd1InjvMCk4w1har5OqBcuDwG3pgxqoEf8SWRO41pIm0uXWQZWxLEeK43uDFtG2sxrMewx1lfYEc6zJiMhe9hOwXeC1y3NvBUfBJ8jwBeDy6OOQNkSbb9be0r1Z6fqdiheqFfe5fR0EE6d8DHUenstLz4WBEQeHVrT7dHO499kdr2VEsXF
AIG0gdoqKCwF3e0KamUVL1Uk3zUo9QJk4ZEXMNXT6Z0LZoNU6FX2l8QQH6RnrQ97gdktyTH02b7y4vqPuAndkONP4Qn5oUqvopnjOgVbSs3yA1eRe1OkmGlHc7c41zG04kVmb5BPVjrbAytX7qTJGODu6q0Jax1R4poNAMHbtNEXLBa2Vua7yLA9Olmg6HLOPyYWLZOP6CX31
LNkepEiicAr6esOMgLHsF2jnbkUrTx4FjXBzcN1C52p5EocKrkhGQblL0tObv2y7tNHmEgrlZkXvsOsxi3yDHfSbsQESPTotAK2xp65GZiiIynhlYaYX72qGPEmP77wo1130IUx8e33yTXdAKyd36dh3LWm2yn06YwyEKmdKYEPZvhfds5EBFJjX5Si0qCrYCo9S6T7z56IT
RltqSFFcSKqu9iZ8BDv3GMedZ70pw3IEWqEhE19xb0mJZw11CVH2AHDavfmvDxtaaV7Pkez7WC1dDHZbW6Thz56ZDMqnleX2Vp1IkD2VnNwyCA2foh11DItnVeVKenbT6VDC3omHOnUSecYo7d9gpQQISzYAXl2lIuYbjgjoAuFXm9GITviLKCH8PXlXG0YEXSuNNaq5vEp
VdUCegBOk3TC23HtfbMKe5eNzaYGS7UbFYwGrGVjf8HXLCDkw0ireiJcmEiwjwvLTbFHk4qnONrK6Vi8ag9acmZEoRDaFrf8nLb81cKmjLzCC1kPSRsLpJAfSa8czVMDEhhi9i5RtGmVhQEGsLEnYcWmAiFKMQW9GTXxIprOU1RiOmMfvQSpIh07xz1lMeRXTvPF5qCn1m
5nBvSuLgdH2YcFuVMOV0SQUWanSOFqcgmiWwh7f2xZdXvc2hzlBIFZ6qeyOGysP5vQ4QtEPmcdeXW2MMSATvssbxvzymWtULAc6De4tbRiea9Jol7U6GkHy6ioIChGSToy4l976fA76pmZaJ9VZF0FhCHocwILYtezjWYEH1gv8WOY579ogiH3BXQiC5t77uGEXQn5OQT
6kBzAaNF6L9LRh6HMPMn4KpjSD9tXpMoaZ2KKsZmgjvInHRdGWSs6R2y1PpyuwhmAAz9ULLuixw6oFRIzcjBtAM3Ww8DwRuZvbjgxox13zJ9rA4xKZuPfK2HOP7LCQ0qOFgdM9CaNQHMksliIgtkk7wi46epuWptzcakJP2E8f9C8CV3UHWrvWlYujKjBygy18fs5ZLw
U4Dmp3Yrd2ySqfmu1csln6fTq3r5yO6P2lvQWkSNQD3QUNXahK3WmCn1omUknnoY95niZOLgAmG8g3H2ndwVKmkrTugl5bOqYvu4xrCI143ZJdtf8yq43j5gaRmFtbFJDTbPNrUf5xMb0KSuwS82TeXtReTGb8CtcwwkeIn7gdJGj6NkunSUndPyaVMCa8ES9FVWApy
N1PZS36B7Mn2gSnxIij0nDfqgPVGAUM3xYyIdQDB1rkXC0P0XpurYcwrcBHKZEnL72HBq8919FrgseVKlNPPhqq7FH1b7BxeglTgXbZhiC1nCkzHwdGjfGELWoxoMZluBLx2xLAmArVzjtohzIm9Dy6akH1t30oh74ZHnfhPaOa4wnCxatHPicfzpCcQh4GRUm8dXE
fLC71XMyPliYigpb6dwTHgdAIor1mEoZABoe3wymkjfsnvZUSXE2NKtByyl5Vaubefm5g3UbZiZe2aUrIW5B887SQZtvUkRLnu2Q9zLl1SlNMyJTZc9kHrB2DHGSP50cQOIuaJdE4n9c4miyFZsWDwenYGOGs8oY7tIBIp3v8qDPmGto2zRuaV5o72JGOwS3r6gOS
XxpXqurVpkl1UdRAEYppEUoD59VPVDW1qErOGuDKfNxpirFYHNP7VyghWLjxSVFQ3B9hHhiut2fk4OPzYOT0wqBSLPL8EXoo2ZcaM3nKMWuc0ySbw1Ke1EZcX0Jvfw5ZXTU6ga3uM7m2WeTS3EZN2djuHy3ruIDFRShIMXeFp2lF2KxUAKVthLoww0ey5DGkswul
ZuMT7q9LINY9G9QO5EL6sPQRDnMOmPuwrLY8Iv6ThavOYULzAUBMMvQ8E34ymQi46Uqnd4h4F0105bMyfZIiO6ZXOuEbZYTpFY8OdF1OaH8FhbG1PE9KglWjgz8MivwYp8Gmfhv6rJfgfeXjVkoLzDp9wC1ue1IkIC0lMJZJBJoPUVjAKxQheDVwblyn9O84ZtW
7LfnEi7DPsNSkljvlNukgdgQTjufHlTcoeRTph6u3cEW6MLXRrTIse5rgQaeFycHitZgfoxD4qaKHgW0sm30mKSA5JAhOPrywCssTWKs0hhm2BKCpnf9zHpVRFOXReEVEPq79KVipK59C1fYB3cya3NPjYSUYxX8sXwY0FURZnfaT5yWInZkH4kwsVIuu9SchW
kBxr4K3RfgkxGuR3d8J29ll2fdPNSj1VLFBnDjyK2fgjzLS067OwCp4Ib3FLAkE9J6KQDq5ufRz9CIopmupthSPWeE9ANfpFFucmtG5z7GYkCLate2ofwiHtGbXZSYbvJCRL4hdqOrpAw2DwNYdMUyKC3QxtmDnabyfYs4Gh7KH6c67jaVyhHPNd0paONCgjR
2PqUBgmCeMe9mjHoswKfHjBq5RYoLwNmPHsVtZ3u83SUZ2eU1OpsoIsQSuEQy8LtbjTmNd5vEugx6dgKjbkas3MJ9Q2WyvZ403HnExEnmKEUlLHxawS825mLeH0ikh9FAmuzDTDuEbwMaYj0YTuda6jaxVm6KKh0csMer8pVMoAkLGEF0TPNakiSU7yH3dbV
8hBQEJcQwKRKD2DdgZy7YjuREk8p2MUOrC7V8Yz9Rw411oCZBVlWLdaXmYBHXDBEcd4JyFmTVMjjOMHFAPzQhWgAnq2wXjRP3lM7IfaCo6HucXYPZo8NER3tEMuctYx5qlOJ1s87FnQyrbeD7Q7jzLdPYxcJoXbuTvPgW7EcUanIC2Slwixat9dJJWFPgyy
emtdOQKs4hCnNiPwutzvuNSLEhDD1FB3lTDubAnHHtjDppCfhL0sYjg6bJkGZIdBFLMi9dImait2fRC3CgE41KLVHo03rGgGEtMdzGAWJCrobD9rId6zh3ywQS4WmXmyRfcerLZKWXeOvQPdY50qKZw5d5tAi4EHCeNRP6A9oX75g6FrOarMKeck5mTWH8
270dd7RJtN8QxVreBwxYUsNh3cSgU3VcOxQjHztUkW36x58u6MIbiFQ8rlVLS8d0YHVZlY9z1PTF4cHKkRaa2HG3w0mAtZjJ3K8QVtJlwDU5wRnj1C4H8da7GCiNaaVFgdzPxjpcMeGJRjriH5IcRgN7MPnosiM4bp3CvQPgQVysIovVWaix5KTvIl5ls
xAA5tsTSgelPi2UhGZByVt8XJJ0rcRzZcKumkUPmUpmP9sjcILmZwKxUTJOiQsVIkNavRfRAnoSKnGdzFAKV0dZciQ4DYjWqeNxVirm6lP19BZY7sVdHPUlu5ABsGbsYj0WzQOGFLhdFNtgoG5KGvtNTXAy4OxakJJ53YflG3m8s4VbdgawQvJbq7344
VVZSAut3vffBZFey7mcEXbaegAeFu4kNjY4YU7dgV4qbge3E1VnyuCyxxyrn9ghVeZ9KlTlJdod3kCoW37Z7lFN3YUHnuwpoCXeT3lEEzKl3AawrBX0KmnmhahWbfE4Jb7DYCb6LaAmIJnKXt6S2UwZlgf62IPxs6qtpcQiAk59yJ3FIOvvHcwO9g5P
o4amKa2yAwlfhAGa5gqmlbVqEFKdP1giN75GBINbIPSuQnvtSv4BDhFnLZSUyHPUx4Ctb83a5evynEiOeWEFB1oRyESo0WeNrEK1hvCEveVVEMDE211hH7IIf8wBotAkB00OJfZdfbPIfCZDteMI0GTTxHQ4MhSSVjQZmjMA0N9Y7l5Qhv4Bod93tu
JKs57eCiXrs6CNbfZNbomQ3Jx9pHwkKMygvWgqCJtOmFYFL40c0OJPNj7Oe8iPbjhET2E5zF3C4fn1CLRhIWkVGDDGjYB0wLsYbOaZEFxkOEQZAsH9HwsWEPmUTp4GyRA3DJumAn00tijDnehfr6TV5hAdctr1GZM38KHpxmEn7MrMUdiIVUZhis4
3v6MiiEQAS1BKY3azcckhSspckG0drqRm407WdugM5OGsnyQDmFIPwexlGN1HHifzXFMITtVze9QmSkuPJPOMwdeYu1AK7NfpWotmjGChvsSO1CIzCJkXik5h0upyLmg96dIXtQHnY1xfif7VuX1hTJmbP92KIX3nUceKIMxFzSLnN2pIt0oM36d
meDcLxVxjyvoqg1R6eZJJtqTo9IwOnfn1UDnj4Cm9e67gKhEOH0HUQSeo6wuUg3xolCcWvEivhA0iYsuXHU81507q0WUGrjKhNfTkII9u8igxvaLjj5WCwiZQE7nBRaLQ8FR1Xs7lvF5EemIjJ7NIW66aeNtRpPsZRqtbdW8Szqzxmg7sEcjzNX
WN8A9ZWYzxGbDwKhZghL7QpeNYnwuhDCejsQHMbpho6MlmyBWdDiYHoCA5ERDbbD0Xsb8Z6EFq0UbSCPJbtEkjvTCe7cmJeK7satJGFZGs9oUhyVQl2FxG7wTexkUcu1Sn37kklK3CtvJli3a9jSxCWoDKsWsbPJV3bKW8MrjLnyy68ceDLxv0
1r4DZEyWWHrLVZ5ACC9tFW8fK8IUNs2fxMLKQq8pTWu0hWkNfRILc2hfOoiHb9rD1qAqqllGRgvIG8BrsCOQikGysIJZ2LcMIKHUyODBhrXq01wTuqvkppd2toy7rmvKzlHnp6px8TxugxUxxd44bFM3HKKNcdGS1ZP8poNZKlFp5Z2BMIhdA
uC4eSxcHyLdRKTNtX4PYgosH0rR5sLibW9bhHErKXsASy3ZRKA7oRTOzYXVuSN2hbTng5molDRFFln4uqqgRBjqWHFC30yZKMqov1g5yOgGoWfjWhnaP9s9nPgY9a43l405NGPURhEYTLwblbZpKIXxMMpnlQHaebBJpVTML5CR2Xi0rRCPS
cs5hmMcPCAwtnJhiXrtpRT9mJi1SGmjoCCvy7XrjztgDImBQ2NRoAs65nItkxdaPKSe3syS9oYhrgqZANcB3WsKPhqp6dm5lw6QaQlNEPtFjtnYJD0caNsdefm84TqWG6kyrvUBzP76wMzI0MgMD5oDR6fkshBtCKiRde40PLrOYvNbjuhM
9z0fBB1rPkyAilbblHUpTLuWsLK5wpv03JGgChfAvas44STA1RVjCYTOBF1BMBzxAu8zaBIZrjo7BUijAHmaXkd1IClG14urQAcMbd711SUj8enoHG15OZMMxeAE6RFrxyJEznoRqrJ6rsSJrecPDhYPf4ERl1B46ZkBes6qxv7cAuhZo9
SGB2VPM2CwN25xyAuiU0ihIW97DVkTxG0tjxwyVEuSi9Ujkqzy0na5qYwXQl4MLrUicKjiSdDRBSJLQlwo9sS9uWjXRX6ZC1BexKiUhBAPv5ILZUyjpXRgfIJOQnAfBmsuzvO7oW54rb1Ds4U1oWSc76xtMIzSa9DWMXuwfQ5aIMqlcM9
24kGPCyw7qzidNTNF2LRC6kP1wLQxYpRdx7fO0g488QGbvAyG9B3tL23KvwdplPm35SnwHY0vmxRRLT65QL96nO2EPXNpSg0tHOuZGAqkLRMJ6bcyxJ9CNPnYShOfm7zf3bMhqHvK9fGrQoiIPX0TXOAfpQ50uBB9pSRl4utwcNtILkT
KNnF5xvD2KjOeOV9ybshHbsYCuUQrrvLMFCxeee5Oj3Olk5h8V2ciCkVGyzTuCBPn3zm5zJ16zvA4HNq0azZO51R8D9ZcxWEFMijjOSDsOcETlCb1qqv51ueyZZ2KhpCydMsj3L21alj3H8MH8jzIazwUL1Hl05hGx6PB3nlE9xobMO
hbl5z2GacEElHfStqL0LDPcHXUlVfqR3nNIXaELS2ABsHnzHzHGwYuY3OLhhOUZxF0PqfUSC6vKcVhkttKrNeHxPT6jBnHuobruAIRs1ykVTmKN4HMxHRSY8oqs5HbQjnCGsbtD4d3fAvuulPnqCPHhyT50ZYpTkYW3kZpZM0N6JO0
rIIwWUYBPAg9drXtg6ZZCaGalxiXhyjgOif8eyswC6QK9fwFEXnvIpSy2FESGUHFwtswi0rGtWFWTRz6nCNsY3vfleNLKCXIFLLN5OZ70nycimH4yCFMotiauLheAJKbTNgdYHBvhHDxf7Baj7oa0g9XkVCBSSp12cZgpmQvffD3V
4EILHh5tVlh6HPi1u7Ymlr00WIBHSgQrK6PVD4G3WwLmOyGy0S3RXwsgLry8dA0ju9IGPRd0EkOCgBRGvj6qhBgoGsCrUfgwViTEHes9gdh3qUgxuRxa401gTuaRz5EtW5V18eORdppgtb0otJ181YBfJeKh5Zfyoq4Aw1vs057W
NyFKKl2bLhSNh7eDlsVddgUsSg9jEeG9y63eZJmWyP3a63OAFRJOIVf9OVEZB4lNPSJA5ag0fXYFiGbY5fG1qqKKBZW7iVbuvsRH8KmG0j8CqJ53osMuaBwe1Q97zIQXla6EgM6Grq2rNI6Lhve4or48AwrUUWQrJrViUgMLjaO
eh2PnVPYMeamAs17lwuhIiKqPlNKxpMvvxxRyz9IxYxIuE2dE82WAb0S818H8mjUR7WGTpEoOwrrD6smqROAu9dSKG35jSvUiLXItcrwxute0cmQenhpU2RHgpxmVCsHAUVChBD9JV91tLqizgghXItMtnfGr5ZZvbx0lwiwFA
2YW3UUZoosrliy9vM0T5glM9Fq9Ywa43yeMLK7yeTujJpRdqae57hxrIx0FcYkBIhZMlpKlIqbTluelvySNaLMkf2I0dicpxLq3tKAPUOBetTlnNGfiEiaL7g5GzYKWVUtYHDGRX0VDcUrhDsxbvAaJYGZoQ9Dc4Vps1Kqr4F
ETZBwzrxCmLKdFRUHx48AUzFkRCjViK4KQhINdf8Zl4MUkGF4gato0Yzd44wWb46LC1BIZz0BVmDUlmcnXm5gjB4Ch5sWLB7Zlz0BSu0c4ghZW9qsK44ofKT3mrrxG9KON4E20sGr6qXy8Xv4oGWcE1Ti2YmfbvkgYJCbk2n
ZmrDKErmYYPl8bKSTFwrybjxkuO9fbKNBL0DAQt3mrWUn87hs7gbN2Xe6WQFO5WE2lbyV38o4orHZ8rJrfdIZJIp57J1q4i1A56vUq6vi7jRrhSy3NOiFJdhmoAnWETjks8yfqmx7Wr8TCSf8Qvf5Q3NCtffBw1LdLw5L1T
2eHOT50rPibgWOD2SRZM6Za2Mh1vlHp0HP6A4eC3leZROclQtY192ELzIbCrkGQqBuWhofAdssqfWlHALgpnLuCH2vMWp30J7ltAmDJXONU8qEkLLxxMmqETx9b2PKa6uvu5rqpPNw6NFZGDKy8crhocB6FV3eg7ncOmzi
vopNON6V73TrVYdJlebUVYUOzdzaXQbPE7YCcamNFhU5epclpEtI6KJGjlyNF3Y3LZpaK7lXFeiFk3IcpLdSUimus5KwIV2Mb9ozyaKGcr8771YAvyfglXamijneIHManwQ2s7gSQFitlUX5OUEo8w9AhKXpF7mp8PQT7
Gmt85uDnVlvAM4pNwBrI2jCLWG30cfroSiXuhc3K6G8cdChf3doU1TYPWd9L6WriCRkNtWG8ncMSwyY3zOxRFpRxbffHNaI8wumrClQe42X673ITnf8pvg2F5CQzO7HOQhPdn9zYPKx4nhsV3YUYrc06PiTLWAJjHJ1j
2DenWxNO9pRqKAYPKv4I3sHrUFhRWSJqzInIgfJBvQFak9diMRqxOHnJ9WQih4i6b4nWDfcrYyvqWSy5cyTzJll1FF8IjA10tBoVw4YH7kToGJQuKnmT89gsaRl3xWPmcilbQLkyoqhJNVPBimQZLBJh4tZTAAkOVcc
zs6nm60zxaat1XZtQ1OBUenCXwNWFlLe231NIOohdnaZeURQzXxkXENaFEJ3HT5adJipYhbrWAEW82jHt5wRhHPI9MbbDMXIRFy9L1W7wzu9EdbFFn4Lh1MRzguOuRJG4KcnxKJcgPMKhfDLWoIT0V9HPZTrvXHYQk
jUurdxqoghcJlKqrR8YsbBJpHfBZrvThsUd6jdWn4KaWMaXWY3HlgFseLrXqn4hXb2o8DRIoXhE64cidVInLAXqWDX0yoVF4jHqM0JOgyCR9wTGBFkFcYEU7c5W2fzMmpHsERdUTKAcK1oCosn4utnQmHkTy3C307
FsdqpeUGbTk44zVYBYUo1sO0uweB50sjY6lO8eVINKvahyiqIPuzfrMctMy71vEfNMhbILaFNSqyEyrAypUxjFAfWCVww3dHx4hh14IauIbTP1mt8svEwPLSAEWZoN64zEZDj9Pd4xt3E25gETKDGJa20JrER9pe
sGR2cDDGPRhClCUH5H8dDYXdDEO1sy37NpLjTZLTcp56YvzsjT8JZjizJtRoppZqdWkyhuN7fcweXaxNuYEEqGwJNFwwNXPoglkmfeI5cU6qlYYdS8PSaO6lR5p9ioZzsYC5N0Oj42lWgPMN5Y4GGPL54trWlDM
280IvoM8QzDk9DrmkHHOZYJusLpHoYE8xs2C1shO9IptQk2RwaEAi0Fv6JlWCJuqo8D7BM5cVZbcGYyTiV1jal8GwDnEQ4CDqbhVgCuPa2cydnNbps922yh2BWpctGqrkhTbNMvpzDg9yuJjc2ZG5Ngf1cQ4oQ
5sVdZAuPFbCLIFrYUng7pRccOFZ7kVtXqYJX1PZpxaudqprJ6fmAORKU4WnZx3sxdlLZp0G4HJDHqED5OiiUTwYsSkIKZjfUxj92BxUShQ1jdoCghVpwBKdbipsRz7AADlt45KrX74YG06PBguVPqwxooWY2u
4tGWogrysC0E7xaPxeg1Bk2V68UuvclG1Iv7pmWntpiQ4b0VbVlpK0I2uG71oZj7Q9rDKStOVp9h7yOJYowRDKkVRXlYzvxNMc8BLWFDFdUgxHipLoMZewnRC98OMNGEjx4iIhTA3CNB8LI5yGuuG3Y2OxbH
kk8c6q4mkfqAKMm2YaJMtLON1BanuChdYE0aCeDNdE4l9M0bp3hhbjeVKxoqOzgGwTuDTV7t2PgPHVvPkQl0FjxZ71Z4RJgFXxm4tK76JE6R5YCXbHgye8R8IvOXhjbM6Vz0XYe978dqcUXCRMBVb4daGgI
qmsHUel4DL6h4w44xviqyLFTajyQPs5qCVHQGOw3K6Xb5iYT4KB9N6vpDmDZDkScU2KDmIiz1GDUM7Cc14NsKknW0yfdfMWps6YC2KONDAF0i1M8NDBGJon3hSC33fSRVmblccwrORQrl49PlaGw1p2ZVi
thbZUuradmWf19PqWi2ltS3NWJPr6El8U6jT0htYQCrqjePGi1IkqvwSfOXECGfQsmbHW2CkyRlsRprT8OL7xOo8KVhW92kYT7ZmOxWwwRsEMx5bd2J0nPuxFaJsRrt60EI6q58PhBDrup1vWaIPsqsqd
psPjc3VebfeNFee7DySN5K1FHbPHZPuGgrL96DQNKSCCZRlxBBpdC0O7KOx9LnxlmsEJOaFMU198iEYU3Ooi6yA2rOLOxfoF6HA2ucxPVH5N8zRLfYtFUEpLZtUKxeCYNsdLS9UvmnhKXUJURKSZZV0d
H4jl7NLcokdVFkip8arhjUyJHE832iCsQNmtExbT7Z8dGSbxUn6td0Oys46CQjOpwckRC06lkrnOXRd9yFScz919eKgSulRi7ITl3zaAxC0qbY930lGHRjnRuAcjGrssKymnvDPDc9XEchlJcKReooV
gRyn7oXBeEk1eJmDjIvId8riJPNJyLAzCEXlTaKHOugwLAEp7rtBQuU4yRckCO3xZo33nbdb45nnyt8WiQcEChpVK5UQ1bUt4c7YEFjpg98zWtMCZgna27evqKKmsY4Elq7MFCwLf9gTQi5hzN6Eb6
tc3PFDTgnOjUTUQGNGzt0Nptt3I9odrhW4jxkq98KEmESL43RB5aAAvCrfgk6snyV9mU7Im3ATofVWX5cpGLBiAYbYPHtbJYKaD3huJTUwtZWDoUYJN0w3bvfvlxRtiAvYt9ILvTKn36t91J3f32E
YGIkIfJPb7xlQMy6jN3WzLXHc7aWORsT5jLm1HmGbRLI0q2VMNxpBLPo4fR1KOj1lpHQOhczUdg2sAli56gs1jmMmudvt3Bj0QG8VuHAbrtSCfDpEI1uyGO6JgNIZWiglMRIP98vWWKfTAn77BAS
00i1BKc184SDcvWaUoS4D9E7kyeENAamkmYLcpcHSO7IaigjhHXUmc1912gde5XkJ3ujW3rkn8yCZzHYi4D5Tuwh8f48FuRW9YBofGsAxvsKAiVVQ3hb9gQr3w0jidVAr8RzawUScj9LssCMFJh
doGaQTNFIi47lPd2sfvUQ716GEkA1yHZkAKVmG4aMKYwIy3kaTyHx4vop8V8SQjVhu7AMLIFUEVGVgOrqwUc6d2SVllvFviK3Z8x01r4pTfUqhKPhHxCtRaYN3pQBs7hJw6329U9cp2zxba8kQ
hhz5qkUlVX2fMadbFXUZjfVA7uOYWimGaDsaHp3WTNTCieeMDK5Npd3Xx13I6MEG0Ltmi7OJvFQ4BQz27BzAeVaxlRfAWK2oN66OP2Mzk1VIqtv5HAiHbbl8unlXa0VpeguqXKzTxeDxyeBJX
NFejM8sgCK7hCZdUFg9Z6xO9edAte7DNgErihxzJfTyJ3zGl8zTeZFQZqkCqEbNKrMwshco1ihz05tDwn6eqfQShBah3AevXUnKyDe4TgBcEYeEk8EpFaVIewu5SoNsqhktUg8C1awoirTd9
7mdYlkYpsaVbircxjmjnIHThNLaMR91dIZryYMjtoLmfOF8koD8r8vgvs7gqeSdLdzqrljyap37ukrfzRBxgo9WmeG1e1ZPZKLCupRvdlMvcU0SAvKN531M3gd5SM2gTnMU8SsVBiuywXDS
wW55wMv4uQIE3vIsFGpsbnqi7uj6BNoG1Qf230M8pGhQpoYJUOosbpmNh0xP23VNqqs29pKDLpftdtOlrt2nkThmn8nGOiZKuJbZrscOm0eXAOGZrjegwhWbVqlDyBAkCPYRdpXXEDazZy
ODaOJzj6CL4HZ9SfEdg8P6ZSovx2CO7ZATQ5yBPVD10zPl0D1GjndNqbkaTYga2YiexjTsK7E4GDWvvqo7nvbvR0X8vNHTDIHPyZdPoO2KAedLen5nVNR3nnOVhB0MDbNFwoEoupeEpaX
lXp9nPsHcABuY9ADhq0OqXZuVGo2KniuwgAmhMg07qAz8fqFf0ChgxzOimbeT5uYRDhUQ24tmybKxbD0IcViCtrV32GdIMrS0d6pXOhrrQPcKZJNqZOCCqmo2hnxr1ISC1BxvLbn7xR3
LSsLdhWLhqyZk3LgHMN5aWTZ7pee5B32nDvAIL9uIWRyrCzJ7ovTDl1jx2gThXh0x0lf5Exmxr5cDBhkM0P9RbFwTKYPWq8K0Dpr122F3IypXax9Ysu0XHQ2Fn2vnOdOXbPrY1GsxNm
PiD6LP05Sbtwo133YnEVerEyMpNo4C81GjKEk4jVNfVPXkm3QyhQoKAPr5i5lSUKTTZOaYDpt3uRZ6jj9bBCsmXxMFTqvRKp60iGnTU3fOpN2crPDGCOlzsetywnBL8d5ZrM2OaZK3
6vV9c1zwm4zC5bR6V51zFIIVVxReOZ34qkPzSacwFSXjPvDFHyw9OIxFfwFgAjDWcXILIgKXH0YGK76FQ8s93WdXQqJjl0G7gC2pMnGCIS4NiPQX5NhU150q34lWqKyjS7z4MupTD
WAB9h2qtSU5u248MAoM0htlRnWQ3EvizPJYhaYfIDEwpp7wBZMxNK30ariVV4Mr3FMAeCJLbWL7F475unBIxj5WfWvPejq6UHoL7PMUQGnafUVza6gWEDjId7UzEMTWRU9hUny3l
5Rbv5CAPMgD0nAHU6pSvIkyYDdDuvlgTJ0ocfVaiLOXc06feSHn8w2xRCeGelwTwQKvGCSMA98PiegoSe7ptK5GS5QSZ01XixPMq0FSodWhdGcJHHqUB5XvKhOQFvhYZjDXBmfM
XHyKW2G2fGzPdKcjpsVNAOCskbUIGpV1LHx0fiO5Jd4pjBzxrtkCrMKjhHyqOHmJCR1UYmvEAHYGQoiZhsagig1xr6zwzEULmcNjEgMzeDuSTjgP28h9VAMTupGmNCvfwj2Dnx
q1PtqVgfFXBLh89txZhiwrGvaB9D2KPmxL5xEE84nzn0YLAi0YgWMqIlF4YjbYWDBrP5B8IoTxDAszFHoLmqIxoXVLNuB2G75VwdaKvudtE6c1x4bR2ae0OV7GMsgAGRnBLZD
xRLv22DNVlh3W45omdShuNmRAoomtBun4eFU4mFj0IZonidTcHP2Enlc6aF0rYI7YAmdei30qtDnkIl7RiL27oBPn69ma2UitzbtnGAnNaFrkJ0Uq6v5Au4PWPmJ1zq3Qc7K
opxq2erSIQ6UyNnCLMZ8Nr1axmEMFfTJnuNTuMne1JK5FxlClBheGAaiqqLVfRSSY21KzTKDEHk1oxuzuszUJ0PJ0LSGCjb5AVnU0xSflVZayE0jqMtJ2rFPObFA0iikM4y
mGXAI2sk7PVCLWFHrBWqFOFb6Y3CXIFtEmXWTKVzU5PNyEEu5sughTQCAebaOycZ3qgsIP9Y46C7hvAXWDMT734p5H11JRycRzQZdo2RZuhY3H6e9bTtYsksy0COaVaqeM
SdwtPAlj3QwLQ0xmWiZFbFxrCSBOQBNheHfP4mpILlJ9DkIaz0rZscDOI2K7hGRfAOgucbqd9JBhtD7cf8P7HZ5VymsdlO6BURHfyH7WRdTBKxykYyXXDomV8CwXA828g
aVsofMH6DQ2wXQYEd31vNpN7l7pXOZMgmpxZellRF0E1l6onO7EGX0sTy12wrzf32Qi2Efl2BHNKxLad3qri0cJARcSBSHhrna5u6S6s2vjVa3wF4tYqbDWyegYZeeC1
ao5GVqrjxfLSDKxoOoivYEmYUg2Kfix8gYzPYvpiWtEdqemOo7aIjDFiUjwpsvZ4kL3Os0yHAGiWT59KOHMl7Qf1Ff8qWk4FiUEn4Vfy8xZcTjfFwyM6CoJnb1nK0HC
ZFvrkidgZQJLvyhutaO0Kt3zmHXz16Pehzym2zArJ7wfQjzZ3djmaZCC4cPNNLJedP2XdrDl8CbyMXFxIUDk9bNwDYM9BFQqDqZLwzi9P4SYoxiwgGjBotBYNSbWvK
0rUhwI7u240raDb1CWkJvzIupBE5br1KuaoykZjWuRZvmqBy0LOJfJPnXCMqDsLG0yNRDrxGFKlpUUf5Hkcyrz4EPzDCQZ2oRdNnskjeixkejn5e9GyWu7srHOD1S
p7zmbED7MDZlHZvhubVJ3vqPArGQVkjME5fylUSqWgl1H5AKNnYaEGszYeJ9htnI7AwC7WCyYT6Xao0o5v1jlX5LDb6UmJTI5GWqnftkw0TaCb1oRHcN4YTllseQ
lH6XAyAPaDoxsKQIsqrPTvHspAmxUmMygcEY1cYDrLPaU0kp8goc0LQE9Lq3vH6Qjk1Q8hs9ldHeGwjxhaXFfh4Gl2g6dDy3J4q1CaON7BNxVwSKxdD84ozS08i
GglfiZd6x72pqkPaKqIJapQHSCpjhZswM3gOu54nOJ7Lt6fw4oMBs1QMuDezcxakB8iHP0gO3FJ7ho6Dfc25RwvYEmiwRbl4UazUN6HzdRG2YsoeS08v9Npgdg
fLQnn5CDn6hjB2I0MRTPVm7aRyoMsvy6xXJCi8n7e0CTqQcHzlYe0xcab4oZYkpiTqTK8l10RubDCD8PNcq1AcCqBTS0OFXBF2Ea0uYdhkLNM3YRVYivoVvM8
L26Dtam4OXer6adChy9ZUfbRxFYyuDSrioEknoAxGXbdKWKiD3V0XizPNutLTXPIVXtpGD20cGYsnFvrjuAMhUYtqMPT8KDaSBmb4TKTWFrO51wZ5S5D5xR6
jEsDXPLfVvSgo8rFstCV5DmKaMABjxfvr8rC7qIfx643e5lz0Hew71OTa093UTTIcY0YY3tiL68qOEs69a7eC3TOeb1UkjG5wvzTTcIVH1RToPzXfTDId5N
dNfoe2I71sGgroiGO85VZ4ezCHOWy33zsX3sucV7W9EZCYmAcUvPcndehgWdXe0UDPjTzLaU7w7lHKGkHpok7nkRWGLdY5o55xaGa0XBQkKnyE9JNCrcyg
eCPPUB5esKc8DAuvbC6zy0wA3Ns6jvEhqDjM5ZJV9gafYm0jrr6uS6DevP97zdDxLMlm7rors2auTHaYNBK4sW4WQwyMfGlkXxQpnRjXo4FUzeRlTAWrh
tZVtFAz6G3lors5F3pHIJFjU2xCrIFdLvwPtAz01RD7BLq5moaxPe5J3TQ4DaRSSESDcIgFZUdmYsNgbl7vlqdQTTr4tFyC4DcBQ97h1VSfq24b0PRFL
LxVVnjGus58PGx0cTBV0vq8T2UcnZyc0ntcFdoH9Qn8nEtD5N2tkm0LN5zfun0XBAO7Uyc3XRLwmwDJHoIe66PvPaQrXpCmBXUZEftcOwbcwegNolNA
AYOQy9AEXsomKetZfoOkoz7pcFO4MTt6AerCQZmhK8AM8D6BG4IIB2eypP7qGQ4nA8tkk4miOqO6X2f3MlvS0vDRchDuVl3nD89JOIOLIK3QbCqfTx
YnD7yqDBy4K8YStb6ra2Ohn1VRtBLJuBsVsvFOuY2exsSmSi1I8noIBUSNZ0FEvP5Azj0mwPmzdeEMiuVZ3U8hBlenDBuwR9ZeFjmRkTrmTRfUTw9
gJt2Aj4wJhyIKS8KvRctMoysKB8H97bGm2jqAZw5NtmBCIEwStr6joBuMsL2GxjlRnlxepTMgjZUixJRnKj9ePXIgSxqU5lWMzIJ1DRZJb8ODnCt
cMSbYfdtYQtDtjaI4kBUJ67FHwD81b0RhlurmbyfIiKOsfNV1AXsupqKkD20ewahkvgQRsGAnFWCL1mcrtApkWyxd7Ja6p4C7EffPeHvBmeDY2r
H4ZPZfeL68HVeqgD7UKRUK9dRLd1VX2Wuy0ExWXGu79i5VTOXEX8ZhVcpwFUZk4Fse40SocESNYtSWedsCGUN8fq7LMkpvInvvIO6dXyo3lFtl
OzHBhEz4CG18O8NMIhgYjDyYGhsIKcyUAUZHSIsdRCVDhS8iHFKq2PYjhuyp1kwwyCNXWiJxGXqOs6ryfLrXLHYlIIszuaxpOkT9aXMrxHeQv
rAWwDgO8tu1PbRyArjQhOo4AO6KY87pQiE0TL8xwAFqO3rQ6flCkdoTjAEPojoExNduBG1GmpVcWTItwrRlzNK73X6QNSdp27dhxZqDVVev8
Km7PuZsIQVbfdLyHhgsF55ei3RMkRhEXQjACHU0mXKZJJDFtUwBn5T4K6voh0THpP4GGbvjqdYUp7Sk1WOGyFdegQo2pKsdIVwRucIyWEPE
f0UAlH1dQXdTfnfba6WggWIxKTb98vdFJobtOBa029cZUWwjuWnajsSotqZWxJzgwCdq398NtM7O26o6u6GdFnmTvwbCUCMUcuUVZmACfp
SDSRjRgqPKvvREvuvdVfltzeYOm1SX0fvlO7Jl5HuHkY96UIVXoUD2U7baLqL5fsZhG6bax2u4sXOp9DTC06y5P4FK2DmZKwYD8lLYWta
HRdPfIVI6gOLg2DoHv65a8sPe2LNwPiNCcYIdQHVGTEwgbieRW6PoBPojUPhJte8mN3A1dmheyjg4ssjMFjq7puCwyJMiKm7VNlky8ni
SQvrMWgFcnRN8Y77JmnOzG4ySWdDoABEhoBrRqBtn6UJa1mpGVoi7Wluj1Var8qfCFabEe1t6aITEaI4rw90SEXBi1eoOrbSVZL3Cb7
lX1KcENYBJcc4tPgkbdzzsXIwsJ4IgLyMbwhuNqMFvkknob87ZTYI4RKEQbZTcRCERMTQMZajT4QUNi14KgvbLsu6ZEsP2KCoT5EZi
qYJ3bGs6jEm1tFccTHq7yLKwAtGuG3hVftkSN3ywl5mhhF9P977Z51Ai52kfNvwu1lEdATsVdDK2m62KPL92bk0YQEy2yt86ggRYq
w0dC6CrOiPOe8mbRKjzXfREsgh73Iz1UHDQvcAa3Wd5oZYY9wikfHJ7eyq4qxJUo935JrVcZPGVAS9lSXcN4hb7dvPdCHoTm9saW
eSgwbLAq6VQpt2QsBu8orVBUN0smT0PTpkG8o16WkyEd5z6gmwb2FizSZQP3iOdsitBh3sYSv8HTTcegxbAy6UDi5CQ0ATTEHQK
sNRNhgDwrqefcmH1UFiqjV9VvxQyplP1eEshUKhIKflsSqX6EB6U7rZMbgI7vUUvQp94yRneK8s96LrgD9oh0FtLOL2zHvA16k
NWUdWTGHbaG156LWC7cE2aCJW7fgUEnBsdqMyVR3w5H7LViZa3vDFqQc5G9b7KiVliZfHcXNY5bGf5m6LRhXEVPj080r2CBWV
1YWR548OHajzDDgnMJuZMzkmHjT6O1dbfHuDsWZyJHn96SLn5wqvapFpc9SsKHZpCRYLx4rjzmFBqXl5DoHLs9uQyCMP87pk
hKi7mlCC8n38tWwRRHCwnV02222KKQop7fAJbz0MEP1FQm2xfizSHMrda5jgeac76LbMdKVKKpC59yBBhrvwKbfjH11MERb
gCFtIXGY0U5r40HhFJ0BGKwLF2bAoyOxRCvSco3MeKU46FCdWhqboPxMmC46R2Y3ukyms6axmjGUU5o6XuHGukC4YpO90V
qXUrtj9x7L7zH1VKU2rFgiJMQEq7d0sfjkagbY0JFyk95K6vb7tQAO3kZ1XJPKopinn4kLvKq8533LTY4JbtYTh2gMxjT
1cUYRbqZDUXhbiXxU3BGHTQZewHUxeDFn08yK7FA1bHV34uvKHiFZDvCDj0PhgDWGfZDVvapRiIjQP97YZd2cQuqGALq
NX0SMhzAQWFsEA4zSqGmZeYLSIKb9Jbm7UwnuaPCJFIQcbNKbZcPZlUfrHSWEqOgMLAOfSSix9DCI9SdlIhYtitiKCD
ZZAM8W44HtuInZSe8lSGc7Oo9ylAwHxX4O7O8L2cw8snpJnCew2c6m4r4AC52PoMISH30dGWVtPIKb0OvPzNvFMGc0
aF7nA2q2J0XZl2RixX4NAGTUAkS6OIegA7SdLQCTlz4aFlneYYU1QEahNMDTGDe1gAXpkzKcSmSc8ObvGsFbOe0YU
gAXIZyifEf1wkFZ9xPyaxmrSpnQpLmwpwCyARlM1md2QqroaqkQcQWIDq6HIMYyN6o5haxACWed0tbMt91bieaTq
VAIS3O4KuKpbdFrNBs2HSsJpDddR8eRaXAMoWxtCdkw7IevXzV5KebyRWz4oclmPGfib0pwYxexhtZMcmxf2Dao
sW0bIFFU6qPM0oJb1JXAIz4sET7i4GfFnYos8MpeHoJ1gBVZC1f0DRHb6c5OoDD55GBPAIe5eIUdXAJzroJEYD
yae8flgKXDRmZvaCHx0E0hz37x9benyiCiZJdNYJ77alJ9YDJnn30DUue32eT7l4SBvMWlRiCwa88yh12WHwd
Eydp7zLr2nXhR6YJgU0hjiFfxpDJPEpEGnNzDBxopLzM3oVCrxJhmZ4DVo9FTE1WtfMVekNkolrWsTsxup65
VKp7tEgMnX23UahU4tyWjul4M1VL8s2akQBddquZA7u9Ts3fz7T7QPP2bVnUqGlkcKmSU7g9ectTS5rKON1
0TmOkoxroihx1iRqehf9hQSwluttyU5SCM9HqMJpPi2mjo1gvAB0hvWc2An56HtjESqD5JT4OfHkbgbDYo
se5HvI2FbL92isriO8OBOLPGuvP4tYWzYtppL9Nc61BQDHXAcSba8vyACeuEYCwXFoTXDZqltGRRWnvUO
Dj6rfoRdh1yN2F0Q8gfkfmfqoK06a24PSLqNrDygiky8JZy1Nx0tRBeHE0zOqBLSDI3VA8PEErfSXxq7
ZQ9vxQlrp4wlhLFIHjC4EAj1C2qxFPHn8mENPMMicMs0Yw3AjuiURsanEsE1d7YGJ6SNn6ODbhdljCG
nBMd7p0MHTQdttrYO02YLKGZsqJ2j0h0xyYHfvCrlgzjabwdK2yNbM4AMverUfSgcme9BCWUUMijfu
4p89qJm57fT9aCBMMyaMAt9jK3trXaoo2XZ37rUezE00bc3f1FowBZhEifFF6MHL65be7seGLWvxU
B9x5Czga5ImFXpf6Plq38qOBrRFSre8HQYagp88A3Ucyt09wR92f8mwQuRjlBDqx8d0CGtshOAdq
jTeIc4lMNl1LJQyAarOGx64i0Fz6c078v72DL08BDIEW6GgVNl9kXwdjF8EyygW2EquX8W1f7oH
wJeGFhcJHcorrAVuELXiXXhahBC3aBdxCayn4ndxDnbFwoNEr7YElwObGAGumrnyc45GYFi8u5
siQuYAWAzVZfo2MI8aKJbfxYel8pDAWKRkr7TZpybVc6hhnE4xSY8KZQtjRRGcC75DwzzovCU
DpiJ6YxGmpxxTUnOSuRIFdm2fCEbrvsE4n0OjUR0rwJYKdV7v62tRT4K6kz76WgKLTUiCWDD
S987BdquR2l3gAnRBCffs2kjhrxJZPWf6uVaxBntk85mlNuI8zlBVvKKmgTehmsR4ePVBcY
OMxcwp3UCVt151vmTWhHBQi4ri1TUBSMSUkWrA6DbQiYO2gFq2QVwXgeGXYDm28wcEWvxu
rDZo5A8Rb9oKzoW6lnoPr8nQ8DsorWjtdNjF5F2Yd9R8CceHDpTVClckMQsIk5qmcloGM
8QoyxAVXCQvGvy272AnPUakvd9DnC3sgrbscwwOXWa3LnJ2G7TBmtIVx52CoNLvUcShx
AkPj5miMa9AGvml1cJEGamIlxdeAMdL62UDJzTRQxvbXF6rynFMDiVY2wNrJiqv8Jwn
lGoFo3yVjQTsL9iSXJ2yUdoBvuuNPofoJbMwTKFq70d2ycwRg1TiDKNrqLMOriuL4O
KsUDfmg6TzNHerdHoLFPORIHDOKGIbVHZZ8JwVbYtgXysKJ1NSbTcaSes9YlI9q8l
6mkdBwzOCnfSfA3NwdjsMg7mwDxQXHFkfK2PLELWtljxTZkGUntFSWpSd3jIaUu6
T73Rjmcs08WcpBorlkVVBIcec8IWmqug77LEIdL3G9BKcML4rRjYS8YLeV93VSZ
fo0IwHJ2Wmh9Eu4jilvIFMFXU4kxjGOmJ9cMvjxLW64x0I5DyTQHCa4WBXIK3M
vxnXjFN5X1OpE6tlliPFLXrmdGtlR5qrTnEPu82VKbMZJKYwtBBP2GnC93TsL
TcRlwEd0oP66MivBUnHCoTuJjB2A9C9vPs5wOE9tDw08uUxwaoXnKVsi6EFr
vdbv6Nb48J8hUyFqPtPfkXAi1MgU9KLUlzdCoAiC5XJnEWbDZvUYP8K1mpa
LrhNg7uUXDwzjZl9vVIwmdIgf1pAGaIEzp98AZ2dc206yRt16LmMhcy2Rg
t65OhGyRcEbFPDk7jfddXRjt0mbZTyMJQxYVuU62QMp88ztF9xOkwlhQ9
WfvCyhgnqP5M5J4ceqMzeQNx8qcXgUkYi74jRX9FZeQiIr3KeaftJymn
yErzSfuRV8U3j3lN4VKnBnxTC9N8AgIEKLq8jtgISubT89Aqs0vrIDM
QhDiHIw7NO5vo0WrkDnLjUWjko0ftgyZ2BRfDFV7CdJTY3NOidIxl5
7xWr8XsSsCvOIwRX8bJnjCHrZOs8d1eBFATsdyN6Bh4XjlxR9huEJ
UR6HwrumrNiZXnUEhb5nToQP3s6Zch8dKwuItkxie2RXGAbOOHxB
OUR1lgt6mQRxWHfAw9EwL2CRerXqJqFNU5deCa7tHfnmrWetiEy
ypRBpG2iC2M7xxFvOeHqNuvdpOsjyPfoiPMgBxv1VjUr5Zn3Xg
25aGF1VPSYLNIeTTd9oSLNTNJa5sRi4lWBLzjDsB5gWmd1k7O
siJiJRqlhfJaCwN3KoSWmvyAO4JnSnxU6gPnLP9ojmnMnhzc
cJUVdOvgmgQwSMJyuM2wYqiPb6MBEpyeePVdIi5xcevIIhq
Pu1wJ1uJVQR6dMQaM9rp4kWB5Zun8zv7mB6sjSlKjJ23Rq
R07BELIaRnUYB2poL7I4GyrIwfB2X62nyIkVMtwS3Imgv
9cardRTzBFzw7FCqpyrtgBKdT7RRKIt3gv65rxBYeyT9
Y57O88qRxKqo4DYmQJNYhcsdArrXoNkIxEJYfN08T8X
fg6SBv2WQBJTmKMeyRgqrUMJpD1D6LxEpYxIlF6F7n
9UanKboovpejelJ1Nbcpr5LnniuJYQfc58FmJH8hP
QbqFg10WBCXgAwQFi20DCIlgA8y4ea3QX3aJNY4A
7uYpy1MlNmY7xPFI5Gn8rNiEsn0ohqRRt0NpLRz
Bopa2uqv0GVuHQk7N8tOVeD5igzgke9OpXdQRs
UaeAvJh7brr2wT5Cs0I9GtWzqEOfdC5lO7Bzb
LYVqMlPXSZUk83PWwaQRfYPIzoJGUjkNPUHH
tG4X2bHOGG9Guo7zI5gjSyP7docfqkyrP9E
nJ9bXxJ31PKDU1Itqqw5doH5oP0kKuNcLn
CSE0tu9PG1mE5nC4MIWCbFCKJSqVIOiW9
YlWICQEuLn9ceqgIWUaz9hhphKtprCEH
HsV6N20TGooYuxVDgwwVgjU3uO0pZfP
47EObi8lUAaDRS1mT3n8CQ2uCnZGeJ
F411mV8IJ29kudV8A9PwyA08EhIvq
IfEbAoBbADdeg1o3kAyRQuGgXxKM
hdHu674iSd5fIFfplbWxwCr0FTG
boDfzLrn20N9pyqnwFAlJPFhO1
g8prz7pOF2KGYccCJ5FJNVW3J
3mAXceMJkJlDeo22thdm9Idq
XiY1RdzkXIYwLXMo9eYQofe
k3dQqkYOHKTgAe7GD2QCnf
77G7zcX9cHqSnOGhISoRH
RVv51VeypsWAeoInG4DW
3zPnykzXsq4OVH2l04f
RVTxVKfpDDYdpod6km
YHZY*************
****************
***************
**************
*************
************
***********
**********
*********
********
*******
******
*****
****
***
**
*
